INFO: [SIM 2] *************** CSIM start ***************
INFO: [SIM 4] CSIM will launch GCC as the compiler.
   Compiling ../../../../../Downloads/aes_axis_test.cpp in debug mode
   Compiling ../../../../../Downloads/aes_axis.cpp in debug mode
   Generating csim.exe


*****AES_AXIS_TEST STARTED*****

AES Mode: AES-192

Cipher Key (HEX format):
6b 6b 6b 6b 65 65 65 65 79 79 79 79 2e 2e 2e 2e 31 32 33 34 35 36 37 38

Plaintext (HEX format):
61 62 63 64 65 66 31 32 33 34 35 36 37 38 39 30

Ciphertext (HEX format):
9e 1a 1c 81 e9 4f 8f 7b b8 ee 25 a1 70 85 54 4f

Encryption Test Passed !!!

Decrypted text (HEX format):
61 62 63 64 65 66 31 32 33 34 35 36 37 38 39 30

Decryption Test Passed !!!


*****AES_AXIS_TEST FINISHED*****

INFO: [SIM 1] CSim done with 0 errors.
INFO: [SIM 3] *************** CSIM finish ***************
