

================================================================
== Vitis HLS Report for 'aes_main_Pipeline_VITIS_LOOP_398_1_VITIS_LOOP_401_21'
================================================================
* Date:           Wed Apr 17 16:02:32 2024

* Version:        2022.1 (Build 3526262 on Mon Apr 18 15:48:16 MDT 2022)
* Project:        AES_Power_Monitor
* Solution:       solution1 (Vivado IP Flow Target)
* Product family: zynq
* Target device:  xc7z020-clg400-1


================================================================
== Performance Estimates
================================================================
+ Timing: 
    * Summary: 
    +--------+----------+----------+------------+
    |  Clock |  Target  | Estimated| Uncertainty|
    +--------+----------+----------+------------+
    |ap_clk  |  10.00 ns|  5.576 ns|     2.70 ns|
    +--------+----------+----------+------------+

+ Latency: 
    * Summary: 
    +---------+---------+----------+----------+-----+-----+---------+
    |  Latency (cycles) |  Latency (absolute) |  Interval | Pipeline|
    |   min   |   max   |    min   |    max   | min | max |   Type  |
    +---------+---------+----------+----------+-----+-----+---------+
    |       19|       19|  0.190 us|  0.190 us|   19|   19|       no|
    +---------+---------+----------+----------+-----+-----+---------+

    + Detail: 
        * Instance: 
        N/A

        * Loop: 
        +-------------------------------------+---------+---------+----------+-----------+-----------+------+----------+
        |                                     |  Latency (cycles) | Iteration|  Initiation Interval  | Trip |          |
        |              Loop Name              |   min   |   max   |  Latency |  achieved |   target  | Count| Pipelined|
        +-------------------------------------+---------+---------+----------+-----------+-----------+------+----------+
        |- VITIS_LOOP_398_1_VITIS_LOOP_401_2  |       17|       17|         3|          1|          1|    16|       yes|
        +-------------------------------------+---------+---------+----------+-----------+-----------+------+----------+



================================================================
== Utilization Estimates
================================================================
* Summary: 
+-----------------+---------+-----+--------+-------+-----+
|       Name      | BRAM_18K| DSP |   FF   |  LUT  | URAM|
+-----------------+---------+-----+--------+-------+-----+
|DSP              |        -|    -|       -|      -|    -|
|Expression       |        -|    -|       0|     90|    -|
|FIFO             |        -|    -|       -|      -|    -|
|Instance         |        -|    -|       -|      -|    -|
|Memory           |        -|    -|       -|      -|    -|
|Multiplexer      |        -|    -|       -|     72|    -|
|Register         |        -|    -|      30|      -|    -|
+-----------------+---------+-----+--------+-------+-----+
|Total            |        0|    0|      30|    162|    0|
+-----------------+---------+-----+--------+-------+-----+
|Available        |      280|  220|  106400|  53200|    0|
+-----------------+---------+-----+--------+-------+-----+
|Utilization (%)  |        0|    0|      ~0|     ~0|    0|
+-----------------+---------+-----+--------+-------+-----+

+ Detail: 
    * Instance: 
    N/A

    * DSP: 
    N/A

    * Memory: 
    N/A

    * FIFO: 
    N/A

    * Expression: 
    +--------------------------+----------+----+---+----+------------+------------+
    |       Variable Name      | Operation| DSP| FF| LUT| Bitwidth P0| Bitwidth P1|
    +--------------------------+----------+----+---+----+------------+------------+
    |add_ln398_1_fu_145_p2     |         +|   0|  0|  11|           3|           1|
    |add_ln398_fu_119_p2       |         +|   0|  0|  13|           5|           1|
    |add_ln401_fu_167_p2       |         +|   0|  0|  11|           3|           1|
    |add_ln402_1_fu_228_p2     |         +|   0|  0|  13|           4|           4|
    |add_ln402_fu_210_p2       |         +|   0|  0|  15|           8|           8|
    |icmp_ln398_fu_113_p2      |      icmp|   0|  0|  10|           5|           6|
    |icmp_ln401_fu_131_p2      |      icmp|   0|  0|   9|           3|           4|
    |select_ln398_1_fu_151_p3  |    select|   0|  0|   3|           1|           3|
    |select_ln398_fu_137_p3    |    select|   0|  0|   3|           1|           1|
    |ap_enable_pp0             |       xor|   0|  0|   2|           1|           2|
    +--------------------------+----------+----+---+----+------------+------------+
    |Total                     |          |   0|  0|  90|          34|          31|
    +--------------------------+----------+----+---+----+------------+------------+

    * Multiplexer: 
    +---------------------------------------+----+-----------+-----+-----------+
    |                  Name                 | LUT| Input Size| Bits| Total Bits|
    +---------------------------------------+----+-----------+-----+-----------+
    |ap_done_int                            |   9|          2|    1|          2|
    |ap_enable_reg_pp0_iter1                |   9|          2|    1|          2|
    |ap_sig_allocacmp_i_load                |   9|          2|    3|          6|
    |ap_sig_allocacmp_indvar_flatten9_load  |   9|          2|    5|         10|
    |ap_sig_allocacmp_j_load                |   9|          2|    3|          6|
    |i_fu_54                                |   9|          2|    3|          6|
    |indvar_flatten9_fu_58                  |   9|          2|    5|         10|
    |j_fu_50                                |   9|          2|    3|          6|
    +---------------------------------------+----+-----------+-----+-----------+
    |Total                                  |  72|         16|   24|         48|
    +---------------------------------------+----+-----------+-----+-----------+

    * Register: 
    +----------------------------------+---+----+-----+-----------+
    |               Name               | FF| LUT| Bits| Const Bits|
    +----------------------------------+---+----+-----+-----------+
    |add_ln402_1_reg_293               |  4|   0|    4|          0|
    |ap_CS_fsm                         |  1|   0|    1|          0|
    |ap_done_reg                       |  1|   0|    1|          0|
    |ap_enable_reg_pp0_iter1           |  1|   0|    1|          0|
    |ap_enable_reg_pp0_iter2           |  1|   0|    1|          0|
    |ap_loop_exit_ready_pp0_iter1_reg  |  1|   0|    1|          0|
    |i_fu_54                           |  3|   0|    3|          0|
    |indvar_flatten9_fu_58             |  5|   0|    5|          0|
    |j_fu_50                           |  3|   0|    3|          0|
    |select_ln398_1_reg_273            |  3|   0|    3|          0|
    |select_ln398_reg_268              |  3|   0|    3|          0|
    |trunc_ln398_reg_278               |  2|   0|    2|          0|
    |trunc_ln402_reg_283               |  2|   0|    2|          0|
    +----------------------------------+---+----+-----+-----------+
    |Total                             | 30|   0|   30|          0|
    +----------------------------------+---+----+-----+-----------+



================================================================
== Interface
================================================================
* Summary: 
+----------------------+-----+-----+------------+------------------------------------------------------+--------------+
|       RTL Ports      | Dir | Bits|  Protocol  |                     Source Object                    |    C Type    |
+----------------------+-----+-----+------------+------------------------------------------------------+--------------+
|ap_clk                |   in|    1|  ap_ctrl_hs|  aes_main_Pipeline_VITIS_LOOP_398_1_VITIS_LOOP_401_21|  return value|
|ap_rst                |   in|    1|  ap_ctrl_hs|  aes_main_Pipeline_VITIS_LOOP_398_1_VITIS_LOOP_401_21|  return value|
|ap_start              |   in|    1|  ap_ctrl_hs|  aes_main_Pipeline_VITIS_LOOP_398_1_VITIS_LOOP_401_21|  return value|
|ap_done               |  out|    1|  ap_ctrl_hs|  aes_main_Pipeline_VITIS_LOOP_398_1_VITIS_LOOP_401_21|  return value|
|ap_idle               |  out|    1|  ap_ctrl_hs|  aes_main_Pipeline_VITIS_LOOP_398_1_VITIS_LOOP_401_21|  return value|
|ap_ready              |  out|    1|  ap_ctrl_hs|  aes_main_Pipeline_VITIS_LOOP_398_1_VITIS_LOOP_401_21|  return value|
|nbrRounds             |   in|    4|     ap_none|                                             nbrRounds|        scalar|
|expandedKey_address0  |  out|    8|   ap_memory|                                           expandedKey|         array|
|expandedKey_ce0       |  out|    1|   ap_memory|                                           expandedKey|         array|
|expandedKey_q0        |   in|    8|   ap_memory|                                           expandedKey|         array|
|roundKey_address0     |  out|    4|   ap_memory|                                              roundKey|         array|
|roundKey_ce0          |  out|    1|   ap_memory|                                              roundKey|         array|
|roundKey_we0          |  out|    1|   ap_memory|                                              roundKey|         array|
|roundKey_d0           |  out|    8|   ap_memory|                                              roundKey|         array|
+----------------------+-----+-----+------------+------------------------------------------------------+--------------+

