

================================================================
== Vitis HLS Report for 'aes_Pipeline_3'
================================================================
* Date:           Wed Apr 17 16:02:19 2024

* Version:        2022.1 (Build 3526262 on Mon Apr 18 15:48:16 MDT 2022)
* Project:        AES_Power_Monitor
* Solution:       solution1 (Vivado IP Flow Target)
* Product family: zynq
* Target device:  xc7z020-clg400-1


================================================================
== Performance Estimates
================================================================
+ Timing: 
    * Summary: 
    +--------+----------+----------+------------+
    |  Clock |  Target  | Estimated| Uncertainty|
    +--------+----------+----------+------------+
    |ap_clk  |  10.00 ns|  4.681 ns|     2.70 ns|
    +--------+----------+----------+------------+

+ Latency: 
    * Summary: 
    +---------+---------+----------+----------+-----+-----+---------+
    |  Latency (cycles) |  Latency (absolute) |  Interval | Pipeline|
    |   min   |   max   |    min   |    max   | min | max |   Type  |
    +---------+---------+----------+----------+-----+-----+---------+
    |       34|       34|  0.340 us|  0.340 us|   34|   34|       no|
    +---------+---------+----------+----------+-----+-----+---------+

    + Detail: 
        * Instance: 
        N/A

        * Loop: 
        +----------+---------+---------+----------+-----------+-----------+------+----------+
        |          |  Latency (cycles) | Iteration|  Initiation Interval  | Trip |          |
        | Loop Name|   min   |   max   |  Latency |  achieved |   target  | Count| Pipelined|
        +----------+---------+---------+----------+-----------+-----------+------+----------+
        |- Loop 1  |       32|       32|         1|          1|          1|    32|       yes|
        +----------+---------+---------+----------+-----------+-----------+------+----------+



================================================================
== Utilization Estimates
================================================================
* Summary: 
+-----------------+---------+-----+--------+-------+-----+
|       Name      | BRAM_18K| DSP |   FF   |  LUT  | URAM|
+-----------------+---------+-----+--------+-------+-----+
|DSP              |        -|    -|       -|      -|    -|
|Expression       |        -|    -|       0|     24|    -|
|FIFO             |        -|    -|       -|      -|    -|
|Instance         |        -|    -|       -|      -|    -|
|Memory           |        -|    -|       -|      -|    -|
|Multiplexer      |        -|    -|       -|     27|    -|
|Register         |        -|    -|       8|      -|    -|
+-----------------+---------+-----+--------+-------+-----+
|Total            |        0|    0|       8|     51|    0|
+-----------------+---------+-----+--------+-------+-----+
|Available        |      280|  220|  106400|  53200|    0|
+-----------------+---------+-----+--------+-------+-----+
|Utilization (%)  |        0|    0|      ~0|     ~0|    0|
+-----------------+---------+-----+--------+-------+-----+

+ Detail: 
    * Instance: 
    N/A

    * DSP: 
    N/A

    * Memory: 
    N/A

    * FIFO: 
    N/A

    * Expression: 
    +------------------------+----------+----+---+----+------------+------------+
    |      Variable Name     | Operation| DSP| FF| LUT| Bitwidth P0| Bitwidth P1|
    +------------------------+----------+----+---+----+------------+------------+
    |empty_67_fu_62_p2       |         +|   0|  0|  14|           6|           1|
    |exitcond43314_fu_56_p2  |      icmp|   0|  0|  10|           6|           7|
    +------------------------+----------+----+---+----+------------+------------+
    |Total                   |          |   0|  0|  24|          12|           8|
    +------------------------+----------+----+---+----+------------+------------+

    * Multiplexer: 
    +-------------------------+----+-----------+-----+-----------+
    |           Name          | LUT| Input Size| Bits| Total Bits|
    +-------------------------+----+-----------+-----+-----------+
    |ap_done_int              |   9|          2|    1|          2|
    |ap_sig_allocacmp_p_load  |   9|          2|    6|         12|
    |empty_fu_30              |   9|          2|    6|         12|
    +-------------------------+----+-----------+-----+-----------+
    |Total                    |  27|          6|   13|         26|
    +-------------------------+----+-----------+-----+-----------+

    * Register: 
    +-------------+---+----+-----+-----------+
    |     Name    | FF| LUT| Bits| Const Bits|
    +-------------+---+----+-----+-----------+
    |ap_CS_fsm    |  1|   0|    1|          0|
    |ap_done_reg  |  1|   0|    1|          0|
    |empty_fu_30  |  6|   0|    6|          0|
    +-------------+---+----+-----+-----------+
    |Total        |  8|   0|    8|          0|
    +-------------+---+----+-----+-----------+



================================================================
== Interface
================================================================
* Summary: 
+-----------------------+-----+-----+------------+----------------+--------------+
|       RTL Ports       | Dir | Bits|  Protocol  |  Source Object |    C Type    |
+-----------------------+-----+-----+------------+----------------+--------------+
|ap_clk                 |   in|    1|  ap_ctrl_hs|  aes_Pipeline_3|  return value|
|ap_rst                 |   in|    1|  ap_ctrl_hs|  aes_Pipeline_3|  return value|
|ap_start               |   in|    1|  ap_ctrl_hs|  aes_Pipeline_3|  return value|
|ap_done                |  out|    1|  ap_ctrl_hs|  aes_Pipeline_3|  return value|
|ap_idle                |  out|    1|  ap_ctrl_hs|  aes_Pipeline_3|  return value|
|ap_ready               |  out|    1|  ap_ctrl_hs|  aes_Pipeline_3|  return value|
|key_array128_address0  |  out|   11|   ap_memory|    key_array128|         array|
|key_array128_ce0       |  out|    1|   ap_memory|    key_array128|         array|
|key_array128_we0       |  out|    1|   ap_memory|    key_array128|         array|
|key_array128_d0        |  out|    8|   ap_memory|    key_array128|         array|
+-----------------------+-----+-----+------------+----------------+--------------+

