
*** Running vivado
    with args -log Power_Monitor.vds -m64 -product Vivado -mode batch -messageDb vivado.pb -notrace -source Power_Monitor.tcl



****** Vivado v2022.1 (64-bit)
  **** SW Build 3526262 on Mon Apr 18 15:48:16 MDT 2022
  **** IP Build 3524634 on Mon Apr 18 20:55:01 MDT 2022
    ** Copyright 1986-2022 Xilinx, Inc. All Rights Reserved.

source Power_Monitor.tcl -notrace
INFO: [IP_Flow 19-234] Refreshing IP repositories
INFO: [IP_Flow 19-1700] Loaded user IP repository 'z:/Users/hiqbal/AES_Power_Monitor_Vivado/AES_Power_Monitor_Vivado.srcs/sources_1/imports/new'.
INFO: [IP_Flow 19-1700] Loaded user IP repository 'z:/Users/hiqbal/AES_Power_Monitor/solution1/impl/ip'.
INFO: [IP_Flow 19-2313] Loaded Vivado IP repository 'C:/Xilinx/Vivado/2022.1/data/ip'.
Command: read_checkpoint -auto_incremental -incremental Z:/Users/hiqbal/AES_Power_Monitor_Vivado/AES_Power_Monitor_Vivado.srcs/utils_1/imports/synth_1/Power_Monitor.dcp
INFO: [Vivado 12-5825] Read reference checkpoint from Z:/Users/hiqbal/AES_Power_Monitor_Vivado/AES_Power_Monitor_Vivado.srcs/utils_1/imports/synth_1/Power_Monitor.dcp for incremental synthesis
INFO: [Vivado 12-7989] Please ensure there are no constraint changes
Command: synth_design -top Power_Monitor -part xc7z020clg400-1
Starting synth_design
Attempting to get a license for feature 'Synthesis' and/or device 'xc7z020'
INFO: [Common 17-349] Got license for feature 'Synthesis' and/or device 'xc7z020'
INFO: [Device 21-403] Loading part xc7z020clg400-1
INFO: [Designutils 20-5440] No compile time benefit to using incremental synthesis; A full resynthesis will be run
INFO: [Designutils 20-4379] Flow is switching to default flow due to incremental criteria not met. If you would like to alter this behaviour and have the flow terminate instead, please set the following parameter config_implementation {autoIncr.Synth.RejectBehavior Terminate}
INFO: [Synth 8-7079] Multithreading enabled for synth_design using a maximum of 2 processes.
INFO: [Synth 8-7078] Launching helper process for spawning children vivado processes
INFO: [Synth 8-7075] Helper process launched with PID 5948
WARNING: [Synth 8-2292] literal value truncated to fit in 2 bits [Z:/Users/hiqbal/AES_Power_Monitor_Vivado/AES_Power_Monitor_Vivado.srcs/sources_1/imports/new/Power_Monitor.sv:31]
WARNING: [Synth 8-1958] event expressions must result in a singular type [Z:/Users/hiqbal/AES_Power_Monitor_Vivado/AES_Power_Monitor_Vivado.srcs/sources_1/imports/new/Power_Monitor.sv:26]
---------------------------------------------------------------------------------
Starting RTL Elaboration : Time (s): cpu = 00:00:05 ; elapsed = 00:00:05 . Memory (MB): peak = 1891.387 ; gain = 16.781
---------------------------------------------------------------------------------
INFO: [Synth 8-6157] synthesizing module 'Power_Monitor' [Z:/Users/hiqbal/AES_Power_Monitor_Vivado/AES_Power_Monitor_Vivado.srcs/sources_1/imports/new/Power_Monitor.sv:3]
INFO: [Synth 8-6157] synthesizing module 'one_to_100' [Z:/Users/hiqbal/AES_Power_Monitor_Vivado/AES_Power_Monitor_Vivado.srcs/sources_1/imports/new/Power_Monitor.sv:35]
INFO: [Synth 8-6155] done synthesizing module 'one_to_100' (0#1) [Z:/Users/hiqbal/AES_Power_Monitor_Vivado/AES_Power_Monitor_Vivado.srcs/sources_1/imports/new/Power_Monitor.sv:35]
INFO: [Synth 8-6157] synthesizing module 'freq_ro' [Z:/Users/hiqbal/AES_Power_Monitor_Vivado/AES_Power_Monitor_Vivado.srcs/sources_1/imports/new/Power_Monitor.sv:50]
INFO: [Synth 8-6157] synthesizing module 'ring_osc' [Z:/Users/hiqbal/AES_Power_Monitor_Vivado/AES_Power_Monitor_Vivado.srcs/sources_1/imports/new/Power_Monitor.sv:62]
INFO: [Synth 8-6157] synthesizing module 'and_1' [Z:/Users/hiqbal/AES_Power_Monitor_Vivado/AES_Power_Monitor_Vivado.srcs/sources_1/imports/new/Power_Monitor.sv:113]
INFO: [Synth 8-6155] done synthesizing module 'and_1' (0#1) [Z:/Users/hiqbal/AES_Power_Monitor_Vivado/AES_Power_Monitor_Vivado.srcs/sources_1/imports/new/Power_Monitor.sv:113]
INFO: [Synth 8-6157] synthesizing module 'inv_1' [Z:/Users/hiqbal/AES_Power_Monitor_Vivado/AES_Power_Monitor_Vivado.srcs/sources_1/imports/new/Power_Monitor.sv:121]
INFO: [Synth 8-6155] done synthesizing module 'inv_1' (0#1) [Z:/Users/hiqbal/AES_Power_Monitor_Vivado/AES_Power_Monitor_Vivado.srcs/sources_1/imports/new/Power_Monitor.sv:121]
INFO: [Synth 8-6155] done synthesizing module 'ring_osc' (0#1) [Z:/Users/hiqbal/AES_Power_Monitor_Vivado/AES_Power_Monitor_Vivado.srcs/sources_1/imports/new/Power_Monitor.sv:62]
INFO: [Synth 8-6157] synthesizing module 'reset_enable' [Z:/Users/hiqbal/AES_Power_Monitor_Vivado/AES_Power_Monitor_Vivado.srcs/sources_1/imports/new/Power_Monitor.sv:73]
INFO: [Synth 8-6157] synthesizing module 'counter' [Z:/Users/hiqbal/AES_Power_Monitor_Vivado/AES_Power_Monitor_Vivado.srcs/sources_1/imports/new/Power_Monitor.sv:95]
INFO: [Synth 8-6155] done synthesizing module 'counter' (0#1) [Z:/Users/hiqbal/AES_Power_Monitor_Vivado/AES_Power_Monitor_Vivado.srcs/sources_1/imports/new/Power_Monitor.sv:95]
INFO: [Synth 8-6155] done synthesizing module 'reset_enable' (0#1) [Z:/Users/hiqbal/AES_Power_Monitor_Vivado/AES_Power_Monitor_Vivado.srcs/sources_1/imports/new/Power_Monitor.sv:73]
INFO: [Synth 8-6155] done synthesizing module 'freq_ro' (0#1) [Z:/Users/hiqbal/AES_Power_Monitor_Vivado/AES_Power_Monitor_Vivado.srcs/sources_1/imports/new/Power_Monitor.sv:50]
INFO: [Synth 8-6157] synthesizing module 'calc_avg' [Z:/Users/hiqbal/AES_Power_Monitor_Vivado/AES_Power_Monitor_Vivado.srcs/sources_1/imports/new/Power_Monitor.sv:20]
WARNING: [Synth 8-4179] divide by zero is illegal [Z:/Users/hiqbal/AES_Power_Monitor_Vivado/AES_Power_Monitor_Vivado.srcs/sources_1/imports/new/Power_Monitor.sv:31]
INFO: [Synth 8-6155] done synthesizing module 'calc_avg' (0#1) [Z:/Users/hiqbal/AES_Power_Monitor_Vivado/AES_Power_Monitor_Vivado.srcs/sources_1/imports/new/Power_Monitor.sv:20]
INFO: [Synth 8-6155] done synthesizing module 'Power_Monitor' (0#1) [Z:/Users/hiqbal/AES_Power_Monitor_Vivado/AES_Power_Monitor_Vivado.srcs/sources_1/imports/new/Power_Monitor.sv:3]
WARNING: [Synth 8-3848] Net enable in module/entity freq_ro does not have driver. [Z:/Users/hiqbal/AES_Power_Monitor_Vivado/AES_Power_Monitor_Vivado.srcs/sources_1/imports/new/Power_Monitor.sv:56]
WARNING: [Synth 8-7129] Port ro_enable in module freq_ro is either unconnected or has no load
WARNING: [Synth 8-7129] Port power_readings[999][31] in module calc_avg is either unconnected or has no load
WARNING: [Synth 8-7129] Port power_readings[999][30] in module calc_avg is either unconnected or has no load
WARNING: [Synth 8-7129] Port power_readings[999][29] in module calc_avg is either unconnected or has no load
WARNING: [Synth 8-7129] Port power_readings[999][28] in module calc_avg is either unconnected or has no load
WARNING: [Synth 8-7129] Port power_readings[999][27] in module calc_avg is either unconnected or has no load
WARNING: [Synth 8-7129] Port power_readings[999][26] in module calc_avg is either unconnected or has no load
WARNING: [Synth 8-7129] Port power_readings[999][25] in module calc_avg is either unconnected or has no load
WARNING: [Synth 8-7129] Port power_readings[999][24] in module calc_avg is either unconnected or has no load
WARNING: [Synth 8-7129] Port power_readings[999][23] in module calc_avg is either unconnected or has no load
WARNING: [Synth 8-7129] Port power_readings[999][22] in module calc_avg is either unconnected or has no load
WARNING: [Synth 8-7129] Port power_readings[999][21] in module calc_avg is either unconnected or has no load
WARNING: [Synth 8-7129] Port power_readings[999][20] in module calc_avg is either unconnected or has no load
WARNING: [Synth 8-7129] Port power_readings[999][19] in module calc_avg is either unconnected or has no load
WARNING: [Synth 8-7129] Port power_readings[999][18] in module calc_avg is either unconnected or has no load
WARNING: [Synth 8-7129] Port power_readings[999][17] in module calc_avg is either unconnected or has no load
WARNING: [Synth 8-7129] Port power_readings[999][16] in module calc_avg is either unconnected or has no load
WARNING: [Synth 8-7129] Port power_readings[999][15] in module calc_avg is either unconnected or has no load
WARNING: [Synth 8-7129] Port power_readings[999][14] in module calc_avg is either unconnected or has no load
WARNING: [Synth 8-7129] Port power_readings[999][13] in module calc_avg is either unconnected or has no load
WARNING: [Synth 8-7129] Port power_readings[999][12] in module calc_avg is either unconnected or has no load
WARNING: [Synth 8-7129] Port power_readings[999][11] in module calc_avg is either unconnected or has no load
WARNING: [Synth 8-7129] Port power_readings[999][10] in module calc_avg is either unconnected or has no load
WARNING: [Synth 8-7129] Port power_readings[999][9] in module calc_avg is either unconnected or has no load
WARNING: [Synth 8-7129] Port power_readings[999][8] in module calc_avg is either unconnected or has no load
WARNING: [Synth 8-7129] Port power_readings[999][7] in module calc_avg is either unconnected or has no load
WARNING: [Synth 8-7129] Port power_readings[999][6] in module calc_avg is either unconnected or has no load
WARNING: [Synth 8-7129] Port power_readings[999][5] in module calc_avg is either unconnected or has no load
WARNING: [Synth 8-7129] Port power_readings[999][4] in module calc_avg is either unconnected or has no load
WARNING: [Synth 8-7129] Port power_readings[999][3] in module calc_avg is either unconnected or has no load
WARNING: [Synth 8-7129] Port power_readings[999][2] in module calc_avg is either unconnected or has no load
WARNING: [Synth 8-7129] Port power_readings[999][1] in module calc_avg is either unconnected or has no load
WARNING: [Synth 8-7129] Port power_readings[999][0] in module calc_avg is either unconnected or has no load
WARNING: [Synth 8-7129] Port power_readings[998][31] in module calc_avg is either unconnected or has no load
WARNING: [Synth 8-7129] Port power_readings[998][30] in module calc_avg is either unconnected or has no load
WARNING: [Synth 8-7129] Port power_readings[998][29] in module calc_avg is either unconnected or has no load
WARNING: [Synth 8-7129] Port power_readings[998][28] in module calc_avg is either unconnected or has no load
WARNING: [Synth 8-7129] Port power_readings[998][27] in module calc_avg is either unconnected or has no load
WARNING: [Synth 8-7129] Port power_readings[998][26] in module calc_avg is either unconnected or has no load
WARNING: [Synth 8-7129] Port power_readings[998][25] in module calc_avg is either unconnected or has no load
WARNING: [Synth 8-7129] Port power_readings[998][24] in module calc_avg is either unconnected or has no load
WARNING: [Synth 8-7129] Port power_readings[998][23] in module calc_avg is either unconnected or has no load
WARNING: [Synth 8-7129] Port power_readings[998][22] in module calc_avg is either unconnected or has no load
WARNING: [Synth 8-7129] Port power_readings[998][21] in module calc_avg is either unconnected or has no load
WARNING: [Synth 8-7129] Port power_readings[998][20] in module calc_avg is either unconnected or has no load
WARNING: [Synth 8-7129] Port power_readings[998][19] in module calc_avg is either unconnected or has no load
WARNING: [Synth 8-7129] Port power_readings[998][18] in module calc_avg is either unconnected or has no load
WARNING: [Synth 8-7129] Port power_readings[998][17] in module calc_avg is either unconnected or has no load
WARNING: [Synth 8-7129] Port power_readings[998][16] in module calc_avg is either unconnected or has no load
WARNING: [Synth 8-7129] Port power_readings[998][15] in module calc_avg is either unconnected or has no load
WARNING: [Synth 8-7129] Port power_readings[998][14] in module calc_avg is either unconnected or has no load
WARNING: [Synth 8-7129] Port power_readings[998][13] in module calc_avg is either unconnected or has no load
WARNING: [Synth 8-7129] Port power_readings[998][12] in module calc_avg is either unconnected or has no load
WARNING: [Synth 8-7129] Port power_readings[998][11] in module calc_avg is either unconnected or has no load
WARNING: [Synth 8-7129] Port power_readings[998][10] in module calc_avg is either unconnected or has no load
WARNING: [Synth 8-7129] Port power_readings[998][9] in module calc_avg is either unconnected or has no load
WARNING: [Synth 8-7129] Port power_readings[998][8] in module calc_avg is either unconnected or has no load
WARNING: [Synth 8-7129] Port power_readings[998][7] in module calc_avg is either unconnected or has no load
WARNING: [Synth 8-7129] Port power_readings[998][6] in module calc_avg is either unconnected or has no load
WARNING: [Synth 8-7129] Port power_readings[998][5] in module calc_avg is either unconnected or has no load
WARNING: [Synth 8-7129] Port power_readings[998][4] in module calc_avg is either unconnected or has no load
WARNING: [Synth 8-7129] Port power_readings[998][3] in module calc_avg is either unconnected or has no load
WARNING: [Synth 8-7129] Port power_readings[998][2] in module calc_avg is either unconnected or has no load
WARNING: [Synth 8-7129] Port power_readings[998][1] in module calc_avg is either unconnected or has no load
WARNING: [Synth 8-7129] Port power_readings[998][0] in module calc_avg is either unconnected or has no load
WARNING: [Synth 8-7129] Port power_readings[997][31] in module calc_avg is either unconnected or has no load
WARNING: [Synth 8-7129] Port power_readings[997][30] in module calc_avg is either unconnected or has no load
WARNING: [Synth 8-7129] Port power_readings[997][29] in module calc_avg is either unconnected or has no load
WARNING: [Synth 8-7129] Port power_readings[997][28] in module calc_avg is either unconnected or has no load
WARNING: [Synth 8-7129] Port power_readings[997][27] in module calc_avg is either unconnected or has no load
WARNING: [Synth 8-7129] Port power_readings[997][26] in module calc_avg is either unconnected or has no load
WARNING: [Synth 8-7129] Port power_readings[997][25] in module calc_avg is either unconnected or has no load
WARNING: [Synth 8-7129] Port power_readings[997][24] in module calc_avg is either unconnected or has no load
WARNING: [Synth 8-7129] Port power_readings[997][23] in module calc_avg is either unconnected or has no load
WARNING: [Synth 8-7129] Port power_readings[997][22] in module calc_avg is either unconnected or has no load
WARNING: [Synth 8-7129] Port power_readings[997][21] in module calc_avg is either unconnected or has no load
WARNING: [Synth 8-7129] Port power_readings[997][20] in module calc_avg is either unconnected or has no load
WARNING: [Synth 8-7129] Port power_readings[997][19] in module calc_avg is either unconnected or has no load
WARNING: [Synth 8-7129] Port power_readings[997][18] in module calc_avg is either unconnected or has no load
WARNING: [Synth 8-7129] Port power_readings[997][17] in module calc_avg is either unconnected or has no load
WARNING: [Synth 8-7129] Port power_readings[997][16] in module calc_avg is either unconnected or has no load
WARNING: [Synth 8-7129] Port power_readings[997][15] in module calc_avg is either unconnected or has no load
WARNING: [Synth 8-7129] Port power_readings[997][14] in module calc_avg is either unconnected or has no load
WARNING: [Synth 8-7129] Port power_readings[997][13] in module calc_avg is either unconnected or has no load
WARNING: [Synth 8-7129] Port power_readings[997][12] in module calc_avg is either unconnected or has no load
WARNING: [Synth 8-7129] Port power_readings[997][11] in module calc_avg is either unconnected or has no load
WARNING: [Synth 8-7129] Port power_readings[997][10] in module calc_avg is either unconnected or has no load
WARNING: [Synth 8-7129] Port power_readings[997][9] in module calc_avg is either unconnected or has no load
WARNING: [Synth 8-7129] Port power_readings[997][8] in module calc_avg is either unconnected or has no load
WARNING: [Synth 8-7129] Port power_readings[997][7] in module calc_avg is either unconnected or has no load
WARNING: [Synth 8-7129] Port power_readings[997][6] in module calc_avg is either unconnected or has no load
WARNING: [Synth 8-7129] Port power_readings[997][5] in module calc_avg is either unconnected or has no load
WARNING: [Synth 8-7129] Port power_readings[997][4] in module calc_avg is either unconnected or has no load
WARNING: [Synth 8-7129] Port power_readings[997][3] in module calc_avg is either unconnected or has no load
WARNING: [Synth 8-7129] Port power_readings[997][2] in module calc_avg is either unconnected or has no load
WARNING: [Synth 8-7129] Port power_readings[997][1] in module calc_avg is either unconnected or has no load
WARNING: [Synth 8-7129] Port power_readings[997][0] in module calc_avg is either unconnected or has no load
WARNING: [Synth 8-7129] Port power_readings[996][31] in module calc_avg is either unconnected or has no load
WARNING: [Synth 8-7129] Port power_readings[996][30] in module calc_avg is either unconnected or has no load
WARNING: [Synth 8-7129] Port power_readings[996][29] in module calc_avg is either unconnected or has no load
INFO: [Common 17-14] Message 'Synth 8-7129' appears 100 times and further instances of the messages will be disabled. Use the Tcl command set_msg_config to change the current settings.
---------------------------------------------------------------------------------
Finished RTL Elaboration : Time (s): cpu = 00:00:08 ; elapsed = 00:00:10 . Memory (MB): peak = 1997.855 ; gain = 123.250
---------------------------------------------------------------------------------
---------------------------------------------------------------------------------
Start Handling Custom Attributes
---------------------------------------------------------------------------------
---------------------------------------------------------------------------------
Finished Handling Custom Attributes : Time (s): cpu = 00:00:09 ; elapsed = 00:00:10 . Memory (MB): peak = 1997.855 ; gain = 123.250
---------------------------------------------------------------------------------
---------------------------------------------------------------------------------
Finished RTL Optimization Phase 1 : Time (s): cpu = 00:00:09 ; elapsed = 00:00:10 . Memory (MB): peak = 1997.855 ; gain = 123.250
---------------------------------------------------------------------------------
Netlist sorting complete. Time (s): cpu = 00:00:01 ; elapsed = 00:00:01 . Memory (MB): peak = 1997.855 ; gain = 0.000
INFO: [Project 1-570] Preparing netlist for logic optimization

Processing XDC Constraints
Initializing timing engine
Parsing XDC File [Z:/Users/hiqbal/AES_Power_Monitor_Vivado/AES_Power_Monitor_Vivado.srcs/constrs_1/new/Power_Monitor_Const.xdc]
Finished Parsing XDC File [Z:/Users/hiqbal/AES_Power_Monitor_Vivado/AES_Power_Monitor_Vivado.srcs/constrs_1/new/Power_Monitor_Const.xdc]
INFO: [Project 1-236] Implementation specific constraints were found while reading constraint file [Z:/Users/hiqbal/AES_Power_Monitor_Vivado/AES_Power_Monitor_Vivado.srcs/constrs_1/new/Power_Monitor_Const.xdc]. These constraints will be ignored for synthesis but will be used in implementation. Impacted constraints are listed in the file [.Xil/Power_Monitor_propImpl.xdc].
Resolution: To avoid this warning, move constraints listed in [.Xil/Power_Monitor_propImpl.xdc] to another XDC file and exclude this new file from synthesis with the used_in_synthesis property (File Properties dialog in GUI) and re-run elaboration/synthesis.
Completed Processing XDC Constraints

Netlist sorting complete. Time (s): cpu = 00:00:00 ; elapsed = 00:00:00.043 . Memory (MB): peak = 2240.691 ; gain = 0.000
INFO: [Project 1-111] Unisim Transformation Summary:
No Unisim elements were transformed.

Constraint Validation Runtime : Time (s): cpu = 00:00:01 ; elapsed = 00:00:00.357 . Memory (MB): peak = 2240.691 ; gain = 0.000
INFO: [Designutils 20-5440] No compile time benefit to using incremental synthesis; A full resynthesis will be run
INFO: [Designutils 20-4379] Flow is switching to default flow due to incremental criteria not met. If you would like to alter this behaviour and have the flow terminate instead, please set the following parameter config_implementation {autoIncr.Synth.RejectBehavior Terminate}
---------------------------------------------------------------------------------
Finished Constraint Validation : Time (s): cpu = 00:00:31 ; elapsed = 00:00:33 . Memory (MB): peak = 2240.691 ; gain = 366.086
---------------------------------------------------------------------------------
---------------------------------------------------------------------------------
Start Loading Part and Timing Information
---------------------------------------------------------------------------------
Loading part: xc7z020clg400-1
---------------------------------------------------------------------------------
Finished Loading Part and Timing Information : Time (s): cpu = 00:00:31 ; elapsed = 00:00:33 . Memory (MB): peak = 2240.691 ; gain = 366.086
---------------------------------------------------------------------------------
---------------------------------------------------------------------------------
Start Applying 'set_property' XDC Constraints
---------------------------------------------------------------------------------
---------------------------------------------------------------------------------
Finished applying 'set_property' XDC Constraints : Time (s): cpu = 00:00:31 ; elapsed = 00:00:33 . Memory (MB): peak = 2240.691 ; gain = 366.086
---------------------------------------------------------------------------------
---------------------------------------------------------------------------------
Finished RTL Optimization Phase 2 : Time (s): cpu = 00:00:32 ; elapsed = 00:00:37 . Memory (MB): peak = 2240.691 ; gain = 366.086
---------------------------------------------------------------------------------
---------------------------------------------------------------------------------
Start RTL Component Statistics 
---------------------------------------------------------------------------------
Detailed RTL Component Info : 
---------------------------------------------------------------------------------
Finished RTL Component Statistics 
---------------------------------------------------------------------------------
---------------------------------------------------------------------------------
Start Part Resource Summary
---------------------------------------------------------------------------------
Part Resources:
DSPs: 220 (col length:60)
BRAMs: 280 (col length: RAMB18 60 RAMB36 30)
---------------------------------------------------------------------------------
Finished Part Resource Summary
---------------------------------------------------------------------------------
---------------------------------------------------------------------------------
Start Cross Boundary and Area Optimization
---------------------------------------------------------------------------------
---------------------------------------------------------------------------------
Finished Cross Boundary and Area Optimization : Time (s): cpu = 00:00:54 ; elapsed = 00:01:50 . Memory (MB): peak = 2240.691 ; gain = 366.086
---------------------------------------------------------------------------------
---------------------------------------------------------------------------------
Start Applying XDC Timing Constraints
---------------------------------------------------------------------------------
---------------------------------------------------------------------------------
Finished Applying XDC Timing Constraints : Time (s): cpu = 00:01:01 ; elapsed = 00:02:02 . Memory (MB): peak = 2240.691 ; gain = 366.086
---------------------------------------------------------------------------------
---------------------------------------------------------------------------------
Start Timing Optimization
---------------------------------------------------------------------------------
---------------------------------------------------------------------------------
Finished Timing Optimization : Time (s): cpu = 00:01:02 ; elapsed = 00:02:02 . Memory (MB): peak = 2240.691 ; gain = 366.086
---------------------------------------------------------------------------------
---------------------------------------------------------------------------------
Start Technology Mapping
---------------------------------------------------------------------------------
WARNING: [Synth 8-7080] Parallel synthesis criteria is not met
---------------------------------------------------------------------------------
Finished Technology Mapping : Time (s): cpu = 00:01:02 ; elapsed = 00:02:03 . Memory (MB): peak = 2240.691 ; gain = 366.086
---------------------------------------------------------------------------------
---------------------------------------------------------------------------------
Start IO Insertion
---------------------------------------------------------------------------------
---------------------------------------------------------------------------------
Start Flattening Before IO Insertion
---------------------------------------------------------------------------------
---------------------------------------------------------------------------------
Finished Flattening Before IO Insertion
---------------------------------------------------------------------------------
---------------------------------------------------------------------------------
Start Final Netlist Cleanup
---------------------------------------------------------------------------------
---------------------------------------------------------------------------------
Finished Final Netlist Cleanup
---------------------------------------------------------------------------------
---------------------------------------------------------------------------------
Finished IO Insertion : Time (s): cpu = 00:01:06 ; elapsed = 00:02:08 . Memory (MB): peak = 2240.691 ; gain = 366.086
---------------------------------------------------------------------------------
---------------------------------------------------------------------------------
Start Renaming Generated Instances
---------------------------------------------------------------------------------
---------------------------------------------------------------------------------
Finished Renaming Generated Instances : Time (s): cpu = 00:01:06 ; elapsed = 00:02:08 . Memory (MB): peak = 2240.691 ; gain = 366.086
---------------------------------------------------------------------------------
---------------------------------------------------------------------------------
Start Rebuilding User Hierarchy
---------------------------------------------------------------------------------
---------------------------------------------------------------------------------
Finished Rebuilding User Hierarchy : Time (s): cpu = 00:01:06 ; elapsed = 00:02:08 . Memory (MB): peak = 2240.691 ; gain = 366.086
---------------------------------------------------------------------------------
---------------------------------------------------------------------------------
Start Renaming Generated Ports
---------------------------------------------------------------------------------
---------------------------------------------------------------------------------
Finished Renaming Generated Ports : Time (s): cpu = 00:01:06 ; elapsed = 00:02:08 . Memory (MB): peak = 2240.691 ; gain = 366.086
---------------------------------------------------------------------------------
---------------------------------------------------------------------------------
Start Handling Custom Attributes
---------------------------------------------------------------------------------
---------------------------------------------------------------------------------
Finished Handling Custom Attributes : Time (s): cpu = 00:01:06 ; elapsed = 00:02:08 . Memory (MB): peak = 2240.691 ; gain = 366.086
---------------------------------------------------------------------------------
---------------------------------------------------------------------------------
Start Renaming Generated Nets
---------------------------------------------------------------------------------
---------------------------------------------------------------------------------
Finished Renaming Generated Nets : Time (s): cpu = 00:01:06 ; elapsed = 00:02:08 . Memory (MB): peak = 2240.691 ; gain = 366.086
---------------------------------------------------------------------------------
---------------------------------------------------------------------------------
Start Writing Synthesis Report
---------------------------------------------------------------------------------

Report BlackBoxes: 
+-+--------------+----------+
| |BlackBox name |Instances |
+-+--------------+----------+
+-+--------------+----------+

Report Cell Usage: 
+------+------+------+
|      |Cell  |Count |
+------+------+------+
|1     |OBUFT |    32|
+------+------+------+
---------------------------------------------------------------------------------
Finished Writing Synthesis Report : Time (s): cpu = 00:01:06 ; elapsed = 00:02:08 . Memory (MB): peak = 2240.691 ; gain = 366.086
---------------------------------------------------------------------------------
Synthesis finished with 0 errors, 0 critical warnings and 33 warnings.
Synthesis Optimization Runtime : Time (s): cpu = 00:00:44 ; elapsed = 00:01:55 . Memory (MB): peak = 2240.691 ; gain = 123.250
Synthesis Optimization Complete : Time (s): cpu = 00:01:07 ; elapsed = 00:02:09 . Memory (MB): peak = 2240.691 ; gain = 366.086
INFO: [Project 1-571] Translating synthesized netlist
Netlist sorting complete. Time (s): cpu = 00:00:00 ; elapsed = 00:00:00 . Memory (MB): peak = 2240.691 ; gain = 0.000
INFO: [Project 1-570] Preparing netlist for logic optimization
INFO: [Opt 31-138] Pushed 0 inverter(s) to 0 load pin(s).
Netlist sorting complete. Time (s): cpu = 00:00:00 ; elapsed = 00:00:00 . Memory (MB): peak = 2240.691 ; gain = 0.000
INFO: [Project 1-111] Unisim Transformation Summary:
No Unisim elements were transformed.

Synth Design complete, checksum: b004668f
INFO: [Common 17-83] Releasing license: Synthesis
42 Infos, 105 Warnings, 0 Critical Warnings and 0 Errors encountered.
synth_design completed successfully
synth_design: Time (s): cpu = 00:01:12 ; elapsed = 00:02:15 . Memory (MB): peak = 2240.691 ; gain = 366.086
INFO: [Common 17-1381] The checkpoint 'Z:/Users/hiqbal/AES_Power_Monitor_Vivado/AES_Power_Monitor_Vivado.runs/synth_1/Power_Monitor.dcp' has been generated.
INFO: [runtcl-4] Executing : report_utilization -file Power_Monitor_utilization_synth.rpt -pb Power_Monitor_utilization_synth.pb
INFO: [Common 17-206] Exiting Vivado at Mon Apr 22 19:03:42 2024...
