

================================================================
== Vitis HLS Report for 'aes_invMain_Pipeline_createRoundKeyLoop1_createRoundKeyLoop24'
================================================================
* Date:           Thu Apr 25 11:55:52 2024

* Version:        2022.1 (Build 3526262 on Mon Apr 18 15:48:16 MDT 2022)
* Project:        AES_PM
* Solution:       solution1 (Vivado IP Flow Target)
* Product family: zynq
* Target device:  xc7z020-clg400-1


================================================================
== Performance Estimates
================================================================
+ Timing: 
    * Summary: 
    +--------+----------+----------+------------+
    |  Clock |  Target  | Estimated| Uncertainty|
    +--------+----------+----------+------------+
    |ap_clk  |  10.00 ns|  6.602 ns|     2.70 ns|
    +--------+----------+----------+------------+

+ Latency: 
    * Summary: 
    +---------+---------+----------+----------+-----+-----+---------+
    |  Latency (cycles) |  Latency (absolute) |  Interval | Pipeline|
    |   min   |   max   |    min   |    max   | min | max |   Type  |
    +---------+---------+----------+----------+-----+-----+---------+
    |       18|       18|  0.180 us|  0.180 us|   18|   18|       no|
    +---------+---------+----------+----------+-----+-----+---------+

    + Detail: 
        * Instance: 
        N/A

        * Loop: 
        +-------------------------------------------+---------+---------+----------+-----------+-----------+------+----------+
        |                                           |  Latency (cycles) | Iteration|  Initiation Interval  | Trip |          |
        |                 Loop Name                 |   min   |   max   |  Latency |  achieved |   target  | Count| Pipelined|
        +-------------------------------------------+---------+---------+----------+-----------+-----------+------+----------+
        |- createRoundKeyLoop1_createRoundKeyLoop2  |       16|       16|         2|          1|          1|    16|       yes|
        +-------------------------------------------+---------+---------+----------+-----------+-----------+------+----------+



================================================================
== Utilization Estimates
================================================================
* Summary: 
+-----------------+---------+-----+--------+-------+-----+
|       Name      | BRAM_18K| DSP |   FF   |  LUT  | URAM|
+-----------------+---------+-----+--------+-------+-----+
|DSP              |        -|    -|       -|      -|    -|
|Expression       |        -|    -|       0|     86|    -|
|FIFO             |        -|    -|       -|      -|    -|
|Instance         |        -|    -|       0|      9|    -|
|Memory           |        -|    -|       -|      -|    -|
|Multiplexer      |        -|    -|       -|     72|    -|
|Register         |        -|    -|      19|      -|    -|
+-----------------+---------+-----+--------+-------+-----+
|Total            |        0|    0|      19|    167|    0|
+-----------------+---------+-----+--------+-------+-----+
|Available        |      280|  220|  106400|  53200|    0|
+-----------------+---------+-----+--------+-------+-----+
|Utilization (%)  |        0|    0|      ~0|     ~0|    0|
+-----------------+---------+-----+--------+-------+-----+

+ Detail: 
    * Instance: 
    +-------------------+--------------+---------+----+---+----+-----+
    |      Instance     |    Module    | BRAM_18K| DSP| FF| LUT| URAM|
    +-------------------+--------------+---------+----+---+----+-----+
    |mux_21_8_1_1_U122  |mux_21_8_1_1  |        0|   0|  0|   9|    0|
    +-------------------+--------------+---------+----+---+----+-----+
    |Total              |              |        0|   0|  0|   9|    0|
    +-------------------+--------------+---------+----+---+----+-----+

    * DSP: 
    N/A

    * Memory: 
    N/A

    * FIFO: 
    N/A

    * Expression: 
    +--------------------------+----------+----+---+----+------------+------------+
    |       Variable Name      | Operation| DSP| FF| LUT| Bitwidth P0| Bitwidth P1|
    +--------------------------+----------+----+---+----+------------+------------+
    |add_ln436_2_fu_151_p2     |         +|   0|  0|  11|           3|           1|
    |add_ln436_fu_125_p2       |         +|   0|  0|  13|           5|           1|
    |add_ln440_fu_223_p2       |         +|   0|  0|  11|           3|           1|
    |add_ln442_2_fu_217_p2     |         +|   0|  0|  13|           4|           4|
    |add_ln442_fu_193_p2       |         +|   0|  0|  11|           3|           3|
    |icmp_ln436_fu_119_p2      |      icmp|   0|  0|  10|           5|           6|
    |icmp_ln440_fu_137_p2      |      icmp|   0|  0|   9|           3|           4|
    |select_ln436_2_fu_157_p3  |    select|   0|  0|   3|           1|           3|
    |select_ln436_fu_143_p3    |    select|   0|  0|   3|           1|           1|
    |ap_enable_pp0             |       xor|   0|  0|   2|           1|           2|
    +--------------------------+----------+----+---+----+------------+------------+
    |Total                     |          |   0|  0|  86|          29|          26|
    +--------------------------+----------+----+---+----+------------+------------+

    * Multiplexer: 
    +---------------------------------------+----+-----------+-----+-----------+
    |                  Name                 | LUT| Input Size| Bits| Total Bits|
    +---------------------------------------+----+-----------+-----+-----------+
    |ap_done_int                            |   9|          2|    1|          2|
    |ap_enable_reg_pp0_iter1                |   9|          2|    1|          2|
    |ap_sig_allocacmp_i_load                |   9|          2|    3|          6|
    |ap_sig_allocacmp_indvar_flatten6_load  |   9|          2|    5|         10|
    |ap_sig_allocacmp_j_load                |   9|          2|    3|          6|
    |i_fu_54                                |   9|          2|    3|          6|
    |indvar_flatten6_fu_58                  |   9|          2|    5|         10|
    |j_fu_50                                |   9|          2|    3|          6|
    +---------------------------------------+----+-----------+-----+-----------+
    |Total                                  |  72|         16|   24|         48|
    +---------------------------------------+----+-----------+-----+-----------+

    * Register: 
    +-------------------------+---+----+-----+-----------+
    |           Name          | FF| LUT| Bits| Const Bits|
    +-------------------------+---+----+-----+-----------+
    |add_ln442_2_reg_297      |  4|   0|    4|          0|
    |ap_CS_fsm                |  1|   0|    1|          0|
    |ap_done_reg              |  1|   0|    1|          0|
    |ap_enable_reg_pp0_iter1  |  1|   0|    1|          0|
    |i_fu_54                  |  3|   0|    3|          0|
    |indvar_flatten6_fu_58    |  5|   0|    5|          0|
    |j_fu_50                  |  3|   0|    3|          0|
    |trunc_ln440_reg_282      |  1|   0|    1|          0|
    +-------------------------+---+----+-----+-----------+
    |Total                    | 19|   0|   19|          0|
    +-------------------------+---+----+-----+-----------+



================================================================
== Interface
================================================================
* Summary: 
+------------------------+-----+-----+------------+---------------------------------------------------------------+--------------+
|        RTL Ports       | Dir | Bits|  Protocol  |                         Source Object                         |    C Type    |
+------------------------+-----+-----+------------+---------------------------------------------------------------+--------------+
|ap_clk                  |   in|    1|  ap_ctrl_hs|  aes_invMain_Pipeline_createRoundKeyLoop1_createRoundKeyLoop24|  return value|
|ap_rst                  |   in|    1|  ap_ctrl_hs|  aes_invMain_Pipeline_createRoundKeyLoop1_createRoundKeyLoop24|  return value|
|ap_start                |   in|    1|  ap_ctrl_hs|  aes_invMain_Pipeline_createRoundKeyLoop1_createRoundKeyLoop24|  return value|
|ap_done                 |  out|    1|  ap_ctrl_hs|  aes_invMain_Pipeline_createRoundKeyLoop1_createRoundKeyLoop24|  return value|
|ap_idle                 |  out|    1|  ap_ctrl_hs|  aes_invMain_Pipeline_createRoundKeyLoop1_createRoundKeyLoop24|  return value|
|ap_ready                |  out|    1|  ap_ctrl_hs|  aes_invMain_Pipeline_createRoundKeyLoop1_createRoundKeyLoop24|  return value|
|expandedKey_0_address0  |  out|    7|   ap_memory|                                                  expandedKey_0|         array|
|expandedKey_0_ce0       |  out|    1|   ap_memory|                                                  expandedKey_0|         array|
|expandedKey_0_q0        |   in|    8|   ap_memory|                                                  expandedKey_0|         array|
|expandedKey_1_address0  |  out|    7|   ap_memory|                                                  expandedKey_1|         array|
|expandedKey_1_ce0       |  out|    1|   ap_memory|                                                  expandedKey_1|         array|
|expandedKey_1_q0        |   in|    8|   ap_memory|                                                  expandedKey_1|         array|
|roundKey_address0       |  out|    4|   ap_memory|                                                       roundKey|         array|
|roundKey_ce0            |  out|    1|   ap_memory|                                                       roundKey|         array|
|roundKey_we0            |  out|    1|   ap_memory|                                                       roundKey|         array|
|roundKey_d0             |  out|    8|   ap_memory|                                                       roundKey|         array|
+------------------------+-----+-----+------------+---------------------------------------------------------------+--------------+

