

================================================================
== Vitis HLS Report for 'aes_Pipeline_decryptedTextLoop'
================================================================
* Date:           Thu Apr 25 11:55:53 2024

* Version:        2022.1 (Build 3526262 on Mon Apr 18 15:48:16 MDT 2022)
* Project:        AES_PM
* Solution:       solution1 (Vivado IP Flow Target)
* Product family: zynq
* Target device:  xc7z020-clg400-1


================================================================
== Performance Estimates
================================================================
+ Timing: 
    * Summary: 
    +--------+----------+----------+------------+
    |  Clock |  Target  | Estimated| Uncertainty|
    +--------+----------+----------+------------+
    |ap_clk  |  10.00 ns|  3.368 ns|     2.70 ns|
    +--------+----------+----------+------------+

+ Latency: 
    * Summary: 
    +---------+---------+----------+----------+-----+-----+---------+
    |  Latency (cycles) |  Latency (absolute) |  Interval | Pipeline|
    |   min   |   max   |    min   |    max   | min | max |   Type  |
    +---------+---------+----------+----------+-----+-----+---------+
    |       18|       18|  0.180 us|  0.180 us|   18|   18|       no|
    +---------+---------+----------+----------+-----+-----+---------+

    + Detail: 
        * Instance: 
        N/A

        * Loop: 
        +---------------------+---------+---------+----------+-----------+-----------+------+----------+
        |                     |  Latency (cycles) | Iteration|  Initiation Interval  | Trip |          |
        |      Loop Name      |   min   |   max   |  Latency |  achieved |   target  | Count| Pipelined|
        +---------------------+---------+---------+----------+-----------+-----------+------+----------+
        |- decryptedTextLoop  |       16|       16|         2|          1|          1|    16|       yes|
        +---------------------+---------+---------+----------+-----------+-----------+------+----------+



================================================================
== Utilization Estimates
================================================================
* Summary: 
+-----------------+---------+-----+--------+-------+-----+
|       Name      | BRAM_18K| DSP |   FF   |  LUT  | URAM|
+-----------------+---------+-----+--------+-------+-----+
|DSP              |        -|    -|       -|      -|    -|
|Expression       |        -|    -|       0|     27|    -|
|FIFO             |        -|    -|       -|      -|    -|
|Instance         |        -|    -|       -|      -|    -|
|Memory           |        -|    -|       -|      -|    -|
|Multiplexer      |        -|    -|       -|     45|    -|
|Register         |        -|    -|       8|      -|    -|
+-----------------+---------+-----+--------+-------+-----+
|Total            |        0|    0|       8|     72|    0|
+-----------------+---------+-----+--------+-------+-----+
|Available        |      280|  220|  106400|  53200|    0|
+-----------------+---------+-----+--------+-------+-----+
|Utilization (%)  |        0|    0|      ~0|     ~0|    0|
+-----------------+---------+-----+--------+-------+-----+

+ Detail: 
    * Instance: 
    N/A

    * DSP: 
    N/A

    * Memory: 
    N/A

    * FIFO: 
    N/A

    * Expression: 
    +---------------------------+----------+----+---+----+------------+------------+
    |       Variable Name       | Operation| DSP| FF| LUT| Bitwidth P0| Bitwidth P1|
    +---------------------------+----------+----+---+----+------------+------------+
    |add_ln97_fu_154_p2         |         +|   0|  0|  13|           5|           1|
    |ap_block_pp0_stage0_01001  |       and|   0|  0|   2|           1|           1|
    |icmp_ln97_fu_148_p2        |      icmp|   0|  0|  10|           5|           6|
    |ap_enable_pp0              |       xor|   0|  0|   2|           1|           2|
    +---------------------------+----------+----+---+----+------------+------------+
    |Total                      |          |   0|  0|  27|          12|          10|
    +---------------------------+----------+----+---+----+------------+------------+

    * Multiplexer: 
    +------------------------------------------+----+-----------+-----+-----------+
    |                   Name                   | LUT| Input Size| Bits| Total Bits|
    +------------------------------------------+----+-----------+-----+-----------+
    |ap_done_int                               |   9|          2|    1|          2|
    |ap_enable_reg_pp0_iter1                   |   9|          2|    1|          2|
    |ap_sig_allocacmp_i_13                     |   9|          2|    5|         10|
    |ciphertext_and_decryptedtext_TDATA_blk_n  |   9|          2|    1|          2|
    |i_fu_66                                   |   9|          2|    5|         10|
    +------------------------------------------+----+-----------+-----+-----------+
    |Total                                     |  45|         10|   13|         26|
    +------------------------------------------+----+-----------+-----+-----------+

    * Register: 
    +-------------------------+---+----+-----+-----------+
    |           Name          | FF| LUT| Bits| Const Bits|
    +-------------------------+---+----+-----+-----------+
    |ap_CS_fsm                |  1|   0|    1|          0|
    |ap_done_reg              |  1|   0|    1|          0|
    |ap_enable_reg_pp0_iter1  |  1|   0|    1|          0|
    |i_fu_66                  |  5|   0|    5|          0|
    +-------------------------+---+----+-----+-----------+
    |Total                    |  8|   0|    8|          0|
    +-------------------------+---+----+-----+-----------+



================================================================
== Interface
================================================================
* Summary: 
+-------------------------------------+-----+-----+------------+---------------------------------------+--------------+
|              RTL Ports              | Dir | Bits|  Protocol  |             Source Object             |    C Type    |
+-------------------------------------+-----+-----+------------+---------------------------------------+--------------+
|ap_clk                               |   in|    1|  ap_ctrl_hs|         aes_Pipeline_decryptedTextLoop|  return value|
|ap_rst                               |   in|    1|  ap_ctrl_hs|         aes_Pipeline_decryptedTextLoop|  return value|
|ap_start                             |   in|    1|  ap_ctrl_hs|         aes_Pipeline_decryptedTextLoop|  return value|
|ap_done                              |  out|    1|  ap_ctrl_hs|         aes_Pipeline_decryptedTextLoop|  return value|
|ap_idle                              |  out|    1|  ap_ctrl_hs|         aes_Pipeline_decryptedTextLoop|  return value|
|ap_ready                             |  out|    1|  ap_ctrl_hs|         aes_Pipeline_decryptedTextLoop|  return value|
|ciphertext_and_decryptedtext_TREADY  |   in|    1|        axis|  ciphertext_and_decryptedtext_V_data_V|       pointer|
|ciphertext_and_decryptedtext_TDATA   |  out|    8|        axis|  ciphertext_and_decryptedtext_V_data_V|       pointer|
|decryptedtext_array_address0         |  out|    4|   ap_memory|                    decryptedtext_array|         array|
|decryptedtext_array_ce0              |  out|    1|   ap_memory|                    decryptedtext_array|         array|
|decryptedtext_array_q0               |   in|    8|   ap_memory|                    decryptedtext_array|         array|
|tmp_keep_V_reload                    |   in|    1|     ap_none|                      tmp_keep_V_reload|        scalar|
|tmp_strb_V_reload                    |   in|    1|     ap_none|                      tmp_strb_V_reload|        scalar|
|tmp_user_V_reload                    |   in|    1|     ap_none|                      tmp_user_V_reload|        scalar|
|tmp_id_V_reload                      |   in|    1|     ap_none|                        tmp_id_V_reload|        scalar|
|tmp_dest_V_reload                    |   in|    1|     ap_none|                      tmp_dest_V_reload|        scalar|
|ciphertext_and_decryptedtext_TVALID  |  out|    1|        axis|  ciphertext_and_decryptedtext_V_dest_V|       pointer|
|ciphertext_and_decryptedtext_TDEST   |  out|    1|        axis|  ciphertext_and_decryptedtext_V_dest_V|       pointer|
|ciphertext_and_decryptedtext_TKEEP   |  out|    1|        axis|  ciphertext_and_decryptedtext_V_keep_V|       pointer|
|ciphertext_and_decryptedtext_TSTRB   |  out|    1|        axis|  ciphertext_and_decryptedtext_V_strb_V|       pointer|
|ciphertext_and_decryptedtext_TUSER   |  out|    1|        axis|  ciphertext_and_decryptedtext_V_user_V|       pointer|
|ciphertext_and_decryptedtext_TLAST   |  out|    1|        axis|  ciphertext_and_decryptedtext_V_last_V|       pointer|
|ciphertext_and_decryptedtext_TID     |  out|    1|        axis|    ciphertext_and_decryptedtext_V_id_V|       pointer|
+-------------------------------------+-----+-----+------------+---------------------------------------+--------------+

