

================================================================
== Vitis HLS Report for 'aes'
================================================================
* Date:           Thu Apr 25 11:55:54 2024

* Version:        2022.1 (Build 3526262 on Mon Apr 18 15:48:16 MDT 2022)
* Project:        AES_PM
* Solution:       solution1 (Vivado IP Flow Target)
* Product family: zynq
* Target device:  xc7z020-clg400-1


================================================================
== Performance Estimates
================================================================
+ Timing: 
    * Summary: 
    +--------+----------+----------+------------+
    |  Clock |  Target  | Estimated| Uncertainty|
    +--------+----------+----------+------------+
    |ap_clk  |  10.00 ns|  7.164 ns|     2.70 ns|
    +--------+----------+----------+------------+

+ Latency: 
    * Summary: 
    +---------+---------+----------+-----------+-----+------+---------+
    |  Latency (cycles) |  Latency (absolute)  |  Interval  | Pipeline|
    |   min   |   max   |    min   |    max    | min |  max |   Type  |
    +---------+---------+----------+-----------+-----+------+---------+
    |       84|     7379|  0.840 us|  73.790 us|   85|  7380|       no|
    +---------+---------+----------+-----------+-----+------+---------+

    + Detail: 
        * Instance: 
        +---------------------------------------------------------+----------------------------------------------+---------+---------+-----------+-----------+------+------+---------+
        |                                                         |                                              |  Latency (cycles) |   Latency (absolute)  |   Interval  | Pipeline|
        |                         Instance                        |                    Module                    |   min   |   max   |    min    |    max    |  min |  max |   Type  |
        +---------------------------------------------------------+----------------------------------------------+---------+---------+-----------+-----------+------+------+---------+
        |grp_aes_Pipeline_1_fu_281                                |aes_Pipeline_1                                |       18|       18|   0.180 us|   0.180 us|    18|    18|       no|
        |grp_aes_Pipeline_2_fu_287                                |aes_Pipeline_2                                |       26|       26|   0.260 us|   0.260 us|    26|    26|       no|
        |grp_aes_Pipeline_3_fu_292                                |aes_Pipeline_3                                |       34|       34|   0.340 us|   0.340 us|    34|    34|       no|
        |grp_aes_Pipeline_cipherkeyLoop_fu_297                    |aes_Pipeline_cipherkeyLoop                    |       18|       34|   0.180 us|   0.340 us|    18|    34|       no|
        |grp_aes_Pipeline_plaintextLoop_fu_320                    |aes_Pipeline_plaintextLoop                    |       18|       18|   0.180 us|   0.180 us|    18|    18|       no|
        |grp_aes_Pipeline_aesEncryptLoop1_aesEncryptLoop2_fu_345  |aes_Pipeline_aesEncryptLoop1_aesEncryptLoop2  |       18|       18|   0.180 us|   0.180 us|    18|    18|       no|
        |grp_expandKey_fu_351                                     |expandKey                                     |     1579|     2927|  15.790 us|  29.270 us|  1579|  2927|       no|
        |grp_aes_main_fu_367                                      |aes_main                                      |      430|      578|   4.300 us|   5.780 us|   430|   578|       no|
        |grp_aes_Pipeline_aesEncryptLoop3_aesEncryptLoop4_fu_378  |aes_Pipeline_aesEncryptLoop3_aesEncryptLoop4  |       18|       18|   0.180 us|   0.180 us|    18|    18|       no|
        |grp_aes_Pipeline_aesDecryptLoop1_aesDecryptLoop2_fu_384  |aes_Pipeline_aesDecryptLoop1_aesDecryptLoop2  |       18|       18|   0.180 us|   0.180 us|    18|    18|       no|
        |grp_aes_invMain_fu_390                                   |aes_invMain                                   |      513|      697|   5.130 us|   6.970 us|   513|   697|       no|
        |grp_aes_Pipeline_aesDecryptLoop3_aesDecryptLoop4_fu_401  |aes_Pipeline_aesDecryptLoop3_aesDecryptLoop4  |       18|       18|   0.180 us|   0.180 us|    18|    18|       no|
        |grp_aes_Pipeline_ciphertextLoop_fu_407                   |aes_Pipeline_ciphertextLoop                   |       18|       18|   0.180 us|   0.180 us|    18|    18|       no|
        |grp_aes_Pipeline_decryptedTextLoop_fu_431                |aes_Pipeline_decryptedTextLoop                |       18|       18|   0.180 us|   0.180 us|    18|    18|       no|
        +---------------------------------------------------------+----------------------------------------------+---------+---------+-----------+-----------+------+------+---------+

        * Loop: 
        +-------------------+---------+---------+-----------+-----------+-----------+------+----------+
        |                   |  Latency (cycles) | Iteration |  Initiation Interval  | Trip |          |
        |     Loop Name     |   min   |   max   |  Latency  |  achieved |   target  | Count| Pipelined|
        +-------------------+---------+---------+-----------+-----------+-----------+------+----------+
        |- VITIS_LOOP_61_1  |      104|     7294|  84 ~ 7274|          -|          -|     1|        no|
        +-------------------+---------+---------+-----------+-----------+-----------+------+----------+



================================================================
== Utilization Estimates
================================================================
* Summary: 
+-----------------+---------+-----+--------+-------+-----+
|       Name      | BRAM_18K| DSP |   FF   |  LUT  | URAM|
+-----------------+---------+-----+--------+-------+-----+
|DSP              |        -|    -|       -|      -|    -|
|Expression       |        -|    -|       0|     30|    -|
|FIFO             |        -|    -|       -|      -|    -|
|Instance         |        5|    -|    5126|  12048|    0|
|Memory           |        4|    -|     120|     70|    0|
|Multiplexer      |        -|    -|       -|   1178|    -|
|Register         |        -|    -|      57|      -|    -|
+-----------------+---------+-----+--------+-------+-----+
|Total            |        9|    0|    5303|  13326|    0|
+-----------------+---------+-----+--------+-------+-----+
|Available        |      280|  220|  106400|  53200|    0|
+-----------------+---------+-----+--------+-------+-----+
|Utilization (%)  |        3|    0|       4|     25|    0|
+-----------------+---------+-----+--------+-------+-----+

+ Detail: 
    * Instance: 
    +---------------------------------------------------------+----------------------------------------------+---------+----+------+------+-----+
    |                         Instance                        |                    Module                    | BRAM_18K| DSP|  FF  |  LUT | URAM|
    +---------------------------------------------------------+----------------------------------------------+---------+----+------+------+-----+
    |CTRL_BUS_s_axi_U                                         |CTRL_BUS_s_axi                                |        0|   0|    88|   120|    0|
    |grp_aes_Pipeline_1_fu_281                                |aes_Pipeline_1                                |        0|   0|     7|    50|    0|
    |grp_aes_Pipeline_2_fu_287                                |aes_Pipeline_2                                |        0|   0|     7|    49|    0|
    |grp_aes_Pipeline_3_fu_292                                |aes_Pipeline_3                                |        0|   0|     8|    51|    0|
    |grp_aes_Pipeline_aesDecryptLoop1_aesDecryptLoop2_fu_384  |aes_Pipeline_aesDecryptLoop1_aesDecryptLoop2  |        0|   0|    18|   160|    0|
    |grp_aes_Pipeline_aesDecryptLoop3_aesDecryptLoop4_fu_401  |aes_Pipeline_aesDecryptLoop3_aesDecryptLoop4  |        0|   0|    18|   160|    0|
    |grp_aes_Pipeline_aesEncryptLoop1_aesEncryptLoop2_fu_345  |aes_Pipeline_aesEncryptLoop1_aesEncryptLoop2  |        0|   0|    18|   160|    0|
    |grp_aes_Pipeline_aesEncryptLoop3_aesEncryptLoop4_fu_378  |aes_Pipeline_aesEncryptLoop3_aesEncryptLoop4  |        0|   0|    18|   160|    0|
    |grp_aes_Pipeline_cipherkeyLoop_fu_297                    |aes_Pipeline_cipherkeyLoop                    |        0|   0|     8|    64|    0|
    |grp_aes_Pipeline_ciphertextLoop_fu_407                   |aes_Pipeline_ciphertextLoop                   |        0|   0|     8|    72|    0|
    |grp_aes_Pipeline_decryptedTextLoop_fu_431                |aes_Pipeline_decryptedTextLoop                |        0|   0|     8|    72|    0|
    |grp_aes_Pipeline_plaintextLoop_fu_320                    |aes_Pipeline_plaintextLoop                    |        0|   0|    13|    63|    0|
    |grp_aes_invMain_fu_390                                   |aes_invMain                                   |        2|   0|   835|  3580|    0|
    |grp_aes_main_fu_367                                      |aes_main                                      |        1|   0|   882|  3565|    0|
    |control_s_axi_U                                          |control_s_axi                                 |        0|   0|   120|   184|    0|
    |grp_expandKey_fu_351                                     |expandKey                                     |        2|   0|  3070|  3538|    0|
    +---------------------------------------------------------+----------------------------------------------+---------+----+------+------+-----+
    |Total                                                    |                                              |        5|   0|  5126| 12048|    0|
    +---------------------------------------------------------+----------------------------------------------+---------+----+------+------+-----+

    * DSP: 
    N/A

    * Memory: 
    +-----------------------+-------------------------------------------------------+---------+----+----+-----+------+-----+------+-------------+
    |         Memory        |                         Module                        | BRAM_18K| FF | LUT| URAM| Words| Bits| Banks| W*Bits*Banks|
    +-----------------------+-------------------------------------------------------+---------+----+----+-----+------+-----+------+-------------+
    |block_U                |block_RAM_AUTO_1R1W                                    |        0|  16|   2|    0|    16|    8|     1|          128|
    |block_1_U              |block_RAM_AUTO_1R1W                                    |        0|  16|   2|    0|    16|    8|     1|          128|
    |sbox_U                 |expandKey_Pipeline_expandKeyLoop2_sbox_ROM_2P_AUTO_1R  |        1|   0|   0|    0|   256|    8|     1|         2048|
    |expandedKey_U          |expandedKey_RAM_AUTO_1R1W                              |        0|  16|  15|    0|   120|    8|     1|          960|
    |expandedKey_1_U        |expandedKey_RAM_AUTO_1R1W                              |        0|  16|  15|    0|   120|    8|     1|          960|
    |expandedKey_2_U        |expandedKey_RAM_AUTO_1R1W                              |        0|  16|  15|    0|   120|    8|     1|          960|
    |expandedKey_3_U        |expandedKey_RAM_AUTO_1R1W                              |        0|  16|  15|    0|   120|    8|     1|          960|
    |key_array128_U         |key_array128_RAM_1WNR_AUTO_1R1W                        |        3|   0|   0|    0|  1056|    8|     1|         8448|
    |plaintext_array_U      |plaintext_array_RAM_AUTO_1R1W                          |        0|   8|   2|    0|    16|    8|     1|          128|
    |ciphertext_array_U     |plaintext_array_RAM_AUTO_1R1W                          |        0|   8|   2|    0|    16|    8|     1|          128|
    |decryptedtext_array_U  |plaintext_array_RAM_AUTO_1R1W                          |        0|   8|   2|    0|    16|    8|     1|          128|
    +-----------------------+-------------------------------------------------------+---------+----+----+-----+------+-----+------+-------------+
    |Total                  |                                                       |        4| 120|  70|    0|  1872|   88|    11|        14976|
    +-----------------------+-------------------------------------------------------+---------+----+----+-----+------+-----+------+-------------+

    * FIFO: 
    N/A

    * Expression: 
    +-------------------------------------------------------------------------------+----------+----+---+----+------------+------------+
    |                                 Variable Name                                 | Operation| DSP| FF| LUT| Bitwidth P0| Bitwidth P1|
    +-------------------------------------------------------------------------------+----------+----+---+----+------------+------------+
    |ap_block_state17_on_subcall_done                                               |       and|   0|  0|   2|           1|           1|
    |ap_block_state23_on_subcall_done                                               |       and|   0|  0|   2|           1|           1|
    |grp_aes_Pipeline_ciphertextLoop_fu_407_ciphertext_and_decryptedtext_TREADY     |       and|   0|  0|   2|           1|           1|
    |grp_aes_Pipeline_decryptedTextLoop_fu_431_ciphertext_and_decryptedtext_TREADY  |       and|   0|  0|   2|           1|           1|
    |ap_block_state13_on_subcall_done                                               |        or|   0|  0|   2|           1|           1|
    |ap_block_state19_on_subcall_done                                               |        or|   0|  0|   2|           1|           1|
    |ap_predicate_op120_call_state17                                                |        or|   0|  0|   2|           1|           1|
    |expandedKeySize_1_fu_496_p2                                                    |        or|   0|  0|   8|           8|           5|
    |expandedKeySize_fu_481_p2                                                      |        or|   0|  0|   8|           8|           5|
    +-------------------------------------------------------------------------------+----------+----+---+----+------------+------------+
    |Total                                                                          |          |   0|  0|  30|          23|          17|
    +-------------------------------------------------------------------------------+----------+----+---+----+------------+------------+

    * Multiplexer: 
    +--------------------------------------------------+-----+-----------+-----+-----------+
    |                       Name                       | LUT | Input Size| Bits| Total Bits|
    +--------------------------------------------------+-----+-----------+-----+-----------+
    |ap_NS_fsm                                         |  130|         29|    1|         29|
    |ap_phi_mux_nbrRounds_phi_fu_251_p6                |   20|          4|    4|         16|
    |block_1_address0                                  |   20|          4|    4|         16|
    |block_1_ce0                                       |   20|          4|    1|          4|
    |block_1_ce1                                       |    9|          2|    1|          2|
    |block_1_d0                                        |   14|          3|    8|         24|
    |block_1_we0                                       |   14|          3|    1|          3|
    |block_1_we1                                       |    9|          2|    1|          2|
    |block_address0                                    |   20|          4|    4|         16|
    |block_ce0                                         |   20|          4|    1|          4|
    |block_ce1                                         |    9|          2|    1|          2|
    |block_d0                                          |   14|          3|    8|         24|
    |block_we0                                         |   14|          3|    1|          3|
    |block_we1                                         |    9|          2|    1|          2|
    |cipherkey_size_reg_233                            |   14|          3|    3|          9|
    |ciphertext_and_decryptedtext_TDATA_int_regslice   |   14|          3|    8|         24|
    |ciphertext_and_decryptedtext_TDEST_int_regslice   |   14|          3|    1|          3|
    |ciphertext_and_decryptedtext_TID_int_regslice     |   14|          3|    1|          3|
    |ciphertext_and_decryptedtext_TKEEP_int_regslice   |   14|          3|    1|          3|
    |ciphertext_and_decryptedtext_TLAST_int_regslice   |   14|          3|    1|          3|
    |ciphertext_and_decryptedtext_TSTRB_int_regslice   |   14|          3|    1|          3|
    |ciphertext_and_decryptedtext_TUSER_int_regslice   |   14|          3|    1|          3|
    |ciphertext_and_decryptedtext_TVALID_int_regslice  |   14|          3|    1|          3|
    |ciphertext_array_address0                         |   20|          4|    4|         16|
    |ciphertext_array_ce0                              |   20|          4|    1|          4|
    |ciphertext_array_we0                              |    9|          2|    1|          2|
    |decryptedtext_array_address0                      |   14|          3|    4|         12|
    |decryptedtext_array_ce0                           |   14|          3|    1|          3|
    |decryptedtext_array_we0                           |    9|          2|    1|          2|
    |expandedKey_1_address0                            |   14|          3|    7|         21|
    |expandedKey_1_address1                            |   14|          3|    7|         21|
    |expandedKey_1_ce0                                 |   14|          3|    1|          3|
    |expandedKey_1_ce1                                 |   14|          3|    1|          3|
    |expandedKey_1_we0                                 |    9|          2|    1|          2|
    |expandedKey_1_we1                                 |    9|          2|    1|          2|
    |expandedKey_2_address0                            |   14|          3|    7|         21|
    |expandedKey_2_address1                            |   14|          3|    7|         21|
    |expandedKey_2_ce0                                 |   14|          3|    1|          3|
    |expandedKey_2_ce1                                 |   14|          3|    1|          3|
    |expandedKey_2_we0                                 |    9|          2|    1|          2|
    |expandedKey_2_we1                                 |    9|          2|    1|          2|
    |expandedKey_3_address0                            |   14|          3|    7|         21|
    |expandedKey_3_address1                            |   14|          3|    7|         21|
    |expandedKey_3_ce0                                 |   14|          3|    1|          3|
    |expandedKey_3_ce1                                 |   14|          3|    1|          3|
    |expandedKey_3_we0                                 |    9|          2|    1|          2|
    |expandedKey_3_we1                                 |    9|          2|    1|          2|
    |expandedKey_address0                              |   14|          3|    7|         21|
    |expandedKey_address1                              |   14|          3|    7|         21|
    |expandedKey_ce0                                   |   14|          3|    1|          3|
    |expandedKey_ce1                                   |   14|          3|    1|          3|
    |expandedKey_we0                                   |    9|          2|    1|          2|
    |expandedKey_we1                                   |    9|          2|    1|          2|
    |grp_expandKey_fu_351_expandedKeySize              |   14|          3|    8|         24|
    |grp_expandKey_fu_351_expandedKey_0_q0             |   14|          3|    8|         24|
    |grp_expandKey_fu_351_expandedKey_0_q1             |   14|          3|    8|         24|
    |grp_expandKey_fu_351_expandedKey_1_q0             |   14|          3|    8|         24|
    |grp_expandKey_fu_351_expandedKey_1_q1             |   14|          3|    8|         24|
    |key_and_plaintext_TREADY_int_regslice             |   14|          3|    1|          3|
    |key_array128_address0                             |   31|          6|   11|         66|
    |key_array128_ce0                                  |   31|          6|    1|          6|
    |key_array128_ce1                                  |    9|          2|    1|          2|
    |key_array128_ce2                                  |    9|          2|    1|          2|
    |key_array128_ce3                                  |    9|          2|    1|          2|
    |key_array128_d0                                   |   25|          5|    8|         40|
    |key_array128_we0                                  |   25|          5|    1|          5|
    |key_array_reg_218                                 |   14|          3|    2|          6|
    |nbrRounds_1_reg_263                               |   14|          3|    2|          6|
    |nbrRounds_reg_248                                 |   14|          3|    2|          6|
    |plaintext_array_address0                          |   14|          3|    4|         12|
    |plaintext_array_ce0                               |   14|          3|    1|          3|
    |plaintext_array_we0                               |    9|          2|    1|          2|
    |sbox_address0                                     |   14|          3|    8|         24|
    |sbox_address1                                     |   14|          3|    8|         24|
    |sbox_ce0                                          |    9|          2|    1|          2|
    |sbox_ce1                                          |    9|          2|    1|          2|
    +--------------------------------------------------+-----+-----------+-----+-----------+
    |Total                                             | 1178|        251|  234|        781|
    +--------------------------------------------------+-----+-----------+-----+-----------+

    * Register: 
    +----------------------------------------------------------------------+----+----+-----+-----------+
    |                                 Name                                 | FF | LUT| Bits| Const Bits|
    +----------------------------------------------------------------------+----+----+-----+-----------+
    |ap_CS_fsm                                                             |  28|   0|   28|          0|
    |cipherkey_size_reg_233                                                |   3|   0|    6|          3|
    |expandedKeySize_1_reg_566                                             |   2|   0|    8|          6|
    |expandedKeySize_reg_561                                               |   3|   0|    8|          5|
    |grp_aes_Pipeline_1_fu_281_ap_start_reg                                |   1|   0|    1|          0|
    |grp_aes_Pipeline_2_fu_287_ap_start_reg                                |   1|   0|    1|          0|
    |grp_aes_Pipeline_3_fu_292_ap_start_reg                                |   1|   0|    1|          0|
    |grp_aes_Pipeline_aesDecryptLoop1_aesDecryptLoop2_fu_384_ap_start_reg  |   1|   0|    1|          0|
    |grp_aes_Pipeline_aesDecryptLoop3_aesDecryptLoop4_fu_401_ap_start_reg  |   1|   0|    1|          0|
    |grp_aes_Pipeline_aesEncryptLoop1_aesEncryptLoop2_fu_345_ap_start_reg  |   1|   0|    1|          0|
    |grp_aes_Pipeline_aesEncryptLoop3_aesEncryptLoop4_fu_378_ap_start_reg  |   1|   0|    1|          0|
    |grp_aes_Pipeline_cipherkeyLoop_fu_297_ap_start_reg                    |   1|   0|    1|          0|
    |grp_aes_Pipeline_ciphertextLoop_fu_407_ap_start_reg                   |   1|   0|    1|          0|
    |grp_aes_Pipeline_decryptedTextLoop_fu_431_ap_start_reg                |   1|   0|    1|          0|
    |grp_aes_Pipeline_plaintextLoop_fu_320_ap_start_reg                    |   1|   0|    1|          0|
    |grp_aes_invMain_fu_390_ap_start_reg                                   |   1|   0|    1|          0|
    |grp_aes_main_fu_367_ap_start_reg                                      |   1|   0|    1|          0|
    |grp_expandKey_fu_351_ap_start_reg                                     |   1|   0|    1|          0|
    |key_array_reg_218                                                     |   2|   0|   11|          9|
    |nbrRounds_1_reg_263                                                   |   2|   0|    4|          2|
    |nbrRounds_reg_248                                                     |   2|   0|    4|          2|
    |p_4_0_0_0115_phi_loc_load_reg_551                                     |   1|   0|    1|          0|
    +----------------------------------------------------------------------+----+----+-----+-----------+
    |Total                                                                 |  57|   0|   84|         27|
    +----------------------------------------------------------------------+----+----+-----+-----------+



================================================================
== Interface
================================================================
* Summary: 
+-------------------------------------+-----+-----+------------+---------------------------------------+--------------+
|              RTL Ports              | Dir | Bits|  Protocol  |             Source Object             |    C Type    |
+-------------------------------------+-----+-----+------------+---------------------------------------+--------------+
|s_axi_CTRL_BUS_AWVALID               |   in|    1|       s_axi|                               CTRL_BUS|        scalar|
|s_axi_CTRL_BUS_AWREADY               |  out|    1|       s_axi|                               CTRL_BUS|        scalar|
|s_axi_CTRL_BUS_AWADDR                |   in|    5|       s_axi|                               CTRL_BUS|        scalar|
|s_axi_CTRL_BUS_WVALID                |   in|    1|       s_axi|                               CTRL_BUS|        scalar|
|s_axi_CTRL_BUS_WREADY                |  out|    1|       s_axi|                               CTRL_BUS|        scalar|
|s_axi_CTRL_BUS_WDATA                 |   in|   32|       s_axi|                               CTRL_BUS|        scalar|
|s_axi_CTRL_BUS_WSTRB                 |   in|    4|       s_axi|                               CTRL_BUS|        scalar|
|s_axi_CTRL_BUS_ARVALID               |   in|    1|       s_axi|                               CTRL_BUS|        scalar|
|s_axi_CTRL_BUS_ARREADY               |  out|    1|       s_axi|                               CTRL_BUS|        scalar|
|s_axi_CTRL_BUS_ARADDR                |   in|    5|       s_axi|                               CTRL_BUS|        scalar|
|s_axi_CTRL_BUS_RVALID                |  out|    1|       s_axi|                               CTRL_BUS|        scalar|
|s_axi_CTRL_BUS_RREADY                |   in|    1|       s_axi|                               CTRL_BUS|        scalar|
|s_axi_CTRL_BUS_RDATA                 |  out|   32|       s_axi|                               CTRL_BUS|        scalar|
|s_axi_CTRL_BUS_RRESP                 |  out|    2|       s_axi|                               CTRL_BUS|        scalar|
|s_axi_CTRL_BUS_BVALID                |  out|    1|       s_axi|                               CTRL_BUS|        scalar|
|s_axi_CTRL_BUS_BREADY                |   in|    1|       s_axi|                               CTRL_BUS|        scalar|
|s_axi_CTRL_BUS_BRESP                 |  out|    2|       s_axi|                               CTRL_BUS|        scalar|
|s_axi_control_AWVALID                |   in|    1|       s_axi|                                control|        scalar|
|s_axi_control_AWREADY                |  out|    1|       s_axi|                                control|        scalar|
|s_axi_control_AWADDR                 |   in|    6|       s_axi|                                control|        scalar|
|s_axi_control_WVALID                 |   in|    1|       s_axi|                                control|        scalar|
|s_axi_control_WREADY                 |  out|    1|       s_axi|                                control|        scalar|
|s_axi_control_WDATA                  |   in|   32|       s_axi|                                control|        scalar|
|s_axi_control_WSTRB                  |   in|    4|       s_axi|                                control|        scalar|
|s_axi_control_ARVALID                |   in|    1|       s_axi|                                control|        scalar|
|s_axi_control_ARREADY                |  out|    1|       s_axi|                                control|        scalar|
|s_axi_control_ARADDR                 |   in|    6|       s_axi|                                control|        scalar|
|s_axi_control_RVALID                 |  out|    1|       s_axi|                                control|        scalar|
|s_axi_control_RREADY                 |   in|    1|       s_axi|                                control|        scalar|
|s_axi_control_RDATA                  |  out|   32|       s_axi|                                control|        scalar|
|s_axi_control_RRESP                  |  out|    2|       s_axi|                                control|        scalar|
|s_axi_control_BVALID                 |  out|    1|       s_axi|                                control|        scalar|
|s_axi_control_BREADY                 |   in|    1|       s_axi|                                control|        scalar|
|s_axi_control_BRESP                  |  out|    2|       s_axi|                                control|        scalar|
|ap_clk                               |   in|    1|  ap_ctrl_hs|                                    aes|  return value|
|ap_rst_n                             |   in|    1|  ap_ctrl_hs|                                    aes|  return value|
|interrupt                            |  out|    1|  ap_ctrl_hs|                                    aes|  return value|
|key_and_plaintext_TDATA              |   in|    8|        axis|             key_and_plaintext_V_data_V|       pointer|
|key_and_plaintext_TVALID             |   in|    1|        axis|             key_and_plaintext_V_dest_V|       pointer|
|key_and_plaintext_TREADY             |  out|    1|        axis|             key_and_plaintext_V_dest_V|       pointer|
|key_and_plaintext_TDEST              |   in|    1|        axis|             key_and_plaintext_V_dest_V|       pointer|
|key_and_plaintext_TKEEP              |   in|    1|        axis|             key_and_plaintext_V_keep_V|       pointer|
|key_and_plaintext_TSTRB              |   in|    1|        axis|             key_and_plaintext_V_strb_V|       pointer|
|key_and_plaintext_TUSER              |   in|    1|        axis|             key_and_plaintext_V_user_V|       pointer|
|key_and_plaintext_TLAST              |   in|    1|        axis|             key_and_plaintext_V_last_V|       pointer|
|key_and_plaintext_TID                |   in|    1|        axis|               key_and_plaintext_V_id_V|       pointer|
|ciphertext_and_decryptedtext_TDATA   |  out|    8|        axis|  ciphertext_and_decryptedtext_V_data_V|       pointer|
|ciphertext_and_decryptedtext_TVALID  |  out|    1|        axis|  ciphertext_and_decryptedtext_V_dest_V|       pointer|
|ciphertext_and_decryptedtext_TREADY  |   in|    1|        axis|  ciphertext_and_decryptedtext_V_dest_V|       pointer|
|ciphertext_and_decryptedtext_TDEST   |  out|    1|        axis|  ciphertext_and_decryptedtext_V_dest_V|       pointer|
|ciphertext_and_decryptedtext_TKEEP   |  out|    1|        axis|  ciphertext_and_decryptedtext_V_keep_V|       pointer|
|ciphertext_and_decryptedtext_TSTRB   |  out|    1|        axis|  ciphertext_and_decryptedtext_V_strb_V|       pointer|
|ciphertext_and_decryptedtext_TUSER   |  out|    1|        axis|  ciphertext_and_decryptedtext_V_user_V|       pointer|
|ciphertext_and_decryptedtext_TLAST   |  out|    1|        axis|  ciphertext_and_decryptedtext_V_last_V|       pointer|
|ciphertext_and_decryptedtext_TID     |  out|    1|        axis|    ciphertext_and_decryptedtext_V_id_V|       pointer|
+-------------------------------------+-----+-----+------------+---------------------------------------+--------------+

