

================================================================
== Vitis HLS Report for 'aes_main_Pipeline_shiftRowLoop12'
================================================================
* Date:           Thu Apr 25 11:55:50 2024

* Version:        2022.1 (Build 3526262 on Mon Apr 18 15:48:16 MDT 2022)
* Project:        AES_PM
* Solution:       solution1 (Vivado IP Flow Target)
* Product family: zynq
* Target device:  xc7z020-clg400-1


================================================================
== Performance Estimates
================================================================
+ Timing: 
    * Summary: 
    +--------+----------+----------+------------+
    |  Clock |  Target  | Estimated| Uncertainty|
    +--------+----------+----------+------------+
    |ap_clk  |  10.00 ns|  3.153 ns|     2.70 ns|
    +--------+----------+----------+------------+

+ Latency: 
    * Summary: 
    +---------+---------+-----------+-----------+-----+-----+---------+
    |  Latency (cycles) |   Latency (absolute)  |  Interval | Pipeline|
    |   min   |   max   |    min    |    max    | min | max |   Type  |
    +---------+---------+-----------+-----------+-----+-----+---------+
    |        5|        5|  50.000 ns|  50.000 ns|    5|    5|       no|
    +---------+---------+-----------+-----------+-----+-----+---------+

    + Detail: 
        * Instance: 
        N/A

        * Loop: 
        +-----------------+---------+---------+----------+-----------+-----------+------+----------+
        |                 |  Latency (cycles) | Iteration|  Initiation Interval  | Trip |          |
        |    Loop Name    |   min   |   max   |  Latency |  achieved |   target  | Count| Pipelined|
        +-----------------+---------+---------+----------+-----------+-----------+------+----------+
        |- shiftRowLoop1  |        3|        3|         1|          1|          6|     3|       yes|
        +-----------------+---------+---------+----------+-----------+-----------+------+----------+



================================================================
== Utilization Estimates
================================================================
* Summary: 
+-----------------+---------+-----+--------+-------+-----+
|       Name      | BRAM_18K| DSP |   FF   |  LUT  | URAM|
+-----------------+---------+-----+--------+-------+-----+
|DSP              |        -|    -|       -|      -|    -|
|Expression       |        -|    -|       0|     20|    -|
|FIFO             |        -|    -|       -|      -|    -|
|Instance         |        -|    -|       -|      -|    -|
|Memory           |        -|    -|       -|      -|    -|
|Multiplexer      |        -|    -|       -|     63|    -|
|Register         |        -|    -|      37|      -|    -|
+-----------------+---------+-----+--------+-------+-----+
|Total            |        0|    0|      37|     83|    0|
+-----------------+---------+-----+--------+-------+-----+
|Available        |      280|  220|  106400|  53200|    0|
+-----------------+---------+-----+--------+-------+-----+
|Utilization (%)  |        0|    0|      ~0|     ~0|    0|
+-----------------+---------+-----+--------+-------+-----+

+ Detail: 
    * Instance: 
    N/A

    * DSP: 
    N/A

    * Memory: 
    N/A

    * FIFO: 
    N/A

    * Expression: 
    +----------------------+----------+----+---+----+------------+------------+
    |     Variable Name    | Operation| DSP| FF| LUT| Bitwidth P0| Bitwidth P1|
    +----------------------+----------+----+---+----+------------+------------+
    |i_2_fu_162_p2         |         +|   0|  0|  10|           2|           1|
    |icmp_ln324_fu_156_p2  |      icmp|   0|  0|   8|           2|           2|
    |ap_enable_pp0         |       xor|   0|  0|   2|           1|           2|
    +----------------------+----------+----+---+----+------------+------------+
    |Total                 |          |   0|  0|  20|           5|           5|
    +----------------------+----------+----+---+----+------------+------------+

    * Multiplexer: 
    +-------------------------+----+-----------+-----+-----------+
    |           Name          | LUT| Input Size| Bits| Total Bits|
    +-------------------------+----+-----------+-----+-----------+
    |ap_done_int              |   9|          2|    1|          2|
    |ap_enable_reg_pp0_iter1  |   9|          2|    1|          2|
    |empty_38_fu_56           |   9|          2|    8|         16|
    |empty_fu_52              |   9|          2|    8|         16|
    |i_fu_44                  |   9|          2|    2|          4|
    |tmp_59_fu_60             |   9|          2|    8|         16|
    |tmp_fu_48                |   9|          2|    8|         16|
    +-------------------------+----+-----------+-----+-----------+
    |Total                    |  63|         14|   36|         72|
    +-------------------------+----+-----------+-----+-----------+

    * Register: 
    +-------------------------+---+----+-----+-----------+
    |           Name          | FF| LUT| Bits| Const Bits|
    +-------------------------+---+----+-----+-----------+
    |ap_CS_fsm                |  1|   0|    1|          0|
    |ap_done_reg              |  1|   0|    1|          0|
    |ap_enable_reg_pp0_iter1  |  1|   0|    1|          0|
    |empty_38_fu_56           |  8|   0|    8|          0|
    |empty_fu_52              |  8|   0|    8|          0|
    |i_fu_44                  |  2|   0|    2|          0|
    |tmp_59_fu_60             |  8|   0|    8|          0|
    |tmp_fu_48                |  8|   0|    8|          0|
    +-------------------------+---+----+-----+-----------+
    |Total                    | 37|   0|   37|          0|
    +-------------------------+---+----+-----+-----------+



================================================================
== Interface
================================================================
* Summary: 
+-------------------+-----+-----+------------+----------------------------------+--------------+
|     RTL Ports     | Dir | Bits|  Protocol  |           Source Object          |    C Type    |
+-------------------+-----+-----+------------+----------------------------------+--------------+
|ap_clk             |   in|    1|  ap_ctrl_hs|  aes_main_Pipeline_shiftRowLoop12|  return value|
|ap_rst             |   in|    1|  ap_ctrl_hs|  aes_main_Pipeline_shiftRowLoop12|  return value|
|ap_start           |   in|    1|  ap_ctrl_hs|  aes_main_Pipeline_shiftRowLoop12|  return value|
|ap_done            |  out|    1|  ap_ctrl_hs|  aes_main_Pipeline_shiftRowLoop12|  return value|
|ap_idle            |  out|    1|  ap_ctrl_hs|  aes_main_Pipeline_shiftRowLoop12|  return value|
|ap_ready           |  out|    1|  ap_ctrl_hs|  aes_main_Pipeline_shiftRowLoop12|  return value|
|sbox_load_37       |   in|    8|     ap_none|                      sbox_load_37|        scalar|
|sbox_load_36       |   in|    8|     ap_none|                      sbox_load_36|        scalar|
|sbox_load_35       |   in|    8|     ap_none|                      sbox_load_35|        scalar|
|sbox_load_34       |   in|    8|     ap_none|                      sbox_load_34|        scalar|
|p_out              |  out|    8|      ap_vld|                             p_out|       pointer|
|p_out_ap_vld       |  out|    1|      ap_vld|                             p_out|       pointer|
|p_out1             |  out|    8|      ap_vld|                            p_out1|       pointer|
|p_out1_ap_vld      |  out|    1|      ap_vld|                            p_out1|       pointer|
|p_out2             |  out|    8|      ap_vld|                            p_out2|       pointer|
|p_out2_ap_vld      |  out|    1|      ap_vld|                            p_out2|       pointer|
|tmp_61_out         |  out|    8|      ap_vld|                        tmp_61_out|       pointer|
|tmp_61_out_ap_vld  |  out|    1|      ap_vld|                        tmp_61_out|       pointer|
+-------------------+-----+-----+------------+----------------------------------+--------------+

