

================================================================
== Vitis HLS Report for 'aes_round'
================================================================
* Date:           Thu Apr 25 11:55:48 2024

* Version:        2022.1 (Build 3526262 on Mon Apr 18 15:48:16 MDT 2022)
* Project:        AES_PM
* Solution:       solution1 (Vivado IP Flow Target)
* Product family: zynq
* Target device:  xc7z020-clg400-1


================================================================
== Performance Estimates
================================================================
+ Timing: 
    * Summary: 
    +--------+----------+----------+------------+
    |  Clock |  Target  | Estimated| Uncertainty|
    +--------+----------+----------+------------+
    |ap_clk  |  10.00 ns|  5.982 ns|     2.70 ns|
    +--------+----------+----------+------------+

+ Latency: 
    * Summary: 
    +---------+---------+----------+----------+-----+-----+---------+
    |  Latency (cycles) |  Latency (absolute) |  Interval | Pipeline|
    |   min   |   max   |    min   |    max   | min | max |   Type  |
    +---------+---------+----------+----------+-----+-----+---------+
    |       27|       27|  0.270 us|  0.270 us|   28|   28|      yes|
    +---------+---------+----------+----------+-----+-----+---------+

    + Detail: 
        * Instance: 
        +----------------------------------+-----------------------+---------+---------+----------+----------+-----+-----+---------+
        |                                  |                       |  Latency (cycles) |  Latency (absolute) |  Interval | Pipeline|
        |             Instance             |         Module        |   min   |   max   |    min   |    max   | min | max |   Type  |
        +----------------------------------+-----------------------+---------+---------+----------+----------+-----+-----+---------+
        |grp_galois_multiplication_fu_497  |galois_multiplication  |        0|        0|      0 ns|      0 ns|    1|    1|      yes|
        |grp_galois_multiplication_fu_504  |galois_multiplication  |        0|        0|      0 ns|      0 ns|    1|    1|      yes|
        +----------------------------------+-----------------------+---------+---------+----------+----------+-----+-----+---------+

        * Loop: 
        N/A



================================================================
== Utilization Estimates
================================================================
* Summary: 
+-----------------+---------+-----+--------+-------+-----+
|       Name      | BRAM_18K| DSP |   FF   |  LUT  | URAM|
+-----------------+---------+-----+--------+-------+-----+
|DSP              |        -|    -|       -|      -|    -|
|Expression       |        -|    -|       0|    512|    -|
|FIFO             |        -|    -|       -|      -|    -|
|Instance         |        -|    -|       0|    208|    -|
|Memory           |        1|    -|       0|      0|    -|
|Multiplexer      |        -|    -|       -|    759|    -|
|Register         |        -|    -|     500|      -|    -|
+-----------------+---------+-----+--------+-------+-----+
|Total            |        1|    0|     500|   1479|    0|
+-----------------+---------+-----+--------+-------+-----+
|Available        |      280|  220|  106400|  53200|    0|
+-----------------+---------+-----+--------+-------+-----+
|Utilization (%)  |       ~0|    0|      ~0|      2|    0|
+-----------------+---------+-----+--------+-------+-----+

+ Detail: 
    * Instance: 
    +----------------------------------+-----------------------+---------+----+---+-----+-----+
    |             Instance             |         Module        | BRAM_18K| DSP| FF| LUT | URAM|
    +----------------------------------+-----------------------+---------+----+---+-----+-----+
    |grp_galois_multiplication_fu_497  |galois_multiplication  |        0|   0|  0|  104|    0|
    |grp_galois_multiplication_fu_504  |galois_multiplication  |        0|   0|  0|  104|    0|
    +----------------------------------+-----------------------+---------+----+---+-----+-----+
    |Total                             |                       |        0|   0|  0|  208|    0|
    +----------------------------------+-----------------------+---------+----+---+-----+-----+

    * DSP: 
    N/A

    * Memory: 
    +--------+-------------------------------------------------------+---------+---+----+-----+------+-----+------+-------------+
    | Memory |                         Module                        | BRAM_18K| FF| LUT| URAM| Words| Bits| Banks| W*Bits*Banks|
    +--------+-------------------------------------------------------+---------+---+----+-----+------+-----+------+-------------+
    |sbox_U  |expandKey_Pipeline_expandKeyLoop2_sbox_ROM_2P_AUTO_1R  |        1|  0|   0|    0|   256|    8|     1|         2048|
    +--------+-------------------------------------------------------+---------+---+----+-----+------+-----+------+-------------+
    |Total   |                                                       |        1|  0|   0|    0|   256|    8|     1|         2048|
    +--------+-------------------------------------------------------+---------+---+----+-----+------+-----+------+-------------+

    * FIFO: 
    N/A

    * Expression: 
    +------------------------+----------+----+---+----+------------+------------+
    |      Variable Name     | Operation| DSP| FF| LUT| Bitwidth P0| Bitwidth P1|
    +------------------------+----------+----+---+----+------------+------------+
    |xor_ln341_10_fu_863_p2  |       xor|   0|  0|   8|           8|           8|
    |xor_ln341_11_fu_955_p2  |       xor|   0|  0|   8|           8|           8|
    |xor_ln341_12_fu_729_p2  |       xor|   0|  0|   8|           8|           8|
    |xor_ln341_13_fu_794_p2  |       xor|   0|  0|   8|           8|           8|
    |xor_ln341_14_fu_886_p2  |       xor|   0|  0|   8|           8|           8|
    |xor_ln341_15_fu_978_p2  |       xor|   0|  0|   8|           8|           8|
    |xor_ln341_16_fu_630_p2  |       xor|   0|  0|   8|           8|           8|
    |xor_ln341_17_fu_635_p2  |       xor|   0|  0|   8|           8|           8|
    |xor_ln341_18_fu_639_p2  |       xor|   0|  0|   8|           8|           8|
    |xor_ln341_19_fu_693_p2  |       xor|   0|  0|   8|           8|           8|
    |xor_ln341_1_fu_708_p2   |       xor|   0|  0|   8|           8|           8|
    |xor_ln341_20_fu_697_p2  |       xor|   0|  0|   8|           8|           8|
    |xor_ln341_21_fu_702_p2  |       xor|   0|  0|   8|           8|           8|
    |xor_ln341_22_fu_800_p2  |       xor|   0|  0|   8|           8|           8|
    |xor_ln341_23_fu_805_p2  |       xor|   0|  0|   8|           8|           8|
    |xor_ln341_24_fu_811_p2  |       xor|   0|  0|   8|           8|           8|
    |xor_ln341_25_fu_892_p2  |       xor|   0|  0|   8|           8|           8|
    |xor_ln341_26_fu_897_p2  |       xor|   0|  0|   8|           8|           8|
    |xor_ln341_27_fu_903_p2  |       xor|   0|  0|   8|           8|           8|
    |xor_ln341_28_fu_651_p2  |       xor|   0|  0|   8|           8|           8|
    |xor_ln341_29_fu_655_p2  |       xor|   0|  0|   8|           8|           8|
    |xor_ln341_2_fu_817_p2   |       xor|   0|  0|   8|           8|           8|
    |xor_ln341_30_fu_660_p2  |       xor|   0|  0|   8|           8|           8|
    |xor_ln341_31_fu_735_p2  |       xor|   0|  0|   8|           8|           8|
    |xor_ln341_32_fu_739_p2  |       xor|   0|  0|   8|           8|           8|
    |xor_ln341_33_fu_744_p2  |       xor|   0|  0|   8|           8|           8|
    |xor_ln341_34_fu_823_p2  |       xor|   0|  0|   8|           8|           8|
    |xor_ln341_35_fu_828_p2  |       xor|   0|  0|   8|           8|           8|
    |xor_ln341_36_fu_834_p2  |       xor|   0|  0|   8|           8|           8|
    |xor_ln341_37_fu_915_p2  |       xor|   0|  0|   8|           8|           8|
    |xor_ln341_38_fu_920_p2  |       xor|   0|  0|   8|           8|           8|
    |xor_ln341_39_fu_926_p2  |       xor|   0|  0|   8|           8|           8|
    |xor_ln341_3_fu_909_p2   |       xor|   0|  0|   8|           8|           8|
    |xor_ln341_40_fu_672_p2  |       xor|   0|  0|   8|           8|           8|
    |xor_ln341_41_fu_676_p2  |       xor|   0|  0|   8|           8|           8|
    |xor_ln341_42_fu_681_p2  |       xor|   0|  0|   8|           8|           8|
    |xor_ln341_43_fu_755_p2  |       xor|   0|  0|   8|           8|           8|
    |xor_ln341_44_fu_760_p2  |       xor|   0|  0|   8|           8|           8|
    |xor_ln341_45_fu_766_p2  |       xor|   0|  0|   8|           8|           8|
    |xor_ln341_46_fu_846_p2  |       xor|   0|  0|   8|           8|           8|
    |xor_ln341_47_fu_851_p2  |       xor|   0|  0|   8|           8|           8|
    |xor_ln341_48_fu_857_p2  |       xor|   0|  0|   8|           8|           8|
    |xor_ln341_49_fu_938_p2  |       xor|   0|  0|   8|           8|           8|
    |xor_ln341_4_fu_666_p2   |       xor|   0|  0|   8|           8|           8|
    |xor_ln341_50_fu_943_p2  |       xor|   0|  0|   8|           8|           8|
    |xor_ln341_51_fu_949_p2  |       xor|   0|  0|   8|           8|           8|
    |xor_ln341_52_fu_714_p2  |       xor|   0|  0|   8|           8|           8|
    |xor_ln341_53_fu_718_p2  |       xor|   0|  0|   8|           8|           8|
    |xor_ln341_54_fu_724_p2  |       xor|   0|  0|   8|           8|           8|
    |xor_ln341_55_fu_777_p2  |       xor|   0|  0|   8|           8|           8|
    |xor_ln341_56_fu_782_p2  |       xor|   0|  0|   8|           8|           8|
    |xor_ln341_57_fu_788_p2  |       xor|   0|  0|   8|           8|           8|
    |xor_ln341_58_fu_869_p2  |       xor|   0|  0|   8|           8|           8|
    |xor_ln341_59_fu_874_p2  |       xor|   0|  0|   8|           8|           8|
    |xor_ln341_5_fu_749_p2   |       xor|   0|  0|   8|           8|           8|
    |xor_ln341_60_fu_880_p2  |       xor|   0|  0|   8|           8|           8|
    |xor_ln341_61_fu_961_p2  |       xor|   0|  0|   8|           8|           8|
    |xor_ln341_62_fu_966_p2  |       xor|   0|  0|   8|           8|           8|
    |xor_ln341_63_fu_972_p2  |       xor|   0|  0|   8|           8|           8|
    |xor_ln341_6_fu_840_p2   |       xor|   0|  0|   8|           8|           8|
    |xor_ln341_7_fu_932_p2   |       xor|   0|  0|   8|           8|           8|
    |xor_ln341_8_fu_687_p2   |       xor|   0|  0|   8|           8|           8|
    |xor_ln341_9_fu_771_p2   |       xor|   0|  0|   8|           8|           8|
    |xor_ln341_fu_645_p2     |       xor|   0|  0|   8|           8|           8|
    +------------------------+----------+----+---+----+------------+------------+
    |Total                   |          |   0|  0| 512|         512|         512|
    +------------------------+----------+----+---+----+------------+------------+

    * Multiplexer: 
    +------------------------------------+-----+-----------+-----+-----------+
    |                Name                | LUT | Input Size| Bits| Total Bits|
    +------------------------------------+-----+-----------+-----+-----------+
    |ap_NS_fsm                           |  130|         29|    1|         29|
    |grp_galois_multiplication_fu_497_a  |   65|         13|    8|        104|
    |grp_galois_multiplication_fu_497_b  |   20|          4|    4|         16|
    |grp_galois_multiplication_fu_504_a  |   65|         14|    8|        112|
    |grp_galois_multiplication_fu_504_b  |   20|          4|    4|         16|
    |reg_529                             |    9|          2|    8|         16|
    |roundKey_address0                   |   48|          9|    4|         36|
    |roundKey_address1                   |   48|          9|    4|         36|
    |sbox_address0                       |   48|          9|    8|         72|
    |sbox_address1                       |   48|          9|    8|         72|
    |state_address0                      |   81|         17|    4|         68|
    |state_address1                      |   81|         17|    4|         68|
    |state_d0                            |   48|          9|    8|         72|
    |state_d1                            |   48|          9|    8|         72|
    +------------------------------------+-----+-----------+-----+-----------+
    |Total                               |  759|        154|   81|        789|
    +------------------------------------+-----+-----------+-----+-----------+

    * Register: 
    +---------------------------+----+----+-----+-----------+
    |            Name           | FF | LUT| Bits| Const Bits|
    +---------------------------+----+----+-----+-----------+
    |ap_CS_fsm                  |  28|   0|   28|          0|
    |cpy_12_reg_1099            |   8|   0|    8|          0|
    |cpy_3_reg_1410             |   8|   0|    8|          0|
    |cpy_4_reg_1046             |   8|   0|    8|          0|
    |cpy_5_reg_1187             |   8|   0|    8|          0|
    |cpy_6_reg_1309             |   8|   0|    8|          0|
    |cpy_8_reg_1093             |   8|   0|    8|          0|
    |cpy_9_reg_1193             |   8|   0|    8|          0|
    |reg_515                    |   8|   0|    8|          0|
    |reg_521                    |   8|   0|    8|          0|
    |reg_525                    |   8|   0|    8|          0|
    |reg_529                    |   8|   0|    8|          0|
    |reg_536                    |   8|   0|    8|          0|
    |reg_540                    |   8|   0|    8|          0|
    |reg_544                    |   8|   0|    8|          0|
    |roundKey_load_10_reg_1289  |   8|   0|    8|          0|
    |roundKey_load_11_reg_1294  |   8|   0|    8|          0|
    |roundKey_load_12_reg_1347  |   8|   0|    8|          0|
    |roundKey_load_13_reg_1352  |   8|   0|    8|          0|
    |roundKey_load_14_reg_1400  |   8|   0|    8|          0|
    |roundKey_load_15_reg_1405  |   8|   0|    8|          0|
    |roundKey_load_1_reg_1031   |   8|   0|    8|          0|
    |roundKey_load_2_reg_1073   |   8|   0|    8|          0|
    |roundKey_load_3_reg_1078   |   8|   0|    8|          0|
    |roundKey_load_4_reg_1126   |   8|   0|    8|          0|
    |roundKey_load_5_reg_1131   |   8|   0|    8|          0|
    |roundKey_load_6_reg_1167   |   8|   0|    8|          0|
    |roundKey_load_7_reg_1172   |   8|   0|    8|          0|
    |roundKey_load_8_reg_1230   |   8|   0|    8|          0|
    |roundKey_load_9_reg_1235   |   8|   0|    8|          0|
    |roundKey_load_reg_1026     |   8|   0|    8|          0|
    |tmp_13_reg_1421            |   8|   0|    8|          0|
    |tmp_15_reg_1284            |   8|   0|    8|          0|
    |tmp_16_reg_1336            |   8|   0|    8|          0|
    |tmp_17_reg_1341            |   8|   0|    8|          0|
    |tmp_1_reg_1225             |   8|   0|    8|          0|
    |tmp_3_reg_1395             |   8|   0|    8|          0|
    |tmp_4_reg_1416             |   8|   0|    8|          0|
    |tmp_55_reg_1250            |   8|   0|    8|          0|
    |tmp_56_reg_1367            |   8|   0|    8|          0|
    |tmp_57_reg_1373            |   8|   0|    8|          0|
    |tmp_5_reg_1278             |   8|   0|    8|          0|
    |tmp_8_reg_1389             |   8|   0|    8|          0|
    |tmp_9_reg_1220             |   8|   0|    8|          0|
    |xor_ln341_10_reg_1477      |   8|   0|    8|          0|
    |xor_ln341_11_reg_1497      |   8|   0|    8|          0|
    |xor_ln341_12_reg_1447      |   8|   0|    8|          0|
    |xor_ln341_13_reg_1462      |   8|   0|    8|          0|
    |xor_ln341_14_reg_1482      |   8|   0|    8|          0|
    |xor_ln341_15_reg_1502      |   8|   0|    8|          0|
    |xor_ln341_1_reg_1442       |   8|   0|    8|          0|
    |xor_ln341_2_reg_1467       |   8|   0|    8|          0|
    |xor_ln341_3_reg_1487       |   8|   0|    8|          0|
    |xor_ln341_4_reg_1432       |   8|   0|    8|          0|
    |xor_ln341_5_reg_1452       |   8|   0|    8|          0|
    |xor_ln341_6_reg_1472       |   8|   0|    8|          0|
    |xor_ln341_7_reg_1492       |   8|   0|    8|          0|
    |xor_ln341_8_reg_1437       |   8|   0|    8|          0|
    |xor_ln341_9_reg_1457       |   8|   0|    8|          0|
    |xor_ln341_reg_1427         |   8|   0|    8|          0|
    +---------------------------+----+----+-----+-----------+
    |Total                      | 500|   0|  500|          0|
    +---------------------------+----+----+-----+-----------+



================================================================
== Interface
================================================================
* Summary: 
+-------------------+-----+-----+------------+--------------+--------------+
|     RTL Ports     | Dir | Bits|  Protocol  | Source Object|    C Type    |
+-------------------+-----+-----+------------+--------------+--------------+
|ap_clk             |   in|    1|  ap_ctrl_hs|     aes_round|  return value|
|ap_rst             |   in|    1|  ap_ctrl_hs|     aes_round|  return value|
|ap_start           |   in|    1|  ap_ctrl_hs|     aes_round|  return value|
|ap_done            |  out|    1|  ap_ctrl_hs|     aes_round|  return value|
|ap_idle            |  out|    1|  ap_ctrl_hs|     aes_round|  return value|
|ap_ready           |  out|    1|  ap_ctrl_hs|     aes_round|  return value|
|state_address0     |  out|    4|   ap_memory|         state|         array|
|state_ce0          |  out|    1|   ap_memory|         state|         array|
|state_we0          |  out|    1|   ap_memory|         state|         array|
|state_d0           |  out|    8|   ap_memory|         state|         array|
|state_q0           |   in|    8|   ap_memory|         state|         array|
|state_address1     |  out|    4|   ap_memory|         state|         array|
|state_ce1          |  out|    1|   ap_memory|         state|         array|
|state_we1          |  out|    1|   ap_memory|         state|         array|
|state_d1           |  out|    8|   ap_memory|         state|         array|
|state_q1           |   in|    8|   ap_memory|         state|         array|
|roundKey_address0  |  out|    4|   ap_memory|      roundKey|         array|
|roundKey_ce0       |  out|    1|   ap_memory|      roundKey|         array|
|roundKey_q0        |   in|    8|   ap_memory|      roundKey|         array|
|roundKey_address1  |  out|    4|   ap_memory|      roundKey|         array|
|roundKey_ce1       |  out|    1|   ap_memory|      roundKey|         array|
|roundKey_q1        |   in|    8|   ap_memory|      roundKey|         array|
+-------------------+-----+-----+------------+--------------+--------------+

