

================================================================
== Vitis HLS Report for 'expandKey'
================================================================
* Date:           Thu Apr 25 11:55:48 2024

* Version:        2022.1 (Build 3526262 on Mon Apr 18 15:48:16 MDT 2022)
* Project:        AES_PM
* Solution:       solution1 (Vivado IP Flow Target)
* Product family: zynq
* Target device:  xc7z020-clg400-1


================================================================
== Performance Estimates
================================================================
+ Timing: 
    * Summary: 
    +--------+----------+----------+------------+
    |  Clock |  Target  | Estimated| Uncertainty|
    +--------+----------+----------+------------+
    |ap_clk  |  10.00 ns|  7.164 ns|     2.70 ns|
    +--------+----------+----------+------------+

+ Latency: 
    * Summary: 
    +---------+---------+-----------+-----------+------+------+---------+
    |  Latency (cycles) |   Latency (absolute)  |   Interval  | Pipeline|
    |   min   |   max   |    min    |    max    |  min |  max |   Type  |
    +---------+---------+-----------+-----------+------+------+---------+
    |     1579|     2927|  15.790 us|  29.270 us|  1579|  2927|       no|
    +---------+---------+-----------+-----------+------+------+---------+

    + Detail: 
        * Instance: 
        +---------------------------------------------+-----------------------------------+---------+---------+-----------+-----------+------+------+---------+
        |                                             |                                   |  Latency (cycles) |   Latency (absolute)  |   Interval  | Pipeline|
        |                   Instance                  |               Module              |   min   |   max   |    min    |    max    |  min |  max |   Type  |
        +---------------------------------------------+-----------------------------------+---------+---------+-----------+-----------+------+------+---------+
        |grp_expandKey_Pipeline_expandKeyLoop1_fu_46  |expandKey_Pipeline_expandKeyLoop1  |        7|       11|  70.000 ns|   0.110 us|     7|    11|       no|
        |grp_expandKey_Pipeline_expandKeyLoop2_fu_60  |expandKey_Pipeline_expandKeyLoop2  |     1569|     2913|  15.690 us|  29.130 us|  1569|  2913|       no|
        +---------------------------------------------+-----------------------------------+---------+---------+-----------+-----------+------+------+---------+

        * Loop: 
        N/A



================================================================
== Utilization Estimates
================================================================
* Summary: 
+-----------------+---------+-----+--------+-------+-----+
|       Name      | BRAM_18K| DSP |   FF   |  LUT  | URAM|
+-----------------+---------+-----+--------+-------+-----+
|DSP              |        -|    -|       -|      -|    -|
|Expression       |        -|    -|       0|     10|    -|
|FIFO             |        -|    -|       -|      -|    -|
|Instance         |        2|    -|    3063|   3317|    -|
|Memory           |        -|    -|       -|      -|    -|
|Multiplexer      |        -|    -|       -|    211|    -|
|Register         |        -|    -|       7|      -|    -|
+-----------------+---------+-----+--------+-------+-----+
|Total            |        2|    0|    3070|   3538|    0|
+-----------------+---------+-----+--------+-------+-----+
|Available        |      280|  220|  106400|  53200|    0|
+-----------------+---------+-----+--------+-------+-----+
|Utilization (%)  |       ~0|    0|       2|      6|    0|
+-----------------+---------+-----+--------+-------+-----+

+ Detail: 
    * Instance: 
    +---------------------------------------------+-----------------------------------+---------+----+------+------+-----+
    |                   Instance                  |               Module              | BRAM_18K| DSP|  FF  |  LUT | URAM|
    +---------------------------------------------+-----------------------------------+---------+----+------+------+-----+
    |grp_expandKey_Pipeline_expandKeyLoop1_fu_46  |expandKey_Pipeline_expandKeyLoop1  |        0|   0|    86|   507|    0|
    |grp_expandKey_Pipeline_expandKeyLoop2_fu_60  |expandKey_Pipeline_expandKeyLoop2  |        2|   0|  2977|  2810|    0|
    +---------------------------------------------+-----------------------------------+---------+----+------+------+-----+
    |Total                                        |                                   |        2|   0|  3063|  3317|    0|
    +---------------------------------------------+-----------------------------------+---------+----+------+------+-----+

    * DSP: 
    N/A

    * Memory: 
    N/A

    * FIFO: 
    N/A

    * Expression: 
    +----------------+----------+----+---+----+------------+------------+
    |  Variable Name | Operation| DSP| FF| LUT| Bitwidth P0| Bitwidth P1|
    +----------------+----------+----+---+----+------------+------------+
    |cmp17_fu_78_p2  |      icmp|   0|  0|  10|           6|           7|
    +----------------+----------+----+---+----+------------+------------+
    |Total           |          |   0|  0|  10|           6|           7|
    +----------------+----------+----+---+----+------------+------------+

    * Multiplexer: 
    +------------------------+----+-----------+-----+-----------+
    |          Name          | LUT| Input Size| Bits| Total Bits|
    +------------------------+----+-----------+-----+-----------+
    |ap_NS_fsm               |  25|          5|    1|          5|
    |expandedKey_0_address0  |  14|          3|    7|         21|
    |expandedKey_0_address1  |  14|          3|    7|         21|
    |expandedKey_0_ce0       |  14|          3|    1|          3|
    |expandedKey_0_ce1       |  14|          3|    1|          3|
    |expandedKey_0_d0        |  14|          3|    8|         24|
    |expandedKey_0_we0       |  14|          3|    1|          3|
    |expandedKey_0_we1       |   9|          2|    1|          2|
    |expandedKey_1_address0  |  14|          3|    7|         21|
    |expandedKey_1_address1  |  14|          3|    7|         21|
    |expandedKey_1_ce0       |  14|          3|    1|          3|
    |expandedKey_1_ce1       |  14|          3|    1|          3|
    |expandedKey_1_d0        |  14|          3|    8|         24|
    |expandedKey_1_we0       |  14|          3|    1|          3|
    |expandedKey_1_we1       |   9|          2|    1|          2|
    +------------------------+----+-----------+-----+-----------+
    |Total                   | 211|         45|   53|        159|
    +------------------------+----+-----------+-----+-----------+

    * Register: 
    +----------------------------------------------------------+---+----+-----+-----------+
    |                           Name                           | FF| LUT| Bits| Const Bits|
    +----------------------------------------------------------+---+----+-----+-----------+
    |ap_CS_fsm                                                 |  4|   0|    4|          0|
    |cmp17_reg_103                                             |  1|   0|    1|          0|
    |grp_expandKey_Pipeline_expandKeyLoop1_fu_46_ap_start_reg  |  1|   0|    1|          0|
    |grp_expandKey_Pipeline_expandKeyLoop2_fu_60_ap_start_reg  |  1|   0|    1|          0|
    +----------------------------------------------------------+---+----+-----+-----------+
    |Total                                                     |  7|   0|    7|          0|
    +----------------------------------------------------------+---+----+-----+-----------+



================================================================
== Interface
================================================================
* Summary: 
+------------------------+-----+-----+------------+-----------------+--------------+
|        RTL Ports       | Dir | Bits|  Protocol  |  Source Object  |    C Type    |
+------------------------+-----+-----+------------+-----------------+--------------+
|ap_clk                  |   in|    1|  ap_ctrl_hs|        expandKey|  return value|
|ap_rst                  |   in|    1|  ap_ctrl_hs|        expandKey|  return value|
|ap_start                |   in|    1|  ap_ctrl_hs|        expandKey|  return value|
|ap_done                 |  out|    1|  ap_ctrl_hs|        expandKey|  return value|
|ap_idle                 |  out|    1|  ap_ctrl_hs|        expandKey|  return value|
|ap_ready                |  out|    1|  ap_ctrl_hs|        expandKey|  return value|
|expandedKey_0_address0  |  out|    7|   ap_memory|    expandedKey_0|         array|
|expandedKey_0_ce0       |  out|    1|   ap_memory|    expandedKey_0|         array|
|expandedKey_0_we0       |  out|    1|   ap_memory|    expandedKey_0|         array|
|expandedKey_0_d0        |  out|    8|   ap_memory|    expandedKey_0|         array|
|expandedKey_0_q0        |   in|    8|   ap_memory|    expandedKey_0|         array|
|expandedKey_0_address1  |  out|    7|   ap_memory|    expandedKey_0|         array|
|expandedKey_0_ce1       |  out|    1|   ap_memory|    expandedKey_0|         array|
|expandedKey_0_we1       |  out|    1|   ap_memory|    expandedKey_0|         array|
|expandedKey_0_d1        |  out|    8|   ap_memory|    expandedKey_0|         array|
|expandedKey_0_q1        |   in|    8|   ap_memory|    expandedKey_0|         array|
|expandedKey_1_address0  |  out|    7|   ap_memory|    expandedKey_1|         array|
|expandedKey_1_ce0       |  out|    1|   ap_memory|    expandedKey_1|         array|
|expandedKey_1_we0       |  out|    1|   ap_memory|    expandedKey_1|         array|
|expandedKey_1_d0        |  out|    8|   ap_memory|    expandedKey_1|         array|
|expandedKey_1_q0        |   in|    8|   ap_memory|    expandedKey_1|         array|
|expandedKey_1_address1  |  out|    7|   ap_memory|    expandedKey_1|         array|
|expandedKey_1_ce1       |  out|    1|   ap_memory|    expandedKey_1|         array|
|expandedKey_1_we1       |  out|    1|   ap_memory|    expandedKey_1|         array|
|expandedKey_1_d1        |  out|    8|   ap_memory|    expandedKey_1|         array|
|expandedKey_1_q1        |   in|    8|   ap_memory|    expandedKey_1|         array|
|key_array128_address0   |  out|   11|   ap_memory|     key_array128|         array|
|key_array128_ce0        |  out|    1|   ap_memory|     key_array128|         array|
|key_array128_q0         |   in|    8|   ap_memory|     key_array128|         array|
|key_array128_address1   |  out|   11|   ap_memory|     key_array128|         array|
|key_array128_ce1        |  out|    1|   ap_memory|     key_array128|         array|
|key_array128_q1         |   in|    8|   ap_memory|     key_array128|         array|
|key_array128_address2   |  out|   11|   ap_memory|     key_array128|         array|
|key_array128_ce2        |  out|    1|   ap_memory|     key_array128|         array|
|key_array128_q2         |   in|    8|   ap_memory|     key_array128|         array|
|key_array128_address3   |  out|   11|   ap_memory|     key_array128|         array|
|key_array128_ce3        |  out|    1|   ap_memory|     key_array128|         array|
|key_array128_q3         |   in|    8|   ap_memory|     key_array128|         array|
|key                     |   in|   11|     ap_none|              key|        scalar|
|size                    |   in|    6|     ap_none|             size|        scalar|
|expandedKeySize         |   in|    8|     ap_none|  expandedKeySize|        scalar|
+------------------------+-----+-----+------------+-----------------+--------------+

