

================================================================
== Vitis HLS Report for 'expandKey_Pipeline_expandKeyLoop2'
================================================================
* Date:           Thu Apr 25 11:55:47 2024

* Version:        2022.1 (Build 3526262 on Mon Apr 18 15:48:16 MDT 2022)
* Project:        AES_PM
* Solution:       solution1 (Vivado IP Flow Target)
* Product family: zynq
* Target device:  xc7z020-clg400-1


================================================================
== Performance Estimates
================================================================
+ Timing: 
    * Summary: 
    +--------+----------+----------+------------+
    |  Clock |  Target  | Estimated| Uncertainty|
    +--------+----------+----------+------------+
    |ap_clk  |  10.00 ns|  7.164 ns|     2.70 ns|
    +--------+----------+----------+------------+

+ Latency: 
    * Summary: 
    +---------+---------+-----------+-----------+------+------+---------+
    |  Latency (cycles) |   Latency (absolute)  |   Interval  | Pipeline|
    |   min   |   max   |    min    |    max    |  min |  max |   Type  |
    +---------+---------+-----------+-----------+------+------+---------+
    |     1569|     2913|  15.690 us|  29.130 us|  1569|  2913|       no|
    +---------+---------+-----------+-----------+------+------+---------+

    + Detail: 
        * Instance: 
        N/A

        * Loop: 
        +------------------+---------+---------+----------+-----------+-----------+-----------+----------+
        |                  |  Latency (cycles) | Iteration|  Initiation Interval  |    Trip   |          |
        |     Loop Name    |   min   |   max   |  Latency |  achieved |   target  |   Count   | Pipelined|
        +------------------+---------+---------+----------+-----------+-----------+-----------+----------+
        |- expandKeyLoop2  |     1567|     2911|        44|         12|         12|  128 ~ 240|       yes|
        +------------------+---------+---------+----------+-----------+-----------+-----------+----------+



================================================================
== Utilization Estimates
================================================================
* Summary: 
+-----------------+---------+-----+--------+-------+-----+
|       Name      | BRAM_18K| DSP |   FF   |  LUT  | URAM|
+-----------------+---------+-----+--------+-------+-----+
|DSP              |        -|    -|       -|      -|    -|
|Expression       |        -|    -|       0|    497|    -|
|FIFO             |        -|    -|       -|      -|    -|
|Instance         |        -|    -|    2283|   1792|    -|
|Memory           |        2|    -|       0|      0|    -|
|Multiplexer      |        -|    -|       -|    361|    -|
|Register         |        -|    -|     694|    160|    -|
+-----------------+---------+-----+--------+-------+-----+
|Total            |        2|    0|    2977|   2810|    0|
+-----------------+---------+-----+--------+-------+-----+
|Available        |      280|  220|  106400|  53200|    0|
+-----------------+---------+-----+--------+-------+-----+
|Utilization (%)  |       ~0|    0|       2|      5|    0|
+-----------------+---------+-----+--------+-------+-----+

+ Detail: 
    * Instance: 
    +--------------------------+----------------------+---------+----+------+------+-----+
    |         Instance         |        Module        | BRAM_18K| DSP|  FF  |  LUT | URAM|
    +--------------------------+----------------------+---------+----+------+------+-----+
    |mux_21_8_1_1_U36          |mux_21_8_1_1          |        0|   0|     0|     9|    0|
    |mux_21_8_1_1_U37          |mux_21_8_1_1          |        0|   0|     0|     9|    0|
    |mux_21_8_1_1_U38          |mux_21_8_1_1          |        0|   0|     0|     9|    0|
    |mux_21_8_1_1_U39          |mux_21_8_1_1          |        0|   0|     0|     9|    0|
    |mux_21_8_1_1_U40          |mux_21_8_1_1          |        0|   0|     0|     9|    0|
    |mux_21_8_1_1_U41          |mux_21_8_1_1          |        0|   0|     0|     9|    0|
    |srem_32ns_7ns_6_36_1_U35  |srem_32ns_7ns_6_36_1  |        0|   0|  2283|  1738|    0|
    +--------------------------+----------------------+---------+----+------+------+-----+
    |Total                     |                      |        0|   0|  2283|  1792|    0|
    +--------------------------+----------------------+---------+----+------+------+-----+

    * DSP: 
    N/A

    * Memory: 
    +--------+-------------------------------------------------------+---------+---+----+-----+------+-----+------+-------------+
    | Memory |                         Module                        | BRAM_18K| FF| LUT| URAM| Words| Bits| Banks| W*Bits*Banks|
    +--------+-------------------------------------------------------+---------+---+----+-----+------+-----+------+-------------+
    |Rcon_U  |expandKey_Pipeline_expandKeyLoop2_Rcon_ROM_2P_AUTO_1R  |        1|  0|   0|    0|   255|    8|     1|         2040|
    |sbox_U  |expandKey_Pipeline_expandKeyLoop2_sbox_ROM_2P_AUTO_1R  |        1|  0|   0|    0|   256|    8|     1|         2048|
    +--------+-------------------------------------------------------+---------+---+----+-----+------+-----+------+-------------+
    |Total   |                                                       |        2|  0|   0|    0|   511|   16|     2|         4088|
    +--------+-------------------------------------------------------+---------+---+----+-----+------+-----+------+-------------+

    * FIFO: 
    N/A

    * Expression: 
    +---------------------------+----------+----+---+----+------------+------------+
    |       Variable Name       | Operation| DSP| FF| LUT| Bitwidth P0| Bitwidth P1|
    +---------------------------+----------+----+---+----+------------+------------+
    |add_ln260_1_fu_601_p2      |         +|   0|  0|  15|           8|           3|
    |add_ln260_2_fu_622_p2      |         +|   0|  0|  15|           8|           2|
    |add_ln260_fu_562_p2        |         +|   0|  0|  15|           8|           3|
    |add_ln290_1_fu_869_p2      |         +|   0|  0|  15|           8|           2|
    |add_ln290_2_fu_916_p2      |         +|   0|  0|  15|           8|           2|
    |add_ln290_3_fu_518_p2      |         +|   0|  0|  71|          64|           3|
    |add_ln290_fu_809_p2        |         +|   0|  0|  15|           8|           1|
    |empty_fu_541_p2            |         +|   0|  0|  15|           8|           4|
    |rconIteration_2_fu_710_p2  |         +|   0|  0|  39|          32|           1|
    |sub_ln272_1_fu_475_p2      |         -|   0|  0|  14|           1|           6|
    |sub_ln272_fu_461_p2        |         -|   0|  0|  13|           1|           5|
    |sub_ln289_1_fu_814_p2      |         -|   0|  0|  15|           8|           8|
    |sub_ln289_2_fu_874_p2      |         -|   0|  0|  15|           8|           8|
    |sub_ln289_3_fu_921_p2      |         -|   0|  0|  15|           8|           8|
    |sub_ln289_fu_681_p2        |         -|   0|  0|  15|           8|           8|
    |and_ln272_fu_503_p2        |       and|   0|  0|   2|           1|           1|
    |icmp_ln249_fu_427_p2       |      icmp|   0|  0|  29|          64|          64|
    |icmp_ln266_fu_704_p2       |      icmp|   0|  0|  10|           6|           1|
    |icmp_ln272_fu_497_p2       |      icmp|   0|  0|  10|           6|           5|
    |rconIteration_fu_746_p3    |    select|   0|  0|  32|           1|          32|
    |select_ln266_1_fu_725_p3   |    select|   0|  0|   8|           1|           8|
    |select_ln266_2_fu_732_p3   |    select|   0|  0|   8|           1|           8|
    |select_ln266_3_fu_739_p3   |    select|   0|  0|   8|           1|           8|
    |select_ln266_fu_719_p3     |    select|   0|  0|   8|           1|           8|
    |select_ln272_1_fu_803_p3   |    select|   0|  0|   8|           1|           8|
    |select_ln272_2_fu_773_p3   |    select|   0|  0|   8|           1|           8|
    |select_ln272_3_fu_779_p3   |    select|   0|  0|   8|           1|           8|
    |select_ln272_4_fu_489_p3   |    select|   0|  0|   6|           1|           6|
    |select_ln272_fu_797_p3     |    select|   0|  0|   8|           1|           8|
    |ap_enable_pp0              |       xor|   0|  0|   2|           1|           2|
    |xor_ln217_fu_715_p2        |       xor|   0|  0|   8|           8|           8|
    |xor_ln289_1_fu_857_p2      |       xor|   0|  0|   8|           8|           8|
    |xor_ln289_2_fu_904_p2      |       xor|   0|  0|   8|           8|           8|
    |xor_ln289_3_fu_964_p2      |       xor|   0|  0|   8|           8|           8|
    |xor_ln289_fu_785_p2        |       xor|   0|  0|   8|           8|           8|
    +---------------------------+----------+----+---+----+------------+------------+
    |Total                      |          |   0|  0| 497|         314|         279|
    +---------------------------+----------+----+---+----+------------+------------+

    * Multiplexer: 
    +----------------------------------+----+-----------+-----+-----------+
    |               Name               | LUT| Input Size| Bits| Total Bits|
    +----------------------------------+----+-----------+-----+-----------+
    |ap_NS_fsm                         |  65|         13|    1|         13|
    |ap_done_int                       |   9|          2|    1|          2|
    |ap_enable_reg_pp0_iter0           |   9|          2|    1|          2|
    |ap_enable_reg_pp0_iter1           |   9|          2|    1|          2|
    |ap_enable_reg_pp0_iter3           |   9|          2|    1|          2|
    |ap_loop_exit_ready_pp0_iter1_reg  |   9|          2|    1|          2|
    |ap_loop_exit_ready_pp0_iter2_reg  |   9|          2|    1|          2|
    |currentSize_fu_100                |   9|          2|   64|        128|
    |expandedKey_0_address0            |  42|          8|    7|         56|
    |expandedKey_0_address1            |  20|          4|    7|         28|
    |expandedKey_0_d0                  |  25|          5|    8|         40|
    |expandedKey_1_address0            |  48|          9|    7|         63|
    |expandedKey_1_address1            |  14|          3|    7|         21|
    |expandedKey_1_d0                  |  25|          5|    8|         40|
    |rconIteration_1_fu_96             |   9|          2|   32|         64|
    |sbox_address0                     |  25|          5|    8|         40|
    |sbox_address1                     |  25|          5|    8|         40|
    +----------------------------------+----+-----------+-----+-----------+
    |Total                             | 361|         73|  163|        545|
    +----------------------------------+----+-----------+-----+-----------+

    * Register: 
    +------------------------------------+----+----+-----+-----------+
    |                Name                | FF | LUT| Bits| Const Bits|
    +------------------------------------+----+----+-----+-----------+
    |Rcon_load_reg_1066                  |   8|   0|    8|          0|
    |and_ln272_reg_1042                  |   1|   0|    1|          0|
    |ap_CS_fsm                           |  12|   0|   12|          0|
    |ap_done_reg                         |   1|   0|    1|          0|
    |ap_enable_reg_pp0_iter0_reg         |   1|   0|    1|          0|
    |ap_enable_reg_pp0_iter1             |   1|   0|    1|          0|
    |ap_enable_reg_pp0_iter2             |   1|   0|    1|          0|
    |ap_enable_reg_pp0_iter3             |   1|   0|    1|          0|
    |ap_loop_exit_ready_pp0_iter1_reg    |   1|   0|    1|          0|
    |ap_loop_exit_ready_pp0_iter2_reg    |   1|   0|    1|          0|
    |currentSize_fu_100                  |  64|   0|   64|          0|
    |expandedKeySize_cast_cast_reg_1008  |   8|   0|   64|         56|
    |expandedKey_0_load_4_reg_1195       |   8|   0|    8|          0|
    |icmp_ln249_reg_1013                 |   1|   0|    1|          0|
    |lshr_ln289_1_reg_1050               |   7|   0|    7|          0|
    |lshr_ln289_3_reg_1245               |   7|   0|    7|          0|
    |lshr_ln289_5_reg_1255               |   7|   0|    7|          0|
    |lshr_ln289_7_reg_1270               |   7|   0|    7|          0|
    |num_assign_1_reg_1131               |   8|   0|    8|          0|
    |num_assign_2_reg_1136               |   8|   0|    8|          0|
    |num_assign_3_reg_1091               |   8|   0|    8|          0|
    |num_assign_reg_1096                 |   8|   0|    8|          0|
    |rconIteration_1_fu_96               |  32|   0|   32|          0|
    |rconIteration_1_load_reg_1055       |  32|   0|   32|          0|
    |rconIteration_reg_1190              |  32|   0|   32|          0|
    |sbox_load_3_reg_1156                |   8|   0|    8|          0|
    |sbox_load_reg_1141                  |   8|   0|    8|          0|
    |select_ln266_1_reg_1172             |   8|   0|    8|          0|
    |select_ln266_2_reg_1178             |   8|   0|    8|          0|
    |select_ln266_3_reg_1184             |   8|   0|    8|          0|
    |select_ln266_reg_1166               |   8|   0|    8|          0|
    |select_ln272_1_reg_1230             |   8|   0|    8|          0|
    |select_ln272_2_reg_1220             |   8|   0|    8|          0|
    |select_ln272_reg_1225               |   8|   0|    8|          0|
    |size_cast7_cast_reg_995             |   6|   0|   32|         26|
    |sub_ln289_1_reg_1235                |   8|   0|    8|          0|
    |sub_ln289_3_reg_1260                |   8|   0|    8|          0|
    |trunc_ln233_1_reg_1025              |   8|   0|    8|          0|
    |trunc_ln233_reg_1017                |   1|   0|    1|          0|
    |zext_ln241_1_cast_reg_1000          |   6|   0|    8|          2|
    |and_ln272_reg_1042                  |  64|  32|    1|          0|
    |icmp_ln249_reg_1013                 |  64|  32|    1|          0|
    |lshr_ln289_1_reg_1050               |  64|  32|    7|          0|
    |trunc_ln233_1_reg_1025              |  64|  32|    8|          0|
    |trunc_ln233_reg_1017                |  64|  32|    1|          0|
    +------------------------------------+----+----+-----+-----------+
    |Total                               | 694| 160|  476|         84|
    +------------------------------------+----+----+-----+-----------+



================================================================
== Interface
================================================================
* Summary: 
+------------------------+-----+-----+------------+-----------------------------------+--------------+
|        RTL Ports       | Dir | Bits|  Protocol  |           Source Object           |    C Type    |
+------------------------+-----+-----+------------+-----------------------------------+--------------+
|ap_clk                  |   in|    1|  ap_ctrl_hs|  expandKey_Pipeline_expandKeyLoop2|  return value|
|ap_rst                  |   in|    1|  ap_ctrl_hs|  expandKey_Pipeline_expandKeyLoop2|  return value|
|ap_start                |   in|    1|  ap_ctrl_hs|  expandKey_Pipeline_expandKeyLoop2|  return value|
|ap_done                 |  out|    1|  ap_ctrl_hs|  expandKey_Pipeline_expandKeyLoop2|  return value|
|ap_idle                 |  out|    1|  ap_ctrl_hs|  expandKey_Pipeline_expandKeyLoop2|  return value|
|ap_ready                |  out|    1|  ap_ctrl_hs|  expandKey_Pipeline_expandKeyLoop2|  return value|
|zext_ln241              |   in|    6|     ap_none|                         zext_ln241|        scalar|
|expandedKey_1_address0  |  out|    7|   ap_memory|                      expandedKey_1|         array|
|expandedKey_1_ce0       |  out|    1|   ap_memory|                      expandedKey_1|         array|
|expandedKey_1_we0       |  out|    1|   ap_memory|                      expandedKey_1|         array|
|expandedKey_1_d0        |  out|    8|   ap_memory|                      expandedKey_1|         array|
|expandedKey_1_q0        |   in|    8|   ap_memory|                      expandedKey_1|         array|
|expandedKey_1_address1  |  out|    7|   ap_memory|                      expandedKey_1|         array|
|expandedKey_1_ce1       |  out|    1|   ap_memory|                      expandedKey_1|         array|
|expandedKey_1_q1        |   in|    8|   ap_memory|                      expandedKey_1|         array|
|expandedKey_0_address0  |  out|    7|   ap_memory|                      expandedKey_0|         array|
|expandedKey_0_ce0       |  out|    1|   ap_memory|                      expandedKey_0|         array|
|expandedKey_0_we0       |  out|    1|   ap_memory|                      expandedKey_0|         array|
|expandedKey_0_d0        |  out|    8|   ap_memory|                      expandedKey_0|         array|
|expandedKey_0_q0        |   in|    8|   ap_memory|                      expandedKey_0|         array|
|expandedKey_0_address1  |  out|    7|   ap_memory|                      expandedKey_0|         array|
|expandedKey_0_ce1       |  out|    1|   ap_memory|                      expandedKey_0|         array|
|expandedKey_0_q1        |   in|    8|   ap_memory|                      expandedKey_0|         array|
|expandedKeySize_cast    |   in|    8|     ap_none|               expandedKeySize_cast|        scalar|
|zext_ln241_1            |   in|    6|     ap_none|                       zext_ln241_1|        scalar|
|size_cast7              |   in|    6|     ap_none|                         size_cast7|        scalar|
|cmp17                   |   in|    1|     ap_none|                              cmp17|        scalar|
+------------------------+-----+-----+------------+-----------------------------------+--------------+

