

================================================================
== Vitis HLS Report for 'galois_multiplication'
================================================================
* Date:           Thu Apr 25 11:55:48 2024

* Version:        2022.1 (Build 3526262 on Mon Apr 18 15:48:16 MDT 2022)
* Project:        AES_PM
* Solution:       solution1 (Vivado IP Flow Target)
* Product family: zynq
* Target device:  xc7z020-clg400-1


================================================================
== Performance Estimates
================================================================
+ Timing: 
    * Summary: 
    +--------+----------+----------+------------+
    |  Clock |  Target  | Estimated| Uncertainty|
    +--------+----------+----------+------------+
    |ap_clk  |  10.00 ns|  4.992 ns|     2.70 ns|
    +--------+----------+----------+------------+

+ Latency: 
    * Summary: 
    +---------+---------+----------+----------+-----+-----+---------+
    |  Latency (cycles) |  Latency (absolute) |  Interval | Pipeline|
    |   min   |   max   |    min   |    max   | min | max |   Type  |
    +---------+---------+----------+----------+-----+-----+---------+
    |        0|        0|      0 ns|      0 ns|    1|    1|      yes|
    +---------+---------+----------+----------+-----+-----+---------+

    + Detail: 
        * Instance: 
        N/A

        * Loop: 
        N/A



================================================================
== Utilization Estimates
================================================================
* Summary: 
+-----------------+---------+-----+--------+-------+-----+
|       Name      | BRAM_18K| DSP |   FF   |  LUT  | URAM|
+-----------------+---------+-----+--------+-------+-----+
|DSP              |        -|    -|       -|      -|    -|
|Expression       |        -|    -|       0|    104|    -|
|FIFO             |        -|    -|       -|      -|    -|
|Instance         |        -|    -|       -|      -|    -|
|Memory           |        -|    -|       -|      -|    -|
|Multiplexer      |        -|    -|       -|      -|    -|
|Register         |        -|    -|       -|      -|    -|
+-----------------+---------+-----+--------+-------+-----+
|Total            |        0|    0|       0|    104|    0|
+-----------------+---------+-----+--------+-------+-----+
|Available        |      280|  220|  106400|  53200|    0|
+-----------------+---------+-----+--------+-------+-----+
|Utilization (%)  |        0|    0|       0|     ~0|    0|
+-----------------+---------+-----+--------+-------+-----+

+ Detail: 
    * Instance: 
    N/A

    * DSP: 
    N/A

    * Memory: 
    N/A

    * FIFO: 
    N/A

    * Expression: 
    +--------------------------+----------+----+---+----+------------+------------+
    |       Variable Name      | Operation| DSP| FF| LUT| Bitwidth P0| Bitwidth P1|
    +--------------------------+----------+----+---+----+------------+------------+
    |p_fu_42_p3                |    select|   0|  0|   8|           1|           8|
    |select_ln353_1_fu_130_p3  |    select|   0|  0|   8|           1|           8|
    |select_ln353_2_fu_174_p3  |    select|   0|  0|   8|           1|           8|
    |select_ln353_fu_86_p3     |    select|   0|  0|   8|           1|           8|
    |select_ln357_1_fu_114_p3  |    select|   0|  0|   8|           1|           8|
    |select_ln357_2_fu_158_p3  |    select|   0|  0|   8|           1|           8|
    |select_ln357_fu_70_p3     |    select|   0|  0|   8|           1|           8|
    |ap_return                 |       xor|   0|  0|   8|           8|           8|
    |xor_ln353_1_fu_188_p2     |       xor|   0|  0|   8|           8|           8|
    |xor_ln353_fu_182_p2       |       xor|   0|  0|   8|           8|           8|
    |xor_ln358_1_fu_108_p2     |       xor|   0|  0|   8|           8|           5|
    |xor_ln358_2_fu_152_p2     |       xor|   0|  0|   8|           8|           5|
    |xor_ln358_fu_64_p2        |       xor|   0|  0|   8|           8|           5|
    +--------------------------+----------+----+---+----+------------+------------+
    |Total                     |          |   0|  0| 104|          55|          95|
    +--------------------------+----------+----+---+----+------------+------------+

    * Multiplexer: 
    N/A

    * Register: 
    N/A



================================================================
== Interface
================================================================
* Summary: 
+-----------+-----+-----+------------+-----------------------+--------------+
| RTL Ports | Dir | Bits|  Protocol  |     Source Object     |    C Type    |
+-----------+-----+-----+------------+-----------------------+--------------+
|ap_ready   |  out|    1|  ap_ctrl_hs|  galois_multiplication|  return value|
|ap_return  |  out|    8|  ap_ctrl_hs|  galois_multiplication|  return value|
|a          |   in|    8|     ap_none|                      a|        scalar|
|b          |   in|    4|     ap_none|                      b|        scalar|
+-----------+-----+-----+------------+-----------------------+--------------+

