INFO: [SIM 2] *************** CSIM start ***************
INFO: [SIM 4] CSIM will launch GCC as the compiler.
   Compiling ../../../../AES_AXIS_HLS/vitis/vitis_test/aes_axis_test.cpp in debug mode
   Compiling ../../../../AES_AXIS_HLS/vitis/vitis_source/aes_axis.cpp in debug mode
   Generating csim.exe
Makefile.rules:392: recipe for target 'csim.exe' failed
In file included from C:/Xilinx/Vitis_HLS/2022.1/include/floating_point_v7_0_bitacc_cmodel.h:144:0,
                 from C:/Xilinx/Vitis_HLS/2022.1/include/hls_fpo.h:189,
                 from C:/Xilinx/Vitis_HLS/2022.1/include/hls_half_fpo.h:64,
                 from C:/Xilinx/Vitis_HLS/2022.1/include/hls_half.h:71,
                 from C:/Xilinx/Vitis_HLS/2022.1/include/etc/ap_private.h:98,
                 from C:/Xilinx/Vitis_HLS/2022.1/include/ap_common.h:710,
                 from C:/Xilinx/Vitis_HLS/2022.1/include/ap_int.h:56,
                 from C:/Xilinx/Vitis_HLS/2022.1/include/ap_axi_sdata.h:88,
                 from ../../../../AES_AXIS_HLS/vitis/vitis_test/aes_axis_test.cpp:2:
C:/Xilinx/Vitis_HLS/2022.1/include/gmp.h:63:0: warning: "__GMP_LIBGMP_DLL" redefined
 #define __GMP_LIBGMP_DLL  0
 
In file included from C:/Xilinx/Vitis_HLS/2022.1/include/hls_fpo.h:189:0,
                 from C:/Xilinx/Vitis_HLS/2022.1/include/hls_half_fpo.h:64,
                 from C:/Xilinx/Vitis_HLS/2022.1/include/hls_half.h:71,
                 from C:/Xilinx/Vitis_HLS/2022.1/include/etc/ap_private.h:98,
                 from C:/Xilinx/Vitis_HLS/2022.1/include/ap_common.h:710,
                 from C:/Xilinx/Vitis_HLS/2022.1/include/ap_int.h:56,
                 from C:/Xilinx/Vitis_HLS/2022.1/include/ap_axi_sdata.h:88,
                 from ../../../../AES_AXIS_HLS/vitis/vitis_test/aes_axis_test.cpp:2:
C:/Xilinx/Vitis_HLS/2022.1/include/floating_point_v7_0_bitacc_cmodel.h:136:0: note: this is the location of the previous definition
 #define __GMP_LIBGMP_DLL 1
 
In file included from C:/Xilinx/Vitis_HLS/2022.1/include/floating_point_v7_0_bitacc_cmodel.h:144:0,
                 from C:/Xilinx/Vitis_HLS/2022.1/include/hls_fpo.h:189,
                 from C:/Xilinx/Vitis_HLS/2022.1/include/hls_half_fpo.h:64,
                 from C:/Xilinx/Vitis_HLS/2022.1/include/hls_half.h:71,
                 from C:/Xilinx/Vitis_HLS/2022.1/include/etc/ap_private.h:98,
                 from C:/Xilinx/Vitis_HLS/2022.1/include/ap_common.h:710,
                 from C:/Xilinx/Vitis_HLS/2022.1/include/ap_int.h:56,
                 from C:/Xilinx/Vitis_HLS/2022.1/include/ap_axi_sdata.h:88,
                 from ../../../../AES_AXIS_HLS/vitis/vitis_source/aes_axis.cpp:1:
C:/Xilinx/Vitis_HLS/2022.1/include/gmp.h:63:0: warning: "__GMP_LIBGMP_DLL" redefined
 #define __GMP_LIBGMP_DLL  0
 
In file included from C:/Xilinx/Vitis_HLS/2022.1/include/hls_fpo.h:189:0,
                 from C:/Xilinx/Vitis_HLS/2022.1/include/hls_half_fpo.h:64,
                 from C:/Xilinx/Vitis_HLS/2022.1/include/hls_half.h:71,
                 from C:/Xilinx/Vitis_HLS/2022.1/include/etc/ap_private.h:98,
                 from C:/Xilinx/Vitis_HLS/2022.1/include/ap_common.h:710,
                 from C:/Xilinx/Vitis_HLS/2022.1/include/ap_int.h:56,
                 from C:/Xilinx/Vitis_HLS/2022.1/include/ap_axi_sdata.h:88,
                 from ../../../../AES_AXIS_HLS/vitis/vitis_source/aes_axis.cpp:1:
C:/Xilinx/Vitis_HLS/2022.1/include/floating_point_v7_0_bitacc_cmodel.h:136:0: note: this is the location of the previous definition
 #define __GMP_LIBGMP_DLL 1
 
obj/aes_axis_test.o: In function `main':
Z:\Users\hiqbal\AES_Power_Monitor\solution1\csim\build/../../../../AES_AXIS_HLS/vitis/vitis_test/aes_axis_test.cpp:98: undefined reference to `aes(hls::stream<hls::axis<ap_int<8>, 1ull, 1ull, 1ull>, 0>&, hls::stream<hls::axis<ap_int<8>, 1ull, 1ull, 1ull>, 0>&, int)'
collect2.exe: error: ld returned 1 exit status
make: *** [csim.exe] Error 1
ERR: [SIM 100] 'csim_design' failed: compilation error(s).
INFO: [SIM 3] *************** CSIM finish ***************
