

================================================================
== Vitis HLS Report for 'aes_main_Pipeline_VITIS_LOOP_398_1_VITIS_LOOP_401_2'
================================================================
* Date:           Wed Apr 17 16:01:47 2024

* Version:        2022.1 (Build 3526262 on Mon Apr 18 15:48:16 MDT 2022)
* Project:        AES_Power_Monitor
* Solution:       solution1 (Vivado IP Flow Target)
* Product family: zynq
* Target device:  xc7z020-clg400-1


================================================================
== Performance Estimates
================================================================
+ Timing: 
    * Summary: 
    +--------+----------+----------+------------+
    |  Clock |  Target  | Estimated| Uncertainty|
    +--------+----------+----------+------------+
    |ap_clk  |  10.00 ns|  5.576 ns|     2.70 ns|
    +--------+----------+----------+------------+

+ Latency: 
    * Summary: 
    +---------+---------+----------+----------+-----+-----+---------+
    |  Latency (cycles) |  Latency (absolute) |  Interval | Pipeline|
    |   min   |   max   |    min   |    max   | min | max |   Type  |
    +---------+---------+----------+----------+-----+-----+---------+
    |       19|       19|  0.190 us|  0.190 us|   19|   19|       no|
    +---------+---------+----------+----------+-----+-----+---------+

    + Detail: 
        * Instance: 
        N/A

        * Loop: 
        +-------------------------------------+---------+---------+----------+-----------+-----------+------+----------+
        |                                     |  Latency (cycles) | Iteration|  Initiation Interval  | Trip |          |
        |              Loop Name              |   min   |   max   |  Latency |  achieved |   target  | Count| Pipelined|
        +-------------------------------------+---------+---------+----------+-----------+-----------+------+----------+
        |- VITIS_LOOP_398_1_VITIS_LOOP_401_2  |       17|       17|         3|          1|          1|    16|       yes|
        +-------------------------------------+---------+---------+----------+-----------+-----------+------+----------+

============================================================
+ Verbose Summary: Synthesis Manager
============================================================
InlineROM: 1
ExposeGlobal: 0
============================================================
+ Verbose Summary: CDFG Model
============================================================
IsTopModel: 0
ResetActiveHigh: 1
IsCombinational: 0
IsDatapathOnly: 0
HasWiredReturn: 1
HasMFsm: 2
HasVarLatency: 1
IsPipeline: 0
IsRtlPipelined: 0
IsInstanceOverlapped: 0
IsDontTouch: 0
HasImplIP: 0
IsGatedGlobalClock: 0

+ Individual pipeline summary: 
  * Pipeline-0: initiation interval (II) = 1, depth = 3


============================================================
+ Verbose Summary: Schedule
============================================================
* Number of FSM states : 3
* Pipeline : 1
  Pipeline-0 : II = 1, D = 3, States = { 1 2 3 }
* Dataflow Pipeline: 0

* FSM state transitions: 
1 --> 2 
2 --> 3 
3 --> 

* FSM state operations: 

State 1 <SV = 0> <Delay = 5.34>
ST_1 : Operation 6 [1/1] (0.00ns)   --->   "%j = alloca i32 1"   --->   Operation 6 'alloca' 'j' <Predicate = true> <Delay = 0.00>
ST_1 : Operation 7 [1/1] (0.00ns)   --->   "%i = alloca i32 1"   --->   Operation 7 'alloca' 'i' <Predicate = true> <Delay = 0.00>
ST_1 : Operation 8 [1/1] (0.00ns)   --->   "%indvar_flatten = alloca i32 1"   --->   Operation 8 'alloca' 'indvar_flatten' <Predicate = true> <Delay = 0.00>
ST_1 : Operation 9 [1/1] (1.58ns)   --->   "%store_ln0 = store i5 0, i5 %indvar_flatten"   --->   Operation 9 'store' 'store_ln0' <Predicate = true> <Delay = 1.58>
ST_1 : Operation 10 [1/1] (1.58ns)   --->   "%store_ln0 = store i3 0, i3 %i"   --->   Operation 10 'store' 'store_ln0' <Predicate = true> <Delay = 1.58>
ST_1 : Operation 11 [1/1] (1.58ns)   --->   "%store_ln0 = store i3 0, i3 %j"   --->   Operation 11 'store' 'store_ln0' <Predicate = true> <Delay = 1.58>
ST_1 : Operation 12 [1/1] (0.00ns)   --->   "%br_ln0 = br void %for.inc.i"   --->   Operation 12 'br' 'br_ln0' <Predicate = true> <Delay = 0.00>
ST_1 : Operation 13 [1/1] (0.00ns)   --->   "%indvar_flatten_load = load i5 %indvar_flatten" [AES_AXIS_HLS/vitis/vitis_source/aes_axis.cpp:398]   --->   Operation 13 'load' 'indvar_flatten_load' <Predicate = true> <Delay = 0.00>
ST_1 : Operation 14 [1/1] (0.00ns)   --->   "%specpipeline_ln0 = specpipeline void @_ssdm_op_SpecPipeline, i32 4294967295, i32 0, i32 1, i32 0, void @p_str"   --->   Operation 14 'specpipeline' 'specpipeline_ln0' <Predicate = true> <Delay = 0.00>
ST_1 : Operation 15 [1/1] (1.36ns)   --->   "%icmp_ln398 = icmp_eq  i5 %indvar_flatten_load, i5 16" [AES_AXIS_HLS/vitis/vitis_source/aes_axis.cpp:398]   --->   Operation 15 'icmp' 'icmp_ln398' <Predicate = true> <Delay = 1.36> <CoreInst = "Cmp">   --->   Core 9 'Cmp' <Latency = 0> <II = 1> <Delay = 1.36> <FuncUnit> <Opcode : 'icmp'> <InPorts = 2> <OutPorts = 1>
ST_1 : Operation 16 [1/1] (1.78ns)   --->   "%add_ln398 = add i5 %indvar_flatten_load, i5 1" [AES_AXIS_HLS/vitis/vitis_source/aes_axis.cpp:398]   --->   Operation 16 'add' 'add_ln398' <Predicate = true> <Delay = 1.78> <CoreInst = "Adder">   --->   Core 1 'Adder' <Latency = 0> <II = 1> <Delay = 1.78> <FuncUnit> <Opcode : 'add' 'sub'> <InPorts = 2> <OutPorts = 1>
ST_1 : Operation 17 [1/1] (0.00ns)   --->   "%br_ln398 = br i1 %icmp_ln398, void %for.inc8.i, void %for.inc.i7.preheader.exitStub" [AES_AXIS_HLS/vitis/vitis_source/aes_axis.cpp:398]   --->   Operation 17 'br' 'br_ln398' <Predicate = true> <Delay = 0.00>
ST_1 : Operation 18 [1/1] (0.00ns)   --->   "%j_load = load i3 %j" [AES_AXIS_HLS/vitis/vitis_source/aes_axis.cpp:401]   --->   Operation 18 'load' 'j_load' <Predicate = (!icmp_ln398)> <Delay = 0.00>
ST_1 : Operation 19 [1/1] (0.00ns)   --->   "%i_load = load i3 %i" [AES_AXIS_HLS/vitis/vitis_source/aes_axis.cpp:398]   --->   Operation 19 'load' 'i_load' <Predicate = (!icmp_ln398)> <Delay = 0.00>
ST_1 : Operation 20 [1/1] (1.13ns)   --->   "%icmp_ln401 = icmp_eq  i3 %j_load, i3 4" [AES_AXIS_HLS/vitis/vitis_source/aes_axis.cpp:401]   --->   Operation 20 'icmp' 'icmp_ln401' <Predicate = (!icmp_ln398)> <Delay = 1.13> <CoreInst = "Cmp">   --->   Core 9 'Cmp' <Latency = 0> <II = 1> <Delay = 1.13> <FuncUnit> <Opcode : 'icmp'> <InPorts = 2> <OutPorts = 1>
ST_1 : Operation 21 [1/1] (0.98ns)   --->   "%select_ln398 = select i1 %icmp_ln401, i3 0, i3 %j_load" [AES_AXIS_HLS/vitis/vitis_source/aes_axis.cpp:398]   --->   Operation 21 'select' 'select_ln398' <Predicate = (!icmp_ln398)> <Delay = 0.98> <CoreInst = "Sel">   --->   Core 73 'Sel' <Latency = 0> <II = 1> <Delay = 0.98> <FuncUnit> <Opcode : 'select'> <InPorts = 3> <OutPorts = 1>
ST_1 : Operation 22 [1/1] (1.65ns)   --->   "%add_ln398_2 = add i3 %i_load, i3 1" [AES_AXIS_HLS/vitis/vitis_source/aes_axis.cpp:398]   --->   Operation 22 'add' 'add_ln398_2' <Predicate = (!icmp_ln398)> <Delay = 1.65> <CoreInst = "Adder">   --->   Core 1 'Adder' <Latency = 0> <II = 1> <Delay = 1.65> <FuncUnit> <Opcode : 'add' 'sub'> <InPorts = 2> <OutPorts = 1>
ST_1 : Operation 23 [1/1] (0.98ns)   --->   "%select_ln398_1 = select i1 %icmp_ln401, i3 %add_ln398_2, i3 %i_load" [AES_AXIS_HLS/vitis/vitis_source/aes_axis.cpp:398]   --->   Operation 23 'select' 'select_ln398_1' <Predicate = (!icmp_ln398)> <Delay = 0.98> <CoreInst = "Sel">   --->   Core 73 'Sel' <Latency = 0> <II = 1> <Delay = 0.98> <FuncUnit> <Opcode : 'select'> <InPorts = 3> <OutPorts = 1>
ST_1 : Operation 24 [1/1] (0.00ns)   --->   "%trunc_ln398 = trunc i3 %select_ln398_1" [AES_AXIS_HLS/vitis/vitis_source/aes_axis.cpp:398]   --->   Operation 24 'trunc' 'trunc_ln398' <Predicate = (!icmp_ln398)> <Delay = 0.00>
ST_1 : Operation 25 [1/1] (0.00ns)   --->   "%trunc_ln402 = trunc i3 %select_ln398" [AES_AXIS_HLS/vitis/vitis_source/aes_axis.cpp:402]   --->   Operation 25 'trunc' 'trunc_ln402' <Predicate = (!icmp_ln398)> <Delay = 0.00>
ST_1 : Operation 26 [1/1] (1.65ns)   --->   "%add_ln401 = add i3 %select_ln398, i3 1" [AES_AXIS_HLS/vitis/vitis_source/aes_axis.cpp:401]   --->   Operation 26 'add' 'add_ln401' <Predicate = (!icmp_ln398)> <Delay = 1.65> <CoreInst = "Adder">   --->   Core 1 'Adder' <Latency = 0> <II = 1> <Delay = 1.65> <FuncUnit> <Opcode : 'add' 'sub'> <InPorts = 2> <OutPorts = 1>
ST_1 : Operation 27 [1/1] (1.58ns)   --->   "%store_ln401 = store i5 %add_ln398, i5 %indvar_flatten" [AES_AXIS_HLS/vitis/vitis_source/aes_axis.cpp:401]   --->   Operation 27 'store' 'store_ln401' <Predicate = (!icmp_ln398)> <Delay = 1.58>
ST_1 : Operation 28 [1/1] (1.58ns)   --->   "%store_ln401 = store i3 %select_ln398_1, i3 %i" [AES_AXIS_HLS/vitis/vitis_source/aes_axis.cpp:401]   --->   Operation 28 'store' 'store_ln401' <Predicate = (!icmp_ln398)> <Delay = 1.58>
ST_1 : Operation 29 [1/1] (1.58ns)   --->   "%store_ln401 = store i3 %add_ln401, i3 %j" [AES_AXIS_HLS/vitis/vitis_source/aes_axis.cpp:401]   --->   Operation 29 'store' 'store_ln401' <Predicate = (!icmp_ln398)> <Delay = 1.58>

State 2 <SV = 1> <Delay = 4.98>
ST_2 : Operation 30 [1/1] (0.00ns)   --->   "%zext_ln398 = zext i3 %select_ln398_1" [AES_AXIS_HLS/vitis/vitis_source/aes_axis.cpp:398]   --->   Operation 30 'zext' 'zext_ln398' <Predicate = true> <Delay = 0.00>
ST_2 : Operation 31 [1/1] (0.00ns)   --->   "%p_mid2 = bitconcatenate i4 @_ssdm_op_BitConcatenate.i4.i2.i2, i2 %trunc_ln398, i2 0" [AES_AXIS_HLS/vitis/vitis_source/aes_axis.cpp:398]   --->   Operation 31 'bitconcatenate' 'p_mid2' <Predicate = true> <Delay = 0.00>
ST_2 : Operation 32 [1/1] (0.00ns)   --->   "%j_cast = zext i3 %select_ln398" [AES_AXIS_HLS/vitis/vitis_source/aes_axis.cpp:398]   --->   Operation 32 'zext' 'j_cast' <Predicate = true> <Delay = 0.00>
ST_2 : Operation 33 [1/1] (1.73ns)   --->   "%add_ln402 = add i4 %j_cast, i4 %p_mid2" [AES_AXIS_HLS/vitis/vitis_source/aes_axis.cpp:402]   --->   Operation 33 'add' 'add_ln402' <Predicate = true> <Delay = 1.73> <CoreInst = "Adder">   --->   Core 1 'Adder' <Latency = 0> <II = 1> <Delay = 1.73> <FuncUnit> <Opcode : 'add' 'sub'> <InPorts = 2> <OutPorts = 1>
ST_2 : Operation 34 [1/1] (0.00ns)   --->   "%zext_ln402 = zext i4 %add_ln402" [AES_AXIS_HLS/vitis/vitis_source/aes_axis.cpp:402]   --->   Operation 34 'zext' 'zext_ln402' <Predicate = true> <Delay = 0.00>
ST_2 : Operation 35 [1/1] (0.00ns)   --->   "%expandedKey_addr16 = getelementptr i8 %expandedKey, i64 0, i64 %zext_ln402" [AES_AXIS_HLS/vitis/vitis_source/aes_axis.cpp:402]   --->   Operation 35 'getelementptr' 'expandedKey_addr16' <Predicate = true> <Delay = 0.00>
ST_2 : Operation 36 [2/2] (3.25ns)   --->   "%expandedKey_load = load i8 %expandedKey_addr16" [AES_AXIS_HLS/vitis/vitis_source/aes_axis.cpp:402]   --->   Operation 36 'load' 'expandedKey_load' <Predicate = true> <Delay = 3.25> <CoreInst = "RAM">   --->   Core 82 'RAM' <Latency = 1> <II = 1> <Delay = 3.25> <Storage> <Opcode : 'load' 'store'> <Ports = 2> <Width = 8> <Depth = 240> <RAM>
ST_2 : Operation 37 [1/1] (0.00ns)   --->   "%shl_ln = bitconcatenate i4 @_ssdm_op_BitConcatenate.i4.i2.i2, i2 %trunc_ln402, i2 0" [AES_AXIS_HLS/vitis/vitis_source/aes_axis.cpp:402]   --->   Operation 37 'bitconcatenate' 'shl_ln' <Predicate = true> <Delay = 0.00>
ST_2 : Operation 38 [1/1] (1.73ns)   --->   "%add_ln402_1 = add i4 %shl_ln, i4 %zext_ln398" [AES_AXIS_HLS/vitis/vitis_source/aes_axis.cpp:402]   --->   Operation 38 'add' 'add_ln402_1' <Predicate = true> <Delay = 1.73> <CoreInst = "Adder">   --->   Core 1 'Adder' <Latency = 0> <II = 1> <Delay = 1.73> <FuncUnit> <Opcode : 'add' 'sub'> <InPorts = 2> <OutPorts = 1>
ST_2 : Operation 48 [1/1] (0.00ns)   --->   "%ret_ln0 = ret"   --->   Operation 48 'ret' 'ret_ln0' <Predicate = (icmp_ln398)> <Delay = 0.00>

State 3 <SV = 2> <Delay = 5.57>
ST_3 : Operation 39 [1/1] (0.00ns)   --->   "%specloopname_ln0 = specloopname void @_ssdm_op_SpecLoopName, void @VITIS_LOOP_398_1_VITIS_LOOP_401_2_str"   --->   Operation 39 'specloopname' 'specloopname_ln0' <Predicate = true> <Delay = 0.00>
ST_3 : Operation 40 [1/1] (0.00ns)   --->   "%empty = speclooptripcount i32 @_ssdm_op_SpecLoopTripCount, i64 16, i64 16, i64 16"   --->   Operation 40 'speclooptripcount' 'empty' <Predicate = true> <Delay = 0.00>
ST_3 : Operation 41 [1/1] (0.00ns)   --->   "%specpipeline_ln0 = specpipeline void @_ssdm_op_SpecPipeline, i32 4294967295, i32 0, i32 1, i32 0, void @p_str"   --->   Operation 41 'specpipeline' 'specpipeline_ln0' <Predicate = true> <Delay = 0.00>
ST_3 : Operation 42 [1/1] (0.00ns)   --->   "%specloopname_ln396 = specloopname void @_ssdm_op_SpecLoopName, void @empty_8" [AES_AXIS_HLS/vitis/vitis_source/aes_axis.cpp:396]   --->   Operation 42 'specloopname' 'specloopname_ln396' <Predicate = true> <Delay = 0.00>
ST_3 : Operation 43 [1/2] (3.25ns)   --->   "%expandedKey_load = load i8 %expandedKey_addr16" [AES_AXIS_HLS/vitis/vitis_source/aes_axis.cpp:402]   --->   Operation 43 'load' 'expandedKey_load' <Predicate = true> <Delay = 3.25> <CoreInst = "RAM">   --->   Core 82 'RAM' <Latency = 1> <II = 1> <Delay = 3.25> <Storage> <Opcode : 'load' 'store'> <Ports = 2> <Width = 8> <Depth = 240> <RAM>
ST_3 : Operation 44 [1/1] (0.00ns)   --->   "%zext_ln402_1 = zext i4 %add_ln402_1" [AES_AXIS_HLS/vitis/vitis_source/aes_axis.cpp:402]   --->   Operation 44 'zext' 'zext_ln402_1' <Predicate = true> <Delay = 0.00>
ST_3 : Operation 45 [1/1] (0.00ns)   --->   "%roundKey_addr = getelementptr i8 %roundKey, i64 0, i64 %zext_ln402_1" [AES_AXIS_HLS/vitis/vitis_source/aes_axis.cpp:402]   --->   Operation 45 'getelementptr' 'roundKey_addr' <Predicate = true> <Delay = 0.00>
ST_3 : Operation 46 [1/1] (2.32ns)   --->   "%store_ln402 = store i8 %expandedKey_load, i4 %roundKey_addr" [AES_AXIS_HLS/vitis/vitis_source/aes_axis.cpp:402]   --->   Operation 46 'store' 'store_ln402' <Predicate = true> <Delay = 2.32> <CoreInst = "RAM">   --->   Core 82 'RAM' <Latency = 1> <II = 1> <Delay = 2.32> <Storage> <Opcode : 'load' 'store'> <Ports = 2> <Width = 8> <Depth = 16> <RAM>
ST_3 : Operation 47 [1/1] (0.00ns)   --->   "%br_ln401 = br void %for.inc.i" [AES_AXIS_HLS/vitis/vitis_source/aes_axis.cpp:401]   --->   Operation 47 'br' 'br_ln401' <Predicate = true> <Delay = 0.00>


============================================================
+ Verbose Summary: Binding
============================================================
STG Binding: 
---------------- STG Properties BEGIN ----------------
- Is combinational: 0
- Is one-state seq: 0
- Is datapath-only: 0
- Is pipelined: 0
- Is top level: 0
Port [ Return ] is wired: 1; IO mode=ap_ctrl_hs:ce=0
Port [ expandedKey]:  wired=1; compound=1; hidden=0; nouse=0; global=0; static=0; extern=0; dir=0; type=1; pingpong=0; private_global=0; MemPort=[13]; IO mode=ap_memory:ce=0
Port [ roundKey]:  wired=1; compound=1; hidden=0; nouse=0; global=0; static=0; extern=0; dir=1; type=1; pingpong=0; private_global=0; MemPort=[03]; IO mode=ap_memory:ce=0
---------------- STG Properties END ------------------

---------------- Datapath Model BEGIN ----------------

<LifeTime>
<method=bitvector/>
j                   (alloca           ) [ 0100]
i                   (alloca           ) [ 0100]
indvar_flatten      (alloca           ) [ 0100]
store_ln0           (store            ) [ 0000]
store_ln0           (store            ) [ 0000]
store_ln0           (store            ) [ 0000]
br_ln0              (br               ) [ 0000]
indvar_flatten_load (load             ) [ 0000]
specpipeline_ln0    (specpipeline     ) [ 0000]
icmp_ln398          (icmp             ) [ 0110]
add_ln398           (add              ) [ 0000]
br_ln398            (br               ) [ 0000]
j_load              (load             ) [ 0000]
i_load              (load             ) [ 0000]
icmp_ln401          (icmp             ) [ 0000]
select_ln398        (select           ) [ 0110]
add_ln398_2         (add              ) [ 0000]
select_ln398_1      (select           ) [ 0110]
trunc_ln398         (trunc            ) [ 0110]
trunc_ln402         (trunc            ) [ 0110]
add_ln401           (add              ) [ 0000]
store_ln401         (store            ) [ 0000]
store_ln401         (store            ) [ 0000]
store_ln401         (store            ) [ 0000]
zext_ln398          (zext             ) [ 0000]
p_mid2              (bitconcatenate   ) [ 0000]
j_cast              (zext             ) [ 0000]
add_ln402           (add              ) [ 0000]
zext_ln402          (zext             ) [ 0000]
expandedKey_addr16  (getelementptr    ) [ 0101]
shl_ln              (bitconcatenate   ) [ 0000]
add_ln402_1         (add              ) [ 0101]
specloopname_ln0    (specloopname     ) [ 0000]
empty               (speclooptripcount) [ 0000]
specpipeline_ln0    (specpipeline     ) [ 0000]
specloopname_ln396  (specloopname     ) [ 0000]
expandedKey_load    (load             ) [ 0000]
zext_ln402_1        (zext             ) [ 0000]
roundKey_addr       (getelementptr    ) [ 0000]
store_ln402         (store            ) [ 0000]
br_ln401            (br               ) [ 0000]
ret_ln0             (ret              ) [ 0000]
</LifeTime>

<model>

<comp_list>
<comp id="0" class="1000" name="expandedKey">
<pin_list>
<pin id="1" dir="1" index="0" bw="1" slack="0"/>
</pin_list>
<bind>
<StgValue><ssdm name="expandedKey"/><MemPortTyVec>1 3 </MemPortTyVec>
</StgValue>
</bind>
</comp>

<comp id="2" class="1000" name="roundKey">
<pin_list>
<pin id="3" dir="1" index="0" bw="1" slack="0"/>
</pin_list>
<bind>
<StgValue><ssdm name="roundKey"/><MemPortTyVec>0 3 </MemPortTyVec>
</StgValue>
</bind>
</comp>

<comp id="4" class="1001" name="const_4">
<pin_list>
<pin id="5" dir="1" index="0" bw="1" slack="0"/>
</pin_list>
<bind>
<StgValue><ssdm name=""/></StgValue>
</bind>
</comp>

<comp id="6" class="1001" name="const_6">
<pin_list>
<pin id="7" dir="1" index="0" bw="1" slack="0"/>
</pin_list>
<bind>
<StgValue><ssdm name=""/></StgValue>
</bind>
</comp>

<comp id="8" class="1001" name="const_8">
<pin_list>
<pin id="9" dir="1" index="0" bw="1" slack="0"/>
</pin_list>
<bind>
<StgValue><ssdm name=""/></StgValue>
</bind>
</comp>

<comp id="10" class="1001" name="const_10">
<pin_list>
<pin id="11" dir="1" index="0" bw="1" slack="2147483647"/>
</pin_list>
<bind>
<StgValue><ssdm name="_ssdm_op_SpecPipeline"/></StgValue>
</bind>
</comp>

<comp id="12" class="1001" name="const_12">
<pin_list>
<pin id="13" dir="1" index="0" bw="1" slack="2147483647"/>
</pin_list>
<bind>
<StgValue><ssdm name=""/></StgValue>
</bind>
</comp>

<comp id="14" class="1001" name="const_14">
<pin_list>
<pin id="15" dir="1" index="0" bw="1" slack="2147483647"/>
</pin_list>
<bind>
<StgValue><ssdm name=""/></StgValue>
</bind>
</comp>

<comp id="16" class="1001" name="const_16">
<pin_list>
<pin id="17" dir="1" index="0" bw="1" slack="2147483647"/>
</pin_list>
<bind>
<StgValue><ssdm name="p_str"/></StgValue>
</bind>
</comp>

<comp id="18" class="1001" name="const_18">
<pin_list>
<pin id="19" dir="1" index="0" bw="1" slack="0"/>
</pin_list>
<bind>
<StgValue><ssdm name=""/></StgValue>
</bind>
</comp>

<comp id="20" class="1001" name="const_20">
<pin_list>
<pin id="21" dir="1" index="0" bw="1" slack="0"/>
</pin_list>
<bind>
<StgValue><ssdm name=""/></StgValue>
</bind>
</comp>

<comp id="22" class="1001" name="const_22">
<pin_list>
<pin id="23" dir="1" index="0" bw="1" slack="0"/>
</pin_list>
<bind>
<StgValue><ssdm name=""/></StgValue>
</bind>
</comp>

<comp id="24" class="1001" name="const_24">
<pin_list>
<pin id="25" dir="1" index="0" bw="1" slack="0"/>
</pin_list>
<bind>
<StgValue><ssdm name=""/></StgValue>
</bind>
</comp>

<comp id="26" class="1001" name="const_26">
<pin_list>
<pin id="27" dir="1" index="0" bw="1" slack="0"/>
</pin_list>
<bind>
<StgValue><ssdm name="_ssdm_op_BitConcatenate.i4.i2.i2"/></StgValue>
</bind>
</comp>

<comp id="28" class="1001" name="const_28">
<pin_list>
<pin id="29" dir="1" index="0" bw="1" slack="0"/>
</pin_list>
<bind>
<StgValue><ssdm name=""/></StgValue>
</bind>
</comp>

<comp id="30" class="1001" name="const_30">
<pin_list>
<pin id="31" dir="1" index="0" bw="1" slack="0"/>
</pin_list>
<bind>
<StgValue><ssdm name=""/></StgValue>
</bind>
</comp>

<comp id="32" class="1001" name="const_32">
<pin_list>
<pin id="33" dir="1" index="0" bw="1" slack="2147483647"/>
</pin_list>
<bind>
<StgValue><ssdm name="_ssdm_op_SpecLoopName"/></StgValue>
</bind>
</comp>

<comp id="34" class="1001" name="const_34">
<pin_list>
<pin id="35" dir="1" index="0" bw="1" slack="2147483647"/>
</pin_list>
<bind>
<StgValue><ssdm name="VITIS_LOOP_398_1_VITIS_LOOP_401_2_str"/></StgValue>
</bind>
</comp>

<comp id="36" class="1001" name="const_36">
<pin_list>
<pin id="37" dir="1" index="0" bw="1" slack="2147483647"/>
</pin_list>
<bind>
<StgValue><ssdm name="_ssdm_op_SpecLoopTripCount"/></StgValue>
</bind>
</comp>

<comp id="38" class="1001" name="const_38">
<pin_list>
<pin id="39" dir="1" index="0" bw="1" slack="2147483647"/>
</pin_list>
<bind>
<StgValue><ssdm name=""/></StgValue>
</bind>
</comp>

<comp id="40" class="1001" name="const_40">
<pin_list>
<pin id="41" dir="1" index="0" bw="1" slack="2147483647"/>
</pin_list>
<bind>
<StgValue><ssdm name="empty_8"/></StgValue>
</bind>
</comp>

<comp id="42" class="1004" name="j_fu_42">
<pin_list>
<pin id="43" dir="0" index="0" bw="1" slack="0"/>
<pin id="44" dir="1" index="1" bw="3" slack="0"/>
</pin_list>
<bind>
<opcode="alloca(26) " fcode="alloca"/>
<opset="j/1 "/>
</bind>
</comp>

<comp id="46" class="1004" name="i_fu_46">
<pin_list>
<pin id="47" dir="0" index="0" bw="1" slack="0"/>
<pin id="48" dir="1" index="1" bw="3" slack="0"/>
</pin_list>
<bind>
<opcode="alloca(26) " fcode="alloca"/>
<opset="i/1 "/>
</bind>
</comp>

<comp id="50" class="1004" name="indvar_flatten_fu_50">
<pin_list>
<pin id="51" dir="0" index="0" bw="1" slack="0"/>
<pin id="52" dir="1" index="1" bw="5" slack="0"/>
</pin_list>
<bind>
<opcode="alloca(26) " fcode="alloca"/>
<opset="indvar_flatten/1 "/>
</bind>
</comp>

<comp id="54" class="1004" name="expandedKey_addr16_gep_fu_54">
<pin_list>
<pin id="55" dir="0" index="0" bw="8" slack="0"/>
<pin id="56" dir="0" index="1" bw="1" slack="0"/>
<pin id="57" dir="0" index="2" bw="4" slack="0"/>
<pin id="58" dir="1" index="3" bw="8" slack="0"/>
</pin_list>
<bind>
<opcode="getelementptr(29) " fcode="getelementptr"/>
<opset="expandedKey_addr16/2 "/>
</bind>
</comp>

<comp id="61" class="1004" name="grp_access_fu_61">
<pin_list>
<pin id="62" dir="0" index="0" bw="8" slack="0"/>
<pin id="63" dir="0" index="1" bw="8" slack="2147483647"/>
<pin id="64" dir="0" index="2" bw="0" slack="2147483647"/>
<pin id="65" dir="1" index="3" bw="8" slack="0"/>
</pin_list>
<bind>
<opcode="load(27) " fcode="load"/>
<opset="expandedKey_load/2 "/>
</bind>
</comp>

<comp id="67" class="1004" name="roundKey_addr_gep_fu_67">
<pin_list>
<pin id="68" dir="0" index="0" bw="8" slack="0"/>
<pin id="69" dir="0" index="1" bw="1" slack="0"/>
<pin id="70" dir="0" index="2" bw="4" slack="0"/>
<pin id="71" dir="1" index="3" bw="4" slack="0"/>
</pin_list>
<bind>
<opcode="getelementptr(29) " fcode="getelementptr"/>
<opset="roundKey_addr/3 "/>
</bind>
</comp>

<comp id="74" class="1004" name="store_ln402_access_fu_74">
<pin_list>
<pin id="75" dir="0" index="0" bw="4" slack="0"/>
<pin id="76" dir="0" index="1" bw="8" slack="0"/>
<pin id="77" dir="0" index="2" bw="0" slack="2147483647"/>
<pin id="78" dir="1" index="3" bw="8" slack="2147483647"/>
</pin_list>
<bind>
<opcode="store(28) " fcode="store"/>
<opset="store_ln402/3 "/>
</bind>
</comp>

<comp id="81" class="1004" name="store_ln0_store_fu_81">
<pin_list>
<pin id="82" dir="0" index="0" bw="1" slack="0"/>
<pin id="83" dir="0" index="1" bw="5" slack="0"/>
<pin id="84" dir="1" index="2" bw="0" slack="2147483647"/>
</pin_list>
<bind>
<opcode="store(28) " fcode="store"/>
<opset="store_ln0/1 "/>
</bind>
</comp>

<comp id="86" class="1004" name="store_ln0_store_fu_86">
<pin_list>
<pin id="87" dir="0" index="0" bw="1" slack="0"/>
<pin id="88" dir="0" index="1" bw="3" slack="0"/>
<pin id="89" dir="1" index="2" bw="0" slack="2147483647"/>
</pin_list>
<bind>
<opcode="store(28) " fcode="store"/>
<opset="store_ln0/1 "/>
</bind>
</comp>

<comp id="91" class="1004" name="store_ln0_store_fu_91">
<pin_list>
<pin id="92" dir="0" index="0" bw="1" slack="0"/>
<pin id="93" dir="0" index="1" bw="3" slack="0"/>
<pin id="94" dir="1" index="2" bw="0" slack="2147483647"/>
</pin_list>
<bind>
<opcode="store(28) " fcode="store"/>
<opset="store_ln0/1 "/>
</bind>
</comp>

<comp id="96" class="1004" name="indvar_flatten_load_load_fu_96">
<pin_list>
<pin id="97" dir="0" index="0" bw="5" slack="0"/>
<pin id="98" dir="1" index="1" bw="5" slack="0"/>
</pin_list>
<bind>
<opcode="load(27) " fcode="load"/>
<opset="indvar_flatten_load/1 "/>
</bind>
</comp>

<comp id="99" class="1004" name="icmp_ln398_fu_99">
<pin_list>
<pin id="100" dir="0" index="0" bw="5" slack="0"/>
<pin id="101" dir="0" index="1" bw="5" slack="0"/>
<pin id="102" dir="1" index="2" bw="1" slack="1"/>
</pin_list>
<bind>
<opcode="icmp(45) " fcode="icmp"/>
<opset="icmp_ln398/1 "/>
</bind>
</comp>

<comp id="105" class="1004" name="add_ln398_fu_105">
<pin_list>
<pin id="106" dir="0" index="0" bw="5" slack="0"/>
<pin id="107" dir="0" index="1" bw="1" slack="0"/>
<pin id="108" dir="1" index="2" bw="5" slack="0"/>
</pin_list>
<bind>
<opcode="add(8) " fcode="add"/>
<opset="add_ln398/1 "/>
</bind>
</comp>

<comp id="111" class="1004" name="j_load_load_fu_111">
<pin_list>
<pin id="112" dir="0" index="0" bw="3" slack="0"/>
<pin id="113" dir="1" index="1" bw="3" slack="0"/>
</pin_list>
<bind>
<opcode="load(27) " fcode="load"/>
<opset="j_load/1 "/>
</bind>
</comp>

<comp id="114" class="1004" name="i_load_load_fu_114">
<pin_list>
<pin id="115" dir="0" index="0" bw="3" slack="0"/>
<pin id="116" dir="1" index="1" bw="3" slack="0"/>
</pin_list>
<bind>
<opcode="load(27) " fcode="load"/>
<opset="i_load/1 "/>
</bind>
</comp>

<comp id="117" class="1004" name="icmp_ln401_fu_117">
<pin_list>
<pin id="118" dir="0" index="0" bw="3" slack="0"/>
<pin id="119" dir="0" index="1" bw="3" slack="0"/>
<pin id="120" dir="1" index="2" bw="1" slack="0"/>
</pin_list>
<bind>
<opcode="icmp(45) " fcode="icmp"/>
<opset="icmp_ln401/1 "/>
</bind>
</comp>

<comp id="123" class="1004" name="select_ln398_fu_123">
<pin_list>
<pin id="124" dir="0" index="0" bw="1" slack="0"/>
<pin id="125" dir="0" index="1" bw="1" slack="0"/>
<pin id="126" dir="0" index="2" bw="3" slack="0"/>
<pin id="127" dir="1" index="3" bw="3" slack="0"/>
</pin_list>
<bind>
<opcode="select(49) " fcode="select"/>
<opset="select_ln398/1 "/>
</bind>
</comp>

<comp id="131" class="1004" name="add_ln398_2_fu_131">
<pin_list>
<pin id="132" dir="0" index="0" bw="3" slack="0"/>
<pin id="133" dir="0" index="1" bw="1" slack="0"/>
<pin id="134" dir="1" index="2" bw="3" slack="0"/>
</pin_list>
<bind>
<opcode="add(8) " fcode="add"/>
<opset="add_ln398_2/1 "/>
</bind>
</comp>

<comp id="137" class="1004" name="select_ln398_1_fu_137">
<pin_list>
<pin id="138" dir="0" index="0" bw="1" slack="0"/>
<pin id="139" dir="0" index="1" bw="3" slack="0"/>
<pin id="140" dir="0" index="2" bw="3" slack="0"/>
<pin id="141" dir="1" index="3" bw="3" slack="0"/>
</pin_list>
<bind>
<opcode="select(49) " fcode="select"/>
<opset="select_ln398_1/1 "/>
</bind>
</comp>

<comp id="145" class="1004" name="trunc_ln398_fu_145">
<pin_list>
<pin id="146" dir="0" index="0" bw="3" slack="0"/>
<pin id="147" dir="1" index="1" bw="2" slack="1"/>
</pin_list>
<bind>
<opcode="trunc(33) " fcode="trunc"/>
<opset="trunc_ln398/1 "/>
</bind>
</comp>

<comp id="149" class="1004" name="trunc_ln402_fu_149">
<pin_list>
<pin id="150" dir="0" index="0" bw="3" slack="0"/>
<pin id="151" dir="1" index="1" bw="2" slack="1"/>
</pin_list>
<bind>
<opcode="trunc(33) " fcode="trunc"/>
<opset="trunc_ln402/1 "/>
</bind>
</comp>

<comp id="153" class="1004" name="add_ln401_fu_153">
<pin_list>
<pin id="154" dir="0" index="0" bw="3" slack="0"/>
<pin id="155" dir="0" index="1" bw="1" slack="0"/>
<pin id="156" dir="1" index="2" bw="3" slack="0"/>
</pin_list>
<bind>
<opcode="add(8) " fcode="add"/>
<opset="add_ln401/1 "/>
</bind>
</comp>

<comp id="159" class="1004" name="store_ln401_store_fu_159">
<pin_list>
<pin id="160" dir="0" index="0" bw="5" slack="0"/>
<pin id="161" dir="0" index="1" bw="5" slack="0"/>
<pin id="162" dir="1" index="2" bw="0" slack="2147483647"/>
</pin_list>
<bind>
<opcode="store(28) " fcode="store"/>
<opset="store_ln401/1 "/>
</bind>
</comp>

<comp id="164" class="1004" name="store_ln401_store_fu_164">
<pin_list>
<pin id="165" dir="0" index="0" bw="3" slack="0"/>
<pin id="166" dir="0" index="1" bw="3" slack="0"/>
<pin id="167" dir="1" index="2" bw="0" slack="2147483647"/>
</pin_list>
<bind>
<opcode="store(28) " fcode="store"/>
<opset="store_ln401/1 "/>
</bind>
</comp>

<comp id="169" class="1004" name="store_ln401_store_fu_169">
<pin_list>
<pin id="170" dir="0" index="0" bw="3" slack="0"/>
<pin id="171" dir="0" index="1" bw="3" slack="0"/>
<pin id="172" dir="1" index="2" bw="0" slack="2147483647"/>
</pin_list>
<bind>
<opcode="store(28) " fcode="store"/>
<opset="store_ln401/1 "/>
</bind>
</comp>

<comp id="174" class="1004" name="zext_ln398_fu_174">
<pin_list>
<pin id="175" dir="0" index="0" bw="3" slack="1"/>
<pin id="176" dir="1" index="1" bw="4" slack="0"/>
</pin_list>
<bind>
<opcode="zext(34) " fcode="zext"/>
<opset="zext_ln398/2 "/>
</bind>
</comp>

<comp id="177" class="1004" name="p_mid2_fu_177">
<pin_list>
<pin id="178" dir="0" index="0" bw="4" slack="0"/>
<pin id="179" dir="0" index="1" bw="2" slack="1"/>
<pin id="180" dir="0" index="2" bw="1" slack="0"/>
<pin id="181" dir="1" index="3" bw="4" slack="0"/>
</pin_list>
<bind>
<opcode="bitconcatenate(1004) " fcode="bitconcatenate"/>
<opset="p_mid2/2 "/>
</bind>
</comp>

<comp id="184" class="1004" name="j_cast_fu_184">
<pin_list>
<pin id="185" dir="0" index="0" bw="3" slack="1"/>
<pin id="186" dir="1" index="1" bw="4" slack="0"/>
</pin_list>
<bind>
<opcode="zext(34) " fcode="zext"/>
<opset="j_cast/2 "/>
</bind>
</comp>

<comp id="187" class="1004" name="add_ln402_fu_187">
<pin_list>
<pin id="188" dir="0" index="0" bw="3" slack="0"/>
<pin id="189" dir="0" index="1" bw="4" slack="0"/>
<pin id="190" dir="1" index="2" bw="4" slack="0"/>
</pin_list>
<bind>
<opcode="add(8) " fcode="add"/>
<opset="add_ln402/2 "/>
</bind>
</comp>

<comp id="193" class="1004" name="zext_ln402_fu_193">
<pin_list>
<pin id="194" dir="0" index="0" bw="4" slack="0"/>
<pin id="195" dir="1" index="1" bw="64" slack="0"/>
</pin_list>
<bind>
<opcode="zext(34) " fcode="zext"/>
<opset="zext_ln402/2 "/>
</bind>
</comp>

<comp id="198" class="1004" name="shl_ln_fu_198">
<pin_list>
<pin id="199" dir="0" index="0" bw="4" slack="0"/>
<pin id="200" dir="0" index="1" bw="2" slack="1"/>
<pin id="201" dir="0" index="2" bw="1" slack="0"/>
<pin id="202" dir="1" index="3" bw="4" slack="0"/>
</pin_list>
<bind>
<opcode="bitconcatenate(1004) " fcode="bitconcatenate"/>
<opset="shl_ln/2 "/>
</bind>
</comp>

<comp id="205" class="1004" name="add_ln402_1_fu_205">
<pin_list>
<pin id="206" dir="0" index="0" bw="4" slack="0"/>
<pin id="207" dir="0" index="1" bw="3" slack="0"/>
<pin id="208" dir="1" index="2" bw="4" slack="1"/>
</pin_list>
<bind>
<opcode="add(8) " fcode="add"/>
<opset="add_ln402_1/2 "/>
</bind>
</comp>

<comp id="211" class="1004" name="zext_ln402_1_fu_211">
<pin_list>
<pin id="212" dir="0" index="0" bw="4" slack="1"/>
<pin id="213" dir="1" index="1" bw="64" slack="0"/>
</pin_list>
<bind>
<opcode="zext(34) " fcode="zext"/>
<opset="zext_ln402_1/3 "/>
</bind>
</comp>

<comp id="215" class="1005" name="j_reg_215">
<pin_list>
<pin id="216" dir="0" index="0" bw="3" slack="0"/>
<pin id="217" dir="1" index="1" bw="3" slack="0"/>
</pin_list>
<bind>
<opset="j "/>
</bind>
</comp>

<comp id="222" class="1005" name="i_reg_222">
<pin_list>
<pin id="223" dir="0" index="0" bw="3" slack="0"/>
<pin id="224" dir="1" index="1" bw="3" slack="0"/>
</pin_list>
<bind>
<opset="i "/>
</bind>
</comp>

<comp id="229" class="1005" name="indvar_flatten_reg_229">
<pin_list>
<pin id="230" dir="0" index="0" bw="5" slack="0"/>
<pin id="231" dir="1" index="1" bw="5" slack="0"/>
</pin_list>
<bind>
<opset="indvar_flatten "/>
</bind>
</comp>

<comp id="236" class="1005" name="icmp_ln398_reg_236">
<pin_list>
<pin id="237" dir="0" index="0" bw="1" slack="1"/>
<pin id="238" dir="1" index="1" bw="1" slack="2147483647"/>
</pin_list>
<bind>
<opset="icmp_ln398 "/>
</bind>
</comp>

<comp id="240" class="1005" name="select_ln398_reg_240">
<pin_list>
<pin id="241" dir="0" index="0" bw="3" slack="1"/>
<pin id="242" dir="1" index="1" bw="3" slack="1"/>
</pin_list>
<bind>
<opset="select_ln398 "/>
</bind>
</comp>

<comp id="245" class="1005" name="select_ln398_1_reg_245">
<pin_list>
<pin id="246" dir="0" index="0" bw="3" slack="1"/>
<pin id="247" dir="1" index="1" bw="3" slack="1"/>
</pin_list>
<bind>
<opset="select_ln398_1 "/>
</bind>
</comp>

<comp id="250" class="1005" name="trunc_ln398_reg_250">
<pin_list>
<pin id="251" dir="0" index="0" bw="2" slack="1"/>
<pin id="252" dir="1" index="1" bw="2" slack="1"/>
</pin_list>
<bind>
<opset="trunc_ln398 "/>
</bind>
</comp>

<comp id="255" class="1005" name="trunc_ln402_reg_255">
<pin_list>
<pin id="256" dir="0" index="0" bw="2" slack="1"/>
<pin id="257" dir="1" index="1" bw="2" slack="1"/>
</pin_list>
<bind>
<opset="trunc_ln402 "/>
</bind>
</comp>

<comp id="260" class="1005" name="expandedKey_addr16_reg_260">
<pin_list>
<pin id="261" dir="0" index="0" bw="8" slack="1"/>
<pin id="262" dir="1" index="1" bw="8" slack="1"/>
</pin_list>
<bind>
<opset="expandedKey_addr16 "/>
</bind>
</comp>

<comp id="265" class="1005" name="add_ln402_1_reg_265">
<pin_list>
<pin id="266" dir="0" index="0" bw="4" slack="1"/>
<pin id="267" dir="1" index="1" bw="4" slack="1"/>
</pin_list>
<bind>
<opset="add_ln402_1 "/>
</bind>
</comp>

</comp_list>

<net_list>
<net id="45"><net_src comp="4" pin="0"/><net_sink comp="42" pin=0"/></net>

<net id="49"><net_src comp="4" pin="0"/><net_sink comp="46" pin=0"/></net>

<net id="53"><net_src comp="4" pin="0"/><net_sink comp="50" pin=0"/></net>

<net id="59"><net_src comp="0" pin="0"/><net_sink comp="54" pin=0"/></net>

<net id="60"><net_src comp="30" pin="0"/><net_sink comp="54" pin=1"/></net>

<net id="66"><net_src comp="54" pin="3"/><net_sink comp="61" pin=0"/></net>

<net id="72"><net_src comp="2" pin="0"/><net_sink comp="67" pin=0"/></net>

<net id="73"><net_src comp="30" pin="0"/><net_sink comp="67" pin=1"/></net>

<net id="79"><net_src comp="61" pin="3"/><net_sink comp="74" pin=1"/></net>

<net id="80"><net_src comp="67" pin="3"/><net_sink comp="74" pin=0"/></net>

<net id="85"><net_src comp="6" pin="0"/><net_sink comp="81" pin=0"/></net>

<net id="90"><net_src comp="8" pin="0"/><net_sink comp="86" pin=0"/></net>

<net id="95"><net_src comp="8" pin="0"/><net_sink comp="91" pin=0"/></net>

<net id="103"><net_src comp="96" pin="1"/><net_sink comp="99" pin=0"/></net>

<net id="104"><net_src comp="18" pin="0"/><net_sink comp="99" pin=1"/></net>

<net id="109"><net_src comp="96" pin="1"/><net_sink comp="105" pin=0"/></net>

<net id="110"><net_src comp="20" pin="0"/><net_sink comp="105" pin=1"/></net>

<net id="121"><net_src comp="111" pin="1"/><net_sink comp="117" pin=0"/></net>

<net id="122"><net_src comp="22" pin="0"/><net_sink comp="117" pin=1"/></net>

<net id="128"><net_src comp="117" pin="2"/><net_sink comp="123" pin=0"/></net>

<net id="129"><net_src comp="8" pin="0"/><net_sink comp="123" pin=1"/></net>

<net id="130"><net_src comp="111" pin="1"/><net_sink comp="123" pin=2"/></net>

<net id="135"><net_src comp="114" pin="1"/><net_sink comp="131" pin=0"/></net>

<net id="136"><net_src comp="24" pin="0"/><net_sink comp="131" pin=1"/></net>

<net id="142"><net_src comp="117" pin="2"/><net_sink comp="137" pin=0"/></net>

<net id="143"><net_src comp="131" pin="2"/><net_sink comp="137" pin=1"/></net>

<net id="144"><net_src comp="114" pin="1"/><net_sink comp="137" pin=2"/></net>

<net id="148"><net_src comp="137" pin="3"/><net_sink comp="145" pin=0"/></net>

<net id="152"><net_src comp="123" pin="3"/><net_sink comp="149" pin=0"/></net>

<net id="157"><net_src comp="123" pin="3"/><net_sink comp="153" pin=0"/></net>

<net id="158"><net_src comp="24" pin="0"/><net_sink comp="153" pin=1"/></net>

<net id="163"><net_src comp="105" pin="2"/><net_sink comp="159" pin=0"/></net>

<net id="168"><net_src comp="137" pin="3"/><net_sink comp="164" pin=0"/></net>

<net id="173"><net_src comp="153" pin="2"/><net_sink comp="169" pin=0"/></net>

<net id="182"><net_src comp="26" pin="0"/><net_sink comp="177" pin=0"/></net>

<net id="183"><net_src comp="28" pin="0"/><net_sink comp="177" pin=2"/></net>

<net id="191"><net_src comp="184" pin="1"/><net_sink comp="187" pin=0"/></net>

<net id="192"><net_src comp="177" pin="3"/><net_sink comp="187" pin=1"/></net>

<net id="196"><net_src comp="187" pin="2"/><net_sink comp="193" pin=0"/></net>

<net id="197"><net_src comp="193" pin="1"/><net_sink comp="54" pin=2"/></net>

<net id="203"><net_src comp="26" pin="0"/><net_sink comp="198" pin=0"/></net>

<net id="204"><net_src comp="28" pin="0"/><net_sink comp="198" pin=2"/></net>

<net id="209"><net_src comp="198" pin="3"/><net_sink comp="205" pin=0"/></net>

<net id="210"><net_src comp="174" pin="1"/><net_sink comp="205" pin=1"/></net>

<net id="214"><net_src comp="211" pin="1"/><net_sink comp="67" pin=2"/></net>

<net id="218"><net_src comp="42" pin="1"/><net_sink comp="215" pin=0"/></net>

<net id="219"><net_src comp="215" pin="1"/><net_sink comp="91" pin=1"/></net>

<net id="220"><net_src comp="215" pin="1"/><net_sink comp="111" pin=0"/></net>

<net id="221"><net_src comp="215" pin="1"/><net_sink comp="169" pin=1"/></net>

<net id="225"><net_src comp="46" pin="1"/><net_sink comp="222" pin=0"/></net>

<net id="226"><net_src comp="222" pin="1"/><net_sink comp="86" pin=1"/></net>

<net id="227"><net_src comp="222" pin="1"/><net_sink comp="114" pin=0"/></net>

<net id="228"><net_src comp="222" pin="1"/><net_sink comp="164" pin=1"/></net>

<net id="232"><net_src comp="50" pin="1"/><net_sink comp="229" pin=0"/></net>

<net id="233"><net_src comp="229" pin="1"/><net_sink comp="81" pin=1"/></net>

<net id="234"><net_src comp="229" pin="1"/><net_sink comp="96" pin=0"/></net>

<net id="235"><net_src comp="229" pin="1"/><net_sink comp="159" pin=1"/></net>

<net id="239"><net_src comp="99" pin="2"/><net_sink comp="236" pin=0"/></net>

<net id="243"><net_src comp="123" pin="3"/><net_sink comp="240" pin=0"/></net>

<net id="244"><net_src comp="240" pin="1"/><net_sink comp="184" pin=0"/></net>

<net id="248"><net_src comp="137" pin="3"/><net_sink comp="245" pin=0"/></net>

<net id="249"><net_src comp="245" pin="1"/><net_sink comp="174" pin=0"/></net>

<net id="253"><net_src comp="145" pin="1"/><net_sink comp="250" pin=0"/></net>

<net id="254"><net_src comp="250" pin="1"/><net_sink comp="177" pin=1"/></net>

<net id="258"><net_src comp="149" pin="1"/><net_sink comp="255" pin=0"/></net>

<net id="259"><net_src comp="255" pin="1"/><net_sink comp="198" pin=1"/></net>

<net id="263"><net_src comp="54" pin="3"/><net_sink comp="260" pin=0"/></net>

<net id="264"><net_src comp="260" pin="1"/><net_sink comp="61" pin=0"/></net>

<net id="268"><net_src comp="205" pin="2"/><net_sink comp="265" pin=0"/></net>

<net id="269"><net_src comp="265" pin="1"/><net_sink comp="211" pin=0"/></net>

</net_list>

</model> 
---------------- Datapath Model END ------------------

* FSMD analyzer results:
  - Output states:
	Port: roundKey | {3 }
 - Input state : 
	Port: aes_main_Pipeline_VITIS_LOOP_398_1_VITIS_LOOP_401_2 : expandedKey | {2 3 }
  - Chain level:
	State 1
		store_ln0 : 1
		store_ln0 : 1
		store_ln0 : 1
		indvar_flatten_load : 1
		icmp_ln398 : 2
		add_ln398 : 2
		br_ln398 : 3
		j_load : 1
		i_load : 1
		icmp_ln401 : 2
		select_ln398 : 3
		add_ln398_2 : 2
		select_ln398_1 : 3
		trunc_ln398 : 4
		trunc_ln402 : 4
		add_ln401 : 4
		store_ln401 : 3
		store_ln401 : 4
		store_ln401 : 5
	State 2
		add_ln402 : 1
		zext_ln402 : 2
		expandedKey_addr16 : 3
		expandedKey_load : 4
		add_ln402_1 : 1
	State 3
		roundKey_addr : 1
		store_ln402 : 2


============================================================
+ Verbose Summary: Datapath Resource usage 
============================================================

* Functional unit list:
|----------|-----------------------|---------|---------|
| Operation|    Functional Unit    |    FF   |   LUT   |
|----------|-----------------------|---------|---------|
|          |    add_ln398_fu_105   |    0    |    13   |
|          |   add_ln398_2_fu_131  |    0    |    11   |
|    add   |    add_ln401_fu_153   |    0    |    11   |
|          |    add_ln402_fu_187   |    0    |    13   |
|          |   add_ln402_1_fu_205  |    0    |    13   |
|----------|-----------------------|---------|---------|
|   icmp   |    icmp_ln398_fu_99   |    0    |    9    |
|          |   icmp_ln401_fu_117   |    0    |    8    |
|----------|-----------------------|---------|---------|
|  select  |  select_ln398_fu_123  |    0    |    3    |
|          | select_ln398_1_fu_137 |    0    |    3    |
|----------|-----------------------|---------|---------|
|   trunc  |   trunc_ln398_fu_145  |    0    |    0    |
|          |   trunc_ln402_fu_149  |    0    |    0    |
|----------|-----------------------|---------|---------|
|          |   zext_ln398_fu_174   |    0    |    0    |
|   zext   |     j_cast_fu_184     |    0    |    0    |
|          |   zext_ln402_fu_193   |    0    |    0    |
|          |  zext_ln402_1_fu_211  |    0    |    0    |
|----------|-----------------------|---------|---------|
|bitconcatenate|     p_mid2_fu_177     |    0    |    0    |
|          |     shl_ln_fu_198     |    0    |    0    |
|----------|-----------------------|---------|---------|
|   Total  |                       |    0    |    84   |
|----------|-----------------------|---------|---------|

Memories:
N/A

* Register list:
+--------------------------+--------+
|                          |   FF   |
+--------------------------+--------+
|    add_ln402_1_reg_265   |    4   |
|expandedKey_addr16_reg_260|    8   |
|         i_reg_222        |    3   |
|    icmp_ln398_reg_236    |    1   |
|  indvar_flatten_reg_229  |    5   |
|         j_reg_215        |    3   |
|  select_ln398_1_reg_245  |    3   |
|   select_ln398_reg_240   |    3   |
|    trunc_ln398_reg_250   |    2   |
|    trunc_ln402_reg_255   |    2   |
+--------------------------+--------+
|           Total          |   34   |
+--------------------------+--------+

* Multiplexer (MUX) list: 
|------------------|------|------|------|--------||---------||---------|
|       Comp       |  Pin | Size |  BW  | S x BW ||  Delay  ||   LUT   |
|------------------|------|------|------|--------||---------||---------|
| grp_access_fu_61 |  p0  |   2  |   8  |   16   ||    9    |
|------------------|------|------|------|--------||---------||---------|
|       Total      |      |      |      |   16   ||  1.588  ||    9    |
|------------------|------|------|------|--------||---------||---------|



* Summary:
+-----------+--------+--------+--------+
|           |  Delay |   FF   |   LUT  |
+-----------+--------+--------+--------+
|  Function |    -   |    0   |   84   |
|   Memory  |    -   |    -   |    -   |
|Multiplexer|    1   |    -   |    9   |
|  Register |    -   |   34   |    -   |
+-----------+--------+--------+--------+
|   Total   |    1   |   34   |   93   |
+-----------+--------+--------+--------+
