

================================================================
== Vitis HLS Report for 'aes_invMain_Pipeline_createRoundKeyLoop1_createRoundKeyLoop24'
================================================================
* Date:           Thu Apr 25 11:55:52 2024

* Version:        2022.1 (Build 3526262 on Mon Apr 18 15:48:16 MDT 2022)
* Project:        AES_PM
* Solution:       solution1 (Vivado IP Flow Target)
* Product family: zynq
* Target device:  xc7z020-clg400-1


================================================================
== Performance Estimates
================================================================
+ Timing: 
    * Summary: 
    +--------+----------+----------+------------+
    |  Clock |  Target  | Estimated| Uncertainty|
    +--------+----------+----------+------------+
    |ap_clk  |  10.00 ns|  6.602 ns|     2.70 ns|
    +--------+----------+----------+------------+

+ Latency: 
    * Summary: 
    +---------+---------+----------+----------+-----+-----+---------+
    |  Latency (cycles) |  Latency (absolute) |  Interval | Pipeline|
    |   min   |   max   |    min   |    max   | min | max |   Type  |
    +---------+---------+----------+----------+-----+-----+---------+
    |       18|       18|  0.180 us|  0.180 us|   18|   18|       no|
    +---------+---------+----------+----------+-----+-----+---------+

    + Detail: 
        * Instance: 
        N/A

        * Loop: 
        +-------------------------------------------+---------+---------+----------+-----------+-----------+------+----------+
        |                                           |  Latency (cycles) | Iteration|  Initiation Interval  | Trip |          |
        |                 Loop Name                 |   min   |   max   |  Latency |  achieved |   target  | Count| Pipelined|
        +-------------------------------------------+---------+---------+----------+-----------+-----------+------+----------+
        |- createRoundKeyLoop1_createRoundKeyLoop2  |       16|       16|         2|          1|          1|    16|       yes|
        +-------------------------------------------+---------+---------+----------+-----------+-----------+------+----------+



================================================================
== Utilization Estimates
================================================================
* Summary: 
+-----------------+---------+-----+--------+-------+-----+
|       Name      | BRAM_18K| DSP |   FF   |  LUT  | URAM|
+-----------------+---------+-----+--------+-------+-----+
|DSP              |        -|    -|       -|      -|    -|
|Expression       |        -|    -|       0|     86|    -|
|FIFO             |        -|    -|       -|      -|    -|
|Instance         |        -|    -|       0|      9|    -|
|Memory           |        -|    -|       -|      -|    -|
|Multiplexer      |        -|    -|       -|     72|    -|
|Register         |        -|    -|      19|      -|    -|
+-----------------+---------+-----+--------+-------+-----+
|Total            |        0|    0|      19|    167|    0|
+-----------------+---------+-----+--------+-------+-----+
|Available        |      280|  220|  106400|  53200|    0|
+-----------------+---------+-----+--------+-------+-----+
|Utilization (%)  |        0|    0|      ~0|     ~0|    0|
+-----------------+---------+-----+--------+-------+-----+

+ Detail: 
    * Instance: 
    +-------------------+--------------+---------+----+---+----+-----+
    |      Instance     |    Module    | BRAM_18K| DSP| FF| LUT| URAM|
    +-------------------+--------------+---------+----+---+----+-----+
    |mux_21_8_1_1_U122  |mux_21_8_1_1  |        0|   0|  0|   9|    0|
    +-------------------+--------------+---------+----+---+----+-----+
    |Total              |              |        0|   0|  0|   9|    0|
    +-------------------+--------------+---------+----+---+----+-----+

    * DSP: 
    N/A

    * Memory: 
    N/A

    * FIFO: 
    N/A

    * Expression: 
    +--------------------------+----------+----+---+----+------------+------------+
    |       Variable Name      | Operation| DSP| FF| LUT| Bitwidth P0| Bitwidth P1|
    +--------------------------+----------+----+---+----+------------+------------+
    |add_ln436_2_fu_151_p2     |         +|   0|  0|  11|           3|           1|
    |add_ln436_fu_125_p2       |         +|   0|  0|  13|           5|           1|
    |add_ln440_fu_223_p2       |         +|   0|  0|  11|           3|           1|
    |add_ln442_2_fu_217_p2     |         +|   0|  0|  13|           4|           4|
    |add_ln442_fu_193_p2       |         +|   0|  0|  11|           3|           3|
    |icmp_ln436_fu_119_p2      |      icmp|   0|  0|  10|           5|           6|
    |icmp_ln440_fu_137_p2      |      icmp|   0|  0|   9|           3|           4|
    |select_ln436_2_fu_157_p3  |    select|   0|  0|   3|           1|           3|
    |select_ln436_fu_143_p3    |    select|   0|  0|   3|           1|           1|
    |ap_enable_pp0             |       xor|   0|  0|   2|           1|           2|
    +--------------------------+----------+----+---+----+------------+------------+
    |Total                     |          |   0|  0|  86|          29|          26|
    +--------------------------+----------+----+---+----+------------+------------+

    * Multiplexer: 
    +---------------------------------------+----+-----------+-----+-----------+
    |                  Name                 | LUT| Input Size| Bits| Total Bits|
    +---------------------------------------+----+-----------+-----+-----------+
    |ap_done_int                            |   9|          2|    1|          2|
    |ap_enable_reg_pp0_iter1                |   9|          2|    1|          2|
    |ap_sig_allocacmp_i_load                |   9|          2|    3|          6|
    |ap_sig_allocacmp_indvar_flatten6_load  |   9|          2|    5|         10|
    |ap_sig_allocacmp_j_load                |   9|          2|    3|          6|
    |i_fu_54                                |   9|          2|    3|          6|
    |indvar_flatten6_fu_58                  |   9|          2|    5|         10|
    |j_fu_50                                |   9|          2|    3|          6|
    +---------------------------------------+----+-----------+-----+-----------+
    |Total                                  |  72|         16|   24|         48|
    +---------------------------------------+----+-----------+-----+-----------+

    * Register: 
    +-------------------------+---+----+-----+-----------+
    |           Name          | FF| LUT| Bits| Const Bits|
    +-------------------------+---+----+-----+-----------+
    |add_ln442_2_reg_297      |  4|   0|    4|          0|
    |ap_CS_fsm                |  1|   0|    1|          0|
    |ap_done_reg              |  1|   0|    1|          0|
    |ap_enable_reg_pp0_iter1  |  1|   0|    1|          0|
    |i_fu_54                  |  3|   0|    3|          0|
    |indvar_flatten6_fu_58    |  5|   0|    5|          0|
    |j_fu_50                  |  3|   0|    3|          0|
    |trunc_ln440_reg_282      |  1|   0|    1|          0|
    +-------------------------+---+----+-----+-----------+
    |Total                    | 19|   0|   19|          0|
    +-------------------------+---+----+-----+-----------+



================================================================
== Interface
================================================================
* Summary: 
+------------------------+-----+-----+------------+---------------------------------------------------------------+--------------+
|        RTL Ports       | Dir | Bits|  Protocol  |                         Source Object                         |    C Type    |
+------------------------+-----+-----+------------+---------------------------------------------------------------+--------------+
|ap_clk                  |   in|    1|  ap_ctrl_hs|  aes_invMain_Pipeline_createRoundKeyLoop1_createRoundKeyLoop24|  return value|
|ap_rst                  |   in|    1|  ap_ctrl_hs|  aes_invMain_Pipeline_createRoundKeyLoop1_createRoundKeyLoop24|  return value|
|ap_start                |   in|    1|  ap_ctrl_hs|  aes_invMain_Pipeline_createRoundKeyLoop1_createRoundKeyLoop24|  return value|
|ap_done                 |  out|    1|  ap_ctrl_hs|  aes_invMain_Pipeline_createRoundKeyLoop1_createRoundKeyLoop24|  return value|
|ap_idle                 |  out|    1|  ap_ctrl_hs|  aes_invMain_Pipeline_createRoundKeyLoop1_createRoundKeyLoop24|  return value|
|ap_ready                |  out|    1|  ap_ctrl_hs|  aes_invMain_Pipeline_createRoundKeyLoop1_createRoundKeyLoop24|  return value|
|expandedKey_0_address0  |  out|    7|   ap_memory|                                                  expandedKey_0|         array|
|expandedKey_0_ce0       |  out|    1|   ap_memory|                                                  expandedKey_0|         array|
|expandedKey_0_q0        |   in|    8|   ap_memory|                                                  expandedKey_0|         array|
|expandedKey_1_address0  |  out|    7|   ap_memory|                                                  expandedKey_1|         array|
|expandedKey_1_ce0       |  out|    1|   ap_memory|                                                  expandedKey_1|         array|
|expandedKey_1_q0        |   in|    8|   ap_memory|                                                  expandedKey_1|         array|
|roundKey_address0       |  out|    4|   ap_memory|                                                       roundKey|         array|
|roundKey_ce0            |  out|    1|   ap_memory|                                                       roundKey|         array|
|roundKey_we0            |  out|    1|   ap_memory|                                                       roundKey|         array|
|roundKey_d0             |  out|    8|   ap_memory|                                                       roundKey|         array|
+------------------------+-----+-----+------------+---------------------------------------------------------------+--------------+

============================================================
+ Verbose Summary: Synthesis Manager
============================================================
InlineROM: 1
ExposeGlobal: 0
============================================================
+ Verbose Summary: CDFG Model
============================================================
IsTopModel: 0
ResetActiveHigh: 1
IsCombinational: 2
IsDatapathOnly: 2
HasWiredReturn: 1
HasMFsm: 2
HasVarLatency: 1
IsPipeline: 0
IsRtlPipelined: 0
IsInstanceOverlapped: 0
IsDontTouch: 0
HasImplIP: 0
IsGatedGlobalClock: 0

+ Individual pipeline summary: 
  * Pipeline-0: initiation interval (II) = 1, depth = 2


============================================================
+ Verbose Summary: Schedule
============================================================
* Number of FSM states : 2
* Pipeline : 1
  Pipeline-0 : II = 1, D = 2, States = { 1 2 }
* Dataflow Pipeline: 0

* FSM state transitions: 
1 --> 2 
2 --> 

* FSM state operations: 

State 1 <SV = 0> <Delay = 6.60>
ST_1 : Operation 5 [1/1] (0.00ns)   --->   "%j = alloca i32 1"   --->   Operation 5 'alloca' 'j' <Predicate = true> <Delay = 0.00>
ST_1 : Operation 6 [1/1] (0.00ns)   --->   "%i = alloca i32 1"   --->   Operation 6 'alloca' 'i' <Predicate = true> <Delay = 0.00>
ST_1 : Operation 7 [1/1] (0.00ns)   --->   "%indvar_flatten6 = alloca i32 1"   --->   Operation 7 'alloca' 'indvar_flatten6' <Predicate = true> <Delay = 0.00>
ST_1 : Operation 8 [1/1] (1.58ns)   --->   "%store_ln0 = store i5 0, i5 %indvar_flatten6"   --->   Operation 8 'store' 'store_ln0' <Predicate = true> <Delay = 1.58>
ST_1 : Operation 9 [1/1] (1.58ns)   --->   "%store_ln0 = store i3 0, i3 %i"   --->   Operation 9 'store' 'store_ln0' <Predicate = true> <Delay = 1.58>
ST_1 : Operation 10 [1/1] (1.58ns)   --->   "%store_ln0 = store i3 0, i3 %j"   --->   Operation 10 'store' 'store_ln0' <Predicate = true> <Delay = 1.58>
ST_1 : Operation 11 [1/1] (0.00ns)   --->   "%br_ln0 = br void %for.inc.i39"   --->   Operation 11 'br' 'br_ln0' <Predicate = true> <Delay = 0.00>
ST_1 : Operation 12 [1/1] (0.00ns)   --->   "%indvar_flatten6_load = load i5 %indvar_flatten6" [Downloads/aes_axis.cpp:436]   --->   Operation 12 'load' 'indvar_flatten6_load' <Predicate = true> <Delay = 0.00>
ST_1 : Operation 13 [1/1] (1.36ns)   --->   "%icmp_ln436 = icmp_eq  i5 %indvar_flatten6_load, i5 16" [Downloads/aes_axis.cpp:436]   --->   Operation 13 'icmp' 'icmp_ln436' <Predicate = true> <Delay = 1.36> <CoreInst = "Cmp">   --->   Core 9 'Cmp' <Latency = 0> <II = 1> <Delay = 1.42> <FuncUnit> <Opcode : 'icmp'> <InPorts = 2> <OutPorts = 1>
ST_1 : Operation 14 [1/1] (1.78ns)   --->   "%add_ln436 = add i5 %indvar_flatten6_load, i5 1" [Downloads/aes_axis.cpp:436]   --->   Operation 14 'add' 'add_ln436' <Predicate = true> <Delay = 1.78> <CoreInst = "Adder">   --->   Core 1 'Adder' <Latency = 0> <II = 1> <Delay = 1.78> <FuncUnit> <Opcode : 'add' 'sub'> <InPorts = 2> <OutPorts = 1>
ST_1 : Operation 15 [1/1] (0.00ns)   --->   "%br_ln436 = br i1 %icmp_ln436, void %for.inc8.i42, void %_Z14createRoundKeyPhS_.exit43.exitStub" [Downloads/aes_axis.cpp:436]   --->   Operation 15 'br' 'br_ln436' <Predicate = true> <Delay = 0.00>
ST_1 : Operation 16 [1/1] (0.00ns)   --->   "%j_load = load i3 %j" [Downloads/aes_axis.cpp:440]   --->   Operation 16 'load' 'j_load' <Predicate = (!icmp_ln436)> <Delay = 0.00>
ST_1 : Operation 17 [1/1] (0.00ns)   --->   "%i_load = load i3 %i" [Downloads/aes_axis.cpp:436]   --->   Operation 17 'load' 'i_load' <Predicate = (!icmp_ln436)> <Delay = 0.00>
ST_1 : Operation 18 [1/1] (1.13ns)   --->   "%icmp_ln440 = icmp_eq  i3 %j_load, i3 4" [Downloads/aes_axis.cpp:440]   --->   Operation 18 'icmp' 'icmp_ln440' <Predicate = (!icmp_ln436)> <Delay = 1.13> <CoreInst = "Cmp">   --->   Core 9 'Cmp' <Latency = 0> <II = 1> <Delay = 1.30> <FuncUnit> <Opcode : 'icmp'> <InPorts = 2> <OutPorts = 1>
ST_1 : Operation 19 [1/1] (0.98ns)   --->   "%select_ln436 = select i1 %icmp_ln440, i3 0, i3 %j_load" [Downloads/aes_axis.cpp:436]   --->   Operation 19 'select' 'select_ln436' <Predicate = (!icmp_ln436)> <Delay = 0.98> <CoreInst = "Sel">   --->   Core 73 'Sel' <Latency = 0> <II = 1> <Delay = 0.98> <FuncUnit> <Opcode : 'select'> <InPorts = 3> <OutPorts = 1>
ST_1 : Operation 20 [1/1] (1.65ns)   --->   "%add_ln436_2 = add i3 %i_load, i3 1" [Downloads/aes_axis.cpp:436]   --->   Operation 20 'add' 'add_ln436_2' <Predicate = (!icmp_ln436)> <Delay = 1.65> <CoreInst = "Adder">   --->   Core 1 'Adder' <Latency = 0> <II = 1> <Delay = 1.65> <FuncUnit> <Opcode : 'add' 'sub'> <InPorts = 2> <OutPorts = 1>
ST_1 : Operation 21 [1/1] (0.98ns)   --->   "%select_ln436_2 = select i1 %icmp_ln440, i3 %add_ln436_2, i3 %i_load" [Downloads/aes_axis.cpp:436]   --->   Operation 21 'select' 'select_ln436_2' <Predicate = (!icmp_ln436)> <Delay = 0.98> <CoreInst = "Sel">   --->   Core 73 'Sel' <Latency = 0> <II = 1> <Delay = 0.98> <FuncUnit> <Opcode : 'select'> <InPorts = 3> <OutPorts = 1>
ST_1 : Operation 22 [1/1] (0.00ns)   --->   "%zext_ln436 = zext i3 %select_ln436_2" [Downloads/aes_axis.cpp:436]   --->   Operation 22 'zext' 'zext_ln436' <Predicate = (!icmp_ln436)> <Delay = 0.00>
ST_1 : Operation 23 [1/1] (0.00ns) (grouped into LUT with out node add_ln442)   --->   "%shl_ln436 = shl i3 %select_ln436_2, i3 1" [Downloads/aes_axis.cpp:436]   --->   Operation 23 'shl' 'shl_ln436' <Predicate = (!icmp_ln436)> <Delay = 0.00>
ST_1 : Operation 24 [1/1] (0.00ns)   --->   "%trunc_ln440 = trunc i3 %select_ln436" [Downloads/aes_axis.cpp:440]   --->   Operation 24 'trunc' 'trunc_ln440' <Predicate = (!icmp_ln436)> <Delay = 0.00>
ST_1 : Operation 25 [1/1] (0.00ns) (grouped into LUT with out node add_ln442)   --->   "%lshr_ln442_2 = partselect i2 @_ssdm_op_PartSelect.i2.i3.i32.i32, i3 %select_ln436, i32 1, i32 2" [Downloads/aes_axis.cpp:442]   --->   Operation 25 'partselect' 'lshr_ln442_2' <Predicate = (!icmp_ln436)> <Delay = 0.00>
ST_1 : Operation 26 [1/1] (0.00ns) (grouped into LUT with out node add_ln442)   --->   "%zext_ln442 = zext i2 %lshr_ln442_2" [Downloads/aes_axis.cpp:442]   --->   Operation 26 'zext' 'zext_ln442' <Predicate = (!icmp_ln436)> <Delay = 0.00>
ST_1 : Operation 27 [1/1] (1.65ns) (out node of the LUT)   --->   "%add_ln442 = add i3 %zext_ln442, i3 %shl_ln436" [Downloads/aes_axis.cpp:442]   --->   Operation 27 'add' 'add_ln442' <Predicate = (!icmp_ln436)> <Delay = 1.65> <CoreInst = "Adder">   --->   Core 1 'Adder' <Latency = 0> <II = 1> <Delay = 1.65> <FuncUnit> <Opcode : 'add' 'sub'> <InPorts = 2> <OutPorts = 1>
ST_1 : Operation 28 [1/1] (0.00ns)   --->   "%zext_ln442_9 = zext i3 %add_ln442" [Downloads/aes_axis.cpp:442]   --->   Operation 28 'zext' 'zext_ln442_9' <Predicate = (!icmp_ln436)> <Delay = 0.00>
ST_1 : Operation 29 [1/1] (0.00ns)   --->   "%expandedKey_0_addr = getelementptr i8 %expandedKey_0, i64 0, i64 %zext_ln442_9" [Downloads/aes_axis.cpp:442]   --->   Operation 29 'getelementptr' 'expandedKey_0_addr' <Predicate = (!icmp_ln436)> <Delay = 0.00>
ST_1 : Operation 30 [1/1] (0.00ns)   --->   "%expandedKey_1_addr = getelementptr i8 %expandedKey_1, i64 0, i64 %zext_ln442_9" [Downloads/aes_axis.cpp:442]   --->   Operation 30 'getelementptr' 'expandedKey_1_addr' <Predicate = (!icmp_ln436)> <Delay = 0.00>
ST_1 : Operation 31 [2/2] (2.32ns)   --->   "%expandedKey_0_load = load i7 %expandedKey_0_addr" [Downloads/aes_axis.cpp:442]   --->   Operation 31 'load' 'expandedKey_0_load' <Predicate = (!icmp_ln436)> <Delay = 2.32> <CoreInst = "RAM">   --->   Core 82 'RAM' <Latency = 1> <II = 1> <Delay = 2.32> <Storage> <Opcode : 'load' 'store'> <Ports = 2> <Width = 8> <Depth = 120> <RAM>
ST_1 : Operation 32 [2/2] (2.32ns)   --->   "%expandedKey_1_load = load i7 %expandedKey_1_addr" [Downloads/aes_axis.cpp:442]   --->   Operation 32 'load' 'expandedKey_1_load' <Predicate = (!icmp_ln436)> <Delay = 2.32> <CoreInst = "RAM">   --->   Core 82 'RAM' <Latency = 1> <II = 1> <Delay = 2.32> <Storage> <Opcode : 'load' 'store'> <Ports = 2> <Width = 8> <Depth = 120> <RAM>
ST_1 : Operation 33 [1/1] (0.00ns)   --->   "%trunc_ln442 = trunc i3 %select_ln436" [Downloads/aes_axis.cpp:442]   --->   Operation 33 'trunc' 'trunc_ln442' <Predicate = (!icmp_ln436)> <Delay = 0.00>
ST_1 : Operation 34 [1/1] (0.00ns)   --->   "%shl_ln442_5 = bitconcatenate i4 @_ssdm_op_BitConcatenate.i4.i2.i2, i2 %trunc_ln442, i2 0" [Downloads/aes_axis.cpp:442]   --->   Operation 34 'bitconcatenate' 'shl_ln442_5' <Predicate = (!icmp_ln436)> <Delay = 0.00>
ST_1 : Operation 35 [1/1] (1.73ns)   --->   "%add_ln442_2 = add i4 %shl_ln442_5, i4 %zext_ln436" [Downloads/aes_axis.cpp:442]   --->   Operation 35 'add' 'add_ln442_2' <Predicate = (!icmp_ln436)> <Delay = 1.73> <CoreInst = "Adder">   --->   Core 1 'Adder' <Latency = 0> <II = 1> <Delay = 1.73> <FuncUnit> <Opcode : 'add' 'sub'> <InPorts = 2> <OutPorts = 1>
ST_1 : Operation 36 [1/1] (1.65ns)   --->   "%add_ln440 = add i3 %select_ln436, i3 1" [Downloads/aes_axis.cpp:440]   --->   Operation 36 'add' 'add_ln440' <Predicate = (!icmp_ln436)> <Delay = 1.65> <CoreInst = "Adder">   --->   Core 1 'Adder' <Latency = 0> <II = 1> <Delay = 1.65> <FuncUnit> <Opcode : 'add' 'sub'> <InPorts = 2> <OutPorts = 1>
ST_1 : Operation 37 [1/1] (1.58ns)   --->   "%store_ln440 = store i5 %add_ln436, i5 %indvar_flatten6" [Downloads/aes_axis.cpp:440]   --->   Operation 37 'store' 'store_ln440' <Predicate = (!icmp_ln436)> <Delay = 1.58>
ST_1 : Operation 38 [1/1] (1.58ns)   --->   "%store_ln440 = store i3 %select_ln436_2, i3 %i" [Downloads/aes_axis.cpp:440]   --->   Operation 38 'store' 'store_ln440' <Predicate = (!icmp_ln436)> <Delay = 1.58>
ST_1 : Operation 39 [1/1] (1.58ns)   --->   "%store_ln440 = store i3 %add_ln440, i3 %j" [Downloads/aes_axis.cpp:440]   --->   Operation 39 'store' 'store_ln440' <Predicate = (!icmp_ln436)> <Delay = 1.58>
ST_1 : Operation 51 [1/1] (0.00ns)   --->   "%ret_ln0 = ret"   --->   Operation 51 'ret' 'ret_ln0' <Predicate = (icmp_ln436)> <Delay = 0.00>

State 2 <SV = 1> <Delay = 6.23>
ST_2 : Operation 40 [1/1] (0.00ns)   --->   "%specloopname_ln0 = specloopname void @_ssdm_op_SpecLoopName, void @createRoundKeyLoop1_createRoundKeyLoop2_str"   --->   Operation 40 'specloopname' 'specloopname_ln0' <Predicate = true> <Delay = 0.00>
ST_2 : Operation 41 [1/1] (0.00ns)   --->   "%speclooptripcount_ln0 = speclooptripcount void @_ssdm_op_SpecLoopTripCount, i64 16, i64 16, i64 16"   --->   Operation 41 'speclooptripcount' 'speclooptripcount_ln0' <Predicate = true> <Delay = 0.00>
ST_2 : Operation 42 [1/1] (0.00ns)   --->   "%specpipeline_ln441 = specpipeline void @_ssdm_op_SpecPipeline, i32 4294967295, i32 0, i32 0, i32 0, void @empty_16" [Downloads/aes_axis.cpp:441]   --->   Operation 42 'specpipeline' 'specpipeline_ln441' <Predicate = true> <Delay = 0.00>
ST_2 : Operation 43 [1/1] (0.00ns)   --->   "%specloopname_ln433 = specloopname void @_ssdm_op_SpecLoopName, void @empty_7" [Downloads/aes_axis.cpp:433]   --->   Operation 43 'specloopname' 'specloopname_ln433' <Predicate = true> <Delay = 0.00>
ST_2 : Operation 44 [1/2] (2.32ns)   --->   "%expandedKey_0_load = load i7 %expandedKey_0_addr" [Downloads/aes_axis.cpp:442]   --->   Operation 44 'load' 'expandedKey_0_load' <Predicate = true> <Delay = 2.32> <CoreInst = "RAM">   --->   Core 82 'RAM' <Latency = 1> <II = 1> <Delay = 2.32> <Storage> <Opcode : 'load' 'store'> <Ports = 2> <Width = 8> <Depth = 120> <RAM>
ST_2 : Operation 45 [1/2] (2.32ns)   --->   "%expandedKey_1_load = load i7 %expandedKey_1_addr" [Downloads/aes_axis.cpp:442]   --->   Operation 45 'load' 'expandedKey_1_load' <Predicate = true> <Delay = 2.32> <CoreInst = "RAM">   --->   Core 82 'RAM' <Latency = 1> <II = 1> <Delay = 2.32> <Storage> <Opcode : 'load' 'store'> <Ports = 2> <Width = 8> <Depth = 120> <RAM>
ST_2 : Operation 46 [1/1] (1.58ns)   --->   "%tmp_s = mux i8 @_ssdm_op_Mux.ap_auto.2i8.i1, i8 %expandedKey_0_load, i8 %expandedKey_1_load, i1 %trunc_ln440" [Downloads/aes_axis.cpp:442]   --->   Operation 46 'mux' 'tmp_s' <Predicate = true> <Delay = 1.58> <CoreInst = "Multiplexer">   --->   Core 76 'Multiplexer' <Latency = 0> <II = 1> <Delay = 1.58> <FuncUnit> <Opcode : 'mux'> <InPorts = 2> <OutPorts = 1>
ST_2 : Operation 47 [1/1] (0.00ns)   --->   "%zext_ln442_10 = zext i4 %add_ln442_2" [Downloads/aes_axis.cpp:442]   --->   Operation 47 'zext' 'zext_ln442_10' <Predicate = true> <Delay = 0.00>
ST_2 : Operation 48 [1/1] (0.00ns)   --->   "%roundKey_addr = getelementptr i8 %roundKey, i64 0, i64 %zext_ln442_10" [Downloads/aes_axis.cpp:442]   --->   Operation 48 'getelementptr' 'roundKey_addr' <Predicate = true> <Delay = 0.00>
ST_2 : Operation 49 [1/1] (2.32ns)   --->   "%store_ln442 = store i8 %tmp_s, i4 %roundKey_addr" [Downloads/aes_axis.cpp:442]   --->   Operation 49 'store' 'store_ln442' <Predicate = true> <Delay = 2.32> <CoreInst = "RAM">   --->   Core 82 'RAM' <Latency = 1> <II = 1> <Delay = 2.32> <Storage> <Opcode : 'load' 'store'> <Ports = 2> <Width = 8> <Depth = 16> <RAM>
ST_2 : Operation 50 [1/1] (0.00ns)   --->   "%br_ln440 = br void %for.inc.i39" [Downloads/aes_axis.cpp:440]   --->   Operation 50 'br' 'br_ln440' <Predicate = true> <Delay = 0.00>


============================================================
+ Verbose Summary: Binding
============================================================
STG Binding: 
---------------- STG Properties BEGIN ----------------
- Is combinational: 0
- Is one-state seq: 0
- Is datapath-only: 0
- Is pipelined: 0
- Is top level: 0
Port [ Return ] is wired: 1; IO mode=ap_ctrl_hs:ce=0
Port [ expandedKey_0]:  wired=1; compound=1; hidden=0; nouse=0; global=0; static=0; extern=0; dir=0; type=1; pingpong=0; private_global=0; MemPort=[13]; IO mode=ap_memory:ce=0
Port [ expandedKey_1]:  wired=1; compound=1; hidden=0; nouse=0; global=0; static=0; extern=0; dir=0; type=1; pingpong=0; private_global=0; MemPort=[13]; IO mode=ap_memory:ce=0
Port [ roundKey]:  wired=1; compound=1; hidden=0; nouse=0; global=0; static=0; extern=0; dir=1; type=1; pingpong=0; private_global=0; MemPort=[03]; IO mode=ap_memory:ce=0
---------------- STG Properties END ------------------

---------------- Datapath Model BEGIN ----------------

<LifeTime>
<method=bitvector/>
j                     (alloca           ) [ 010]
i                     (alloca           ) [ 010]
indvar_flatten6       (alloca           ) [ 010]
store_ln0             (store            ) [ 000]
store_ln0             (store            ) [ 000]
store_ln0             (store            ) [ 000]
br_ln0                (br               ) [ 000]
indvar_flatten6_load  (load             ) [ 000]
icmp_ln436            (icmp             ) [ 010]
add_ln436             (add              ) [ 000]
br_ln436              (br               ) [ 000]
j_load                (load             ) [ 000]
i_load                (load             ) [ 000]
icmp_ln440            (icmp             ) [ 000]
select_ln436          (select           ) [ 000]
add_ln436_2           (add              ) [ 000]
select_ln436_2        (select           ) [ 000]
zext_ln436            (zext             ) [ 000]
shl_ln436             (shl              ) [ 000]
trunc_ln440           (trunc            ) [ 011]
lshr_ln442_2          (partselect       ) [ 000]
zext_ln442            (zext             ) [ 000]
add_ln442             (add              ) [ 000]
zext_ln442_9          (zext             ) [ 000]
expandedKey_0_addr    (getelementptr    ) [ 011]
expandedKey_1_addr    (getelementptr    ) [ 011]
trunc_ln442           (trunc            ) [ 000]
shl_ln442_5           (bitconcatenate   ) [ 000]
add_ln442_2           (add              ) [ 011]
add_ln440             (add              ) [ 000]
store_ln440           (store            ) [ 000]
store_ln440           (store            ) [ 000]
store_ln440           (store            ) [ 000]
specloopname_ln0      (specloopname     ) [ 000]
speclooptripcount_ln0 (speclooptripcount) [ 000]
specpipeline_ln441    (specpipeline     ) [ 000]
specloopname_ln433    (specloopname     ) [ 000]
expandedKey_0_load    (load             ) [ 000]
expandedKey_1_load    (load             ) [ 000]
tmp_s                 (mux              ) [ 000]
zext_ln442_10         (zext             ) [ 000]
roundKey_addr         (getelementptr    ) [ 000]
store_ln442           (store            ) [ 000]
br_ln440              (br               ) [ 000]
ret_ln0               (ret              ) [ 000]
</LifeTime>

<model>

<comp_list>
<comp id="0" class="1000" name="expandedKey_0">
<pin_list>
<pin id="1" dir="1" index="0" bw="1" slack="0"/>
</pin_list>
<bind>
<StgValue><ssdm name="expandedKey_0"/><MemPortTyVec>1 3 </MemPortTyVec>
</StgValue>
</bind>
</comp>

<comp id="2" class="1000" name="expandedKey_1">
<pin_list>
<pin id="3" dir="1" index="0" bw="1" slack="0"/>
</pin_list>
<bind>
<StgValue><ssdm name="expandedKey_1"/><MemPortTyVec>1 3 </MemPortTyVec>
</StgValue>
</bind>
</comp>

<comp id="4" class="1000" name="roundKey">
<pin_list>
<pin id="5" dir="1" index="0" bw="1" slack="0"/>
</pin_list>
<bind>
<StgValue><ssdm name="roundKey"/><MemPortTyVec>0 3 </MemPortTyVec>
</StgValue>
</bind>
</comp>

<comp id="6" class="1001" name="const_6">
<pin_list>
<pin id="7" dir="1" index="0" bw="1" slack="0"/>
</pin_list>
<bind>
<StgValue><ssdm name=""/></StgValue>
</bind>
</comp>

<comp id="8" class="1001" name="const_8">
<pin_list>
<pin id="9" dir="1" index="0" bw="1" slack="0"/>
</pin_list>
<bind>
<StgValue><ssdm name=""/></StgValue>
</bind>
</comp>

<comp id="10" class="1001" name="const_10">
<pin_list>
<pin id="11" dir="1" index="0" bw="1" slack="0"/>
</pin_list>
<bind>
<StgValue><ssdm name=""/></StgValue>
</bind>
</comp>

<comp id="12" class="1001" name="const_12">
<pin_list>
<pin id="13" dir="1" index="0" bw="1" slack="0"/>
</pin_list>
<bind>
<StgValue><ssdm name=""/></StgValue>
</bind>
</comp>

<comp id="14" class="1001" name="const_14">
<pin_list>
<pin id="15" dir="1" index="0" bw="1" slack="0"/>
</pin_list>
<bind>
<StgValue><ssdm name=""/></StgValue>
</bind>
</comp>

<comp id="16" class="1001" name="const_16">
<pin_list>
<pin id="17" dir="1" index="0" bw="1" slack="0"/>
</pin_list>
<bind>
<StgValue><ssdm name=""/></StgValue>
</bind>
</comp>

<comp id="18" class="1001" name="const_18">
<pin_list>
<pin id="19" dir="1" index="0" bw="1" slack="0"/>
</pin_list>
<bind>
<StgValue><ssdm name=""/></StgValue>
</bind>
</comp>

<comp id="20" class="1001" name="const_20">
<pin_list>
<pin id="21" dir="1" index="0" bw="1" slack="0"/>
</pin_list>
<bind>
<StgValue><ssdm name="_ssdm_op_PartSelect.i2.i3.i32.i32"/></StgValue>
</bind>
</comp>

<comp id="22" class="1001" name="const_22">
<pin_list>
<pin id="23" dir="1" index="0" bw="1" slack="0"/>
</pin_list>
<bind>
<StgValue><ssdm name=""/></StgValue>
</bind>
</comp>

<comp id="24" class="1001" name="const_24">
<pin_list>
<pin id="25" dir="1" index="0" bw="1" slack="0"/>
</pin_list>
<bind>
<StgValue><ssdm name=""/></StgValue>
</bind>
</comp>

<comp id="26" class="1001" name="const_26">
<pin_list>
<pin id="27" dir="1" index="0" bw="1" slack="0"/>
</pin_list>
<bind>
<StgValue><ssdm name="_ssdm_op_BitConcatenate.i4.i2.i2"/></StgValue>
</bind>
</comp>

<comp id="28" class="1001" name="const_28">
<pin_list>
<pin id="29" dir="1" index="0" bw="1" slack="0"/>
</pin_list>
<bind>
<StgValue><ssdm name=""/></StgValue>
</bind>
</comp>

<comp id="30" class="1001" name="const_30">
<pin_list>
<pin id="31" dir="1" index="0" bw="1" slack="2147483647"/>
</pin_list>
<bind>
<StgValue><ssdm name="_ssdm_op_SpecLoopName"/></StgValue>
</bind>
</comp>

<comp id="32" class="1001" name="const_32">
<pin_list>
<pin id="33" dir="1" index="0" bw="1" slack="2147483647"/>
</pin_list>
<bind>
<StgValue><ssdm name="createRoundKeyLoop1_createRoundKeyLoop2_str"/></StgValue>
</bind>
</comp>

<comp id="34" class="1001" name="const_34">
<pin_list>
<pin id="35" dir="1" index="0" bw="1" slack="2147483647"/>
</pin_list>
<bind>
<StgValue><ssdm name="_ssdm_op_SpecLoopTripCount"/></StgValue>
</bind>
</comp>

<comp id="36" class="1001" name="const_36">
<pin_list>
<pin id="37" dir="1" index="0" bw="1" slack="2147483647"/>
</pin_list>
<bind>
<StgValue><ssdm name=""/></StgValue>
</bind>
</comp>

<comp id="38" class="1001" name="const_38">
<pin_list>
<pin id="39" dir="1" index="0" bw="1" slack="2147483647"/>
</pin_list>
<bind>
<StgValue><ssdm name="_ssdm_op_SpecPipeline"/></StgValue>
</bind>
</comp>

<comp id="40" class="1001" name="const_40">
<pin_list>
<pin id="41" dir="1" index="0" bw="1" slack="2147483647"/>
</pin_list>
<bind>
<StgValue><ssdm name=""/></StgValue>
</bind>
</comp>

<comp id="42" class="1001" name="const_42">
<pin_list>
<pin id="43" dir="1" index="0" bw="1" slack="2147483647"/>
</pin_list>
<bind>
<StgValue><ssdm name=""/></StgValue>
</bind>
</comp>

<comp id="44" class="1001" name="const_44">
<pin_list>
<pin id="45" dir="1" index="0" bw="1" slack="2147483647"/>
</pin_list>
<bind>
<StgValue><ssdm name="empty_16"/></StgValue>
</bind>
</comp>

<comp id="46" class="1001" name="const_46">
<pin_list>
<pin id="47" dir="1" index="0" bw="1" slack="2147483647"/>
</pin_list>
<bind>
<StgValue><ssdm name="empty_7"/></StgValue>
</bind>
</comp>

<comp id="48" class="1001" name="const_48">
<pin_list>
<pin id="49" dir="1" index="0" bw="1" slack="0"/>
</pin_list>
<bind>
<StgValue><ssdm name="_ssdm_op_Mux.ap_auto.2i8.i1"/></StgValue>
</bind>
</comp>

<comp id="50" class="1004" name="j_fu_50">
<pin_list>
<pin id="51" dir="0" index="0" bw="1" slack="0"/>
<pin id="52" dir="1" index="1" bw="3" slack="0"/>
</pin_list>
<bind>
<opcode="alloca(26) " fcode="alloca"/>
<opset="j/1 "/>
</bind>
</comp>

<comp id="54" class="1004" name="i_fu_54">
<pin_list>
<pin id="55" dir="0" index="0" bw="1" slack="0"/>
<pin id="56" dir="1" index="1" bw="3" slack="0"/>
</pin_list>
<bind>
<opcode="alloca(26) " fcode="alloca"/>
<opset="i/1 "/>
</bind>
</comp>

<comp id="58" class="1004" name="indvar_flatten6_fu_58">
<pin_list>
<pin id="59" dir="0" index="0" bw="1" slack="0"/>
<pin id="60" dir="1" index="1" bw="5" slack="0"/>
</pin_list>
<bind>
<opcode="alloca(26) " fcode="alloca"/>
<opset="indvar_flatten6/1 "/>
</bind>
</comp>

<comp id="62" class="1004" name="expandedKey_0_addr_gep_fu_62">
<pin_list>
<pin id="63" dir="0" index="0" bw="8" slack="0"/>
<pin id="64" dir="0" index="1" bw="1" slack="0"/>
<pin id="65" dir="0" index="2" bw="3" slack="0"/>
<pin id="66" dir="1" index="3" bw="7" slack="0"/>
</pin_list>
<bind>
<opcode="getelementptr(29) " fcode="getelementptr"/>
<opset="expandedKey_0_addr/1 "/>
</bind>
</comp>

<comp id="69" class="1004" name="expandedKey_1_addr_gep_fu_69">
<pin_list>
<pin id="70" dir="0" index="0" bw="8" slack="0"/>
<pin id="71" dir="0" index="1" bw="1" slack="0"/>
<pin id="72" dir="0" index="2" bw="3" slack="0"/>
<pin id="73" dir="1" index="3" bw="7" slack="0"/>
</pin_list>
<bind>
<opcode="getelementptr(29) " fcode="getelementptr"/>
<opset="expandedKey_1_addr/1 "/>
</bind>
</comp>

<comp id="76" class="1004" name="grp_access_fu_76">
<pin_list>
<pin id="77" dir="0" index="0" bw="7" slack="0"/>
<pin id="78" dir="0" index="1" bw="8" slack="2147483647"/>
<pin id="79" dir="0" index="2" bw="0" slack="2147483647"/>
<pin id="80" dir="1" index="3" bw="8" slack="0"/>
</pin_list>
<bind>
<opcode="load(27) " fcode="load"/>
<opset="expandedKey_0_load/1 "/>
</bind>
</comp>

<comp id="82" class="1004" name="grp_access_fu_82">
<pin_list>
<pin id="83" dir="0" index="0" bw="7" slack="0"/>
<pin id="84" dir="0" index="1" bw="8" slack="2147483647"/>
<pin id="85" dir="0" index="2" bw="0" slack="2147483647"/>
<pin id="86" dir="1" index="3" bw="8" slack="0"/>
</pin_list>
<bind>
<opcode="load(27) " fcode="load"/>
<opset="expandedKey_1_load/1 "/>
</bind>
</comp>

<comp id="88" class="1004" name="roundKey_addr_gep_fu_88">
<pin_list>
<pin id="89" dir="0" index="0" bw="8" slack="0"/>
<pin id="90" dir="0" index="1" bw="1" slack="0"/>
<pin id="91" dir="0" index="2" bw="4" slack="0"/>
<pin id="92" dir="1" index="3" bw="4" slack="0"/>
</pin_list>
<bind>
<opcode="getelementptr(29) " fcode="getelementptr"/>
<opset="roundKey_addr/2 "/>
</bind>
</comp>

<comp id="95" class="1004" name="store_ln442_access_fu_95">
<pin_list>
<pin id="96" dir="0" index="0" bw="4" slack="0"/>
<pin id="97" dir="0" index="1" bw="8" slack="0"/>
<pin id="98" dir="0" index="2" bw="0" slack="2147483647"/>
<pin id="99" dir="1" index="3" bw="8" slack="2147483647"/>
</pin_list>
<bind>
<opcode="store(28) " fcode="store"/>
<opset="store_ln442/2 "/>
</bind>
</comp>

<comp id="101" class="1004" name="store_ln0_store_fu_101">
<pin_list>
<pin id="102" dir="0" index="0" bw="1" slack="0"/>
<pin id="103" dir="0" index="1" bw="5" slack="0"/>
<pin id="104" dir="1" index="2" bw="0" slack="2147483647"/>
</pin_list>
<bind>
<opcode="store(28) " fcode="store"/>
<opset="store_ln0/1 "/>
</bind>
</comp>

<comp id="106" class="1004" name="store_ln0_store_fu_106">
<pin_list>
<pin id="107" dir="0" index="0" bw="1" slack="0"/>
<pin id="108" dir="0" index="1" bw="3" slack="0"/>
<pin id="109" dir="1" index="2" bw="0" slack="2147483647"/>
</pin_list>
<bind>
<opcode="store(28) " fcode="store"/>
<opset="store_ln0/1 "/>
</bind>
</comp>

<comp id="111" class="1004" name="store_ln0_store_fu_111">
<pin_list>
<pin id="112" dir="0" index="0" bw="1" slack="0"/>
<pin id="113" dir="0" index="1" bw="3" slack="0"/>
<pin id="114" dir="1" index="2" bw="0" slack="2147483647"/>
</pin_list>
<bind>
<opcode="store(28) " fcode="store"/>
<opset="store_ln0/1 "/>
</bind>
</comp>

<comp id="116" class="1004" name="indvar_flatten6_load_load_fu_116">
<pin_list>
<pin id="117" dir="0" index="0" bw="5" slack="0"/>
<pin id="118" dir="1" index="1" bw="5" slack="0"/>
</pin_list>
<bind>
<opcode="load(27) " fcode="load"/>
<opset="indvar_flatten6_load/1 "/>
</bind>
</comp>

<comp id="119" class="1004" name="icmp_ln436_fu_119">
<pin_list>
<pin id="120" dir="0" index="0" bw="5" slack="0"/>
<pin id="121" dir="0" index="1" bw="5" slack="0"/>
<pin id="122" dir="1" index="2" bw="1" slack="2147483647"/>
</pin_list>
<bind>
<opcode="icmp(45) " fcode="icmp"/>
<opset="icmp_ln436/1 "/>
</bind>
</comp>

<comp id="125" class="1004" name="add_ln436_fu_125">
<pin_list>
<pin id="126" dir="0" index="0" bw="5" slack="0"/>
<pin id="127" dir="0" index="1" bw="1" slack="0"/>
<pin id="128" dir="1" index="2" bw="5" slack="0"/>
</pin_list>
<bind>
<opcode="add(8) " fcode="add"/>
<opset="add_ln436/1 "/>
</bind>
</comp>

<comp id="131" class="1004" name="j_load_load_fu_131">
<pin_list>
<pin id="132" dir="0" index="0" bw="3" slack="0"/>
<pin id="133" dir="1" index="1" bw="3" slack="0"/>
</pin_list>
<bind>
<opcode="load(27) " fcode="load"/>
<opset="j_load/1 "/>
</bind>
</comp>

<comp id="134" class="1004" name="i_load_load_fu_134">
<pin_list>
<pin id="135" dir="0" index="0" bw="3" slack="0"/>
<pin id="136" dir="1" index="1" bw="3" slack="0"/>
</pin_list>
<bind>
<opcode="load(27) " fcode="load"/>
<opset="i_load/1 "/>
</bind>
</comp>

<comp id="137" class="1004" name="icmp_ln440_fu_137">
<pin_list>
<pin id="138" dir="0" index="0" bw="3" slack="0"/>
<pin id="139" dir="0" index="1" bw="3" slack="0"/>
<pin id="140" dir="1" index="2" bw="1" slack="0"/>
</pin_list>
<bind>
<opcode="icmp(45) " fcode="icmp"/>
<opset="icmp_ln440/1 "/>
</bind>
</comp>

<comp id="143" class="1004" name="select_ln436_fu_143">
<pin_list>
<pin id="144" dir="0" index="0" bw="1" slack="0"/>
<pin id="145" dir="0" index="1" bw="3" slack="0"/>
<pin id="146" dir="0" index="2" bw="3" slack="0"/>
<pin id="147" dir="1" index="3" bw="3" slack="0"/>
</pin_list>
<bind>
<opcode="select(49) " fcode="select"/>
<opset="select_ln436/1 "/>
</bind>
</comp>

<comp id="151" class="1004" name="add_ln436_2_fu_151">
<pin_list>
<pin id="152" dir="0" index="0" bw="3" slack="0"/>
<pin id="153" dir="0" index="1" bw="1" slack="0"/>
<pin id="154" dir="1" index="2" bw="3" slack="0"/>
</pin_list>
<bind>
<opcode="add(8) " fcode="add"/>
<opset="add_ln436_2/1 "/>
</bind>
</comp>

<comp id="157" class="1004" name="select_ln436_2_fu_157">
<pin_list>
<pin id="158" dir="0" index="0" bw="1" slack="0"/>
<pin id="159" dir="0" index="1" bw="3" slack="0"/>
<pin id="160" dir="0" index="2" bw="3" slack="0"/>
<pin id="161" dir="1" index="3" bw="3" slack="0"/>
</pin_list>
<bind>
<opcode="select(49) " fcode="select"/>
<opset="select_ln436_2/1 "/>
</bind>
</comp>

<comp id="165" class="1004" name="zext_ln436_fu_165">
<pin_list>
<pin id="166" dir="0" index="0" bw="3" slack="0"/>
<pin id="167" dir="1" index="1" bw="4" slack="0"/>
</pin_list>
<bind>
<opcode="zext(34) " fcode="zext"/>
<opset="zext_ln436/1 "/>
</bind>
</comp>

<comp id="169" class="1004" name="shl_ln436_fu_169">
<pin_list>
<pin id="170" dir="0" index="0" bw="3" slack="0"/>
<pin id="171" dir="0" index="1" bw="1" slack="0"/>
<pin id="172" dir="1" index="2" bw="3" slack="0"/>
</pin_list>
<bind>
<opcode="shl(20) " fcode="shl"/>
<opset="shl_ln436/1 "/>
</bind>
</comp>

<comp id="175" class="1004" name="trunc_ln440_fu_175">
<pin_list>
<pin id="176" dir="0" index="0" bw="3" slack="0"/>
<pin id="177" dir="1" index="1" bw="1" slack="1"/>
</pin_list>
<bind>
<opcode="trunc(33) " fcode="trunc"/>
<opset="trunc_ln440/1 "/>
</bind>
</comp>

<comp id="179" class="1004" name="lshr_ln442_2_fu_179">
<pin_list>
<pin id="180" dir="0" index="0" bw="2" slack="0"/>
<pin id="181" dir="0" index="1" bw="3" slack="0"/>
<pin id="182" dir="0" index="2" bw="1" slack="0"/>
<pin id="183" dir="0" index="3" bw="3" slack="0"/>
<pin id="184" dir="1" index="4" bw="2" slack="0"/>
</pin_list>
<bind>
<opcode="partselect(1002) " fcode="partselect"/>
<opset="lshr_ln442_2/1 "/>
</bind>
</comp>

<comp id="189" class="1004" name="zext_ln442_fu_189">
<pin_list>
<pin id="190" dir="0" index="0" bw="2" slack="0"/>
<pin id="191" dir="1" index="1" bw="3" slack="0"/>
</pin_list>
<bind>
<opcode="zext(34) " fcode="zext"/>
<opset="zext_ln442/1 "/>
</bind>
</comp>

<comp id="193" class="1004" name="add_ln442_fu_193">
<pin_list>
<pin id="194" dir="0" index="0" bw="2" slack="0"/>
<pin id="195" dir="0" index="1" bw="3" slack="0"/>
<pin id="196" dir="1" index="2" bw="3" slack="0"/>
</pin_list>
<bind>
<opcode="add(8) " fcode="add"/>
<opset="add_ln442/1 "/>
</bind>
</comp>

<comp id="199" class="1004" name="zext_ln442_9_fu_199">
<pin_list>
<pin id="200" dir="0" index="0" bw="3" slack="0"/>
<pin id="201" dir="1" index="1" bw="64" slack="0"/>
</pin_list>
<bind>
<opcode="zext(34) " fcode="zext"/>
<opset="zext_ln442_9/1 "/>
</bind>
</comp>

<comp id="205" class="1004" name="trunc_ln442_fu_205">
<pin_list>
<pin id="206" dir="0" index="0" bw="3" slack="0"/>
<pin id="207" dir="1" index="1" bw="2" slack="0"/>
</pin_list>
<bind>
<opcode="trunc(33) " fcode="trunc"/>
<opset="trunc_ln442/1 "/>
</bind>
</comp>

<comp id="209" class="1004" name="shl_ln442_5_fu_209">
<pin_list>
<pin id="210" dir="0" index="0" bw="4" slack="0"/>
<pin id="211" dir="0" index="1" bw="2" slack="0"/>
<pin id="212" dir="0" index="2" bw="1" slack="0"/>
<pin id="213" dir="1" index="3" bw="4" slack="0"/>
</pin_list>
<bind>
<opcode="bitconcatenate(1004) " fcode="bitconcatenate"/>
<opset="shl_ln442_5/1 "/>
</bind>
</comp>

<comp id="217" class="1004" name="add_ln442_2_fu_217">
<pin_list>
<pin id="218" dir="0" index="0" bw="4" slack="0"/>
<pin id="219" dir="0" index="1" bw="3" slack="0"/>
<pin id="220" dir="1" index="2" bw="4" slack="1"/>
</pin_list>
<bind>
<opcode="add(8) " fcode="add"/>
<opset="add_ln442_2/1 "/>
</bind>
</comp>

<comp id="223" class="1004" name="add_ln440_fu_223">
<pin_list>
<pin id="224" dir="0" index="0" bw="3" slack="0"/>
<pin id="225" dir="0" index="1" bw="1" slack="0"/>
<pin id="226" dir="1" index="2" bw="3" slack="0"/>
</pin_list>
<bind>
<opcode="add(8) " fcode="add"/>
<opset="add_ln440/1 "/>
</bind>
</comp>

<comp id="229" class="1004" name="store_ln440_store_fu_229">
<pin_list>
<pin id="230" dir="0" index="0" bw="5" slack="0"/>
<pin id="231" dir="0" index="1" bw="5" slack="0"/>
<pin id="232" dir="1" index="2" bw="0" slack="2147483647"/>
</pin_list>
<bind>
<opcode="store(28) " fcode="store"/>
<opset="store_ln440/1 "/>
</bind>
</comp>

<comp id="234" class="1004" name="store_ln440_store_fu_234">
<pin_list>
<pin id="235" dir="0" index="0" bw="3" slack="0"/>
<pin id="236" dir="0" index="1" bw="3" slack="0"/>
<pin id="237" dir="1" index="2" bw="0" slack="2147483647"/>
</pin_list>
<bind>
<opcode="store(28) " fcode="store"/>
<opset="store_ln440/1 "/>
</bind>
</comp>

<comp id="239" class="1004" name="store_ln440_store_fu_239">
<pin_list>
<pin id="240" dir="0" index="0" bw="3" slack="0"/>
<pin id="241" dir="0" index="1" bw="3" slack="0"/>
<pin id="242" dir="1" index="2" bw="0" slack="2147483647"/>
</pin_list>
<bind>
<opcode="store(28) " fcode="store"/>
<opset="store_ln440/1 "/>
</bind>
</comp>

<comp id="244" class="1004" name="tmp_s_fu_244">
<pin_list>
<pin id="245" dir="0" index="0" bw="8" slack="0"/>
<pin id="246" dir="0" index="1" bw="8" slack="0"/>
<pin id="247" dir="0" index="2" bw="8" slack="0"/>
<pin id="248" dir="0" index="3" bw="1" slack="1"/>
<pin id="249" dir="1" index="4" bw="8" slack="0"/>
</pin_list>
<bind>
<opcode="mux(1196) " fcode="mux"/>
<opset="tmp_s/2 "/>
</bind>
</comp>

<comp id="254" class="1004" name="zext_ln442_10_fu_254">
<pin_list>
<pin id="255" dir="0" index="0" bw="4" slack="1"/>
<pin id="256" dir="1" index="1" bw="64" slack="0"/>
</pin_list>
<bind>
<opcode="zext(34) " fcode="zext"/>
<opset="zext_ln442_10/2 "/>
</bind>
</comp>

<comp id="258" class="1005" name="j_reg_258">
<pin_list>
<pin id="259" dir="0" index="0" bw="3" slack="0"/>
<pin id="260" dir="1" index="1" bw="3" slack="0"/>
</pin_list>
<bind>
<opset="j "/>
</bind>
</comp>

<comp id="265" class="1005" name="i_reg_265">
<pin_list>
<pin id="266" dir="0" index="0" bw="3" slack="0"/>
<pin id="267" dir="1" index="1" bw="3" slack="0"/>
</pin_list>
<bind>
<opset="i "/>
</bind>
</comp>

<comp id="272" class="1005" name="indvar_flatten6_reg_272">
<pin_list>
<pin id="273" dir="0" index="0" bw="5" slack="0"/>
<pin id="274" dir="1" index="1" bw="5" slack="0"/>
</pin_list>
<bind>
<opset="indvar_flatten6 "/>
</bind>
</comp>

<comp id="282" class="1005" name="trunc_ln440_reg_282">
<pin_list>
<pin id="283" dir="0" index="0" bw="1" slack="1"/>
<pin id="284" dir="1" index="1" bw="1" slack="1"/>
</pin_list>
<bind>
<opset="trunc_ln440 "/>
</bind>
</comp>

<comp id="287" class="1005" name="expandedKey_0_addr_reg_287">
<pin_list>
<pin id="288" dir="0" index="0" bw="7" slack="1"/>
<pin id="289" dir="1" index="1" bw="7" slack="1"/>
</pin_list>
<bind>
<opset="expandedKey_0_addr "/>
</bind>
</comp>

<comp id="292" class="1005" name="expandedKey_1_addr_reg_292">
<pin_list>
<pin id="293" dir="0" index="0" bw="7" slack="1"/>
<pin id="294" dir="1" index="1" bw="7" slack="1"/>
</pin_list>
<bind>
<opset="expandedKey_1_addr "/>
</bind>
</comp>

<comp id="297" class="1005" name="add_ln442_2_reg_297">
<pin_list>
<pin id="298" dir="0" index="0" bw="4" slack="1"/>
<pin id="299" dir="1" index="1" bw="4" slack="1"/>
</pin_list>
<bind>
<opset="add_ln442_2 "/>
</bind>
</comp>

</comp_list>

<net_list>
<net id="53"><net_src comp="6" pin="0"/><net_sink comp="50" pin=0"/></net>

<net id="57"><net_src comp="6" pin="0"/><net_sink comp="54" pin=0"/></net>

<net id="61"><net_src comp="6" pin="0"/><net_sink comp="58" pin=0"/></net>

<net id="67"><net_src comp="0" pin="0"/><net_sink comp="62" pin=0"/></net>

<net id="68"><net_src comp="24" pin="0"/><net_sink comp="62" pin=1"/></net>

<net id="74"><net_src comp="2" pin="0"/><net_sink comp="69" pin=0"/></net>

<net id="75"><net_src comp="24" pin="0"/><net_sink comp="69" pin=1"/></net>

<net id="81"><net_src comp="62" pin="3"/><net_sink comp="76" pin=0"/></net>

<net id="87"><net_src comp="69" pin="3"/><net_sink comp="82" pin=0"/></net>

<net id="93"><net_src comp="4" pin="0"/><net_sink comp="88" pin=0"/></net>

<net id="94"><net_src comp="24" pin="0"/><net_sink comp="88" pin=1"/></net>

<net id="100"><net_src comp="88" pin="3"/><net_sink comp="95" pin=0"/></net>

<net id="105"><net_src comp="8" pin="0"/><net_sink comp="101" pin=0"/></net>

<net id="110"><net_src comp="10" pin="0"/><net_sink comp="106" pin=0"/></net>

<net id="115"><net_src comp="10" pin="0"/><net_sink comp="111" pin=0"/></net>

<net id="123"><net_src comp="116" pin="1"/><net_sink comp="119" pin=0"/></net>

<net id="124"><net_src comp="12" pin="0"/><net_sink comp="119" pin=1"/></net>

<net id="129"><net_src comp="116" pin="1"/><net_sink comp="125" pin=0"/></net>

<net id="130"><net_src comp="14" pin="0"/><net_sink comp="125" pin=1"/></net>

<net id="141"><net_src comp="131" pin="1"/><net_sink comp="137" pin=0"/></net>

<net id="142"><net_src comp="16" pin="0"/><net_sink comp="137" pin=1"/></net>

<net id="148"><net_src comp="137" pin="2"/><net_sink comp="143" pin=0"/></net>

<net id="149"><net_src comp="10" pin="0"/><net_sink comp="143" pin=1"/></net>

<net id="150"><net_src comp="131" pin="1"/><net_sink comp="143" pin=2"/></net>

<net id="155"><net_src comp="134" pin="1"/><net_sink comp="151" pin=0"/></net>

<net id="156"><net_src comp="18" pin="0"/><net_sink comp="151" pin=1"/></net>

<net id="162"><net_src comp="137" pin="2"/><net_sink comp="157" pin=0"/></net>

<net id="163"><net_src comp="151" pin="2"/><net_sink comp="157" pin=1"/></net>

<net id="164"><net_src comp="134" pin="1"/><net_sink comp="157" pin=2"/></net>

<net id="168"><net_src comp="157" pin="3"/><net_sink comp="165" pin=0"/></net>

<net id="173"><net_src comp="157" pin="3"/><net_sink comp="169" pin=0"/></net>

<net id="174"><net_src comp="18" pin="0"/><net_sink comp="169" pin=1"/></net>

<net id="178"><net_src comp="143" pin="3"/><net_sink comp="175" pin=0"/></net>

<net id="185"><net_src comp="20" pin="0"/><net_sink comp="179" pin=0"/></net>

<net id="186"><net_src comp="143" pin="3"/><net_sink comp="179" pin=1"/></net>

<net id="187"><net_src comp="6" pin="0"/><net_sink comp="179" pin=2"/></net>

<net id="188"><net_src comp="22" pin="0"/><net_sink comp="179" pin=3"/></net>

<net id="192"><net_src comp="179" pin="4"/><net_sink comp="189" pin=0"/></net>

<net id="197"><net_src comp="189" pin="1"/><net_sink comp="193" pin=0"/></net>

<net id="198"><net_src comp="169" pin="2"/><net_sink comp="193" pin=1"/></net>

<net id="202"><net_src comp="193" pin="2"/><net_sink comp="199" pin=0"/></net>

<net id="203"><net_src comp="199" pin="1"/><net_sink comp="62" pin=2"/></net>

<net id="204"><net_src comp="199" pin="1"/><net_sink comp="69" pin=2"/></net>

<net id="208"><net_src comp="143" pin="3"/><net_sink comp="205" pin=0"/></net>

<net id="214"><net_src comp="26" pin="0"/><net_sink comp="209" pin=0"/></net>

<net id="215"><net_src comp="205" pin="1"/><net_sink comp="209" pin=1"/></net>

<net id="216"><net_src comp="28" pin="0"/><net_sink comp="209" pin=2"/></net>

<net id="221"><net_src comp="209" pin="3"/><net_sink comp="217" pin=0"/></net>

<net id="222"><net_src comp="165" pin="1"/><net_sink comp="217" pin=1"/></net>

<net id="227"><net_src comp="143" pin="3"/><net_sink comp="223" pin=0"/></net>

<net id="228"><net_src comp="18" pin="0"/><net_sink comp="223" pin=1"/></net>

<net id="233"><net_src comp="125" pin="2"/><net_sink comp="229" pin=0"/></net>

<net id="238"><net_src comp="157" pin="3"/><net_sink comp="234" pin=0"/></net>

<net id="243"><net_src comp="223" pin="2"/><net_sink comp="239" pin=0"/></net>

<net id="250"><net_src comp="48" pin="0"/><net_sink comp="244" pin=0"/></net>

<net id="251"><net_src comp="76" pin="3"/><net_sink comp="244" pin=1"/></net>

<net id="252"><net_src comp="82" pin="3"/><net_sink comp="244" pin=2"/></net>

<net id="253"><net_src comp="244" pin="4"/><net_sink comp="95" pin=1"/></net>

<net id="257"><net_src comp="254" pin="1"/><net_sink comp="88" pin=2"/></net>

<net id="261"><net_src comp="50" pin="1"/><net_sink comp="258" pin=0"/></net>

<net id="262"><net_src comp="258" pin="1"/><net_sink comp="111" pin=1"/></net>

<net id="263"><net_src comp="258" pin="1"/><net_sink comp="131" pin=0"/></net>

<net id="264"><net_src comp="258" pin="1"/><net_sink comp="239" pin=1"/></net>

<net id="268"><net_src comp="54" pin="1"/><net_sink comp="265" pin=0"/></net>

<net id="269"><net_src comp="265" pin="1"/><net_sink comp="106" pin=1"/></net>

<net id="270"><net_src comp="265" pin="1"/><net_sink comp="134" pin=0"/></net>

<net id="271"><net_src comp="265" pin="1"/><net_sink comp="234" pin=1"/></net>

<net id="275"><net_src comp="58" pin="1"/><net_sink comp="272" pin=0"/></net>

<net id="276"><net_src comp="272" pin="1"/><net_sink comp="101" pin=1"/></net>

<net id="277"><net_src comp="272" pin="1"/><net_sink comp="116" pin=0"/></net>

<net id="278"><net_src comp="272" pin="1"/><net_sink comp="229" pin=1"/></net>

<net id="285"><net_src comp="175" pin="1"/><net_sink comp="282" pin=0"/></net>

<net id="286"><net_src comp="282" pin="1"/><net_sink comp="244" pin=3"/></net>

<net id="290"><net_src comp="62" pin="3"/><net_sink comp="287" pin=0"/></net>

<net id="291"><net_src comp="287" pin="1"/><net_sink comp="76" pin=0"/></net>

<net id="295"><net_src comp="69" pin="3"/><net_sink comp="292" pin=0"/></net>

<net id="296"><net_src comp="292" pin="1"/><net_sink comp="82" pin=0"/></net>

<net id="300"><net_src comp="217" pin="2"/><net_sink comp="297" pin=0"/></net>

<net id="301"><net_src comp="297" pin="1"/><net_sink comp="254" pin=0"/></net>

</net_list>

</model> 
---------------- Datapath Model END ------------------

* FSMD analyzer results:
  - Output states:
	Port: expandedKey_0 | {}
	Port: expandedKey_1 | {}
	Port: roundKey | {2 }
 - Input state : 
	Port: aes_invMain_Pipeline_createRoundKeyLoop1_createRoundKeyLoop24 : expandedKey_0 | {1 2 }
	Port: aes_invMain_Pipeline_createRoundKeyLoop1_createRoundKeyLoop24 : expandedKey_1 | {1 2 }
  - Chain level:
	State 1
		store_ln0 : 1
		store_ln0 : 1
		store_ln0 : 1
		indvar_flatten6_load : 1
		icmp_ln436 : 2
		add_ln436 : 2
		br_ln436 : 3
		j_load : 1
		i_load : 1
		icmp_ln440 : 2
		select_ln436 : 3
		add_ln436_2 : 2
		select_ln436_2 : 3
		zext_ln436 : 4
		shl_ln436 : 4
		trunc_ln440 : 4
		lshr_ln442_2 : 4
		zext_ln442 : 5
		add_ln442 : 6
		zext_ln442_9 : 7
		expandedKey_0_addr : 8
		expandedKey_1_addr : 8
		expandedKey_0_load : 9
		expandedKey_1_load : 9
		trunc_ln442 : 4
		shl_ln442_5 : 5
		add_ln442_2 : 6
		add_ln440 : 4
		store_ln440 : 3
		store_ln440 : 4
		store_ln440 : 5
	State 2
		tmp_s : 1
		roundKey_addr : 1
		store_ln442 : 2


============================================================
+ Verbose Summary: Datapath Resource usage 
============================================================

* Functional unit list:
|----------|-----------------------|---------|---------|
| Operation|    Functional Unit    |    FF   |   LUT   |
|----------|-----------------------|---------|---------|
|          |    add_ln436_fu_125   |    0    |    13   |
|          |   add_ln436_2_fu_151  |    0    |    11   |
|    add   |    add_ln442_fu_193   |    0    |    11   |
|          |   add_ln442_2_fu_217  |    0    |    13   |
|          |    add_ln440_fu_223   |    0    |    11   |
|----------|-----------------------|---------|---------|
|   icmp   |   icmp_ln436_fu_119   |    0    |    9    |
|          |   icmp_ln440_fu_137   |    0    |    8    |
|----------|-----------------------|---------|---------|
|    mux   |      tmp_s_fu_244     |    0    |    9    |
|----------|-----------------------|---------|---------|
|  select  |  select_ln436_fu_143  |    0    |    3    |
|          | select_ln436_2_fu_157 |    0    |    3    |
|----------|-----------------------|---------|---------|
|          |   zext_ln436_fu_165   |    0    |    0    |
|   zext   |   zext_ln442_fu_189   |    0    |    0    |
|          |  zext_ln442_9_fu_199  |    0    |    0    |
|          |  zext_ln442_10_fu_254 |    0    |    0    |
|----------|-----------------------|---------|---------|
|    shl   |    shl_ln436_fu_169   |    0    |    0    |
|----------|-----------------------|---------|---------|
|   trunc  |   trunc_ln440_fu_175  |    0    |    0    |
|          |   trunc_ln442_fu_205  |    0    |    0    |
|----------|-----------------------|---------|---------|
|partselect|  lshr_ln442_2_fu_179  |    0    |    0    |
|----------|-----------------------|---------|---------|
|bitconcatenate|   shl_ln442_5_fu_209  |    0    |    0    |
|----------|-----------------------|---------|---------|
|   Total  |                       |    0    |    91   |
|----------|-----------------------|---------|---------|

Memories:
N/A

* Register list:
+--------------------------+--------+
|                          |   FF   |
+--------------------------+--------+
|    add_ln442_2_reg_297   |    4   |
|expandedKey_0_addr_reg_287|    7   |
|expandedKey_1_addr_reg_292|    7   |
|         i_reg_265        |    3   |
|  indvar_flatten6_reg_272 |    5   |
|         j_reg_258        |    3   |
|    trunc_ln440_reg_282   |    1   |
+--------------------------+--------+
|           Total          |   30   |
+--------------------------+--------+

* Multiplexer (MUX) list: 
|------------------|------|------|------|--------||---------||---------|
|       Comp       |  Pin | Size |  BW  | S x BW ||  Delay  ||   LUT   |
|------------------|------|------|------|--------||---------||---------|
| grp_access_fu_76 |  p0  |   2  |   7  |   14   ||    9    |
| grp_access_fu_82 |  p0  |   2  |   7  |   14   ||    9    |
|------------------|------|------|------|--------||---------||---------|
|       Total      |      |      |      |   28   ||  3.176  ||    18   |
|------------------|------|------|------|--------||---------||---------|



* Summary:
+-----------+--------+--------+--------+
|           |  Delay |   FF   |   LUT  |
+-----------+--------+--------+--------+
|  Function |    -   |    0   |   91   |
|   Memory  |    -   |    -   |    -   |
|Multiplexer|    3   |    -   |   18   |
|  Register |    -   |   30   |    -   |
+-----------+--------+--------+--------+
|   Total   |    3   |   30   |   109  |
+-----------+--------+--------+--------+
