

================================================================
== Vitis HLS Report for 'aes_Pipeline_aesDecryptLoop3_aesDecryptLoop4'
================================================================
* Date:           Thu Apr 25 11:55:44 2024

* Version:        2022.1 (Build 3526262 on Mon Apr 18 15:48:16 MDT 2022)
* Project:        AES_PM
* Solution:       solution1 (Vivado IP Flow Target)
* Product family: zynq
* Target device:  xc7z020-clg400-1


================================================================
== Performance Estimates
================================================================
+ Timing: 
    * Summary: 
    +--------+----------+----------+------------+
    |  Clock |  Target  | Estimated| Uncertainty|
    +--------+----------+----------+------------+
    |ap_clk  |  10.00 ns|  6.687 ns|     2.70 ns|
    +--------+----------+----------+------------+

+ Latency: 
    * Summary: 
    +---------+---------+----------+----------+-----+-----+---------+
    |  Latency (cycles) |  Latency (absolute) |  Interval | Pipeline|
    |   min   |   max   |    min   |    max   | min | max |   Type  |
    +---------+---------+----------+----------+-----+-----+---------+
    |       18|       18|  0.180 us|  0.180 us|   18|   18|       no|
    +---------+---------+----------+----------+-----+-----+---------+

    + Detail: 
        * Instance: 
        N/A

        * Loop: 
        +-----------------------------------+---------+---------+----------+-----------+-----------+------+----------+
        |                                   |  Latency (cycles) | Iteration|  Initiation Interval  | Trip |          |
        |             Loop Name             |   min   |   max   |  Latency |  achieved |   target  | Count| Pipelined|
        +-----------------------------------+---------+---------+----------+-----------+-----------+------+----------+
        |- aesDecryptLoop3_aesDecryptLoop4  |       16|       16|         2|          1|          1|    16|       yes|
        +-----------------------------------+---------+---------+----------+-----------+-----------+------+----------+

============================================================
+ Verbose Summary: Synthesis Manager
============================================================
InlineROM: 1
ExposeGlobal: 0
============================================================
+ Verbose Summary: CDFG Model
============================================================
IsTopModel: 0
ResetActiveHigh: 1
IsCombinational: 0
IsDatapathOnly: 0
HasWiredReturn: 1
HasMFsm: 2
HasVarLatency: 1
IsPipeline: 0
IsRtlPipelined: 0
IsInstanceOverlapped: 0
IsDontTouch: 0
HasImplIP: 0
IsGatedGlobalClock: 0

+ Individual pipeline summary: 
  * Pipeline-0: initiation interval (II) = 1, depth = 2


============================================================
+ Verbose Summary: Schedule
============================================================
* Number of FSM states : 2
* Pipeline : 1
  Pipeline-0 : II = 1, D = 2, States = { 1 2 }
* Dataflow Pipeline: 0

* FSM state transitions: 
1 --> 2 
2 --> 

* FSM state operations: 

State 1 <SV = 0> <Delay = 6.68>
ST_1 : Operation 5 [1/1] (0.00ns)   --->   "%j = alloca i32 1"   --->   Operation 5 'alloca' 'j' <Predicate = true> <Delay = 0.00>
ST_1 : Operation 6 [1/1] (0.00ns)   --->   "%i = alloca i32 1"   --->   Operation 6 'alloca' 'i' <Predicate = true> <Delay = 0.00>
ST_1 : Operation 7 [1/1] (0.00ns)   --->   "%indvar_flatten29 = alloca i32 1"   --->   Operation 7 'alloca' 'indvar_flatten29' <Predicate = true> <Delay = 0.00>
ST_1 : Operation 8 [1/1] (1.58ns)   --->   "%store_ln0 = store i5 0, i5 %indvar_flatten29"   --->   Operation 8 'store' 'store_ln0' <Predicate = true> <Delay = 1.58>
ST_1 : Operation 9 [1/1] (1.58ns)   --->   "%store_ln0 = store i3 0, i3 %i"   --->   Operation 9 'store' 'store_ln0' <Predicate = true> <Delay = 1.58>
ST_1 : Operation 10 [1/1] (1.58ns)   --->   "%store_ln0 = store i3 0, i3 %j"   --->   Operation 10 'store' 'store_ln0' <Predicate = true> <Delay = 1.58>
ST_1 : Operation 11 [1/1] (0.00ns)   --->   "%br_ln0 = br void %for.inc31.i376"   --->   Operation 11 'br' 'br_ln0' <Predicate = true> <Delay = 0.00>
ST_1 : Operation 12 [1/1] (0.00ns)   --->   "%indvar_flatten29_load = load i5 %indvar_flatten29" [Downloads/aes_axis.cpp:741]   --->   Operation 12 'load' 'indvar_flatten29_load' <Predicate = true> <Delay = 0.00>
ST_1 : Operation 13 [1/1] (0.00ns)   --->   "%specpipeline_ln0 = specpipeline void @_ssdm_op_SpecPipeline, i32 4294967295, i32 0, i32 1, i32 0, void @p_str"   --->   Operation 13 'specpipeline' 'specpipeline_ln0' <Predicate = true> <Delay = 0.00>
ST_1 : Operation 14 [1/1] (1.36ns)   --->   "%icmp_ln741 = icmp_eq  i5 %indvar_flatten29_load, i5 16" [Downloads/aes_axis.cpp:741]   --->   Operation 14 'icmp' 'icmp_ln741' <Predicate = true> <Delay = 1.36> <CoreInst = "Cmp">   --->   Core 9 'Cmp' <Latency = 0> <II = 1> <Delay = 1.36> <FuncUnit> <Opcode : 'icmp'> <InPorts = 2> <OutPorts = 1>
ST_1 : Operation 15 [1/1] (1.78ns)   --->   "%add_ln741 = add i5 %indvar_flatten29_load, i5 1" [Downloads/aes_axis.cpp:741]   --->   Operation 15 'add' 'add_ln741' <Predicate = true> <Delay = 1.78> <CoreInst = "Adder">   --->   Core 1 'Adder' <Latency = 0> <II = 1> <Delay = 1.78> <FuncUnit> <Opcode : 'add' 'sub'> <InPorts = 2> <OutPorts = 1>
ST_1 : Operation 16 [1/1] (0.00ns)   --->   "%br_ln741 = br i1 %icmp_ln741, void %for.inc34.i379, void %_Z11aes_decryptPhS_S_i.exit.loopexit.exitStub" [Downloads/aes_axis.cpp:741]   --->   Operation 16 'br' 'br_ln741' <Predicate = true> <Delay = 0.00>
ST_1 : Operation 17 [1/1] (0.00ns)   --->   "%j_load = load i3 %j" [Downloads/aes_axis.cpp:745]   --->   Operation 17 'load' 'j_load' <Predicate = (!icmp_ln741)> <Delay = 0.00>
ST_1 : Operation 18 [1/1] (0.00ns)   --->   "%i_load = load i3 %i" [Downloads/aes_axis.cpp:741]   --->   Operation 18 'load' 'i_load' <Predicate = (!icmp_ln741)> <Delay = 0.00>
ST_1 : Operation 19 [1/1] (1.13ns)   --->   "%icmp_ln745 = icmp_eq  i3 %j_load, i3 4" [Downloads/aes_axis.cpp:745]   --->   Operation 19 'icmp' 'icmp_ln745' <Predicate = (!icmp_ln741)> <Delay = 1.13> <CoreInst = "Cmp">   --->   Core 9 'Cmp' <Latency = 0> <II = 1> <Delay = 1.13> <FuncUnit> <Opcode : 'icmp'> <InPorts = 2> <OutPorts = 1>
ST_1 : Operation 20 [1/1] (0.98ns)   --->   "%select_ln741 = select i1 %icmp_ln745, i3 0, i3 %j_load" [Downloads/aes_axis.cpp:741]   --->   Operation 20 'select' 'select_ln741' <Predicate = (!icmp_ln741)> <Delay = 0.98> <CoreInst = "Sel">   --->   Core 73 'Sel' <Latency = 0> <II = 1> <Delay = 0.98> <FuncUnit> <Opcode : 'select'> <InPorts = 3> <OutPorts = 1>
ST_1 : Operation 21 [1/1] (1.65ns)   --->   "%add_ln741_1 = add i3 %i_load, i3 1" [Downloads/aes_axis.cpp:741]   --->   Operation 21 'add' 'add_ln741_1' <Predicate = (!icmp_ln741)> <Delay = 1.65> <CoreInst = "Adder">   --->   Core 1 'Adder' <Latency = 0> <II = 1> <Delay = 1.65> <FuncUnit> <Opcode : 'add' 'sub'> <InPorts = 2> <OutPorts = 1>
ST_1 : Operation 22 [1/1] (0.98ns)   --->   "%select_ln741_1 = select i1 %icmp_ln745, i3 %add_ln741_1, i3 %i_load" [Downloads/aes_axis.cpp:741]   --->   Operation 22 'select' 'select_ln741_1' <Predicate = (!icmp_ln741)> <Delay = 0.98> <CoreInst = "Sel">   --->   Core 73 'Sel' <Latency = 0> <II = 1> <Delay = 0.98> <FuncUnit> <Opcode : 'select'> <InPorts = 3> <OutPorts = 1>
ST_1 : Operation 23 [1/1] (0.00ns)   --->   "%zext_ln741 = zext i3 %select_ln741_1" [Downloads/aes_axis.cpp:741]   --->   Operation 23 'zext' 'zext_ln741' <Predicate = (!icmp_ln741)> <Delay = 0.00>
ST_1 : Operation 24 [1/1] (0.00ns)   --->   "%trunc_ln741 = trunc i3 %select_ln741_1" [Downloads/aes_axis.cpp:741]   --->   Operation 24 'trunc' 'trunc_ln741' <Predicate = (!icmp_ln741)> <Delay = 0.00>
ST_1 : Operation 25 [1/1] (0.00ns)   --->   "%p_mid3 = bitconcatenate i4 @_ssdm_op_BitConcatenate.i4.i2.i2, i2 %trunc_ln741, i2 0" [Downloads/aes_axis.cpp:741]   --->   Operation 25 'bitconcatenate' 'p_mid3' <Predicate = (!icmp_ln741)> <Delay = 0.00>
ST_1 : Operation 26 [1/1] (0.00ns)   --->   "%j_5_cast = zext i3 %select_ln741" [Downloads/aes_axis.cpp:741]   --->   Operation 26 'zext' 'j_5_cast' <Predicate = (!icmp_ln741)> <Delay = 0.00>
ST_1 : Operation 27 [1/1] (0.00ns)   --->   "%trunc_ln746 = trunc i3 %select_ln741" [Downloads/aes_axis.cpp:746]   --->   Operation 27 'trunc' 'trunc_ln746' <Predicate = (!icmp_ln741)> <Delay = 0.00>
ST_1 : Operation 28 [1/1] (0.00ns)   --->   "%shl_ln5 = bitconcatenate i4 @_ssdm_op_BitConcatenate.i4.i2.i2, i2 %trunc_ln746, i2 0" [Downloads/aes_axis.cpp:746]   --->   Operation 28 'bitconcatenate' 'shl_ln5' <Predicate = (!icmp_ln741)> <Delay = 0.00>
ST_1 : Operation 29 [1/1] (1.73ns)   --->   "%add_ln746 = add i4 %shl_ln5, i4 %zext_ln741" [Downloads/aes_axis.cpp:746]   --->   Operation 29 'add' 'add_ln746' <Predicate = (!icmp_ln741)> <Delay = 1.73> <CoreInst = "Adder">   --->   Core 1 'Adder' <Latency = 0> <II = 1> <Delay = 1.73> <FuncUnit> <Opcode : 'add' 'sub'> <InPorts = 2> <OutPorts = 1>
ST_1 : Operation 30 [1/1] (0.00ns)   --->   "%zext_ln746 = zext i4 %add_ln746" [Downloads/aes_axis.cpp:746]   --->   Operation 30 'zext' 'zext_ln746' <Predicate = (!icmp_ln741)> <Delay = 0.00>
ST_1 : Operation 31 [1/1] (0.00ns)   --->   "%block_addr = getelementptr i8 %block_r, i64 0, i64 %zext_ln746" [Downloads/aes_axis.cpp:746]   --->   Operation 31 'getelementptr' 'block_addr' <Predicate = (!icmp_ln741)> <Delay = 0.00>
ST_1 : Operation 32 [2/2] (2.32ns)   --->   "%block_load = load i4 %block_addr" [Downloads/aes_axis.cpp:746]   --->   Operation 32 'load' 'block_load' <Predicate = (!icmp_ln741)> <Delay = 2.32> <CoreInst = "RAM">   --->   Core 82 'RAM' <Latency = 1> <II = 1> <Delay = 2.32> <Storage> <Opcode : 'load' 'store'> <Ports = 2> <Width = 8> <Depth = 16> <RAM>
ST_1 : Operation 33 [1/1] (1.73ns)   --->   "%add_ln746_1 = add i4 %j_5_cast, i4 %p_mid3" [Downloads/aes_axis.cpp:746]   --->   Operation 33 'add' 'add_ln746_1' <Predicate = (!icmp_ln741)> <Delay = 1.73> <CoreInst = "Adder">   --->   Core 1 'Adder' <Latency = 0> <II = 1> <Delay = 1.73> <FuncUnit> <Opcode : 'add' 'sub'> <InPorts = 2> <OutPorts = 1>
ST_1 : Operation 34 [1/1] (1.65ns)   --->   "%add_ln745 = add i3 %select_ln741, i3 1" [Downloads/aes_axis.cpp:745]   --->   Operation 34 'add' 'add_ln745' <Predicate = (!icmp_ln741)> <Delay = 1.65> <CoreInst = "Adder">   --->   Core 1 'Adder' <Latency = 0> <II = 1> <Delay = 1.65> <FuncUnit> <Opcode : 'add' 'sub'> <InPorts = 2> <OutPorts = 1>
ST_1 : Operation 35 [1/1] (1.58ns)   --->   "%store_ln745 = store i5 %add_ln741, i5 %indvar_flatten29" [Downloads/aes_axis.cpp:745]   --->   Operation 35 'store' 'store_ln745' <Predicate = (!icmp_ln741)> <Delay = 1.58>
ST_1 : Operation 36 [1/1] (1.58ns)   --->   "%store_ln745 = store i3 %select_ln741_1, i3 %i" [Downloads/aes_axis.cpp:745]   --->   Operation 36 'store' 'store_ln745' <Predicate = (!icmp_ln741)> <Delay = 1.58>
ST_1 : Operation 37 [1/1] (1.58ns)   --->   "%store_ln745 = store i3 %add_ln745, i3 %j" [Downloads/aes_axis.cpp:745]   --->   Operation 37 'store' 'store_ln745' <Predicate = (!icmp_ln741)> <Delay = 1.58>
ST_1 : Operation 47 [1/1] (0.00ns)   --->   "%ret_ln0 = ret"   --->   Operation 47 'ret' 'ret_ln0' <Predicate = (icmp_ln741)> <Delay = 0.00>

State 2 <SV = 1> <Delay = 4.64>
ST_2 : Operation 38 [1/1] (0.00ns)   --->   "%specloopname_ln0 = specloopname void @_ssdm_op_SpecLoopName, void @aesDecryptLoop3_aesDecryptLoop4_str"   --->   Operation 38 'specloopname' 'specloopname_ln0' <Predicate = true> <Delay = 0.00>
ST_2 : Operation 39 [1/1] (0.00ns)   --->   "%speclooptripcount_ln0 = speclooptripcount void @_ssdm_op_SpecLoopTripCount, i64 16, i64 16, i64 16"   --->   Operation 39 'speclooptripcount' 'speclooptripcount_ln0' <Predicate = true> <Delay = 0.00>
ST_2 : Operation 40 [1/1] (0.00ns)   --->   "%specpipeline_ln0 = specpipeline void @_ssdm_op_SpecPipeline, i32 4294967295, i32 0, i32 1, i32 0, void @p_str"   --->   Operation 40 'specpipeline' 'specpipeline_ln0' <Predicate = true> <Delay = 0.00>
ST_2 : Operation 41 [1/1] (0.00ns)   --->   "%specloopname_ln691 = specloopname void @_ssdm_op_SpecLoopName, void @empty_4" [Downloads/aes_axis.cpp:691]   --->   Operation 41 'specloopname' 'specloopname_ln691' <Predicate = true> <Delay = 0.00>
ST_2 : Operation 42 [1/2] (2.32ns)   --->   "%block_load = load i4 %block_addr" [Downloads/aes_axis.cpp:746]   --->   Operation 42 'load' 'block_load' <Predicate = true> <Delay = 2.32> <CoreInst = "RAM">   --->   Core 82 'RAM' <Latency = 1> <II = 1> <Delay = 2.32> <Storage> <Opcode : 'load' 'store'> <Ports = 2> <Width = 8> <Depth = 16> <RAM>
ST_2 : Operation 43 [1/1] (0.00ns)   --->   "%zext_ln746_1 = zext i4 %add_ln746_1" [Downloads/aes_axis.cpp:746]   --->   Operation 43 'zext' 'zext_ln746_1' <Predicate = true> <Delay = 0.00>
ST_2 : Operation 44 [1/1] (0.00ns)   --->   "%decryptedtext_array_addr = getelementptr i8 %decryptedtext_array, i64 0, i64 %zext_ln746_1" [Downloads/aes_axis.cpp:746]   --->   Operation 44 'getelementptr' 'decryptedtext_array_addr' <Predicate = true> <Delay = 0.00>
ST_2 : Operation 45 [1/1] (2.32ns)   --->   "%store_ln746 = store i8 %block_load, i4 %decryptedtext_array_addr" [Downloads/aes_axis.cpp:746]   --->   Operation 45 'store' 'store_ln746' <Predicate = true> <Delay = 2.32> <CoreInst = "RAM">   --->   Core 82 'RAM' <Latency = 1> <II = 1> <Delay = 2.32> <Storage> <Opcode : 'load' 'store'> <Ports = 2> <Width = 8> <Depth = 16> <RAM>
ST_2 : Operation 46 [1/1] (0.00ns)   --->   "%br_ln745 = br void %for.inc31.i376" [Downloads/aes_axis.cpp:745]   --->   Operation 46 'br' 'br_ln745' <Predicate = true> <Delay = 0.00>


============================================================
+ Verbose Summary: Timing violations
============================================================
Target clock period: 10ns, clock uncertainty: 2.7ns.

 <State 1>: 6.69ns
The critical path consists of the following:
	'alloca' operation ('i') [4]  (0 ns)
	'load' operation ('i_load', Downloads/aes_axis.cpp:741) on local variable 'i' [18]  (0 ns)
	'add' operation ('add_ln741_1', Downloads/aes_axis.cpp:741) [23]  (1.65 ns)
	'select' operation ('select_ln741_1', Downloads/aes_axis.cpp:741) [24]  (0.98 ns)
	'add' operation ('add_ln746', Downloads/aes_axis.cpp:746) [33]  (1.74 ns)
	'getelementptr' operation ('block_addr', Downloads/aes_axis.cpp:746) [35]  (0 ns)
	'load' operation ('block_load', Downloads/aes_axis.cpp:746) on array 'block_r' [36]  (2.32 ns)

 <State 2>: 4.64ns
The critical path consists of the following:
	'load' operation ('block_load', Downloads/aes_axis.cpp:746) on array 'block_r' [36]  (2.32 ns)
	'store' operation ('store_ln746', Downloads/aes_axis.cpp:746) of variable 'block_load', Downloads/aes_axis.cpp:746 on array 'decryptedtext_array' [40]  (2.32 ns)


============================================================
+ Verbose Summary: Binding
============================================================
N/A
* FSMD analyzer results:
  - Output states:
 - Input state : 
  - Chain level:
	State 1
	State 2


============================================================
+ Verbose Summary: Datapath Resource usage 
============================================================
N/A
