

================================================================
== Vitis HLS Report for 'aes_Pipeline_cipherkeyLoop'
================================================================
* Date:           Thu Apr 25 11:55:36 2024

* Version:        2022.1 (Build 3526262 on Mon Apr 18 15:48:16 MDT 2022)
* Project:        AES_PM
* Solution:       solution1 (Vivado IP Flow Target)
* Product family: zynq
* Target device:  xc7z020-clg400-1


================================================================
== Performance Estimates
================================================================
+ Timing: 
    * Summary: 
    +--------+----------+----------+------------+
    |  Clock |  Target  | Estimated| Uncertainty|
    +--------+----------+----------+------------+
    |ap_clk  |  10.00 ns|  4.681 ns|     2.70 ns|
    +--------+----------+----------+------------+

+ Latency: 
    * Summary: 
    +---------+---------+----------+----------+-----+-----+---------+
    |  Latency (cycles) |  Latency (absolute) |  Interval | Pipeline|
    |   min   |   max   |    min   |    max   | min | max |   Type  |
    +---------+---------+----------+----------+-----+-----+---------+
    |       18|       34|  0.180 us|  0.340 us|   18|   34|       no|
    +---------+---------+----------+----------+-----+-----+---------+

    + Detail: 
        * Instance: 
        N/A

        * Loop: 
        +-----------------+---------+---------+----------+-----------+-----------+---------+----------+
        |                 |  Latency (cycles) | Iteration|  Initiation Interval  |   Trip  |          |
        |    Loop Name    |   min   |   max   |  Latency |  achieved |   target  |  Count  | Pipelined|
        +-----------------+---------+---------+----------+-----------+-----------+---------+----------+
        |- cipherkeyLoop  |       16|       32|         1|          1|          1|  16 ~ 32|       yes|
        +-----------------+---------+---------+----------+-----------+-----------+---------+----------+

============================================================
+ Verbose Summary: Synthesis Manager
============================================================
InlineROM: 1
ExposeGlobal: 0
============================================================
+ Verbose Summary: CDFG Model
============================================================
IsTopModel: 0
ResetActiveHigh: 1
IsCombinational: 0
IsDatapathOnly: 0
HasWiredReturn: 1
HasMFsm: 2
HasVarLatency: 1
IsPipeline: 0
IsRtlPipelined: 0
IsInstanceOverlapped: 0
IsDontTouch: 0
HasImplIP: 0
IsGatedGlobalClock: 0

+ Individual pipeline summary: 
  * Pipeline-0: initiation interval (II) = 1, depth = 1


============================================================
+ Verbose Summary: Schedule
============================================================
* Number of FSM states : 1
* Pipeline : 1
  Pipeline-0 : II = 1, D = 1, States = { 1 }
* Dataflow Pipeline: 0

* FSM state transitions: 
1 --> 

* FSM state operations: 

State 1 <SV = 0> <Delay = 4.68>
ST_1 : Operation 4 [1/1] (0.00ns)   --->   "%i = alloca i32 1"   --->   Operation 4 'alloca' 'i' <Predicate = true> <Delay = 0.00>
ST_1 : Operation 5 [1/1] (0.00ns)   --->   "%specinterface_ln0 = specinterface void @_ssdm_op_SpecInterface, i1 %key_and_plaintext_V_dest_V, void @empty_14, i32 0, i32 0, void @empty_15, i32 0, i32 0, void @empty_16, void @empty_16, void @empty_16, i32 0, i32 0, i32 0, i32 0, void @empty_16, void @empty_16, i32 4294967295, i32 0"   --->   Operation 5 'specinterface' 'specinterface_ln0' <Predicate = true> <Delay = 0.00>
ST_1 : Operation 6 [1/1] (0.00ns)   --->   "%specinterface_ln0 = specinterface void @_ssdm_op_SpecInterface, i1 %key_and_plaintext_V_id_V, void @empty_14, i32 0, i32 0, void @empty_15, i32 0, i32 0, void @empty_16, void @empty_16, void @empty_16, i32 0, i32 0, i32 0, i32 0, void @empty_16, void @empty_16, i32 4294967295, i32 0"   --->   Operation 6 'specinterface' 'specinterface_ln0' <Predicate = true> <Delay = 0.00>
ST_1 : Operation 7 [1/1] (0.00ns)   --->   "%specinterface_ln0 = specinterface void @_ssdm_op_SpecInterface, i1 %key_and_plaintext_V_last_V, void @empty_14, i32 0, i32 0, void @empty_15, i32 0, i32 0, void @empty_16, void @empty_16, void @empty_16, i32 0, i32 0, i32 0, i32 0, void @empty_16, void @empty_16, i32 4294967295, i32 0"   --->   Operation 7 'specinterface' 'specinterface_ln0' <Predicate = true> <Delay = 0.00>
ST_1 : Operation 8 [1/1] (0.00ns)   --->   "%specinterface_ln0 = specinterface void @_ssdm_op_SpecInterface, i1 %key_and_plaintext_V_user_V, void @empty_14, i32 0, i32 0, void @empty_15, i32 0, i32 0, void @empty_16, void @empty_16, void @empty_16, i32 0, i32 0, i32 0, i32 0, void @empty_16, void @empty_16, i32 4294967295, i32 0"   --->   Operation 8 'specinterface' 'specinterface_ln0' <Predicate = true> <Delay = 0.00>
ST_1 : Operation 9 [1/1] (0.00ns)   --->   "%specinterface_ln0 = specinterface void @_ssdm_op_SpecInterface, i1 %key_and_plaintext_V_strb_V, void @empty_14, i32 0, i32 0, void @empty_15, i32 0, i32 0, void @empty_16, void @empty_16, void @empty_16, i32 0, i32 0, i32 0, i32 0, void @empty_16, void @empty_16, i32 4294967295, i32 0"   --->   Operation 9 'specinterface' 'specinterface_ln0' <Predicate = true> <Delay = 0.00>
ST_1 : Operation 10 [1/1] (0.00ns)   --->   "%specinterface_ln0 = specinterface void @_ssdm_op_SpecInterface, i1 %key_and_plaintext_V_keep_V, void @empty_14, i32 0, i32 0, void @empty_15, i32 0, i32 0, void @empty_16, void @empty_16, void @empty_16, i32 0, i32 0, i32 0, i32 0, void @empty_16, void @empty_16, i32 4294967295, i32 0"   --->   Operation 10 'specinterface' 'specinterface_ln0' <Predicate = true> <Delay = 0.00>
ST_1 : Operation 11 [1/1] (0.00ns)   --->   "%specinterface_ln0 = specinterface void @_ssdm_op_SpecInterface, i8 %key_and_plaintext_V_data_V, void @empty_14, i32 0, i32 0, void @empty_15, i32 0, i32 0, void @empty_16, void @empty_16, void @empty_16, i32 0, i32 0, i32 0, i32 0, void @empty_16, void @empty_16, i32 4294967295, i32 0"   --->   Operation 11 'specinterface' 'specinterface_ln0' <Predicate = true> <Delay = 0.00>
ST_1 : Operation 12 [1/1] (0.00ns)   --->   "%key_array_read = read i11 @_ssdm_op_Read.ap_auto.i11, i11 %key_array"   --->   Operation 12 'read' 'key_array_read' <Predicate = true> <Delay = 0.00>
ST_1 : Operation 13 [1/1] (0.00ns)   --->   "%cipherkey_size_read = read i6 @_ssdm_op_Read.ap_auto.i6, i6 %cipherkey_size"   --->   Operation 13 'read' 'cipherkey_size_read' <Predicate = true> <Delay = 0.00>
ST_1 : Operation 14 [1/1] (1.58ns)   --->   "%store_ln0 = store i6 0, i6 %i"   --->   Operation 14 'store' 'store_ln0' <Predicate = true> <Delay = 1.58>
ST_1 : Operation 15 [1/1] (0.00ns)   --->   "%br_ln0 = br void %for.inc"   --->   Operation 15 'br' 'br_ln0' <Predicate = true> <Delay = 0.00>
ST_1 : Operation 16 [1/1] (0.00ns)   --->   "%i_15 = load i6 %i" [Downloads/aes_axis.cpp:69]   --->   Operation 16 'load' 'i_15' <Predicate = true> <Delay = 0.00>
ST_1 : Operation 17 [1/1] (0.00ns)   --->   "%specpipeline_ln0 = specpipeline void @_ssdm_op_SpecPipeline, i32 4294967295, i32 0, i32 1, i32 0, void @p_str"   --->   Operation 17 'specpipeline' 'specpipeline_ln0' <Predicate = true> <Delay = 0.00>
ST_1 : Operation 18 [1/1] (1.42ns)   --->   "%icmp_ln69 = icmp_eq  i6 %i_15, i6 %cipherkey_size_read" [Downloads/aes_axis.cpp:69]   --->   Operation 18 'icmp' 'icmp_ln69' <Predicate = true> <Delay = 1.42> <CoreInst = "Cmp">   --->   Core 9 'Cmp' <Latency = 0> <II = 1> <Delay = 1.42> <FuncUnit> <Opcode : 'icmp'> <InPorts = 2> <OutPorts = 1>
ST_1 : Operation 19 [1/1] (1.82ns)   --->   "%add_ln69 = add i6 %i_15, i6 1" [Downloads/aes_axis.cpp:69]   --->   Operation 19 'add' 'add_ln69' <Predicate = true> <Delay = 1.82> <CoreInst = "Adder">   --->   Core 1 'Adder' <Latency = 0> <II = 1> <Delay = 1.82> <FuncUnit> <Opcode : 'add' 'sub'> <InPorts = 2> <OutPorts = 1>
ST_1 : Operation 20 [1/1] (0.00ns)   --->   "%br_ln69 = br i1 %icmp_ln69, void %for.inc.split, void %for.inc17.preheader.exitStub" [Downloads/aes_axis.cpp:69]   --->   Operation 20 'br' 'br_ln69' <Predicate = true> <Delay = 0.00>
ST_1 : Operation 21 [1/1] (0.00ns)   --->   "%speclooptripcount_ln70 = speclooptripcount void @_ssdm_op_SpecLoopTripCount, i64 16, i64 32, i64 24" [Downloads/aes_axis.cpp:70]   --->   Operation 21 'speclooptripcount' 'speclooptripcount_ln70' <Predicate = (!icmp_ln69)> <Delay = 0.00>
ST_1 : Operation 22 [1/1] (0.00ns)   --->   "%specloopname_ln60 = specloopname void @_ssdm_op_SpecLoopName, void @empty_0" [Downloads/aes_axis.cpp:60]   --->   Operation 22 'specloopname' 'specloopname_ln60' <Predicate = (!icmp_ln69)> <Delay = 0.00>
ST_1 : Operation 23 [1/1] (0.00ns)   --->   "%empty = read i14 @_ssdm_op_Read.axis.volatile.i8P0A.i1P0A.i1P0A.i1P0A.i1P0A.i1P0A.i1P0A, i8 %key_and_plaintext_V_data_V, i1 %key_and_plaintext_V_keep_V, i1 %key_and_plaintext_V_strb_V, i1 %key_and_plaintext_V_user_V, i1 %key_and_plaintext_V_last_V, i1 %key_and_plaintext_V_id_V, i1 %key_and_plaintext_V_dest_V"   --->   Operation 23 'read' 'empty' <Predicate = (!icmp_ln69)> <Delay = 0.00> <CoreInst = "axis">   --->   Core 115 'axis' <Latency = 0> <II = 1> <Delay = 1.00> <Adapter> <Opcode : >
ST_1 : Operation 24 [1/1] (0.00ns)   --->   "%tmp_data_V = extractvalue i14 %empty"   --->   Operation 24 'extractvalue' 'tmp_data_V' <Predicate = (!icmp_ln69)> <Delay = 0.00>
ST_1 : Operation 25 [1/1] (0.00ns)   --->   "%tmp = partselect i5 @_ssdm_op_PartSelect.i5.i11.i32.i32, i11 %key_array_read, i32 6, i32 10" [Downloads/aes_axis.cpp:72]   --->   Operation 25 'partselect' 'tmp' <Predicate = (!icmp_ln69)> <Delay = 0.00>
ST_1 : Operation 26 [1/1] (0.00ns)   --->   "%add_ln = bitconcatenate i11 @_ssdm_op_BitConcatenate.i11.i5.i6, i5 %tmp, i6 %i_15" [Downloads/aes_axis.cpp:72]   --->   Operation 26 'bitconcatenate' 'add_ln' <Predicate = (!icmp_ln69)> <Delay = 0.00>
ST_1 : Operation 27 [1/1] (0.00ns)   --->   "%zext_ln72 = zext i11 %add_ln" [Downloads/aes_axis.cpp:72]   --->   Operation 27 'zext' 'zext_ln72' <Predicate = (!icmp_ln69)> <Delay = 0.00>
ST_1 : Operation 28 [1/1] (0.00ns)   --->   "%key_array128_addr_3 = getelementptr i8 %key_array128, i64 0, i64 %zext_ln72" [Downloads/aes_axis.cpp:72]   --->   Operation 28 'getelementptr' 'key_array128_addr_3' <Predicate = (!icmp_ln69)> <Delay = 0.00>
ST_1 : Operation 29 [1/1] (3.25ns)   --->   "%store_ln72 = store i8 %tmp_data_V, i11 %key_array128_addr_3" [Downloads/aes_axis.cpp:72]   --->   Operation 29 'store' 'store_ln72' <Predicate = (!icmp_ln69)> <Delay = 3.25> <CoreInst = "RAM_1WnR">   --->   Core 83 'RAM_1WnR' <Latency = 1> <II = 1> <Delay = 3.25> <Storage> <Opcode : 'load' 'store'> <Ports = 17> <Width = 8> <Depth = 1056> <RAM>
ST_1 : Operation 30 [1/1] (1.58ns)   --->   "%store_ln69 = store i6 %add_ln69, i6 %i" [Downloads/aes_axis.cpp:69]   --->   Operation 30 'store' 'store_ln69' <Predicate = (!icmp_ln69)> <Delay = 1.58>
ST_1 : Operation 31 [1/1] (0.00ns)   --->   "%br_ln69 = br void %for.inc" [Downloads/aes_axis.cpp:69]   --->   Operation 31 'br' 'br_ln69' <Predicate = (!icmp_ln69)> <Delay = 0.00>
ST_1 : Operation 32 [1/1] (0.00ns)   --->   "%ret_ln0 = ret"   --->   Operation 32 'ret' 'ret_ln0' <Predicate = (icmp_ln69)> <Delay = 0.00>


============================================================
+ Verbose Summary: Binding
============================================================
STG Binding: 
---------------- STG Properties BEGIN ----------------
- Is combinational: 0
- Is one-state seq: 0
- Is datapath-only: 0
- Is pipelined: 0
- Is top level: 0
Port [ Return ] is wired: 1; IO mode=ap_ctrl_hs:ce=0
Port [ cipherkey_size]:  wired=1; compound=0; hidden=0; nouse=0; global=0; static=0; extern=0; dir=0; type=0; pingpong=0; private_global=0; IO mode=ap_none:ce=0
Port [ key_and_plaintext_V_data_V]:  wired=1; compound=1; hidden=0; nouse=0; global=0; static=0; extern=0; dir=0; type=0; pingpong=0; private_global=0; IO mode=axis:ce=0
Port [ key_and_plaintext_V_keep_V]:  wired=1; compound=1; hidden=0; nouse=0; global=0; static=0; extern=0; dir=0; type=0; pingpong=0; private_global=0; IO mode=axis:ce=0
Port [ key_and_plaintext_V_strb_V]:  wired=1; compound=1; hidden=0; nouse=0; global=0; static=0; extern=0; dir=0; type=0; pingpong=0; private_global=0; IO mode=axis:ce=0
Port [ key_and_plaintext_V_user_V]:  wired=1; compound=1; hidden=0; nouse=0; global=0; static=0; extern=0; dir=0; type=0; pingpong=0; private_global=0; IO mode=axis:ce=0
Port [ key_and_plaintext_V_last_V]:  wired=1; compound=1; hidden=0; nouse=0; global=0; static=0; extern=0; dir=0; type=0; pingpong=0; private_global=0; IO mode=axis:ce=0
Port [ key_and_plaintext_V_id_V]:  wired=1; compound=1; hidden=0; nouse=0; global=0; static=0; extern=0; dir=0; type=0; pingpong=0; private_global=0; IO mode=axis:ce=0
Port [ key_and_plaintext_V_dest_V]:  wired=1; compound=1; hidden=0; nouse=0; global=0; static=0; extern=0; dir=0; type=0; pingpong=0; private_global=0; IO mode=axis:ce=0
Port [ key_array]:  wired=1; compound=0; hidden=0; nouse=0; global=0; static=0; extern=0; dir=0; type=0; pingpong=0; private_global=0; IO mode=ap_none:ce=0
Port [ key_array128]:  wired=1; compound=1; hidden=0; nouse=0; global=0; static=0; extern=0; dir=1; type=1; pingpong=0; private_global=0; MemPort=[03333333333333333]; IO mode=ap_memory:ce=0
---------------- STG Properties END ------------------

---------------- Datapath Model BEGIN ----------------

<LifeTime>
<method=bitvector/>
i                      (alloca           ) [ 01]
specinterface_ln0      (specinterface    ) [ 00]
specinterface_ln0      (specinterface    ) [ 00]
specinterface_ln0      (specinterface    ) [ 00]
specinterface_ln0      (specinterface    ) [ 00]
specinterface_ln0      (specinterface    ) [ 00]
specinterface_ln0      (specinterface    ) [ 00]
specinterface_ln0      (specinterface    ) [ 00]
key_array_read         (read             ) [ 00]
cipherkey_size_read    (read             ) [ 00]
store_ln0              (store            ) [ 00]
br_ln0                 (br               ) [ 00]
i_15                   (load             ) [ 00]
specpipeline_ln0       (specpipeline     ) [ 00]
icmp_ln69              (icmp             ) [ 01]
add_ln69               (add              ) [ 00]
br_ln69                (br               ) [ 00]
speclooptripcount_ln70 (speclooptripcount) [ 00]
specloopname_ln60      (specloopname     ) [ 00]
empty                  (read             ) [ 00]
tmp_data_V             (extractvalue     ) [ 00]
tmp                    (partselect       ) [ 00]
add_ln                 (bitconcatenate   ) [ 00]
zext_ln72              (zext             ) [ 00]
key_array128_addr_3    (getelementptr    ) [ 00]
store_ln72             (store            ) [ 00]
store_ln69             (store            ) [ 00]
br_ln69                (br               ) [ 00]
ret_ln0                (ret              ) [ 00]
</LifeTime>

<model>

<comp_list>
<comp id="0" class="1000" name="cipherkey_size">
<pin_list>
<pin id="1" dir="1" index="0" bw="1" slack="0"/>
</pin_list>
<bind>
<StgValue><ssdm name="cipherkey_size"/></StgValue>
</bind>
</comp>

<comp id="2" class="1000" name="key_and_plaintext_V_data_V">
<pin_list>
<pin id="3" dir="1" index="0" bw="1" slack="0"/>
</pin_list>
<bind>
<StgValue><ssdm name="key_and_plaintext_V_data_V"/></StgValue>
</bind>
</comp>

<comp id="4" class="1000" name="key_and_plaintext_V_keep_V">
<pin_list>
<pin id="5" dir="1" index="0" bw="1" slack="0"/>
</pin_list>
<bind>
<StgValue><ssdm name="key_and_plaintext_V_keep_V"/></StgValue>
</bind>
</comp>

<comp id="6" class="1000" name="key_and_plaintext_V_strb_V">
<pin_list>
<pin id="7" dir="1" index="0" bw="1" slack="0"/>
</pin_list>
<bind>
<StgValue><ssdm name="key_and_plaintext_V_strb_V"/></StgValue>
</bind>
</comp>

<comp id="8" class="1000" name="key_and_plaintext_V_user_V">
<pin_list>
<pin id="9" dir="1" index="0" bw="1" slack="0"/>
</pin_list>
<bind>
<StgValue><ssdm name="key_and_plaintext_V_user_V"/></StgValue>
</bind>
</comp>

<comp id="10" class="1000" name="key_and_plaintext_V_last_V">
<pin_list>
<pin id="11" dir="1" index="0" bw="1" slack="0"/>
</pin_list>
<bind>
<StgValue><ssdm name="key_and_plaintext_V_last_V"/></StgValue>
</bind>
</comp>

<comp id="12" class="1000" name="key_and_plaintext_V_id_V">
<pin_list>
<pin id="13" dir="1" index="0" bw="1" slack="0"/>
</pin_list>
<bind>
<StgValue><ssdm name="key_and_plaintext_V_id_V"/></StgValue>
</bind>
</comp>

<comp id="14" class="1000" name="key_and_plaintext_V_dest_V">
<pin_list>
<pin id="15" dir="1" index="0" bw="1" slack="0"/>
</pin_list>
<bind>
<StgValue><ssdm name="key_and_plaintext_V_dest_V"/></StgValue>
</bind>
</comp>

<comp id="16" class="1000" name="key_array">
<pin_list>
<pin id="17" dir="1" index="0" bw="1" slack="0"/>
</pin_list>
<bind>
<StgValue><ssdm name="key_array"/></StgValue>
</bind>
</comp>

<comp id="18" class="1000" name="key_array128">
<pin_list>
<pin id="19" dir="1" index="0" bw="1" slack="0"/>
</pin_list>
<bind>
<StgValue><ssdm name="key_array128"/><MemPortTyVec>0 3 3 3 3 3 3 3 3 3 3 3 3 3 3 3 3 </MemPortTyVec>
</StgValue>
</bind>
</comp>

<comp id="20" class="1001" name="const_20">
<pin_list>
<pin id="21" dir="1" index="0" bw="1" slack="0"/>
</pin_list>
<bind>
<StgValue><ssdm name=""/></StgValue>
</bind>
</comp>

<comp id="22" class="1001" name="const_22">
<pin_list>
<pin id="23" dir="1" index="0" bw="1" slack="2147483647"/>
</pin_list>
<bind>
<StgValue><ssdm name="_ssdm_op_SpecInterface"/></StgValue>
</bind>
</comp>

<comp id="24" class="1001" name="const_24">
<pin_list>
<pin id="25" dir="1" index="0" bw="1" slack="2147483647"/>
</pin_list>
<bind>
<StgValue><ssdm name="empty_14"/></StgValue>
</bind>
</comp>

<comp id="26" class="1001" name="const_26">
<pin_list>
<pin id="27" dir="1" index="0" bw="1" slack="2147483647"/>
</pin_list>
<bind>
<StgValue><ssdm name=""/></StgValue>
</bind>
</comp>

<comp id="28" class="1001" name="const_28">
<pin_list>
<pin id="29" dir="1" index="0" bw="1" slack="2147483647"/>
</pin_list>
<bind>
<StgValue><ssdm name="empty_15"/></StgValue>
</bind>
</comp>

<comp id="30" class="1001" name="const_30">
<pin_list>
<pin id="31" dir="1" index="0" bw="1" slack="2147483647"/>
</pin_list>
<bind>
<StgValue><ssdm name="empty_16"/></StgValue>
</bind>
</comp>

<comp id="32" class="1001" name="const_32">
<pin_list>
<pin id="33" dir="1" index="0" bw="1" slack="2147483647"/>
</pin_list>
<bind>
<StgValue><ssdm name=""/></StgValue>
</bind>
</comp>

<comp id="34" class="1001" name="const_34">
<pin_list>
<pin id="35" dir="1" index="0" bw="1" slack="0"/>
</pin_list>
<bind>
<StgValue><ssdm name="_ssdm_op_Read.ap_auto.i11"/></StgValue>
</bind>
</comp>

<comp id="36" class="1001" name="const_36">
<pin_list>
<pin id="37" dir="1" index="0" bw="1" slack="0"/>
</pin_list>
<bind>
<StgValue><ssdm name="_ssdm_op_Read.ap_auto.i6"/></StgValue>
</bind>
</comp>

<comp id="38" class="1001" name="const_38">
<pin_list>
<pin id="39" dir="1" index="0" bw="1" slack="0"/>
</pin_list>
<bind>
<StgValue><ssdm name=""/></StgValue>
</bind>
</comp>

<comp id="40" class="1001" name="const_40">
<pin_list>
<pin id="41" dir="1" index="0" bw="1" slack="2147483647"/>
</pin_list>
<bind>
<StgValue><ssdm name="_ssdm_op_SpecPipeline"/></StgValue>
</bind>
</comp>

<comp id="42" class="1001" name="const_42">
<pin_list>
<pin id="43" dir="1" index="0" bw="1" slack="2147483647"/>
</pin_list>
<bind>
<StgValue><ssdm name="p_str"/></StgValue>
</bind>
</comp>

<comp id="44" class="1001" name="const_44">
<pin_list>
<pin id="45" dir="1" index="0" bw="1" slack="0"/>
</pin_list>
<bind>
<StgValue><ssdm name=""/></StgValue>
</bind>
</comp>

<comp id="46" class="1001" name="const_46">
<pin_list>
<pin id="47" dir="1" index="0" bw="1" slack="2147483647"/>
</pin_list>
<bind>
<StgValue><ssdm name="_ssdm_op_SpecLoopTripCount"/></StgValue>
</bind>
</comp>

<comp id="48" class="1001" name="const_48">
<pin_list>
<pin id="49" dir="1" index="0" bw="1" slack="2147483647"/>
</pin_list>
<bind>
<StgValue><ssdm name=""/></StgValue>
</bind>
</comp>

<comp id="50" class="1001" name="const_50">
<pin_list>
<pin id="51" dir="1" index="0" bw="1" slack="2147483647"/>
</pin_list>
<bind>
<StgValue><ssdm name=""/></StgValue>
</bind>
</comp>

<comp id="52" class="1001" name="const_52">
<pin_list>
<pin id="53" dir="1" index="0" bw="1" slack="2147483647"/>
</pin_list>
<bind>
<StgValue><ssdm name=""/></StgValue>
</bind>
</comp>

<comp id="54" class="1001" name="const_54">
<pin_list>
<pin id="55" dir="1" index="0" bw="1" slack="2147483647"/>
</pin_list>
<bind>
<StgValue><ssdm name="_ssdm_op_SpecLoopName"/></StgValue>
</bind>
</comp>

<comp id="56" class="1001" name="const_56">
<pin_list>
<pin id="57" dir="1" index="0" bw="1" slack="2147483647"/>
</pin_list>
<bind>
<StgValue><ssdm name="empty_0"/></StgValue>
</bind>
</comp>

<comp id="58" class="1001" name="const_58">
<pin_list>
<pin id="59" dir="1" index="0" bw="1" slack="0"/>
</pin_list>
<bind>
<StgValue><ssdm name="_ssdm_op_Read.axis.volatile.i8P0A.i1P0A.i1P0A.i1P0A.i1P0A.i1P0A.i1P0A"/></StgValue>
</bind>
</comp>

<comp id="60" class="1001" name="const_60">
<pin_list>
<pin id="61" dir="1" index="0" bw="1" slack="0"/>
</pin_list>
<bind>
<StgValue><ssdm name="_ssdm_op_PartSelect.i5.i11.i32.i32"/></StgValue>
</bind>
</comp>

<comp id="62" class="1001" name="const_62">
<pin_list>
<pin id="63" dir="1" index="0" bw="1" slack="0"/>
</pin_list>
<bind>
<StgValue><ssdm name=""/></StgValue>
</bind>
</comp>

<comp id="64" class="1001" name="const_64">
<pin_list>
<pin id="65" dir="1" index="0" bw="1" slack="0"/>
</pin_list>
<bind>
<StgValue><ssdm name=""/></StgValue>
</bind>
</comp>

<comp id="66" class="1001" name="const_66">
<pin_list>
<pin id="67" dir="1" index="0" bw="1" slack="0"/>
</pin_list>
<bind>
<StgValue><ssdm name="_ssdm_op_BitConcatenate.i11.i5.i6"/></StgValue>
</bind>
</comp>

<comp id="68" class="1001" name="const_68">
<pin_list>
<pin id="69" dir="1" index="0" bw="1" slack="0"/>
</pin_list>
<bind>
<StgValue><ssdm name=""/></StgValue>
</bind>
</comp>

<comp id="70" class="1004" name="i_fu_70">
<pin_list>
<pin id="71" dir="0" index="0" bw="1" slack="0"/>
<pin id="72" dir="1" index="1" bw="6" slack="0"/>
</pin_list>
<bind>
<opcode="alloca(26) " fcode="alloca"/>
<opset="i/1 "/>
</bind>
</comp>

<comp id="74" class="1004" name="key_array_read_read_fu_74">
<pin_list>
<pin id="75" dir="0" index="0" bw="11" slack="0"/>
<pin id="76" dir="0" index="1" bw="11" slack="0"/>
<pin id="77" dir="1" index="2" bw="11" slack="0"/>
</pin_list>
<bind>
<opcode="read(1150) " fcode="read"/>
<opset="key_array_read/1 "/>
</bind>
</comp>

<comp id="80" class="1004" name="cipherkey_size_read_read_fu_80">
<pin_list>
<pin id="81" dir="0" index="0" bw="6" slack="0"/>
<pin id="82" dir="0" index="1" bw="6" slack="0"/>
<pin id="83" dir="1" index="2" bw="6" slack="0"/>
</pin_list>
<bind>
<opcode="read(1150) " fcode="read"/>
<opset="cipherkey_size_read/1 "/>
</bind>
</comp>

<comp id="86" class="1004" name="empty_read_fu_86">
<pin_list>
<pin id="87" dir="0" index="0" bw="14" slack="0"/>
<pin id="88" dir="0" index="1" bw="8" slack="0"/>
<pin id="89" dir="0" index="2" bw="1" slack="0"/>
<pin id="90" dir="0" index="3" bw="1" slack="0"/>
<pin id="91" dir="0" index="4" bw="1" slack="0"/>
<pin id="92" dir="0" index="5" bw="1" slack="0"/>
<pin id="93" dir="0" index="6" bw="1" slack="0"/>
<pin id="94" dir="0" index="7" bw="1" slack="0"/>
<pin id="95" dir="1" index="8" bw="14" slack="0"/>
</pin_list>
<bind>
<opcode="read(1150) " fcode="read"/>
<opset="empty/1 "/>
</bind>
</comp>

<comp id="104" class="1004" name="key_array128_addr_3_gep_fu_104">
<pin_list>
<pin id="105" dir="0" index="0" bw="8" slack="0"/>
<pin id="106" dir="0" index="1" bw="1" slack="0"/>
<pin id="107" dir="0" index="2" bw="11" slack="0"/>
<pin id="108" dir="1" index="3" bw="11" slack="0"/>
</pin_list>
<bind>
<opcode="getelementptr(29) " fcode="getelementptr"/>
<opset="key_array128_addr_3/1 "/>
</bind>
</comp>

<comp id="111" class="1004" name="store_ln72_access_fu_111">
<pin_list>
<pin id="112" dir="0" index="0" bw="11" slack="0"/>
<pin id="113" dir="0" index="1" bw="8" slack="0"/>
<pin id="114" dir="0" index="2" bw="0" slack="2147483647"/>
<pin id="115" dir="1" index="3" bw="8" slack="2147483647"/>
</pin_list>
<bind>
<opcode="store(28) " fcode="store"/>
<opset="store_ln72/1 "/>
</bind>
</comp>

<comp id="117" class="1004" name="store_ln0_store_fu_117">
<pin_list>
<pin id="118" dir="0" index="0" bw="1" slack="0"/>
<pin id="119" dir="0" index="1" bw="6" slack="0"/>
<pin id="120" dir="1" index="2" bw="0" slack="2147483647"/>
</pin_list>
<bind>
<opcode="store(28) " fcode="store"/>
<opset="store_ln0/1 "/>
</bind>
</comp>

<comp id="122" class="1004" name="i_15_load_fu_122">
<pin_list>
<pin id="123" dir="0" index="0" bw="6" slack="0"/>
<pin id="124" dir="1" index="1" bw="6" slack="0"/>
</pin_list>
<bind>
<opcode="load(27) " fcode="load"/>
<opset="i_15/1 "/>
</bind>
</comp>

<comp id="125" class="1004" name="icmp_ln69_fu_125">
<pin_list>
<pin id="126" dir="0" index="0" bw="6" slack="0"/>
<pin id="127" dir="0" index="1" bw="6" slack="0"/>
<pin id="128" dir="1" index="2" bw="1" slack="2147483647"/>
</pin_list>
<bind>
<opcode="icmp(45) " fcode="icmp"/>
<opset="icmp_ln69/1 "/>
</bind>
</comp>

<comp id="131" class="1004" name="add_ln69_fu_131">
<pin_list>
<pin id="132" dir="0" index="0" bw="6" slack="0"/>
<pin id="133" dir="0" index="1" bw="1" slack="0"/>
<pin id="134" dir="1" index="2" bw="6" slack="0"/>
</pin_list>
<bind>
<opcode="add(8) " fcode="add"/>
<opset="add_ln69/1 "/>
</bind>
</comp>

<comp id="137" class="1004" name="tmp_data_V_fu_137">
<pin_list>
<pin id="138" dir="0" index="0" bw="14" slack="0"/>
<pin id="139" dir="1" index="1" bw="8" slack="0"/>
</pin_list>
<bind>
<opcode="extractvalue(56) " fcode="extractvalue"/>
<opset="tmp_data_V/1 "/>
</bind>
</comp>

<comp id="142" class="1004" name="tmp_fu_142">
<pin_list>
<pin id="143" dir="0" index="0" bw="5" slack="0"/>
<pin id="144" dir="0" index="1" bw="11" slack="0"/>
<pin id="145" dir="0" index="2" bw="4" slack="0"/>
<pin id="146" dir="0" index="3" bw="5" slack="0"/>
<pin id="147" dir="1" index="4" bw="5" slack="0"/>
</pin_list>
<bind>
<opcode="partselect(1002) " fcode="partselect"/>
<opset="tmp/1 "/>
</bind>
</comp>

<comp id="152" class="1004" name="add_ln_fu_152">
<pin_list>
<pin id="153" dir="0" index="0" bw="11" slack="0"/>
<pin id="154" dir="0" index="1" bw="5" slack="0"/>
<pin id="155" dir="0" index="2" bw="6" slack="0"/>
<pin id="156" dir="1" index="3" bw="11" slack="0"/>
</pin_list>
<bind>
<opcode="bitconcatenate(1004) " fcode="bitconcatenate"/>
<opset="add_ln/1 "/>
</bind>
</comp>

<comp id="160" class="1004" name="zext_ln72_fu_160">
<pin_list>
<pin id="161" dir="0" index="0" bw="11" slack="0"/>
<pin id="162" dir="1" index="1" bw="64" slack="0"/>
</pin_list>
<bind>
<opcode="zext(34) " fcode="zext"/>
<opset="zext_ln72/1 "/>
</bind>
</comp>

<comp id="165" class="1004" name="store_ln69_store_fu_165">
<pin_list>
<pin id="166" dir="0" index="0" bw="6" slack="0"/>
<pin id="167" dir="0" index="1" bw="6" slack="0"/>
<pin id="168" dir="1" index="2" bw="0" slack="2147483647"/>
</pin_list>
<bind>
<opcode="store(28) " fcode="store"/>
<opset="store_ln69/1 "/>
</bind>
</comp>

<comp id="170" class="1005" name="i_reg_170">
<pin_list>
<pin id="171" dir="0" index="0" bw="6" slack="0"/>
<pin id="172" dir="1" index="1" bw="6" slack="0"/>
</pin_list>
<bind>
<opset="i "/>
</bind>
</comp>

</comp_list>

<net_list>
<net id="73"><net_src comp="20" pin="0"/><net_sink comp="70" pin=0"/></net>

<net id="78"><net_src comp="34" pin="0"/><net_sink comp="74" pin=0"/></net>

<net id="79"><net_src comp="16" pin="0"/><net_sink comp="74" pin=1"/></net>

<net id="84"><net_src comp="36" pin="0"/><net_sink comp="80" pin=0"/></net>

<net id="85"><net_src comp="0" pin="0"/><net_sink comp="80" pin=1"/></net>

<net id="96"><net_src comp="58" pin="0"/><net_sink comp="86" pin=0"/></net>

<net id="97"><net_src comp="2" pin="0"/><net_sink comp="86" pin=1"/></net>

<net id="98"><net_src comp="4" pin="0"/><net_sink comp="86" pin=2"/></net>

<net id="99"><net_src comp="6" pin="0"/><net_sink comp="86" pin=3"/></net>

<net id="100"><net_src comp="8" pin="0"/><net_sink comp="86" pin=4"/></net>

<net id="101"><net_src comp="10" pin="0"/><net_sink comp="86" pin=5"/></net>

<net id="102"><net_src comp="12" pin="0"/><net_sink comp="86" pin=6"/></net>

<net id="103"><net_src comp="14" pin="0"/><net_sink comp="86" pin=7"/></net>

<net id="109"><net_src comp="18" pin="0"/><net_sink comp="104" pin=0"/></net>

<net id="110"><net_src comp="68" pin="0"/><net_sink comp="104" pin=1"/></net>

<net id="116"><net_src comp="104" pin="3"/><net_sink comp="111" pin=0"/></net>

<net id="121"><net_src comp="38" pin="0"/><net_sink comp="117" pin=0"/></net>

<net id="129"><net_src comp="122" pin="1"/><net_sink comp="125" pin=0"/></net>

<net id="130"><net_src comp="80" pin="2"/><net_sink comp="125" pin=1"/></net>

<net id="135"><net_src comp="122" pin="1"/><net_sink comp="131" pin=0"/></net>

<net id="136"><net_src comp="44" pin="0"/><net_sink comp="131" pin=1"/></net>

<net id="140"><net_src comp="86" pin="8"/><net_sink comp="137" pin=0"/></net>

<net id="141"><net_src comp="137" pin="1"/><net_sink comp="111" pin=1"/></net>

<net id="148"><net_src comp="60" pin="0"/><net_sink comp="142" pin=0"/></net>

<net id="149"><net_src comp="74" pin="2"/><net_sink comp="142" pin=1"/></net>

<net id="150"><net_src comp="62" pin="0"/><net_sink comp="142" pin=2"/></net>

<net id="151"><net_src comp="64" pin="0"/><net_sink comp="142" pin=3"/></net>

<net id="157"><net_src comp="66" pin="0"/><net_sink comp="152" pin=0"/></net>

<net id="158"><net_src comp="142" pin="4"/><net_sink comp="152" pin=1"/></net>

<net id="159"><net_src comp="122" pin="1"/><net_sink comp="152" pin=2"/></net>

<net id="163"><net_src comp="152" pin="3"/><net_sink comp="160" pin=0"/></net>

<net id="164"><net_src comp="160" pin="1"/><net_sink comp="104" pin=2"/></net>

<net id="169"><net_src comp="131" pin="2"/><net_sink comp="165" pin=0"/></net>

<net id="173"><net_src comp="70" pin="1"/><net_sink comp="170" pin=0"/></net>

<net id="174"><net_src comp="170" pin="1"/><net_sink comp="117" pin=1"/></net>

<net id="175"><net_src comp="170" pin="1"/><net_sink comp="122" pin=0"/></net>

<net id="176"><net_src comp="170" pin="1"/><net_sink comp="165" pin=1"/></net>

</net_list>

</model> 
---------------- Datapath Model END ------------------

* FSMD analyzer results:
  - Output states:
	Port: key_array128 | {1 }
 - Input state : 
	Port: aes_Pipeline_cipherkeyLoop : cipherkey_size | {1 }
	Port: aes_Pipeline_cipherkeyLoop : key_and_plaintext_V_data_V | {1 }
	Port: aes_Pipeline_cipherkeyLoop : key_and_plaintext_V_keep_V | {1 }
	Port: aes_Pipeline_cipherkeyLoop : key_and_plaintext_V_strb_V | {1 }
	Port: aes_Pipeline_cipherkeyLoop : key_and_plaintext_V_user_V | {1 }
	Port: aes_Pipeline_cipherkeyLoop : key_and_plaintext_V_last_V | {1 }
	Port: aes_Pipeline_cipherkeyLoop : key_and_plaintext_V_id_V | {1 }
	Port: aes_Pipeline_cipherkeyLoop : key_and_plaintext_V_dest_V | {1 }
	Port: aes_Pipeline_cipherkeyLoop : key_array | {1 }
  - Chain level:
	State 1
		store_ln0 : 1
		i_15 : 1
		icmp_ln69 : 2
		add_ln69 : 2
		br_ln69 : 3
		add_ln : 1
		zext_ln72 : 2
		key_array128_addr_3 : 3
		store_ln72 : 4
		store_ln69 : 3


============================================================
+ Verbose Summary: Datapath Resource usage 
============================================================

* Functional unit list:
|----------|--------------------------------|---------|---------|
| Operation|         Functional Unit        |    FF   |   LUT   |
|----------|--------------------------------|---------|---------|
|    add   |         add_ln69_fu_131        |    0    |    14   |
|----------|--------------------------------|---------|---------|
|   icmp   |        icmp_ln69_fu_125        |    0    |    10   |
|----------|--------------------------------|---------|---------|
|          |    key_array_read_read_fu_74   |    0    |    0    |
|   read   | cipherkey_size_read_read_fu_80 |    0    |    0    |
|          |        empty_read_fu_86        |    0    |    0    |
|----------|--------------------------------|---------|---------|
|extractvalue|        tmp_data_V_fu_137       |    0    |    0    |
|----------|--------------------------------|---------|---------|
|partselect|           tmp_fu_142           |    0    |    0    |
|----------|--------------------------------|---------|---------|
|bitconcatenate|          add_ln_fu_152         |    0    |    0    |
|----------|--------------------------------|---------|---------|
|   zext   |        zext_ln72_fu_160        |    0    |    0    |
|----------|--------------------------------|---------|---------|
|   Total  |                                |    0    |    24   |
|----------|--------------------------------|---------|---------|

Memories:
N/A

* Register list:
+---------+--------+
|         |   FF   |
+---------+--------+
|i_reg_170|    6   |
+---------+--------+
|  Total  |    6   |
+---------+--------+

* Multiplexer (MUX) list: 
|--------|------|------|------|--------|
|  Comp  |  Pin | Size |  BW  | S x BW |
|--------|------|------|------|--------|
|  Total |      |      |      |    0   |
|--------|------|------|------|--------|



* Summary:
+-----------+--------+--------+
|           |   FF   |   LUT  |
+-----------+--------+--------+
|  Function |    0   |   24   |
|   Memory  |    -   |    -   |
|Multiplexer|    -   |    -   |
|  Register |    6   |    -   |
+-----------+--------+--------+
|   Total   |    6   |   24   |
+-----------+--------+--------+
