

================================================================
== Vitis HLS Report for 'aes_main_Pipeline_shiftRowLoop12'
================================================================
* Date:           Thu Apr 25 11:55:40 2024

* Version:        2022.1 (Build 3526262 on Mon Apr 18 15:48:16 MDT 2022)
* Project:        AES_PM
* Solution:       solution1 (Vivado IP Flow Target)
* Product family: zynq
* Target device:  xc7z020-clg400-1


================================================================
== Performance Estimates
================================================================
+ Timing: 
    * Summary: 
    +--------+----------+----------+------------+
    |  Clock |  Target  | Estimated| Uncertainty|
    +--------+----------+----------+------------+
    |ap_clk  |  10.00 ns|  3.153 ns|     2.70 ns|
    +--------+----------+----------+------------+

+ Latency: 
    * Summary: 
    +---------+---------+-----------+-----------+-----+-----+---------+
    |  Latency (cycles) |   Latency (absolute)  |  Interval | Pipeline|
    |   min   |   max   |    min    |    max    | min | max |   Type  |
    +---------+---------+-----------+-----------+-----+-----+---------+
    |        5|        5|  50.000 ns|  50.000 ns|    5|    5|       no|
    +---------+---------+-----------+-----------+-----+-----+---------+

    + Detail: 
        * Instance: 
        N/A

        * Loop: 
        +-----------------+---------+---------+----------+-----------+-----------+------+----------+
        |                 |  Latency (cycles) | Iteration|  Initiation Interval  | Trip |          |
        |    Loop Name    |   min   |   max   |  Latency |  achieved |   target  | Count| Pipelined|
        +-----------------+---------+---------+----------+-----------+-----------+------+----------+
        |- shiftRowLoop1  |        3|        3|         1|          1|          6|     3|       yes|
        +-----------------+---------+---------+----------+-----------+-----------+------+----------+

============================================================
+ Verbose Summary: Synthesis Manager
============================================================
InlineROM: 1
ExposeGlobal: 0
============================================================
+ Verbose Summary: CDFG Model
============================================================
IsTopModel: 0
ResetActiveHigh: 1
IsCombinational: 0
IsDatapathOnly: 0
HasWiredReturn: 1
HasMFsm: 2
HasVarLatency: 1
IsPipeline: 0
IsRtlPipelined: 0
IsInstanceOverlapped: 0
IsDontTouch: 0
HasImplIP: 0
IsGatedGlobalClock: 0

+ Individual pipeline summary: 
  * Pipeline-0: initiation interval (II) = 1, depth = 2


============================================================
+ Verbose Summary: Schedule
============================================================
* Number of FSM states : 2
* Pipeline : 1
  Pipeline-0 : II = 1, D = 2, States = { 1 2 }
* Dataflow Pipeline: 0

* FSM state transitions: 
1 --> 2 
2 --> 

* FSM state operations: 

State 1 <SV = 0> <Delay = 1.58>
ST_1 : Operation 4 [1/1] (0.00ns)   --->   "%i = alloca i32 1"   --->   Operation 4 'alloca' 'i' <Predicate = true> <Delay = 0.00>
ST_1 : Operation 5 [1/1] (0.00ns)   --->   "%tmp = alloca i32 1"   --->   Operation 5 'alloca' 'tmp' <Predicate = true> <Delay = 0.00>
ST_1 : Operation 6 [1/1] (0.00ns)   --->   "%empty = alloca i32 1"   --->   Operation 6 'alloca' 'empty' <Predicate = true> <Delay = 0.00>
ST_1 : Operation 7 [1/1] (0.00ns)   --->   "%empty_38 = alloca i32 1"   --->   Operation 7 'alloca' 'empty_38' <Predicate = true> <Delay = 0.00>
ST_1 : Operation 8 [1/1] (0.00ns)   --->   "%tmp_59 = alloca i32 1"   --->   Operation 8 'alloca' 'tmp_59' <Predicate = true> <Delay = 0.00>
ST_1 : Operation 9 [1/1] (0.00ns)   --->   "%sbox_load_34_read = read i8 @_ssdm_op_Read.ap_auto.i8, i8 %sbox_load_34"   --->   Operation 9 'read' 'sbox_load_34_read' <Predicate = true> <Delay = 0.00>
ST_1 : Operation 10 [1/1] (0.00ns)   --->   "%sbox_load_35_read = read i8 @_ssdm_op_Read.ap_auto.i8, i8 %sbox_load_35"   --->   Operation 10 'read' 'sbox_load_35_read' <Predicate = true> <Delay = 0.00>
ST_1 : Operation 11 [1/1] (0.00ns)   --->   "%sbox_load_36_read = read i8 @_ssdm_op_Read.ap_auto.i8, i8 %sbox_load_36"   --->   Operation 11 'read' 'sbox_load_36_read' <Predicate = true> <Delay = 0.00>
ST_1 : Operation 12 [1/1] (0.00ns)   --->   "%sbox_load_37_read = read i8 @_ssdm_op_Read.ap_auto.i8, i8 %sbox_load_37"   --->   Operation 12 'read' 'sbox_load_37_read' <Predicate = true> <Delay = 0.00>
ST_1 : Operation 13 [1/1] (1.58ns)   --->   "%store_ln0 = store i8 %sbox_load_37_read, i8 %tmp_59"   --->   Operation 13 'store' 'store_ln0' <Predicate = true> <Delay = 1.58>
ST_1 : Operation 14 [1/1] (1.58ns)   --->   "%store_ln0 = store i8 %sbox_load_36_read, i8 %empty_38"   --->   Operation 14 'store' 'store_ln0' <Predicate = true> <Delay = 1.58>
ST_1 : Operation 15 [1/1] (1.58ns)   --->   "%store_ln0 = store i8 %sbox_load_35_read, i8 %empty"   --->   Operation 15 'store' 'store_ln0' <Predicate = true> <Delay = 1.58>
ST_1 : Operation 16 [1/1] (1.58ns)   --->   "%store_ln0 = store i8 %sbox_load_34_read, i8 %tmp"   --->   Operation 16 'store' 'store_ln0' <Predicate = true> <Delay = 1.58>
ST_1 : Operation 17 [1/1] (1.58ns)   --->   "%store_ln0 = store i2 0, i2 %i"   --->   Operation 17 'store' 'store_ln0' <Predicate = true> <Delay = 1.58>
ST_1 : Operation 18 [1/1] (0.00ns)   --->   "%br_ln0 = br void %for.inc.i19.i"   --->   Operation 18 'br' 'br_ln0' <Predicate = true> <Delay = 0.00>

State 2 <SV = 1> <Delay = 3.15>
ST_2 : Operation 19 [1/1] (0.00ns)   --->   "%i_1 = load i2 %i" [Downloads/aes_axis.cpp:324]   --->   Operation 19 'load' 'i_1' <Predicate = true> <Delay = 0.00>
ST_2 : Operation 20 [1/1] (0.00ns)   --->   "%p_load8 = load i8 %empty"   --->   Operation 20 'load' 'p_load8' <Predicate = true> <Delay = 0.00>
ST_2 : Operation 21 [1/1] (0.00ns)   --->   "%p_load7 = load i8 %empty_38"   --->   Operation 21 'load' 'p_load7' <Predicate = true> <Delay = 0.00>
ST_2 : Operation 22 [1/1] (0.00ns)   --->   "%tmp_59_load = load i8 %tmp_59"   --->   Operation 22 'load' 'tmp_59_load' <Predicate = true> <Delay = 0.00>
ST_2 : Operation 23 [1/1] (0.95ns)   --->   "%icmp_ln324 = icmp_eq  i2 %i_1, i2 3" [Downloads/aes_axis.cpp:324]   --->   Operation 23 'icmp' 'icmp_ln324' <Predicate = true> <Delay = 0.95> <CoreInst = "Cmp">   --->   Core 9 'Cmp' <Latency = 0> <II = 1> <Delay = 0.95> <FuncUnit> <Opcode : 'icmp'> <InPorts = 2> <OutPorts = 1>
ST_2 : Operation 24 [1/1] (0.00ns)   --->   "%speclooptripcount_ln0 = speclooptripcount void @_ssdm_op_SpecLoopTripCount, i64 3, i64 3, i64 3"   --->   Operation 24 'speclooptripcount' 'speclooptripcount_ln0' <Predicate = true> <Delay = 0.00>
ST_2 : Operation 25 [1/1] (1.56ns)   --->   "%i_2 = add i2 %i_1, i2 1" [Downloads/aes_axis.cpp:324]   --->   Operation 25 'add' 'i_2' <Predicate = true> <Delay = 1.56> <CoreInst = "Adder">   --->   Core 1 'Adder' <Latency = 0> <II = 1> <Delay = 1.56> <FuncUnit> <Opcode : 'add' 'sub'> <InPorts = 2> <OutPorts = 1>
ST_2 : Operation 26 [1/1] (0.00ns)   --->   "%br_ln324 = br i1 %icmp_ln324, void %for.inc.i19.i.split, void %_Z9shiftRowsPh.exit.exitStub" [Downloads/aes_axis.cpp:324]   --->   Operation 26 'br' 'br_ln324' <Predicate = true> <Delay = 0.00>
ST_2 : Operation 27 [1/1] (0.00ns)   --->   "%tmp_61_load = load i8 %tmp" [Downloads/aes_axis.cpp:324]   --->   Operation 27 'load' 'tmp_61_load' <Predicate = (!icmp_ln324)> <Delay = 0.00>
ST_2 : Operation 28 [1/1] (0.00ns)   --->   "%specpipeline_ln327 = specpipeline void @_ssdm_op_SpecPipeline, i32 6, i32 0, i32 0, i32 0, void @empty_16" [Downloads/aes_axis.cpp:327]   --->   Operation 28 'specpipeline' 'specpipeline_ln327' <Predicate = (!icmp_ln324)> <Delay = 0.00>
ST_2 : Operation 29 [1/1] (0.00ns)   --->   "%specloopname_ln320 = specloopname void @_ssdm_op_SpecLoopName, void @empty_9" [Downloads/aes_axis.cpp:320]   --->   Operation 29 'specloopname' 'specloopname_ln320' <Predicate = (!icmp_ln324)> <Delay = 0.00>
ST_2 : Operation 30 [1/1] (1.58ns)   --->   "%store_ln324 = store i8 %tmp_61_load, i8 %tmp_59" [Downloads/aes_axis.cpp:324]   --->   Operation 30 'store' 'store_ln324' <Predicate = (!icmp_ln324)> <Delay = 1.58>
ST_2 : Operation 31 [1/1] (1.58ns)   --->   "%store_ln324 = store i8 %tmp_59_load, i8 %empty_38" [Downloads/aes_axis.cpp:324]   --->   Operation 31 'store' 'store_ln324' <Predicate = (!icmp_ln324)> <Delay = 1.58>
ST_2 : Operation 32 [1/1] (1.58ns)   --->   "%store_ln324 = store i8 %p_load7, i8 %empty" [Downloads/aes_axis.cpp:324]   --->   Operation 32 'store' 'store_ln324' <Predicate = (!icmp_ln324)> <Delay = 1.58>
ST_2 : Operation 33 [1/1] (1.58ns)   --->   "%store_ln324 = store i8 %p_load8, i8 %tmp" [Downloads/aes_axis.cpp:324]   --->   Operation 33 'store' 'store_ln324' <Predicate = (!icmp_ln324)> <Delay = 1.58>
ST_2 : Operation 34 [1/1] (1.58ns)   --->   "%store_ln324 = store i2 %i_2, i2 %i" [Downloads/aes_axis.cpp:324]   --->   Operation 34 'store' 'store_ln324' <Predicate = (!icmp_ln324)> <Delay = 1.58>
ST_2 : Operation 35 [1/1] (0.00ns)   --->   "%br_ln324 = br void %for.inc.i19.i" [Downloads/aes_axis.cpp:324]   --->   Operation 35 'br' 'br_ln324' <Predicate = (!icmp_ln324)> <Delay = 0.00>
ST_2 : Operation 36 [1/1] (0.00ns)   --->   "%tmp_61_load9 = load i8 %tmp"   --->   Operation 36 'load' 'tmp_61_load9' <Predicate = (icmp_ln324)> <Delay = 0.00>
ST_2 : Operation 37 [1/1] (0.00ns)   --->   "%write_ln0 = write void @_ssdm_op_Write.ap_auto.i8P0A, i8 %p_out, i8 %tmp_59_load"   --->   Operation 37 'write' 'write_ln0' <Predicate = (icmp_ln324)> <Delay = 0.00>
ST_2 : Operation 38 [1/1] (0.00ns)   --->   "%write_ln0 = write void @_ssdm_op_Write.ap_auto.i8P0A, i8 %p_out1, i8 %p_load7"   --->   Operation 38 'write' 'write_ln0' <Predicate = (icmp_ln324)> <Delay = 0.00>
ST_2 : Operation 39 [1/1] (0.00ns)   --->   "%write_ln0 = write void @_ssdm_op_Write.ap_auto.i8P0A, i8 %p_out2, i8 %p_load8"   --->   Operation 39 'write' 'write_ln0' <Predicate = (icmp_ln324)> <Delay = 0.00>
ST_2 : Operation 40 [1/1] (0.00ns)   --->   "%write_ln0 = write void @_ssdm_op_Write.ap_auto.i8P0A, i8 %tmp_61_out, i8 %tmp_61_load9"   --->   Operation 40 'write' 'write_ln0' <Predicate = (icmp_ln324)> <Delay = 0.00>
ST_2 : Operation 41 [1/1] (0.00ns)   --->   "%ret_ln0 = ret"   --->   Operation 41 'ret' 'ret_ln0' <Predicate = (icmp_ln324)> <Delay = 0.00>


============================================================
+ Verbose Summary: Binding
============================================================
STG Binding: 
---------------- STG Properties BEGIN ----------------
- Is combinational: 0
- Is one-state seq: 0
- Is datapath-only: 0
- Is pipelined: 0
- Is top level: 0
Port [ Return ] is wired: 1; IO mode=ap_ctrl_hs:ce=0
Port [ sbox_load_37]:  wired=1; compound=0; hidden=0; nouse=0; global=0; static=0; extern=0; dir=0; type=0; pingpong=0; private_global=0; IO mode=ap_none:ce=0
Port [ sbox_load_36]:  wired=1; compound=0; hidden=0; nouse=0; global=0; static=0; extern=0; dir=0; type=0; pingpong=0; private_global=0; IO mode=ap_none:ce=0
Port [ sbox_load_35]:  wired=1; compound=0; hidden=0; nouse=0; global=0; static=0; extern=0; dir=0; type=0; pingpong=0; private_global=0; IO mode=ap_none:ce=0
Port [ sbox_load_34]:  wired=1; compound=0; hidden=0; nouse=0; global=0; static=0; extern=0; dir=0; type=0; pingpong=0; private_global=0; IO mode=ap_none:ce=0
Port [ p_out]:  wired=1; compound=0; hidden=0; nouse=0; global=0; static=0; extern=0; dir=1; type=0; pingpong=0; private_global=0; IO mode=ap_vld:ce=0
Port [ p_out1]:  wired=1; compound=0; hidden=0; nouse=0; global=0; static=0; extern=0; dir=1; type=0; pingpong=0; private_global=0; IO mode=ap_vld:ce=0
Port [ p_out2]:  wired=1; compound=0; hidden=0; nouse=0; global=0; static=0; extern=0; dir=1; type=0; pingpong=0; private_global=0; IO mode=ap_vld:ce=0
Port [ tmp_61_out]:  wired=1; compound=0; hidden=0; nouse=0; global=0; static=0; extern=0; dir=1; type=0; pingpong=0; private_global=0; IO mode=ap_vld:ce=0
---------------- STG Properties END ------------------

---------------- Datapath Model BEGIN ----------------

<LifeTime>
<method=bitvector/>
i                     (alloca           ) [ 011]
tmp                   (alloca           ) [ 011]
empty                 (alloca           ) [ 011]
empty_38              (alloca           ) [ 011]
tmp_59                (alloca           ) [ 011]
sbox_load_34_read     (read             ) [ 000]
sbox_load_35_read     (read             ) [ 000]
sbox_load_36_read     (read             ) [ 000]
sbox_load_37_read     (read             ) [ 000]
store_ln0             (store            ) [ 000]
store_ln0             (store            ) [ 000]
store_ln0             (store            ) [ 000]
store_ln0             (store            ) [ 000]
store_ln0             (store            ) [ 000]
br_ln0                (br               ) [ 000]
i_1                   (load             ) [ 000]
p_load8               (load             ) [ 000]
p_load7               (load             ) [ 000]
tmp_59_load           (load             ) [ 000]
icmp_ln324            (icmp             ) [ 011]
speclooptripcount_ln0 (speclooptripcount) [ 000]
i_2                   (add              ) [ 000]
br_ln324              (br               ) [ 000]
tmp_61_load           (load             ) [ 000]
specpipeline_ln327    (specpipeline     ) [ 000]
specloopname_ln320    (specloopname     ) [ 000]
store_ln324           (store            ) [ 000]
store_ln324           (store            ) [ 000]
store_ln324           (store            ) [ 000]
store_ln324           (store            ) [ 000]
store_ln324           (store            ) [ 000]
br_ln324              (br               ) [ 000]
tmp_61_load9          (load             ) [ 000]
write_ln0             (write            ) [ 000]
write_ln0             (write            ) [ 000]
write_ln0             (write            ) [ 000]
write_ln0             (write            ) [ 000]
ret_ln0               (ret              ) [ 000]
</LifeTime>

<model>

<comp_list>
<comp id="0" class="1000" name="sbox_load_37">
<pin_list>
<pin id="1" dir="1" index="0" bw="1" slack="0"/>
</pin_list>
<bind>
<StgValue><ssdm name="sbox_load_37"/></StgValue>
</bind>
</comp>

<comp id="2" class="1000" name="sbox_load_36">
<pin_list>
<pin id="3" dir="1" index="0" bw="1" slack="0"/>
</pin_list>
<bind>
<StgValue><ssdm name="sbox_load_36"/></StgValue>
</bind>
</comp>

<comp id="4" class="1000" name="sbox_load_35">
<pin_list>
<pin id="5" dir="1" index="0" bw="1" slack="0"/>
</pin_list>
<bind>
<StgValue><ssdm name="sbox_load_35"/></StgValue>
</bind>
</comp>

<comp id="6" class="1000" name="sbox_load_34">
<pin_list>
<pin id="7" dir="1" index="0" bw="1" slack="0"/>
</pin_list>
<bind>
<StgValue><ssdm name="sbox_load_34"/></StgValue>
</bind>
</comp>

<comp id="8" class="1000" name="p_out">
<pin_list>
<pin id="9" dir="1" index="0" bw="1" slack="0"/>
</pin_list>
<bind>
<StgValue><ssdm name="p_out"/></StgValue>
</bind>
</comp>

<comp id="10" class="1000" name="p_out1">
<pin_list>
<pin id="11" dir="1" index="0" bw="1" slack="0"/>
</pin_list>
<bind>
<StgValue><ssdm name="p_out1"/></StgValue>
</bind>
</comp>

<comp id="12" class="1000" name="p_out2">
<pin_list>
<pin id="13" dir="1" index="0" bw="1" slack="0"/>
</pin_list>
<bind>
<StgValue><ssdm name="p_out2"/></StgValue>
</bind>
</comp>

<comp id="14" class="1000" name="tmp_61_out">
<pin_list>
<pin id="15" dir="1" index="0" bw="1" slack="0"/>
</pin_list>
<bind>
<StgValue><ssdm name="tmp_61_out"/></StgValue>
</bind>
</comp>

<comp id="16" class="1001" name="const_16">
<pin_list>
<pin id="17" dir="1" index="0" bw="1" slack="0"/>
</pin_list>
<bind>
<StgValue><ssdm name=""/></StgValue>
</bind>
</comp>

<comp id="18" class="1001" name="const_18">
<pin_list>
<pin id="19" dir="1" index="0" bw="1" slack="0"/>
</pin_list>
<bind>
<StgValue><ssdm name="_ssdm_op_Read.ap_auto.i8"/></StgValue>
</bind>
</comp>

<comp id="20" class="1001" name="const_20">
<pin_list>
<pin id="21" dir="1" index="0" bw="1" slack="0"/>
</pin_list>
<bind>
<StgValue><ssdm name=""/></StgValue>
</bind>
</comp>

<comp id="22" class="1001" name="const_22">
<pin_list>
<pin id="23" dir="1" index="0" bw="1" slack="0"/>
</pin_list>
<bind>
<StgValue><ssdm name=""/></StgValue>
</bind>
</comp>

<comp id="24" class="1001" name="const_24">
<pin_list>
<pin id="25" dir="1" index="0" bw="1" slack="2147483647"/>
</pin_list>
<bind>
<StgValue><ssdm name="_ssdm_op_SpecLoopTripCount"/></StgValue>
</bind>
</comp>

<comp id="26" class="1001" name="const_26">
<pin_list>
<pin id="27" dir="1" index="0" bw="1" slack="2147483647"/>
</pin_list>
<bind>
<StgValue><ssdm name=""/></StgValue>
</bind>
</comp>

<comp id="28" class="1001" name="const_28">
<pin_list>
<pin id="29" dir="1" index="0" bw="1" slack="0"/>
</pin_list>
<bind>
<StgValue><ssdm name=""/></StgValue>
</bind>
</comp>

<comp id="30" class="1001" name="const_30">
<pin_list>
<pin id="31" dir="1" index="0" bw="1" slack="2147483647"/>
</pin_list>
<bind>
<StgValue><ssdm name="_ssdm_op_SpecPipeline"/></StgValue>
</bind>
</comp>

<comp id="32" class="1001" name="const_32">
<pin_list>
<pin id="33" dir="1" index="0" bw="1" slack="2147483647"/>
</pin_list>
<bind>
<StgValue><ssdm name=""/></StgValue>
</bind>
</comp>

<comp id="34" class="1001" name="const_34">
<pin_list>
<pin id="35" dir="1" index="0" bw="1" slack="2147483647"/>
</pin_list>
<bind>
<StgValue><ssdm name=""/></StgValue>
</bind>
</comp>

<comp id="36" class="1001" name="const_36">
<pin_list>
<pin id="37" dir="1" index="0" bw="1" slack="2147483647"/>
</pin_list>
<bind>
<StgValue><ssdm name="empty_16"/></StgValue>
</bind>
</comp>

<comp id="38" class="1001" name="const_38">
<pin_list>
<pin id="39" dir="1" index="0" bw="1" slack="2147483647"/>
</pin_list>
<bind>
<StgValue><ssdm name="_ssdm_op_SpecLoopName"/></StgValue>
</bind>
</comp>

<comp id="40" class="1001" name="const_40">
<pin_list>
<pin id="41" dir="1" index="0" bw="1" slack="2147483647"/>
</pin_list>
<bind>
<StgValue><ssdm name="empty_9"/></StgValue>
</bind>
</comp>

<comp id="42" class="1001" name="const_42">
<pin_list>
<pin id="43" dir="1" index="0" bw="1" slack="0"/>
</pin_list>
<bind>
<StgValue><ssdm name="_ssdm_op_Write.ap_auto.i8P0A"/></StgValue>
</bind>
</comp>

<comp id="44" class="1004" name="i_fu_44">
<pin_list>
<pin id="45" dir="0" index="0" bw="1" slack="0"/>
<pin id="46" dir="1" index="1" bw="2" slack="0"/>
</pin_list>
<bind>
<opcode="alloca(26) " fcode="alloca"/>
<opset="i/1 "/>
</bind>
</comp>

<comp id="48" class="1004" name="tmp_fu_48">
<pin_list>
<pin id="49" dir="0" index="0" bw="1" slack="0"/>
<pin id="50" dir="1" index="1" bw="8" slack="0"/>
</pin_list>
<bind>
<opcode="alloca(26) " fcode="alloca"/>
<opset="tmp/1 "/>
</bind>
</comp>

<comp id="52" class="1004" name="empty_fu_52">
<pin_list>
<pin id="53" dir="0" index="0" bw="1" slack="0"/>
<pin id="54" dir="1" index="1" bw="8" slack="0"/>
</pin_list>
<bind>
<opcode="alloca(26) " fcode="alloca"/>
<opset="empty/1 "/>
</bind>
</comp>

<comp id="56" class="1004" name="empty_38_fu_56">
<pin_list>
<pin id="57" dir="0" index="0" bw="1" slack="0"/>
<pin id="58" dir="1" index="1" bw="8" slack="0"/>
</pin_list>
<bind>
<opcode="alloca(26) " fcode="alloca"/>
<opset="empty_38/1 "/>
</bind>
</comp>

<comp id="60" class="1004" name="tmp_59_fu_60">
<pin_list>
<pin id="61" dir="0" index="0" bw="1" slack="0"/>
<pin id="62" dir="1" index="1" bw="8" slack="0"/>
</pin_list>
<bind>
<opcode="alloca(26) " fcode="alloca"/>
<opset="tmp_59/1 "/>
</bind>
</comp>

<comp id="64" class="1004" name="sbox_load_34_read_read_fu_64">
<pin_list>
<pin id="65" dir="0" index="0" bw="8" slack="0"/>
<pin id="66" dir="0" index="1" bw="8" slack="0"/>
<pin id="67" dir="1" index="2" bw="8" slack="0"/>
</pin_list>
<bind>
<opcode="read(1150) " fcode="read"/>
<opset="sbox_load_34_read/1 "/>
</bind>
</comp>

<comp id="70" class="1004" name="sbox_load_35_read_read_fu_70">
<pin_list>
<pin id="71" dir="0" index="0" bw="8" slack="0"/>
<pin id="72" dir="0" index="1" bw="8" slack="0"/>
<pin id="73" dir="1" index="2" bw="8" slack="0"/>
</pin_list>
<bind>
<opcode="read(1150) " fcode="read"/>
<opset="sbox_load_35_read/1 "/>
</bind>
</comp>

<comp id="76" class="1004" name="sbox_load_36_read_read_fu_76">
<pin_list>
<pin id="77" dir="0" index="0" bw="8" slack="0"/>
<pin id="78" dir="0" index="1" bw="8" slack="0"/>
<pin id="79" dir="1" index="2" bw="8" slack="0"/>
</pin_list>
<bind>
<opcode="read(1150) " fcode="read"/>
<opset="sbox_load_36_read/1 "/>
</bind>
</comp>

<comp id="82" class="1004" name="sbox_load_37_read_read_fu_82">
<pin_list>
<pin id="83" dir="0" index="0" bw="8" slack="0"/>
<pin id="84" dir="0" index="1" bw="8" slack="0"/>
<pin id="85" dir="1" index="2" bw="8" slack="0"/>
</pin_list>
<bind>
<opcode="read(1150) " fcode="read"/>
<opset="sbox_load_37_read/1 "/>
</bind>
</comp>

<comp id="88" class="1004" name="write_ln0_write_fu_88">
<pin_list>
<pin id="89" dir="0" index="0" bw="0" slack="0"/>
<pin id="90" dir="0" index="1" bw="8" slack="0"/>
<pin id="91" dir="0" index="2" bw="8" slack="0"/>
<pin id="92" dir="1" index="3" bw="0" slack="2147483647"/>
</pin_list>
<bind>
<opcode="write(1151) " fcode="write"/>
<opset="write_ln0/2 "/>
</bind>
</comp>

<comp id="95" class="1004" name="write_ln0_write_fu_95">
<pin_list>
<pin id="96" dir="0" index="0" bw="0" slack="0"/>
<pin id="97" dir="0" index="1" bw="8" slack="0"/>
<pin id="98" dir="0" index="2" bw="8" slack="0"/>
<pin id="99" dir="1" index="3" bw="0" slack="2147483647"/>
</pin_list>
<bind>
<opcode="write(1151) " fcode="write"/>
<opset="write_ln0/2 "/>
</bind>
</comp>

<comp id="102" class="1004" name="write_ln0_write_fu_102">
<pin_list>
<pin id="103" dir="0" index="0" bw="0" slack="0"/>
<pin id="104" dir="0" index="1" bw="8" slack="0"/>
<pin id="105" dir="0" index="2" bw="8" slack="0"/>
<pin id="106" dir="1" index="3" bw="0" slack="2147483647"/>
</pin_list>
<bind>
<opcode="write(1151) " fcode="write"/>
<opset="write_ln0/2 "/>
</bind>
</comp>

<comp id="109" class="1004" name="write_ln0_write_fu_109">
<pin_list>
<pin id="110" dir="0" index="0" bw="0" slack="0"/>
<pin id="111" dir="0" index="1" bw="8" slack="0"/>
<pin id="112" dir="0" index="2" bw="8" slack="0"/>
<pin id="113" dir="1" index="3" bw="0" slack="2147483647"/>
</pin_list>
<bind>
<opcode="write(1151) " fcode="write"/>
<opset="write_ln0/2 "/>
</bind>
</comp>

<comp id="116" class="1004" name="store_ln0_store_fu_116">
<pin_list>
<pin id="117" dir="0" index="0" bw="8" slack="0"/>
<pin id="118" dir="0" index="1" bw="8" slack="0"/>
<pin id="119" dir="1" index="2" bw="0" slack="2147483647"/>
</pin_list>
<bind>
<opcode="store(28) " fcode="store"/>
<opset="store_ln0/1 "/>
</bind>
</comp>

<comp id="121" class="1004" name="store_ln0_store_fu_121">
<pin_list>
<pin id="122" dir="0" index="0" bw="8" slack="0"/>
<pin id="123" dir="0" index="1" bw="8" slack="0"/>
<pin id="124" dir="1" index="2" bw="0" slack="2147483647"/>
</pin_list>
<bind>
<opcode="store(28) " fcode="store"/>
<opset="store_ln0/1 "/>
</bind>
</comp>

<comp id="126" class="1004" name="store_ln0_store_fu_126">
<pin_list>
<pin id="127" dir="0" index="0" bw="8" slack="0"/>
<pin id="128" dir="0" index="1" bw="8" slack="0"/>
<pin id="129" dir="1" index="2" bw="0" slack="2147483647"/>
</pin_list>
<bind>
<opcode="store(28) " fcode="store"/>
<opset="store_ln0/1 "/>
</bind>
</comp>

<comp id="131" class="1004" name="store_ln0_store_fu_131">
<pin_list>
<pin id="132" dir="0" index="0" bw="8" slack="0"/>
<pin id="133" dir="0" index="1" bw="8" slack="0"/>
<pin id="134" dir="1" index="2" bw="0" slack="2147483647"/>
</pin_list>
<bind>
<opcode="store(28) " fcode="store"/>
<opset="store_ln0/1 "/>
</bind>
</comp>

<comp id="136" class="1004" name="store_ln0_store_fu_136">
<pin_list>
<pin id="137" dir="0" index="0" bw="1" slack="0"/>
<pin id="138" dir="0" index="1" bw="2" slack="0"/>
<pin id="139" dir="1" index="2" bw="0" slack="2147483647"/>
</pin_list>
<bind>
<opcode="store(28) " fcode="store"/>
<opset="store_ln0/1 "/>
</bind>
</comp>

<comp id="141" class="1004" name="i_1_load_fu_141">
<pin_list>
<pin id="142" dir="0" index="0" bw="2" slack="1"/>
<pin id="143" dir="1" index="1" bw="2" slack="0"/>
</pin_list>
<bind>
<opcode="load(27) " fcode="load"/>
<opset="i_1/2 "/>
</bind>
</comp>

<comp id="144" class="1004" name="p_load8_load_fu_144">
<pin_list>
<pin id="145" dir="0" index="0" bw="8" slack="1"/>
<pin id="146" dir="1" index="1" bw="8" slack="0"/>
</pin_list>
<bind>
<opcode="load(27) " fcode="load"/>
<opset="p_load8/2 "/>
</bind>
</comp>

<comp id="148" class="1004" name="p_load7_load_fu_148">
<pin_list>
<pin id="149" dir="0" index="0" bw="8" slack="1"/>
<pin id="150" dir="1" index="1" bw="8" slack="0"/>
</pin_list>
<bind>
<opcode="load(27) " fcode="load"/>
<opset="p_load7/2 "/>
</bind>
</comp>

<comp id="152" class="1004" name="tmp_59_load_load_fu_152">
<pin_list>
<pin id="153" dir="0" index="0" bw="8" slack="1"/>
<pin id="154" dir="1" index="1" bw="8" slack="0"/>
</pin_list>
<bind>
<opcode="load(27) " fcode="load"/>
<opset="tmp_59_load/2 "/>
</bind>
</comp>

<comp id="156" class="1004" name="icmp_ln324_fu_156">
<pin_list>
<pin id="157" dir="0" index="0" bw="2" slack="0"/>
<pin id="158" dir="0" index="1" bw="1" slack="0"/>
<pin id="159" dir="1" index="2" bw="1" slack="2147483647"/>
</pin_list>
<bind>
<opcode="icmp(45) " fcode="icmp"/>
<opset="icmp_ln324/2 "/>
</bind>
</comp>

<comp id="162" class="1004" name="i_2_fu_162">
<pin_list>
<pin id="163" dir="0" index="0" bw="2" slack="0"/>
<pin id="164" dir="0" index="1" bw="1" slack="0"/>
<pin id="165" dir="1" index="2" bw="2" slack="0"/>
</pin_list>
<bind>
<opcode="add(8) " fcode="add"/>
<opset="i_2/2 "/>
</bind>
</comp>

<comp id="168" class="1004" name="tmp_61_load_load_fu_168">
<pin_list>
<pin id="169" dir="0" index="0" bw="8" slack="1"/>
<pin id="170" dir="1" index="1" bw="8" slack="0"/>
</pin_list>
<bind>
<opcode="load(27) " fcode="load"/>
<opset="tmp_61_load/2 "/>
</bind>
</comp>

<comp id="171" class="1004" name="store_ln324_store_fu_171">
<pin_list>
<pin id="172" dir="0" index="0" bw="8" slack="0"/>
<pin id="173" dir="0" index="1" bw="8" slack="1"/>
<pin id="174" dir="1" index="2" bw="0" slack="2147483647"/>
</pin_list>
<bind>
<opcode="store(28) " fcode="store"/>
<opset="store_ln324/2 "/>
</bind>
</comp>

<comp id="176" class="1004" name="store_ln324_store_fu_176">
<pin_list>
<pin id="177" dir="0" index="0" bw="8" slack="0"/>
<pin id="178" dir="0" index="1" bw="8" slack="1"/>
<pin id="179" dir="1" index="2" bw="0" slack="2147483647"/>
</pin_list>
<bind>
<opcode="store(28) " fcode="store"/>
<opset="store_ln324/2 "/>
</bind>
</comp>

<comp id="181" class="1004" name="store_ln324_store_fu_181">
<pin_list>
<pin id="182" dir="0" index="0" bw="8" slack="0"/>
<pin id="183" dir="0" index="1" bw="8" slack="1"/>
<pin id="184" dir="1" index="2" bw="0" slack="2147483647"/>
</pin_list>
<bind>
<opcode="store(28) " fcode="store"/>
<opset="store_ln324/2 "/>
</bind>
</comp>

<comp id="186" class="1004" name="store_ln324_store_fu_186">
<pin_list>
<pin id="187" dir="0" index="0" bw="8" slack="0"/>
<pin id="188" dir="0" index="1" bw="8" slack="1"/>
<pin id="189" dir="1" index="2" bw="0" slack="2147483647"/>
</pin_list>
<bind>
<opcode="store(28) " fcode="store"/>
<opset="store_ln324/2 "/>
</bind>
</comp>

<comp id="191" class="1004" name="store_ln324_store_fu_191">
<pin_list>
<pin id="192" dir="0" index="0" bw="2" slack="0"/>
<pin id="193" dir="0" index="1" bw="2" slack="1"/>
<pin id="194" dir="1" index="2" bw="0" slack="2147483647"/>
</pin_list>
<bind>
<opcode="store(28) " fcode="store"/>
<opset="store_ln324/2 "/>
</bind>
</comp>

<comp id="196" class="1004" name="tmp_61_load9_load_fu_196">
<pin_list>
<pin id="197" dir="0" index="0" bw="8" slack="1"/>
<pin id="198" dir="1" index="1" bw="8" slack="0"/>
</pin_list>
<bind>
<opcode="load(27) " fcode="load"/>
<opset="tmp_61_load9/2 "/>
</bind>
</comp>

<comp id="200" class="1005" name="i_reg_200">
<pin_list>
<pin id="201" dir="0" index="0" bw="2" slack="0"/>
<pin id="202" dir="1" index="1" bw="2" slack="0"/>
</pin_list>
<bind>
<opset="i "/>
</bind>
</comp>

<comp id="207" class="1005" name="tmp_reg_207">
<pin_list>
<pin id="208" dir="0" index="0" bw="8" slack="0"/>
<pin id="209" dir="1" index="1" bw="8" slack="0"/>
</pin_list>
<bind>
<opset="tmp "/>
</bind>
</comp>

<comp id="215" class="1005" name="empty_reg_215">
<pin_list>
<pin id="216" dir="0" index="0" bw="8" slack="0"/>
<pin id="217" dir="1" index="1" bw="8" slack="0"/>
</pin_list>
<bind>
<opset="empty "/>
</bind>
</comp>

<comp id="222" class="1005" name="empty_38_reg_222">
<pin_list>
<pin id="223" dir="0" index="0" bw="8" slack="0"/>
<pin id="224" dir="1" index="1" bw="8" slack="0"/>
</pin_list>
<bind>
<opset="empty_38 "/>
</bind>
</comp>

<comp id="229" class="1005" name="tmp_59_reg_229">
<pin_list>
<pin id="230" dir="0" index="0" bw="8" slack="0"/>
<pin id="231" dir="1" index="1" bw="8" slack="0"/>
</pin_list>
<bind>
<opset="tmp_59 "/>
</bind>
</comp>

</comp_list>

<net_list>
<net id="47"><net_src comp="16" pin="0"/><net_sink comp="44" pin=0"/></net>

<net id="51"><net_src comp="16" pin="0"/><net_sink comp="48" pin=0"/></net>

<net id="55"><net_src comp="16" pin="0"/><net_sink comp="52" pin=0"/></net>

<net id="59"><net_src comp="16" pin="0"/><net_sink comp="56" pin=0"/></net>

<net id="63"><net_src comp="16" pin="0"/><net_sink comp="60" pin=0"/></net>

<net id="68"><net_src comp="18" pin="0"/><net_sink comp="64" pin=0"/></net>

<net id="69"><net_src comp="6" pin="0"/><net_sink comp="64" pin=1"/></net>

<net id="74"><net_src comp="18" pin="0"/><net_sink comp="70" pin=0"/></net>

<net id="75"><net_src comp="4" pin="0"/><net_sink comp="70" pin=1"/></net>

<net id="80"><net_src comp="18" pin="0"/><net_sink comp="76" pin=0"/></net>

<net id="81"><net_src comp="2" pin="0"/><net_sink comp="76" pin=1"/></net>

<net id="86"><net_src comp="18" pin="0"/><net_sink comp="82" pin=0"/></net>

<net id="87"><net_src comp="0" pin="0"/><net_sink comp="82" pin=1"/></net>

<net id="93"><net_src comp="42" pin="0"/><net_sink comp="88" pin=0"/></net>

<net id="94"><net_src comp="8" pin="0"/><net_sink comp="88" pin=1"/></net>

<net id="100"><net_src comp="42" pin="0"/><net_sink comp="95" pin=0"/></net>

<net id="101"><net_src comp="10" pin="0"/><net_sink comp="95" pin=1"/></net>

<net id="107"><net_src comp="42" pin="0"/><net_sink comp="102" pin=0"/></net>

<net id="108"><net_src comp="12" pin="0"/><net_sink comp="102" pin=1"/></net>

<net id="114"><net_src comp="42" pin="0"/><net_sink comp="109" pin=0"/></net>

<net id="115"><net_src comp="14" pin="0"/><net_sink comp="109" pin=1"/></net>

<net id="120"><net_src comp="82" pin="2"/><net_sink comp="116" pin=0"/></net>

<net id="125"><net_src comp="76" pin="2"/><net_sink comp="121" pin=0"/></net>

<net id="130"><net_src comp="70" pin="2"/><net_sink comp="126" pin=0"/></net>

<net id="135"><net_src comp="64" pin="2"/><net_sink comp="131" pin=0"/></net>

<net id="140"><net_src comp="20" pin="0"/><net_sink comp="136" pin=0"/></net>

<net id="147"><net_src comp="144" pin="1"/><net_sink comp="102" pin=2"/></net>

<net id="151"><net_src comp="148" pin="1"/><net_sink comp="95" pin=2"/></net>

<net id="155"><net_src comp="152" pin="1"/><net_sink comp="88" pin=2"/></net>

<net id="160"><net_src comp="141" pin="1"/><net_sink comp="156" pin=0"/></net>

<net id="161"><net_src comp="22" pin="0"/><net_sink comp="156" pin=1"/></net>

<net id="166"><net_src comp="141" pin="1"/><net_sink comp="162" pin=0"/></net>

<net id="167"><net_src comp="28" pin="0"/><net_sink comp="162" pin=1"/></net>

<net id="175"><net_src comp="168" pin="1"/><net_sink comp="171" pin=0"/></net>

<net id="180"><net_src comp="152" pin="1"/><net_sink comp="176" pin=0"/></net>

<net id="185"><net_src comp="148" pin="1"/><net_sink comp="181" pin=0"/></net>

<net id="190"><net_src comp="144" pin="1"/><net_sink comp="186" pin=0"/></net>

<net id="195"><net_src comp="162" pin="2"/><net_sink comp="191" pin=0"/></net>

<net id="199"><net_src comp="196" pin="1"/><net_sink comp="109" pin=2"/></net>

<net id="203"><net_src comp="44" pin="1"/><net_sink comp="200" pin=0"/></net>

<net id="204"><net_src comp="200" pin="1"/><net_sink comp="136" pin=1"/></net>

<net id="205"><net_src comp="200" pin="1"/><net_sink comp="141" pin=0"/></net>

<net id="206"><net_src comp="200" pin="1"/><net_sink comp="191" pin=1"/></net>

<net id="210"><net_src comp="48" pin="1"/><net_sink comp="207" pin=0"/></net>

<net id="211"><net_src comp="207" pin="1"/><net_sink comp="131" pin=1"/></net>

<net id="212"><net_src comp="207" pin="1"/><net_sink comp="168" pin=0"/></net>

<net id="213"><net_src comp="207" pin="1"/><net_sink comp="186" pin=1"/></net>

<net id="214"><net_src comp="207" pin="1"/><net_sink comp="196" pin=0"/></net>

<net id="218"><net_src comp="52" pin="1"/><net_sink comp="215" pin=0"/></net>

<net id="219"><net_src comp="215" pin="1"/><net_sink comp="126" pin=1"/></net>

<net id="220"><net_src comp="215" pin="1"/><net_sink comp="144" pin=0"/></net>

<net id="221"><net_src comp="215" pin="1"/><net_sink comp="181" pin=1"/></net>

<net id="225"><net_src comp="56" pin="1"/><net_sink comp="222" pin=0"/></net>

<net id="226"><net_src comp="222" pin="1"/><net_sink comp="121" pin=1"/></net>

<net id="227"><net_src comp="222" pin="1"/><net_sink comp="148" pin=0"/></net>

<net id="228"><net_src comp="222" pin="1"/><net_sink comp="176" pin=1"/></net>

<net id="232"><net_src comp="60" pin="1"/><net_sink comp="229" pin=0"/></net>

<net id="233"><net_src comp="229" pin="1"/><net_sink comp="116" pin=1"/></net>

<net id="234"><net_src comp="229" pin="1"/><net_sink comp="152" pin=0"/></net>

<net id="235"><net_src comp="229" pin="1"/><net_sink comp="171" pin=1"/></net>

</net_list>

</model> 
---------------- Datapath Model END ------------------

* FSMD analyzer results:
  - Output states:
	Port: p_out | {2 }
	Port: p_out1 | {2 }
	Port: p_out2 | {2 }
	Port: tmp_61_out | {2 }
 - Input state : 
	Port: aes_main_Pipeline_shiftRowLoop12 : sbox_load_37 | {1 }
	Port: aes_main_Pipeline_shiftRowLoop12 : sbox_load_36 | {1 }
	Port: aes_main_Pipeline_shiftRowLoop12 : sbox_load_35 | {1 }
	Port: aes_main_Pipeline_shiftRowLoop12 : sbox_load_34 | {1 }
  - Chain level:
	State 1
		store_ln0 : 1
	State 2
		icmp_ln324 : 1
		i_2 : 1
		br_ln324 : 2
		store_ln324 : 1
		store_ln324 : 1
		store_ln324 : 1
		store_ln324 : 1
		store_ln324 : 2
		write_ln0 : 1
		write_ln0 : 1
		write_ln0 : 1
		write_ln0 : 1


============================================================
+ Verbose Summary: Datapath Resource usage 
============================================================

* Functional unit list:
|----------|------------------------------|---------|---------|
| Operation|        Functional Unit       |    FF   |   LUT   |
|----------|------------------------------|---------|---------|
|    add   |          i_2_fu_162          |    0    |    10   |
|----------|------------------------------|---------|---------|
|   icmp   |       icmp_ln324_fu_156      |    0    |    8    |
|----------|------------------------------|---------|---------|
|          | sbox_load_34_read_read_fu_64 |    0    |    0    |
|   read   | sbox_load_35_read_read_fu_70 |    0    |    0    |
|          | sbox_load_36_read_read_fu_76 |    0    |    0    |
|          | sbox_load_37_read_read_fu_82 |    0    |    0    |
|----------|------------------------------|---------|---------|
|          |     write_ln0_write_fu_88    |    0    |    0    |
|   write  |     write_ln0_write_fu_95    |    0    |    0    |
|          |    write_ln0_write_fu_102    |    0    |    0    |
|          |    write_ln0_write_fu_109    |    0    |    0    |
|----------|------------------------------|---------|---------|
|   Total  |                              |    0    |    18   |
|----------|------------------------------|---------|---------|

Memories:
N/A

* Register list:
+----------------+--------+
|                |   FF   |
+----------------+--------+
|empty_38_reg_222|    8   |
|  empty_reg_215 |    8   |
|    i_reg_200   |    2   |
| tmp_59_reg_229 |    8   |
|   tmp_reg_207  |    8   |
+----------------+--------+
|      Total     |   34   |
+----------------+--------+

* Multiplexer (MUX) list: 
|--------|------|------|------|--------|
|  Comp  |  Pin | Size |  BW  | S x BW |
|--------|------|------|------|--------|
|  Total |      |      |      |    0   |
|--------|------|------|------|--------|



* Summary:
+-----------+--------+--------+
|           |   FF   |   LUT  |
+-----------+--------+--------+
|  Function |    0   |   18   |
|   Memory  |    -   |    -   |
|Multiplexer|    -   |    -   |
|  Register |   34   |    -   |
+-----------+--------+--------+
|   Total   |   34   |   18   |
+-----------+--------+--------+
