

================================================================
== Vitis HLS Report for 'aes_invMain_Pipeline_aesInvMainLoop'
================================================================
* Date:           Thu Apr 25 11:55:42 2024

* Version:        2022.1 (Build 3526262 on Mon Apr 18 15:48:16 MDT 2022)
* Project:        AES_PM
* Solution:       solution1 (Vivado IP Flow Target)
* Product family: zynq
* Target device:  xc7z020-clg400-1


================================================================
== Performance Estimates
================================================================
+ Timing: 
    * Summary: 
    +--------+----------+----------+------------+
    |  Clock |  Target  | Estimated| Uncertainty|
    +--------+----------+----------+------------+
    |ap_clk  |  10.00 ns|  5.982 ns|     2.70 ns|
    +--------+----------+----------+------------+

+ Latency: 
    * Summary: 
    +---------+---------+----------+----------+-----+-----+---------+
    |  Latency (cycles) |  Latency (absolute) |  Interval | Pipeline|
    |   min   |   max   |    min   |    max   | min | max |   Type  |
    +---------+---------+----------+----------+-----+-----+---------+
    |      416|      600|  4.160 us|  6.000 us|  416|  600|       no|
    +---------+---------+----------+----------+-----+-----+---------+

    + Detail: 
        * Instance: 
        N/A

        * Loop: 
        +------------------+---------+---------+----------+-----------+-----------+--------+----------+
        |                  |  Latency (cycles) | Iteration|  Initiation Interval  |  Trip  |          |
        |     Loop Name    |   min   |   max   |  Latency |  achieved |   target  |  Count | Pipelined|
        +------------------+---------+---------+----------+-----------+-----------+--------+----------+
        |- aesInvMainLoop  |      414|      598|        46|         46|         46|  9 ~ 13|       yes|
        +------------------+---------+---------+----------+-----------+-----------+--------+----------+

============================================================
+ Verbose Summary: Synthesis Manager
============================================================
InlineROM: 1
ExposeGlobal: 0
============================================================
+ Verbose Summary: CDFG Model
============================================================
IsTopModel: 0
ResetActiveHigh: 1
IsCombinational: 0
IsDatapathOnly: 0
HasWiredReturn: 1
HasMFsm: 2
HasVarLatency: 1
IsPipeline: 0
IsRtlPipelined: 0
IsInstanceOverlapped: 0
IsDontTouch: 0
HasImplIP: 0
IsGatedGlobalClock: 0

+ Individual pipeline summary: 
  * Pipeline-0: initiation interval (II) = 46, depth = 46


============================================================
+ Verbose Summary: Schedule
============================================================
* Number of FSM states : 46
* Pipeline : 1
  Pipeline-0 : II = 46, D = 46, States = { 1 2 3 4 5 6 7 8 9 10 11 12 13 14 15 16 17 18 19 20 21 22 23 24 25 26 27 28 29 30 31 32 33 34 35 36 37 38 39 40 41 42 43 44 45 46 }
* Dataflow Pipeline: 0

* FSM state transitions: 
1 --> 2 
2 --> 3 
3 --> 4 
4 --> 5 
5 --> 6 
6 --> 7 
7 --> 8 
8 --> 9 
9 --> 10 
10 --> 11 
11 --> 12 
12 --> 13 
13 --> 14 
14 --> 15 
15 --> 16 
16 --> 17 
17 --> 18 
18 --> 19 
19 --> 20 
20 --> 21 
21 --> 22 
22 --> 23 
23 --> 24 
24 --> 25 
25 --> 26 
26 --> 27 
27 --> 28 
28 --> 29 
29 --> 30 
30 --> 31 
31 --> 32 
32 --> 33 
33 --> 34 
34 --> 35 
35 --> 36 
36 --> 37 
37 --> 38 
38 --> 39 
39 --> 40 
40 --> 41 
41 --> 42 
42 --> 43 
43 --> 44 
44 --> 45 
45 --> 46 
46 --> 

* FSM state operations: 

State 1 <SV = 0> <Delay = 3.36>
ST_1 : Operation 49 [1/1] (0.00ns)   --->   "%i = alloca i32 1"   --->   Operation 49 'alloca' 'i' <Predicate = true> <Delay = 0.00>
ST_1 : Operation 50 [1/1] (0.00ns)   --->   "%zext_ln442_read = read i4 @_ssdm_op_Read.ap_auto.i4, i4 %zext_ln442"   --->   Operation 50 'read' 'zext_ln442_read' <Predicate = true> <Delay = 0.00>
ST_1 : Operation 51 [1/1] (0.00ns)   --->   "%zext_ln442_cast = zext i4 %zext_ln442_read"   --->   Operation 51 'zext' 'zext_ln442_cast' <Predicate = true> <Delay = 0.00>
ST_1 : Operation 52 [1/1] (1.58ns)   --->   "%store_ln0 = store i5 %zext_ln442_cast, i5 %i"   --->   Operation 52 'store' 'store_ln0' <Predicate = true> <Delay = 1.58>
ST_1 : Operation 53 [1/1] (0.00ns)   --->   "%br_ln0 = br void %for.inc"   --->   Operation 53 'br' 'br_ln0' <Predicate = true> <Delay = 0.00>
ST_1 : Operation 54 [1/1] (0.00ns)   --->   "%i_10 = load i5 %i" [Downloads/aes_axis.cpp:442]   --->   Operation 54 'load' 'i_10' <Predicate = true> <Delay = 0.00>
ST_1 : Operation 55 [1/1] (0.00ns)   --->   "%roundKey_addr = getelementptr i8 %roundKey, i64 0, i64 15" [Downloads/aes_axis.cpp:442]   --->   Operation 55 'getelementptr' 'roundKey_addr' <Predicate = true> <Delay = 0.00>
ST_1 : Operation 56 [1/1] (0.00ns)   --->   "%roundKey_addr_45 = getelementptr i8 %roundKey, i64 0, i64 11" [Downloads/aes_axis.cpp:442]   --->   Operation 56 'getelementptr' 'roundKey_addr_45' <Predicate = true> <Delay = 0.00>
ST_1 : Operation 57 [1/1] (0.00ns)   --->   "%roundKey_addr_46 = getelementptr i8 %roundKey, i64 0, i64 7" [Downloads/aes_axis.cpp:442]   --->   Operation 57 'getelementptr' 'roundKey_addr_46' <Predicate = true> <Delay = 0.00>
ST_1 : Operation 58 [1/1] (0.00ns)   --->   "%roundKey_addr_47 = getelementptr i8 %roundKey, i64 0, i64 3" [Downloads/aes_axis.cpp:442]   --->   Operation 58 'getelementptr' 'roundKey_addr_47' <Predicate = true> <Delay = 0.00>
ST_1 : Operation 59 [1/1] (0.00ns)   --->   "%roundKey_addr_48 = getelementptr i8 %roundKey, i64 0, i64 14" [Downloads/aes_axis.cpp:442]   --->   Operation 59 'getelementptr' 'roundKey_addr_48' <Predicate = true> <Delay = 0.00>
ST_1 : Operation 60 [1/1] (0.00ns)   --->   "%roundKey_addr_49 = getelementptr i8 %roundKey, i64 0, i64 10" [Downloads/aes_axis.cpp:442]   --->   Operation 60 'getelementptr' 'roundKey_addr_49' <Predicate = true> <Delay = 0.00>
ST_1 : Operation 61 [1/1] (0.00ns)   --->   "%roundKey_addr_50 = getelementptr i8 %roundKey, i64 0, i64 6" [Downloads/aes_axis.cpp:442]   --->   Operation 61 'getelementptr' 'roundKey_addr_50' <Predicate = true> <Delay = 0.00>
ST_1 : Operation 62 [1/1] (0.00ns)   --->   "%roundKey_addr_51 = getelementptr i8 %roundKey, i64 0, i64 2" [Downloads/aes_axis.cpp:442]   --->   Operation 62 'getelementptr' 'roundKey_addr_51' <Predicate = true> <Delay = 0.00>
ST_1 : Operation 63 [1/1] (0.00ns)   --->   "%roundKey_addr_52 = getelementptr i8 %roundKey, i64 0, i64 13" [Downloads/aes_axis.cpp:442]   --->   Operation 63 'getelementptr' 'roundKey_addr_52' <Predicate = true> <Delay = 0.00>
ST_1 : Operation 64 [1/1] (0.00ns)   --->   "%roundKey_addr_53 = getelementptr i8 %roundKey, i64 0, i64 9" [Downloads/aes_axis.cpp:442]   --->   Operation 64 'getelementptr' 'roundKey_addr_53' <Predicate = true> <Delay = 0.00>
ST_1 : Operation 65 [1/1] (0.00ns)   --->   "%roundKey_addr_54 = getelementptr i8 %roundKey, i64 0, i64 5" [Downloads/aes_axis.cpp:442]   --->   Operation 65 'getelementptr' 'roundKey_addr_54' <Predicate = true> <Delay = 0.00>
ST_1 : Operation 66 [1/1] (0.00ns)   --->   "%roundKey_addr_55 = getelementptr i8 %roundKey, i64 0, i64 1" [Downloads/aes_axis.cpp:442]   --->   Operation 66 'getelementptr' 'roundKey_addr_55' <Predicate = true> <Delay = 0.00>
ST_1 : Operation 67 [1/1] (0.00ns)   --->   "%roundKey_addr_56 = getelementptr i8 %roundKey, i64 0, i64 12" [Downloads/aes_axis.cpp:442]   --->   Operation 67 'getelementptr' 'roundKey_addr_56' <Predicate = true> <Delay = 0.00>
ST_1 : Operation 68 [1/1] (0.00ns)   --->   "%roundKey_addr_57 = getelementptr i8 %roundKey, i64 0, i64 8" [Downloads/aes_axis.cpp:442]   --->   Operation 68 'getelementptr' 'roundKey_addr_57' <Predicate = true> <Delay = 0.00>
ST_1 : Operation 69 [1/1] (0.00ns)   --->   "%roundKey_addr_58 = getelementptr i8 %roundKey, i64 0, i64 4" [Downloads/aes_axis.cpp:442]   --->   Operation 69 'getelementptr' 'roundKey_addr_58' <Predicate = true> <Delay = 0.00>
ST_1 : Operation 70 [1/1] (0.00ns)   --->   "%roundKey_addr_59 = getelementptr i8 %roundKey, i64 0, i64 0" [Downloads/aes_axis.cpp:656]   --->   Operation 70 'getelementptr' 'roundKey_addr_59' <Predicate = true> <Delay = 0.00>
ST_1 : Operation 71 [1/1] (1.36ns)   --->   "%icmp_ln660 = icmp_eq  i5 %i_10, i5 0" [Downloads/aes_axis.cpp:660]   --->   Operation 71 'icmp' 'icmp_ln660' <Predicate = true> <Delay = 1.36> <CoreInst = "Cmp">   --->   Core 9 'Cmp' <Latency = 0> <II = 1> <Delay = 1.36> <FuncUnit> <Opcode : 'icmp'> <InPorts = 2> <OutPorts = 1>
ST_1 : Operation 72 [1/1] (0.00ns)   --->   "%br_ln660 = br i1 %icmp_ln660, void %for.inc.split, void %for.inc.i39.preheader.exitStub" [Downloads/aes_axis.cpp:660]   --->   Operation 72 'br' 'br_ln660' <Predicate = true> <Delay = 0.00>
ST_1 : Operation 73 [1/1] (0.00ns)   --->   "%trunc_ln442 = trunc i5 %i_10" [Downloads/aes_axis.cpp:442]   --->   Operation 73 'trunc' 'trunc_ln442' <Predicate = (!icmp_ln660)> <Delay = 0.00>
ST_1 : Operation 74 [1/1] (0.00ns)   --->   "%shl_ln = bitconcatenate i7 @_ssdm_op_BitConcatenate.i7.i4.i3, i4 %trunc_ln442, i3 0" [Downloads/aes_axis.cpp:442]   --->   Operation 74 'bitconcatenate' 'shl_ln' <Predicate = (!icmp_ln660)> <Delay = 0.00>
ST_1 : Operation 75 [1/1] (0.00ns)   --->   "%zext_ln442_12 = zext i7 %shl_ln" [Downloads/aes_axis.cpp:442]   --->   Operation 75 'zext' 'zext_ln442_12' <Predicate = (!icmp_ln660)> <Delay = 0.00>
ST_1 : Operation 76 [1/1] (0.00ns)   --->   "%expandedKey_0_addr = getelementptr i8 %expandedKey_0, i64 0, i64 %zext_ln442_12" [Downloads/aes_axis.cpp:442]   --->   Operation 76 'getelementptr' 'expandedKey_0_addr' <Predicate = (!icmp_ln660)> <Delay = 0.00>
ST_1 : Operation 77 [2/2] (2.32ns)   --->   "%expandedKey_0_load = load i7 %expandedKey_0_addr" [Downloads/aes_axis.cpp:442]   --->   Operation 77 'load' 'expandedKey_0_load' <Predicate = (!icmp_ln660)> <Delay = 2.32> <CoreInst = "RAM">   --->   Core 82 'RAM' <Latency = 1> <II = 1> <Delay = 2.32> <Storage> <Opcode : 'load' 'store'> <Ports = 2> <Width = 8> <Depth = 120> <RAM>
ST_1 : Operation 78 [1/1] (0.00ns)   --->   "%expandedKey_1_addr = getelementptr i8 %expandedKey_1, i64 0, i64 %zext_ln442_12" [Downloads/aes_axis.cpp:442]   --->   Operation 78 'getelementptr' 'expandedKey_1_addr' <Predicate = (!icmp_ln660)> <Delay = 0.00>
ST_1 : Operation 79 [2/2] (2.32ns)   --->   "%expandedKey_1_load = load i7 %expandedKey_1_addr" [Downloads/aes_axis.cpp:442]   --->   Operation 79 'load' 'expandedKey_1_load' <Predicate = (!icmp_ln660)> <Delay = 2.32> <CoreInst = "RAM">   --->   Core 82 'RAM' <Latency = 1> <II = 1> <Delay = 2.32> <Storage> <Opcode : 'load' 'store'> <Ports = 2> <Width = 8> <Depth = 120> <RAM>
ST_1 : Operation 80 [1/1] (0.00ns)   --->   "%or_ln442 = or i7 %shl_ln, i7 1" [Downloads/aes_axis.cpp:442]   --->   Operation 80 'or' 'or_ln442' <Predicate = (!icmp_ln660)> <Delay = 0.00>
ST_1 : Operation 81 [1/1] (0.00ns)   --->   "%zext_ln442_13 = zext i7 %or_ln442" [Downloads/aes_axis.cpp:442]   --->   Operation 81 'zext' 'zext_ln442_13' <Predicate = (!icmp_ln660)> <Delay = 0.00>
ST_1 : Operation 82 [1/1] (0.00ns)   --->   "%expandedKey_0_addr_18 = getelementptr i8 %expandedKey_0, i64 0, i64 %zext_ln442_13" [Downloads/aes_axis.cpp:442]   --->   Operation 82 'getelementptr' 'expandedKey_0_addr_18' <Predicate = (!icmp_ln660)> <Delay = 0.00>
ST_1 : Operation 83 [2/2] (2.32ns)   --->   "%expandedKey_0_load_13 = load i7 %expandedKey_0_addr_18" [Downloads/aes_axis.cpp:442]   --->   Operation 83 'load' 'expandedKey_0_load_13' <Predicate = (!icmp_ln660)> <Delay = 2.32> <CoreInst = "RAM">   --->   Core 82 'RAM' <Latency = 1> <II = 1> <Delay = 2.32> <Storage> <Opcode : 'load' 'store'> <Ports = 2> <Width = 8> <Depth = 120> <RAM>
ST_1 : Operation 84 [1/1] (0.00ns)   --->   "%expandedKey_1_addr_18 = getelementptr i8 %expandedKey_1, i64 0, i64 %zext_ln442_13" [Downloads/aes_axis.cpp:442]   --->   Operation 84 'getelementptr' 'expandedKey_1_addr_18' <Predicate = (!icmp_ln660)> <Delay = 0.00>
ST_1 : Operation 85 [2/2] (2.32ns)   --->   "%expandedKey_1_load_13 = load i7 %expandedKey_1_addr_18" [Downloads/aes_axis.cpp:442]   --->   Operation 85 'load' 'expandedKey_1_load_13' <Predicate = (!icmp_ln660)> <Delay = 2.32> <CoreInst = "RAM">   --->   Core 82 'RAM' <Latency = 1> <II = 1> <Delay = 2.32> <Storage> <Opcode : 'load' 'store'> <Ports = 2> <Width = 8> <Depth = 120> <RAM>
ST_1 : Operation 86 [1/1] (1.78ns)   --->   "%add_ln660 = add i5 %i_10, i5 31" [Downloads/aes_axis.cpp:660]   --->   Operation 86 'add' 'add_ln660' <Predicate = (!icmp_ln660)> <Delay = 1.78> <CoreInst = "Adder">   --->   Core 1 'Adder' <Latency = 0> <II = 1> <Delay = 1.78> <FuncUnit> <Opcode : 'add' 'sub'> <InPorts = 2> <OutPorts = 1>
ST_1 : Operation 87 [1/1] (1.58ns)   --->   "%store_ln660 = store i5 %add_ln660, i5 %i" [Downloads/aes_axis.cpp:660]   --->   Operation 87 'store' 'store_ln660' <Predicate = (!icmp_ln660)> <Delay = 1.58>
ST_1 : Operation 197 [1/1] (0.00ns)   --->   "%ret_ln0 = ret"   --->   Operation 197 'ret' 'ret_ln0' <Predicate = (icmp_ln660)> <Delay = 0.00>

State 2 <SV = 1> <Delay = 4.64>
ST_2 : Operation 88 [1/2] (2.32ns)   --->   "%expandedKey_0_load = load i7 %expandedKey_0_addr" [Downloads/aes_axis.cpp:442]   --->   Operation 88 'load' 'expandedKey_0_load' <Predicate = true> <Delay = 2.32> <CoreInst = "RAM">   --->   Core 82 'RAM' <Latency = 1> <II = 1> <Delay = 2.32> <Storage> <Opcode : 'load' 'store'> <Ports = 2> <Width = 8> <Depth = 120> <RAM>
ST_2 : Operation 89 [1/1] (2.32ns)   --->   "%store_ln442 = store i8 %expandedKey_0_load, i4 %roundKey_addr_59" [Downloads/aes_axis.cpp:442]   --->   Operation 89 'store' 'store_ln442' <Predicate = true> <Delay = 2.32> <CoreInst = "RAM">   --->   Core 82 'RAM' <Latency = 1> <II = 1> <Delay = 2.32> <Storage> <Opcode : 'load' 'store'> <Ports = 2> <Width = 8> <Depth = 16> <RAM>
ST_2 : Operation 90 [1/2] (2.32ns)   --->   "%expandedKey_1_load = load i7 %expandedKey_1_addr" [Downloads/aes_axis.cpp:442]   --->   Operation 90 'load' 'expandedKey_1_load' <Predicate = true> <Delay = 2.32> <CoreInst = "RAM">   --->   Core 82 'RAM' <Latency = 1> <II = 1> <Delay = 2.32> <Storage> <Opcode : 'load' 'store'> <Ports = 2> <Width = 8> <Depth = 120> <RAM>
ST_2 : Operation 91 [1/1] (2.32ns)   --->   "%store_ln442 = store i8 %expandedKey_1_load, i4 %roundKey_addr_58" [Downloads/aes_axis.cpp:442]   --->   Operation 91 'store' 'store_ln442' <Predicate = true> <Delay = 2.32> <CoreInst = "RAM">   --->   Core 82 'RAM' <Latency = 1> <II = 1> <Delay = 2.32> <Storage> <Opcode : 'load' 'store'> <Ports = 2> <Width = 8> <Depth = 16> <RAM>
ST_2 : Operation 92 [1/2] (2.32ns)   --->   "%expandedKey_0_load_13 = load i7 %expandedKey_0_addr_18" [Downloads/aes_axis.cpp:442]   --->   Operation 92 'load' 'expandedKey_0_load_13' <Predicate = true> <Delay = 2.32> <CoreInst = "RAM">   --->   Core 82 'RAM' <Latency = 1> <II = 1> <Delay = 2.32> <Storage> <Opcode : 'load' 'store'> <Ports = 2> <Width = 8> <Depth = 120> <RAM>
ST_2 : Operation 93 [1/2] (2.32ns)   --->   "%expandedKey_1_load_13 = load i7 %expandedKey_1_addr_18" [Downloads/aes_axis.cpp:442]   --->   Operation 93 'load' 'expandedKey_1_load_13' <Predicate = true> <Delay = 2.32> <CoreInst = "RAM">   --->   Core 82 'RAM' <Latency = 1> <II = 1> <Delay = 2.32> <Storage> <Opcode : 'load' 'store'> <Ports = 2> <Width = 8> <Depth = 120> <RAM>
ST_2 : Operation 94 [1/1] (0.00ns)   --->   "%or_ln442_7 = or i7 %shl_ln, i7 2" [Downloads/aes_axis.cpp:442]   --->   Operation 94 'or' 'or_ln442_7' <Predicate = true> <Delay = 0.00>
ST_2 : Operation 95 [1/1] (0.00ns)   --->   "%zext_ln442_14 = zext i7 %or_ln442_7" [Downloads/aes_axis.cpp:442]   --->   Operation 95 'zext' 'zext_ln442_14' <Predicate = true> <Delay = 0.00>
ST_2 : Operation 96 [1/1] (0.00ns)   --->   "%expandedKey_0_addr_19 = getelementptr i8 %expandedKey_0, i64 0, i64 %zext_ln442_14" [Downloads/aes_axis.cpp:442]   --->   Operation 96 'getelementptr' 'expandedKey_0_addr_19' <Predicate = true> <Delay = 0.00>
ST_2 : Operation 97 [2/2] (2.32ns)   --->   "%expandedKey_0_load_14 = load i7 %expandedKey_0_addr_19" [Downloads/aes_axis.cpp:442]   --->   Operation 97 'load' 'expandedKey_0_load_14' <Predicate = true> <Delay = 2.32> <CoreInst = "RAM">   --->   Core 82 'RAM' <Latency = 1> <II = 1> <Delay = 2.32> <Storage> <Opcode : 'load' 'store'> <Ports = 2> <Width = 8> <Depth = 120> <RAM>
ST_2 : Operation 98 [1/1] (0.00ns)   --->   "%expandedKey_1_addr_19 = getelementptr i8 %expandedKey_1, i64 0, i64 %zext_ln442_14" [Downloads/aes_axis.cpp:442]   --->   Operation 98 'getelementptr' 'expandedKey_1_addr_19' <Predicate = true> <Delay = 0.00>
ST_2 : Operation 99 [2/2] (2.32ns)   --->   "%expandedKey_1_load_14 = load i7 %expandedKey_1_addr_19" [Downloads/aes_axis.cpp:442]   --->   Operation 99 'load' 'expandedKey_1_load_14' <Predicate = true> <Delay = 2.32> <CoreInst = "RAM">   --->   Core 82 'RAM' <Latency = 1> <II = 1> <Delay = 2.32> <Storage> <Opcode : 'load' 'store'> <Ports = 2> <Width = 8> <Depth = 120> <RAM>
ST_2 : Operation 100 [1/1] (0.00ns)   --->   "%or_ln442_8 = or i7 %shl_ln, i7 3" [Downloads/aes_axis.cpp:442]   --->   Operation 100 'or' 'or_ln442_8' <Predicate = true> <Delay = 0.00>
ST_2 : Operation 101 [1/1] (0.00ns)   --->   "%zext_ln442_15 = zext i7 %or_ln442_8" [Downloads/aes_axis.cpp:442]   --->   Operation 101 'zext' 'zext_ln442_15' <Predicate = true> <Delay = 0.00>
ST_2 : Operation 102 [1/1] (0.00ns)   --->   "%expandedKey_0_addr_20 = getelementptr i8 %expandedKey_0, i64 0, i64 %zext_ln442_15" [Downloads/aes_axis.cpp:442]   --->   Operation 102 'getelementptr' 'expandedKey_0_addr_20' <Predicate = true> <Delay = 0.00>
ST_2 : Operation 103 [2/2] (2.32ns)   --->   "%expandedKey_0_load_15 = load i7 %expandedKey_0_addr_20" [Downloads/aes_axis.cpp:442]   --->   Operation 103 'load' 'expandedKey_0_load_15' <Predicate = true> <Delay = 2.32> <CoreInst = "RAM">   --->   Core 82 'RAM' <Latency = 1> <II = 1> <Delay = 2.32> <Storage> <Opcode : 'load' 'store'> <Ports = 2> <Width = 8> <Depth = 120> <RAM>
ST_2 : Operation 104 [1/1] (0.00ns)   --->   "%expandedKey_1_addr_20 = getelementptr i8 %expandedKey_1, i64 0, i64 %zext_ln442_15" [Downloads/aes_axis.cpp:442]   --->   Operation 104 'getelementptr' 'expandedKey_1_addr_20' <Predicate = true> <Delay = 0.00>
ST_2 : Operation 105 [2/2] (2.32ns)   --->   "%expandedKey_1_load_15 = load i7 %expandedKey_1_addr_20" [Downloads/aes_axis.cpp:442]   --->   Operation 105 'load' 'expandedKey_1_load_15' <Predicate = true> <Delay = 2.32> <CoreInst = "RAM">   --->   Core 82 'RAM' <Latency = 1> <II = 1> <Delay = 2.32> <Storage> <Opcode : 'load' 'store'> <Ports = 2> <Width = 8> <Depth = 120> <RAM>

State 3 <SV = 2> <Delay = 2.32>
ST_3 : Operation 106 [1/1] (2.32ns)   --->   "%store_ln442 = store i8 %expandedKey_0_load_13, i4 %roundKey_addr_57" [Downloads/aes_axis.cpp:442]   --->   Operation 106 'store' 'store_ln442' <Predicate = true> <Delay = 2.32> <CoreInst = "RAM">   --->   Core 82 'RAM' <Latency = 1> <II = 1> <Delay = 2.32> <Storage> <Opcode : 'load' 'store'> <Ports = 2> <Width = 8> <Depth = 16> <RAM>
ST_3 : Operation 107 [1/1] (2.32ns)   --->   "%store_ln442 = store i8 %expandedKey_1_load_13, i4 %roundKey_addr_56" [Downloads/aes_axis.cpp:442]   --->   Operation 107 'store' 'store_ln442' <Predicate = true> <Delay = 2.32> <CoreInst = "RAM">   --->   Core 82 'RAM' <Latency = 1> <II = 1> <Delay = 2.32> <Storage> <Opcode : 'load' 'store'> <Ports = 2> <Width = 8> <Depth = 16> <RAM>
ST_3 : Operation 108 [1/2] (2.32ns)   --->   "%expandedKey_0_load_14 = load i7 %expandedKey_0_addr_19" [Downloads/aes_axis.cpp:442]   --->   Operation 108 'load' 'expandedKey_0_load_14' <Predicate = true> <Delay = 2.32> <CoreInst = "RAM">   --->   Core 82 'RAM' <Latency = 1> <II = 1> <Delay = 2.32> <Storage> <Opcode : 'load' 'store'> <Ports = 2> <Width = 8> <Depth = 120> <RAM>
ST_3 : Operation 109 [1/2] (2.32ns)   --->   "%expandedKey_1_load_14 = load i7 %expandedKey_1_addr_19" [Downloads/aes_axis.cpp:442]   --->   Operation 109 'load' 'expandedKey_1_load_14' <Predicate = true> <Delay = 2.32> <CoreInst = "RAM">   --->   Core 82 'RAM' <Latency = 1> <II = 1> <Delay = 2.32> <Storage> <Opcode : 'load' 'store'> <Ports = 2> <Width = 8> <Depth = 120> <RAM>
ST_3 : Operation 110 [1/2] (2.32ns)   --->   "%expandedKey_0_load_15 = load i7 %expandedKey_0_addr_20" [Downloads/aes_axis.cpp:442]   --->   Operation 110 'load' 'expandedKey_0_load_15' <Predicate = true> <Delay = 2.32> <CoreInst = "RAM">   --->   Core 82 'RAM' <Latency = 1> <II = 1> <Delay = 2.32> <Storage> <Opcode : 'load' 'store'> <Ports = 2> <Width = 8> <Depth = 120> <RAM>
ST_3 : Operation 111 [1/2] (2.32ns)   --->   "%expandedKey_1_load_15 = load i7 %expandedKey_1_addr_20" [Downloads/aes_axis.cpp:442]   --->   Operation 111 'load' 'expandedKey_1_load_15' <Predicate = true> <Delay = 2.32> <CoreInst = "RAM">   --->   Core 82 'RAM' <Latency = 1> <II = 1> <Delay = 2.32> <Storage> <Opcode : 'load' 'store'> <Ports = 2> <Width = 8> <Depth = 120> <RAM>
ST_3 : Operation 112 [1/1] (0.00ns)   --->   "%or_ln442_9 = or i7 %shl_ln, i7 4" [Downloads/aes_axis.cpp:442]   --->   Operation 112 'or' 'or_ln442_9' <Predicate = true> <Delay = 0.00>
ST_3 : Operation 113 [1/1] (0.00ns)   --->   "%zext_ln442_16 = zext i7 %or_ln442_9" [Downloads/aes_axis.cpp:442]   --->   Operation 113 'zext' 'zext_ln442_16' <Predicate = true> <Delay = 0.00>
ST_3 : Operation 114 [1/1] (0.00ns)   --->   "%expandedKey_0_addr_21 = getelementptr i8 %expandedKey_0, i64 0, i64 %zext_ln442_16" [Downloads/aes_axis.cpp:442]   --->   Operation 114 'getelementptr' 'expandedKey_0_addr_21' <Predicate = true> <Delay = 0.00>
ST_3 : Operation 115 [2/2] (2.32ns)   --->   "%expandedKey_0_load_16 = load i7 %expandedKey_0_addr_21" [Downloads/aes_axis.cpp:442]   --->   Operation 115 'load' 'expandedKey_0_load_16' <Predicate = true> <Delay = 2.32> <CoreInst = "RAM">   --->   Core 82 'RAM' <Latency = 1> <II = 1> <Delay = 2.32> <Storage> <Opcode : 'load' 'store'> <Ports = 2> <Width = 8> <Depth = 120> <RAM>
ST_3 : Operation 116 [1/1] (0.00ns)   --->   "%expandedKey_1_addr_21 = getelementptr i8 %expandedKey_1, i64 0, i64 %zext_ln442_16" [Downloads/aes_axis.cpp:442]   --->   Operation 116 'getelementptr' 'expandedKey_1_addr_21' <Predicate = true> <Delay = 0.00>
ST_3 : Operation 117 [2/2] (2.32ns)   --->   "%expandedKey_1_load_16 = load i7 %expandedKey_1_addr_21" [Downloads/aes_axis.cpp:442]   --->   Operation 117 'load' 'expandedKey_1_load_16' <Predicate = true> <Delay = 2.32> <CoreInst = "RAM">   --->   Core 82 'RAM' <Latency = 1> <II = 1> <Delay = 2.32> <Storage> <Opcode : 'load' 'store'> <Ports = 2> <Width = 8> <Depth = 120> <RAM>
ST_3 : Operation 118 [1/1] (0.00ns)   --->   "%or_ln442_10 = or i7 %shl_ln, i7 5" [Downloads/aes_axis.cpp:442]   --->   Operation 118 'or' 'or_ln442_10' <Predicate = true> <Delay = 0.00>
ST_3 : Operation 119 [1/1] (0.00ns)   --->   "%zext_ln442_17 = zext i7 %or_ln442_10" [Downloads/aes_axis.cpp:442]   --->   Operation 119 'zext' 'zext_ln442_17' <Predicate = true> <Delay = 0.00>
ST_3 : Operation 120 [1/1] (0.00ns)   --->   "%expandedKey_0_addr_22 = getelementptr i8 %expandedKey_0, i64 0, i64 %zext_ln442_17" [Downloads/aes_axis.cpp:442]   --->   Operation 120 'getelementptr' 'expandedKey_0_addr_22' <Predicate = true> <Delay = 0.00>
ST_3 : Operation 121 [2/2] (2.32ns)   --->   "%expandedKey_0_load_17 = load i7 %expandedKey_0_addr_22" [Downloads/aes_axis.cpp:442]   --->   Operation 121 'load' 'expandedKey_0_load_17' <Predicate = true> <Delay = 2.32> <CoreInst = "RAM">   --->   Core 82 'RAM' <Latency = 1> <II = 1> <Delay = 2.32> <Storage> <Opcode : 'load' 'store'> <Ports = 2> <Width = 8> <Depth = 120> <RAM>
ST_3 : Operation 122 [1/1] (0.00ns)   --->   "%expandedKey_1_addr_22 = getelementptr i8 %expandedKey_1, i64 0, i64 %zext_ln442_17" [Downloads/aes_axis.cpp:442]   --->   Operation 122 'getelementptr' 'expandedKey_1_addr_22' <Predicate = true> <Delay = 0.00>
ST_3 : Operation 123 [2/2] (2.32ns)   --->   "%expandedKey_1_load_17 = load i7 %expandedKey_1_addr_22" [Downloads/aes_axis.cpp:442]   --->   Operation 123 'load' 'expandedKey_1_load_17' <Predicate = true> <Delay = 2.32> <CoreInst = "RAM">   --->   Core 82 'RAM' <Latency = 1> <II = 1> <Delay = 2.32> <Storage> <Opcode : 'load' 'store'> <Ports = 2> <Width = 8> <Depth = 120> <RAM>

State 4 <SV = 3> <Delay = 2.32>
ST_4 : Operation 124 [1/1] (2.32ns)   --->   "%store_ln442 = store i8 %expandedKey_0_load_14, i4 %roundKey_addr_55" [Downloads/aes_axis.cpp:442]   --->   Operation 124 'store' 'store_ln442' <Predicate = true> <Delay = 2.32> <CoreInst = "RAM">   --->   Core 82 'RAM' <Latency = 1> <II = 1> <Delay = 2.32> <Storage> <Opcode : 'load' 'store'> <Ports = 2> <Width = 8> <Depth = 16> <RAM>
ST_4 : Operation 125 [1/1] (2.32ns)   --->   "%store_ln442 = store i8 %expandedKey_1_load_14, i4 %roundKey_addr_54" [Downloads/aes_axis.cpp:442]   --->   Operation 125 'store' 'store_ln442' <Predicate = true> <Delay = 2.32> <CoreInst = "RAM">   --->   Core 82 'RAM' <Latency = 1> <II = 1> <Delay = 2.32> <Storage> <Opcode : 'load' 'store'> <Ports = 2> <Width = 8> <Depth = 16> <RAM>
ST_4 : Operation 126 [1/2] (2.32ns)   --->   "%expandedKey_0_load_16 = load i7 %expandedKey_0_addr_21" [Downloads/aes_axis.cpp:442]   --->   Operation 126 'load' 'expandedKey_0_load_16' <Predicate = true> <Delay = 2.32> <CoreInst = "RAM">   --->   Core 82 'RAM' <Latency = 1> <II = 1> <Delay = 2.32> <Storage> <Opcode : 'load' 'store'> <Ports = 2> <Width = 8> <Depth = 120> <RAM>
ST_4 : Operation 127 [1/2] (2.32ns)   --->   "%expandedKey_1_load_16 = load i7 %expandedKey_1_addr_21" [Downloads/aes_axis.cpp:442]   --->   Operation 127 'load' 'expandedKey_1_load_16' <Predicate = true> <Delay = 2.32> <CoreInst = "RAM">   --->   Core 82 'RAM' <Latency = 1> <II = 1> <Delay = 2.32> <Storage> <Opcode : 'load' 'store'> <Ports = 2> <Width = 8> <Depth = 120> <RAM>
ST_4 : Operation 128 [1/2] (2.32ns)   --->   "%expandedKey_0_load_17 = load i7 %expandedKey_0_addr_22" [Downloads/aes_axis.cpp:442]   --->   Operation 128 'load' 'expandedKey_0_load_17' <Predicate = true> <Delay = 2.32> <CoreInst = "RAM">   --->   Core 82 'RAM' <Latency = 1> <II = 1> <Delay = 2.32> <Storage> <Opcode : 'load' 'store'> <Ports = 2> <Width = 8> <Depth = 120> <RAM>
ST_4 : Operation 129 [1/2] (2.32ns)   --->   "%expandedKey_1_load_17 = load i7 %expandedKey_1_addr_22" [Downloads/aes_axis.cpp:442]   --->   Operation 129 'load' 'expandedKey_1_load_17' <Predicate = true> <Delay = 2.32> <CoreInst = "RAM">   --->   Core 82 'RAM' <Latency = 1> <II = 1> <Delay = 2.32> <Storage> <Opcode : 'load' 'store'> <Ports = 2> <Width = 8> <Depth = 120> <RAM>
ST_4 : Operation 130 [1/1] (0.00ns)   --->   "%or_ln442_11 = or i7 %shl_ln, i7 6" [Downloads/aes_axis.cpp:442]   --->   Operation 130 'or' 'or_ln442_11' <Predicate = true> <Delay = 0.00>
ST_4 : Operation 131 [1/1] (0.00ns)   --->   "%zext_ln442_18 = zext i7 %or_ln442_11" [Downloads/aes_axis.cpp:442]   --->   Operation 131 'zext' 'zext_ln442_18' <Predicate = true> <Delay = 0.00>
ST_4 : Operation 132 [1/1] (0.00ns)   --->   "%expandedKey_0_addr_23 = getelementptr i8 %expandedKey_0, i64 0, i64 %zext_ln442_18" [Downloads/aes_axis.cpp:442]   --->   Operation 132 'getelementptr' 'expandedKey_0_addr_23' <Predicate = true> <Delay = 0.00>
ST_4 : Operation 133 [2/2] (2.32ns)   --->   "%expandedKey_0_load_18 = load i7 %expandedKey_0_addr_23" [Downloads/aes_axis.cpp:442]   --->   Operation 133 'load' 'expandedKey_0_load_18' <Predicate = true> <Delay = 2.32> <CoreInst = "RAM">   --->   Core 82 'RAM' <Latency = 1> <II = 1> <Delay = 2.32> <Storage> <Opcode : 'load' 'store'> <Ports = 2> <Width = 8> <Depth = 120> <RAM>
ST_4 : Operation 134 [1/1] (0.00ns)   --->   "%expandedKey_1_addr_23 = getelementptr i8 %expandedKey_1, i64 0, i64 %zext_ln442_18" [Downloads/aes_axis.cpp:442]   --->   Operation 134 'getelementptr' 'expandedKey_1_addr_23' <Predicate = true> <Delay = 0.00>
ST_4 : Operation 135 [2/2] (2.32ns)   --->   "%expandedKey_1_load_18 = load i7 %expandedKey_1_addr_23" [Downloads/aes_axis.cpp:442]   --->   Operation 135 'load' 'expandedKey_1_load_18' <Predicate = true> <Delay = 2.32> <CoreInst = "RAM">   --->   Core 82 'RAM' <Latency = 1> <II = 1> <Delay = 2.32> <Storage> <Opcode : 'load' 'store'> <Ports = 2> <Width = 8> <Depth = 120> <RAM>
ST_4 : Operation 136 [1/1] (0.00ns)   --->   "%or_ln442_12 = or i7 %shl_ln, i7 7" [Downloads/aes_axis.cpp:442]   --->   Operation 136 'or' 'or_ln442_12' <Predicate = true> <Delay = 0.00>
ST_4 : Operation 137 [1/1] (0.00ns)   --->   "%zext_ln442_19 = zext i7 %or_ln442_12" [Downloads/aes_axis.cpp:442]   --->   Operation 137 'zext' 'zext_ln442_19' <Predicate = true> <Delay = 0.00>
ST_4 : Operation 138 [1/1] (0.00ns)   --->   "%expandedKey_0_addr_24 = getelementptr i8 %expandedKey_0, i64 0, i64 %zext_ln442_19" [Downloads/aes_axis.cpp:442]   --->   Operation 138 'getelementptr' 'expandedKey_0_addr_24' <Predicate = true> <Delay = 0.00>
ST_4 : Operation 139 [2/2] (2.32ns)   --->   "%expandedKey_0_load_19 = load i7 %expandedKey_0_addr_24" [Downloads/aes_axis.cpp:442]   --->   Operation 139 'load' 'expandedKey_0_load_19' <Predicate = true> <Delay = 2.32> <CoreInst = "RAM">   --->   Core 82 'RAM' <Latency = 1> <II = 1> <Delay = 2.32> <Storage> <Opcode : 'load' 'store'> <Ports = 2> <Width = 8> <Depth = 120> <RAM>
ST_4 : Operation 140 [1/1] (0.00ns)   --->   "%expandedKey_1_addr_24 = getelementptr i8 %expandedKey_1, i64 0, i64 %zext_ln442_19" [Downloads/aes_axis.cpp:442]   --->   Operation 140 'getelementptr' 'expandedKey_1_addr_24' <Predicate = true> <Delay = 0.00>
ST_4 : Operation 141 [2/2] (2.32ns)   --->   "%expandedKey_1_load_19 = load i7 %expandedKey_1_addr_24" [Downloads/aes_axis.cpp:442]   --->   Operation 141 'load' 'expandedKey_1_load_19' <Predicate = true> <Delay = 2.32> <CoreInst = "RAM">   --->   Core 82 'RAM' <Latency = 1> <II = 1> <Delay = 2.32> <Storage> <Opcode : 'load' 'store'> <Ports = 2> <Width = 8> <Depth = 120> <RAM>

State 5 <SV = 4> <Delay = 2.32>
ST_5 : Operation 142 [1/1] (2.32ns)   --->   "%store_ln442 = store i8 %expandedKey_0_load_15, i4 %roundKey_addr_53" [Downloads/aes_axis.cpp:442]   --->   Operation 142 'store' 'store_ln442' <Predicate = true> <Delay = 2.32> <CoreInst = "RAM">   --->   Core 82 'RAM' <Latency = 1> <II = 1> <Delay = 2.32> <Storage> <Opcode : 'load' 'store'> <Ports = 2> <Width = 8> <Depth = 16> <RAM>
ST_5 : Operation 143 [1/1] (2.32ns)   --->   "%store_ln442 = store i8 %expandedKey_1_load_15, i4 %roundKey_addr_52" [Downloads/aes_axis.cpp:442]   --->   Operation 143 'store' 'store_ln442' <Predicate = true> <Delay = 2.32> <CoreInst = "RAM">   --->   Core 82 'RAM' <Latency = 1> <II = 1> <Delay = 2.32> <Storage> <Opcode : 'load' 'store'> <Ports = 2> <Width = 8> <Depth = 16> <RAM>
ST_5 : Operation 144 [1/2] (2.32ns)   --->   "%expandedKey_0_load_18 = load i7 %expandedKey_0_addr_23" [Downloads/aes_axis.cpp:442]   --->   Operation 144 'load' 'expandedKey_0_load_18' <Predicate = true> <Delay = 2.32> <CoreInst = "RAM">   --->   Core 82 'RAM' <Latency = 1> <II = 1> <Delay = 2.32> <Storage> <Opcode : 'load' 'store'> <Ports = 2> <Width = 8> <Depth = 120> <RAM>
ST_5 : Operation 145 [1/2] (2.32ns)   --->   "%expandedKey_1_load_18 = load i7 %expandedKey_1_addr_23" [Downloads/aes_axis.cpp:442]   --->   Operation 145 'load' 'expandedKey_1_load_18' <Predicate = true> <Delay = 2.32> <CoreInst = "RAM">   --->   Core 82 'RAM' <Latency = 1> <II = 1> <Delay = 2.32> <Storage> <Opcode : 'load' 'store'> <Ports = 2> <Width = 8> <Depth = 120> <RAM>
ST_5 : Operation 146 [1/2] (2.32ns)   --->   "%expandedKey_0_load_19 = load i7 %expandedKey_0_addr_24" [Downloads/aes_axis.cpp:442]   --->   Operation 146 'load' 'expandedKey_0_load_19' <Predicate = true> <Delay = 2.32> <CoreInst = "RAM">   --->   Core 82 'RAM' <Latency = 1> <II = 1> <Delay = 2.32> <Storage> <Opcode : 'load' 'store'> <Ports = 2> <Width = 8> <Depth = 120> <RAM>
ST_5 : Operation 147 [1/2] (2.32ns)   --->   "%expandedKey_1_load_19 = load i7 %expandedKey_1_addr_24" [Downloads/aes_axis.cpp:442]   --->   Operation 147 'load' 'expandedKey_1_load_19' <Predicate = true> <Delay = 2.32> <CoreInst = "RAM">   --->   Core 82 'RAM' <Latency = 1> <II = 1> <Delay = 2.32> <Storage> <Opcode : 'load' 'store'> <Ports = 2> <Width = 8> <Depth = 120> <RAM>

State 6 <SV = 5> <Delay = 2.32>
ST_6 : Operation 148 [1/1] (2.32ns)   --->   "%store_ln442 = store i8 %expandedKey_0_load_16, i4 %roundKey_addr_51" [Downloads/aes_axis.cpp:442]   --->   Operation 148 'store' 'store_ln442' <Predicate = true> <Delay = 2.32> <CoreInst = "RAM">   --->   Core 82 'RAM' <Latency = 1> <II = 1> <Delay = 2.32> <Storage> <Opcode : 'load' 'store'> <Ports = 2> <Width = 8> <Depth = 16> <RAM>
ST_6 : Operation 149 [1/1] (2.32ns)   --->   "%store_ln442 = store i8 %expandedKey_1_load_16, i4 %roundKey_addr_50" [Downloads/aes_axis.cpp:442]   --->   Operation 149 'store' 'store_ln442' <Predicate = true> <Delay = 2.32> <CoreInst = "RAM">   --->   Core 82 'RAM' <Latency = 1> <II = 1> <Delay = 2.32> <Storage> <Opcode : 'load' 'store'> <Ports = 2> <Width = 8> <Depth = 16> <RAM>

State 7 <SV = 6> <Delay = 2.32>
ST_7 : Operation 150 [1/1] (2.32ns)   --->   "%store_ln442 = store i8 %expandedKey_0_load_17, i4 %roundKey_addr_49" [Downloads/aes_axis.cpp:442]   --->   Operation 150 'store' 'store_ln442' <Predicate = true> <Delay = 2.32> <CoreInst = "RAM">   --->   Core 82 'RAM' <Latency = 1> <II = 1> <Delay = 2.32> <Storage> <Opcode : 'load' 'store'> <Ports = 2> <Width = 8> <Depth = 16> <RAM>
ST_7 : Operation 151 [1/1] (2.32ns)   --->   "%store_ln442 = store i8 %expandedKey_1_load_17, i4 %roundKey_addr_48" [Downloads/aes_axis.cpp:442]   --->   Operation 151 'store' 'store_ln442' <Predicate = true> <Delay = 2.32> <CoreInst = "RAM">   --->   Core 82 'RAM' <Latency = 1> <II = 1> <Delay = 2.32> <Storage> <Opcode : 'load' 'store'> <Ports = 2> <Width = 8> <Depth = 16> <RAM>

State 8 <SV = 7> <Delay = 2.32>
ST_8 : Operation 152 [1/1] (2.32ns)   --->   "%store_ln442 = store i8 %expandedKey_0_load_18, i4 %roundKey_addr_47" [Downloads/aes_axis.cpp:442]   --->   Operation 152 'store' 'store_ln442' <Predicate = true> <Delay = 2.32> <CoreInst = "RAM">   --->   Core 82 'RAM' <Latency = 1> <II = 1> <Delay = 2.32> <Storage> <Opcode : 'load' 'store'> <Ports = 2> <Width = 8> <Depth = 16> <RAM>
ST_8 : Operation 153 [1/1] (2.32ns)   --->   "%store_ln442 = store i8 %expandedKey_1_load_18, i4 %roundKey_addr_46" [Downloads/aes_axis.cpp:442]   --->   Operation 153 'store' 'store_ln442' <Predicate = true> <Delay = 2.32> <CoreInst = "RAM">   --->   Core 82 'RAM' <Latency = 1> <II = 1> <Delay = 2.32> <Storage> <Opcode : 'load' 'store'> <Ports = 2> <Width = 8> <Depth = 16> <RAM>

State 9 <SV = 8> <Delay = 2.32>
ST_9 : Operation 154 [1/1] (2.32ns)   --->   "%store_ln442 = store i8 %expandedKey_0_load_19, i4 %roundKey_addr_45" [Downloads/aes_axis.cpp:442]   --->   Operation 154 'store' 'store_ln442' <Predicate = true> <Delay = 2.32> <CoreInst = "RAM">   --->   Core 82 'RAM' <Latency = 1> <II = 1> <Delay = 2.32> <Storage> <Opcode : 'load' 'store'> <Ports = 2> <Width = 8> <Depth = 16> <RAM>
ST_9 : Operation 155 [1/1] (2.32ns)   --->   "%store_ln442 = store i8 %expandedKey_1_load_19, i4 %roundKey_addr" [Downloads/aes_axis.cpp:442]   --->   Operation 155 'store' 'store_ln442' <Predicate = true> <Delay = 2.32> <CoreInst = "RAM">   --->   Core 82 'RAM' <Latency = 1> <II = 1> <Delay = 2.32> <Storage> <Opcode : 'load' 'store'> <Ports = 2> <Width = 8> <Depth = 16> <RAM>

State 10 <SV = 9> <Delay = 0.00>
ST_10 : Operation 156 [37/37] (0.00ns)   --->   "%call_ln665 = call void @aes_invRound, i8 %state, i8 %roundKey, i8 %rsbox" [Downloads/aes_axis.cpp:665]   --->   Operation 156 'call' 'call_ln665' <Predicate = true> <Delay = 0.00> <CoreType = "Generic">   --->   Core 0 '' <Latency = 0> <II = 1> <Delay = 1.00> <Generic> <Opcode : >

State 11 <SV = 10> <Delay = 5.98>
ST_11 : Operation 157 [36/37] (5.98ns)   --->   "%call_ln665 = call void @aes_invRound, i8 %state, i8 %roundKey, i8 %rsbox" [Downloads/aes_axis.cpp:665]   --->   Operation 157 'call' 'call_ln665' <Predicate = true> <Delay = 5.98> <CoreType = "Generic">   --->   Core 0 '' <Latency = 0> <II = 1> <Delay = 1.00> <Generic> <Opcode : >

State 12 <SV = 11> <Delay = 5.98>
ST_12 : Operation 158 [35/37] (5.98ns)   --->   "%call_ln665 = call void @aes_invRound, i8 %state, i8 %roundKey, i8 %rsbox" [Downloads/aes_axis.cpp:665]   --->   Operation 158 'call' 'call_ln665' <Predicate = true> <Delay = 5.98> <CoreType = "Generic">   --->   Core 0 '' <Latency = 0> <II = 1> <Delay = 1.00> <Generic> <Opcode : >

State 13 <SV = 12> <Delay = 5.98>
ST_13 : Operation 159 [34/37] (5.98ns)   --->   "%call_ln665 = call void @aes_invRound, i8 %state, i8 %roundKey, i8 %rsbox" [Downloads/aes_axis.cpp:665]   --->   Operation 159 'call' 'call_ln665' <Predicate = true> <Delay = 5.98> <CoreType = "Generic">   --->   Core 0 '' <Latency = 0> <II = 1> <Delay = 1.00> <Generic> <Opcode : >

State 14 <SV = 13> <Delay = 5.98>
ST_14 : Operation 160 [33/37] (5.98ns)   --->   "%call_ln665 = call void @aes_invRound, i8 %state, i8 %roundKey, i8 %rsbox" [Downloads/aes_axis.cpp:665]   --->   Operation 160 'call' 'call_ln665' <Predicate = true> <Delay = 5.98> <CoreType = "Generic">   --->   Core 0 '' <Latency = 0> <II = 1> <Delay = 1.00> <Generic> <Opcode : >

State 15 <SV = 14> <Delay = 5.98>
ST_15 : Operation 161 [32/37] (5.98ns)   --->   "%call_ln665 = call void @aes_invRound, i8 %state, i8 %roundKey, i8 %rsbox" [Downloads/aes_axis.cpp:665]   --->   Operation 161 'call' 'call_ln665' <Predicate = true> <Delay = 5.98> <CoreType = "Generic">   --->   Core 0 '' <Latency = 0> <II = 1> <Delay = 1.00> <Generic> <Opcode : >

State 16 <SV = 15> <Delay = 5.98>
ST_16 : Operation 162 [31/37] (5.98ns)   --->   "%call_ln665 = call void @aes_invRound, i8 %state, i8 %roundKey, i8 %rsbox" [Downloads/aes_axis.cpp:665]   --->   Operation 162 'call' 'call_ln665' <Predicate = true> <Delay = 5.98> <CoreType = "Generic">   --->   Core 0 '' <Latency = 0> <II = 1> <Delay = 1.00> <Generic> <Opcode : >

State 17 <SV = 16> <Delay = 5.98>
ST_17 : Operation 163 [30/37] (5.98ns)   --->   "%call_ln665 = call void @aes_invRound, i8 %state, i8 %roundKey, i8 %rsbox" [Downloads/aes_axis.cpp:665]   --->   Operation 163 'call' 'call_ln665' <Predicate = true> <Delay = 5.98> <CoreType = "Generic">   --->   Core 0 '' <Latency = 0> <II = 1> <Delay = 1.00> <Generic> <Opcode : >

State 18 <SV = 17> <Delay = 5.98>
ST_18 : Operation 164 [29/37] (5.98ns)   --->   "%call_ln665 = call void @aes_invRound, i8 %state, i8 %roundKey, i8 %rsbox" [Downloads/aes_axis.cpp:665]   --->   Operation 164 'call' 'call_ln665' <Predicate = true> <Delay = 5.98> <CoreType = "Generic">   --->   Core 0 '' <Latency = 0> <II = 1> <Delay = 1.00> <Generic> <Opcode : >

State 19 <SV = 18> <Delay = 5.98>
ST_19 : Operation 165 [28/37] (5.98ns)   --->   "%call_ln665 = call void @aes_invRound, i8 %state, i8 %roundKey, i8 %rsbox" [Downloads/aes_axis.cpp:665]   --->   Operation 165 'call' 'call_ln665' <Predicate = true> <Delay = 5.98> <CoreType = "Generic">   --->   Core 0 '' <Latency = 0> <II = 1> <Delay = 1.00> <Generic> <Opcode : >

State 20 <SV = 19> <Delay = 5.98>
ST_20 : Operation 166 [27/37] (5.98ns)   --->   "%call_ln665 = call void @aes_invRound, i8 %state, i8 %roundKey, i8 %rsbox" [Downloads/aes_axis.cpp:665]   --->   Operation 166 'call' 'call_ln665' <Predicate = true> <Delay = 5.98> <CoreType = "Generic">   --->   Core 0 '' <Latency = 0> <II = 1> <Delay = 1.00> <Generic> <Opcode : >

State 21 <SV = 20> <Delay = 5.98>
ST_21 : Operation 167 [26/37] (5.98ns)   --->   "%call_ln665 = call void @aes_invRound, i8 %state, i8 %roundKey, i8 %rsbox" [Downloads/aes_axis.cpp:665]   --->   Operation 167 'call' 'call_ln665' <Predicate = true> <Delay = 5.98> <CoreType = "Generic">   --->   Core 0 '' <Latency = 0> <II = 1> <Delay = 1.00> <Generic> <Opcode : >

State 22 <SV = 21> <Delay = 5.98>
ST_22 : Operation 168 [25/37] (5.98ns)   --->   "%call_ln665 = call void @aes_invRound, i8 %state, i8 %roundKey, i8 %rsbox" [Downloads/aes_axis.cpp:665]   --->   Operation 168 'call' 'call_ln665' <Predicate = true> <Delay = 5.98> <CoreType = "Generic">   --->   Core 0 '' <Latency = 0> <II = 1> <Delay = 1.00> <Generic> <Opcode : >

State 23 <SV = 22> <Delay = 5.98>
ST_23 : Operation 169 [24/37] (5.98ns)   --->   "%call_ln665 = call void @aes_invRound, i8 %state, i8 %roundKey, i8 %rsbox" [Downloads/aes_axis.cpp:665]   --->   Operation 169 'call' 'call_ln665' <Predicate = true> <Delay = 5.98> <CoreType = "Generic">   --->   Core 0 '' <Latency = 0> <II = 1> <Delay = 1.00> <Generic> <Opcode : >

State 24 <SV = 23> <Delay = 5.98>
ST_24 : Operation 170 [23/37] (5.98ns)   --->   "%call_ln665 = call void @aes_invRound, i8 %state, i8 %roundKey, i8 %rsbox" [Downloads/aes_axis.cpp:665]   --->   Operation 170 'call' 'call_ln665' <Predicate = true> <Delay = 5.98> <CoreType = "Generic">   --->   Core 0 '' <Latency = 0> <II = 1> <Delay = 1.00> <Generic> <Opcode : >

State 25 <SV = 24> <Delay = 5.98>
ST_25 : Operation 171 [22/37] (5.98ns)   --->   "%call_ln665 = call void @aes_invRound, i8 %state, i8 %roundKey, i8 %rsbox" [Downloads/aes_axis.cpp:665]   --->   Operation 171 'call' 'call_ln665' <Predicate = true> <Delay = 5.98> <CoreType = "Generic">   --->   Core 0 '' <Latency = 0> <II = 1> <Delay = 1.00> <Generic> <Opcode : >

State 26 <SV = 25> <Delay = 5.98>
ST_26 : Operation 172 [21/37] (5.98ns)   --->   "%call_ln665 = call void @aes_invRound, i8 %state, i8 %roundKey, i8 %rsbox" [Downloads/aes_axis.cpp:665]   --->   Operation 172 'call' 'call_ln665' <Predicate = true> <Delay = 5.98> <CoreType = "Generic">   --->   Core 0 '' <Latency = 0> <II = 1> <Delay = 1.00> <Generic> <Opcode : >

State 27 <SV = 26> <Delay = 5.98>
ST_27 : Operation 173 [20/37] (5.98ns)   --->   "%call_ln665 = call void @aes_invRound, i8 %state, i8 %roundKey, i8 %rsbox" [Downloads/aes_axis.cpp:665]   --->   Operation 173 'call' 'call_ln665' <Predicate = true> <Delay = 5.98> <CoreType = "Generic">   --->   Core 0 '' <Latency = 0> <II = 1> <Delay = 1.00> <Generic> <Opcode : >

State 28 <SV = 27> <Delay = 5.98>
ST_28 : Operation 174 [19/37] (5.98ns)   --->   "%call_ln665 = call void @aes_invRound, i8 %state, i8 %roundKey, i8 %rsbox" [Downloads/aes_axis.cpp:665]   --->   Operation 174 'call' 'call_ln665' <Predicate = true> <Delay = 5.98> <CoreType = "Generic">   --->   Core 0 '' <Latency = 0> <II = 1> <Delay = 1.00> <Generic> <Opcode : >

State 29 <SV = 28> <Delay = 5.98>
ST_29 : Operation 175 [18/37] (5.98ns)   --->   "%call_ln665 = call void @aes_invRound, i8 %state, i8 %roundKey, i8 %rsbox" [Downloads/aes_axis.cpp:665]   --->   Operation 175 'call' 'call_ln665' <Predicate = true> <Delay = 5.98> <CoreType = "Generic">   --->   Core 0 '' <Latency = 0> <II = 1> <Delay = 1.00> <Generic> <Opcode : >

State 30 <SV = 29> <Delay = 5.98>
ST_30 : Operation 176 [17/37] (5.98ns)   --->   "%call_ln665 = call void @aes_invRound, i8 %state, i8 %roundKey, i8 %rsbox" [Downloads/aes_axis.cpp:665]   --->   Operation 176 'call' 'call_ln665' <Predicate = true> <Delay = 5.98> <CoreType = "Generic">   --->   Core 0 '' <Latency = 0> <II = 1> <Delay = 1.00> <Generic> <Opcode : >

State 31 <SV = 30> <Delay = 5.98>
ST_31 : Operation 177 [16/37] (5.98ns)   --->   "%call_ln665 = call void @aes_invRound, i8 %state, i8 %roundKey, i8 %rsbox" [Downloads/aes_axis.cpp:665]   --->   Operation 177 'call' 'call_ln665' <Predicate = true> <Delay = 5.98> <CoreType = "Generic">   --->   Core 0 '' <Latency = 0> <II = 1> <Delay = 1.00> <Generic> <Opcode : >

State 32 <SV = 31> <Delay = 5.98>
ST_32 : Operation 178 [15/37] (5.98ns)   --->   "%call_ln665 = call void @aes_invRound, i8 %state, i8 %roundKey, i8 %rsbox" [Downloads/aes_axis.cpp:665]   --->   Operation 178 'call' 'call_ln665' <Predicate = true> <Delay = 5.98> <CoreType = "Generic">   --->   Core 0 '' <Latency = 0> <II = 1> <Delay = 1.00> <Generic> <Opcode : >

State 33 <SV = 32> <Delay = 5.98>
ST_33 : Operation 179 [14/37] (5.98ns)   --->   "%call_ln665 = call void @aes_invRound, i8 %state, i8 %roundKey, i8 %rsbox" [Downloads/aes_axis.cpp:665]   --->   Operation 179 'call' 'call_ln665' <Predicate = true> <Delay = 5.98> <CoreType = "Generic">   --->   Core 0 '' <Latency = 0> <II = 1> <Delay = 1.00> <Generic> <Opcode : >

State 34 <SV = 33> <Delay = 5.98>
ST_34 : Operation 180 [13/37] (5.98ns)   --->   "%call_ln665 = call void @aes_invRound, i8 %state, i8 %roundKey, i8 %rsbox" [Downloads/aes_axis.cpp:665]   --->   Operation 180 'call' 'call_ln665' <Predicate = true> <Delay = 5.98> <CoreType = "Generic">   --->   Core 0 '' <Latency = 0> <II = 1> <Delay = 1.00> <Generic> <Opcode : >

State 35 <SV = 34> <Delay = 5.98>
ST_35 : Operation 181 [12/37] (5.98ns)   --->   "%call_ln665 = call void @aes_invRound, i8 %state, i8 %roundKey, i8 %rsbox" [Downloads/aes_axis.cpp:665]   --->   Operation 181 'call' 'call_ln665' <Predicate = true> <Delay = 5.98> <CoreType = "Generic">   --->   Core 0 '' <Latency = 0> <II = 1> <Delay = 1.00> <Generic> <Opcode : >

State 36 <SV = 35> <Delay = 5.98>
ST_36 : Operation 182 [11/37] (5.98ns)   --->   "%call_ln665 = call void @aes_invRound, i8 %state, i8 %roundKey, i8 %rsbox" [Downloads/aes_axis.cpp:665]   --->   Operation 182 'call' 'call_ln665' <Predicate = true> <Delay = 5.98> <CoreType = "Generic">   --->   Core 0 '' <Latency = 0> <II = 1> <Delay = 1.00> <Generic> <Opcode : >

State 37 <SV = 36> <Delay = 5.98>
ST_37 : Operation 183 [10/37] (5.98ns)   --->   "%call_ln665 = call void @aes_invRound, i8 %state, i8 %roundKey, i8 %rsbox" [Downloads/aes_axis.cpp:665]   --->   Operation 183 'call' 'call_ln665' <Predicate = true> <Delay = 5.98> <CoreType = "Generic">   --->   Core 0 '' <Latency = 0> <II = 1> <Delay = 1.00> <Generic> <Opcode : >

State 38 <SV = 37> <Delay = 5.98>
ST_38 : Operation 184 [9/37] (5.98ns)   --->   "%call_ln665 = call void @aes_invRound, i8 %state, i8 %roundKey, i8 %rsbox" [Downloads/aes_axis.cpp:665]   --->   Operation 184 'call' 'call_ln665' <Predicate = true> <Delay = 5.98> <CoreType = "Generic">   --->   Core 0 '' <Latency = 0> <II = 1> <Delay = 1.00> <Generic> <Opcode : >

State 39 <SV = 38> <Delay = 5.98>
ST_39 : Operation 185 [8/37] (5.98ns)   --->   "%call_ln665 = call void @aes_invRound, i8 %state, i8 %roundKey, i8 %rsbox" [Downloads/aes_axis.cpp:665]   --->   Operation 185 'call' 'call_ln665' <Predicate = true> <Delay = 5.98> <CoreType = "Generic">   --->   Core 0 '' <Latency = 0> <II = 1> <Delay = 1.00> <Generic> <Opcode : >

State 40 <SV = 39> <Delay = 5.98>
ST_40 : Operation 186 [7/37] (5.98ns)   --->   "%call_ln665 = call void @aes_invRound, i8 %state, i8 %roundKey, i8 %rsbox" [Downloads/aes_axis.cpp:665]   --->   Operation 186 'call' 'call_ln665' <Predicate = true> <Delay = 5.98> <CoreType = "Generic">   --->   Core 0 '' <Latency = 0> <II = 1> <Delay = 1.00> <Generic> <Opcode : >

State 41 <SV = 40> <Delay = 5.98>
ST_41 : Operation 187 [6/37] (5.98ns)   --->   "%call_ln665 = call void @aes_invRound, i8 %state, i8 %roundKey, i8 %rsbox" [Downloads/aes_axis.cpp:665]   --->   Operation 187 'call' 'call_ln665' <Predicate = true> <Delay = 5.98> <CoreType = "Generic">   --->   Core 0 '' <Latency = 0> <II = 1> <Delay = 1.00> <Generic> <Opcode : >

State 42 <SV = 41> <Delay = 5.98>
ST_42 : Operation 188 [5/37] (5.98ns)   --->   "%call_ln665 = call void @aes_invRound, i8 %state, i8 %roundKey, i8 %rsbox" [Downloads/aes_axis.cpp:665]   --->   Operation 188 'call' 'call_ln665' <Predicate = true> <Delay = 5.98> <CoreType = "Generic">   --->   Core 0 '' <Latency = 0> <II = 1> <Delay = 1.00> <Generic> <Opcode : >

State 43 <SV = 42> <Delay = 5.98>
ST_43 : Operation 189 [4/37] (5.98ns)   --->   "%call_ln665 = call void @aes_invRound, i8 %state, i8 %roundKey, i8 %rsbox" [Downloads/aes_axis.cpp:665]   --->   Operation 189 'call' 'call_ln665' <Predicate = true> <Delay = 5.98> <CoreType = "Generic">   --->   Core 0 '' <Latency = 0> <II = 1> <Delay = 1.00> <Generic> <Opcode : >

State 44 <SV = 43> <Delay = 5.98>
ST_44 : Operation 190 [3/37] (5.98ns)   --->   "%call_ln665 = call void @aes_invRound, i8 %state, i8 %roundKey, i8 %rsbox" [Downloads/aes_axis.cpp:665]   --->   Operation 190 'call' 'call_ln665' <Predicate = true> <Delay = 5.98> <CoreType = "Generic">   --->   Core 0 '' <Latency = 0> <II = 1> <Delay = 1.00> <Generic> <Opcode : >

State 45 <SV = 44> <Delay = 5.98>
ST_45 : Operation 191 [2/37] (5.98ns)   --->   "%call_ln665 = call void @aes_invRound, i8 %state, i8 %roundKey, i8 %rsbox" [Downloads/aes_axis.cpp:665]   --->   Operation 191 'call' 'call_ln665' <Predicate = true> <Delay = 5.98> <CoreType = "Generic">   --->   Core 0 '' <Latency = 0> <II = 1> <Delay = 1.00> <Generic> <Opcode : >

State 46 <SV = 45> <Delay = 0.00>
ST_46 : Operation 192 [1/1] (0.00ns)   --->   "%specpipeline_ln0 = specpipeline void @_ssdm_op_SpecPipeline, i32 46, i32 0, i32 0, i32 0, void @empty_16" [Downloads/aes_axis.cpp:0]   --->   Operation 192 'specpipeline' 'specpipeline_ln0' <Predicate = true> <Delay = 0.00>
ST_46 : Operation 193 [1/1] (0.00ns)   --->   "%speclooptripcount_ln662 = speclooptripcount void @_ssdm_op_SpecLoopTripCount, i64 9, i64 13, i64 11" [Downloads/aes_axis.cpp:662]   --->   Operation 193 'speclooptripcount' 'speclooptripcount_ln662' <Predicate = true> <Delay = 0.00>
ST_46 : Operation 194 [1/1] (0.00ns)   --->   "%specloopname_ln660 = specloopname void @_ssdm_op_SpecLoopName, void @empty_26" [Downloads/aes_axis.cpp:660]   --->   Operation 194 'specloopname' 'specloopname_ln660' <Predicate = true> <Delay = 0.00>
ST_46 : Operation 195 [1/37] (0.00ns)   --->   "%call_ln665 = call void @aes_invRound, i8 %state, i8 %roundKey, i8 %rsbox" [Downloads/aes_axis.cpp:665]   --->   Operation 195 'call' 'call_ln665' <Predicate = true> <Delay = 0.00> <CoreType = "Generic">   --->   Core 0 '' <Latency = 0> <II = 1> <Delay = 1.00> <Generic> <Opcode : >
ST_46 : Operation 196 [1/1] (0.00ns)   --->   "%br_ln660 = br void %for.inc" [Downloads/aes_axis.cpp:660]   --->   Operation 196 'br' 'br_ln660' <Predicate = true> <Delay = 0.00>


============================================================
+ Verbose Summary: Timing violations
============================================================
Target clock period: 10ns, clock uncertainty: 2.7ns.

 <State 1>: 3.37ns
The critical path consists of the following:
	'alloca' operation ('i') [7]  (0 ns)
	'load' operation ('i', Downloads/aes_axis.cpp:442) on local variable 'i' [13]  (0 ns)
	'add' operation ('add_ln660', Downloads/aes_axis.cpp:660) [102]  (1.78 ns)
	'store' operation ('store_ln660', Downloads/aes_axis.cpp:660) of variable 'add_ln660', Downloads/aes_axis.cpp:660 on local variable 'i' [103]  (1.59 ns)

 <State 2>: 4.64ns
The critical path consists of the following:
	'load' operation ('expandedKey_0_load', Downloads/aes_axis.cpp:442) on array 'expandedKey_0' [40]  (2.32 ns)
	'store' operation ('store_ln442', Downloads/aes_axis.cpp:442) of variable 'expandedKey_0_load', Downloads/aes_axis.cpp:442 on array 'roundKey' [41]  (2.32 ns)

 <State 3>: 2.32ns
The critical path consists of the following:
	'store' operation ('store_ln442', Downloads/aes_axis.cpp:442) of variable 'expandedKey_0_load_13', Downloads/aes_axis.cpp:442 on array 'roundKey' [49]  (2.32 ns)

 <State 4>: 2.32ns
The critical path consists of the following:
	'store' operation ('store_ln442', Downloads/aes_axis.cpp:442) of variable 'expandedKey_0_load_14', Downloads/aes_axis.cpp:442 on array 'roundKey' [57]  (2.32 ns)

 <State 5>: 2.32ns
The critical path consists of the following:
	'store' operation ('store_ln442', Downloads/aes_axis.cpp:442) of variable 'expandedKey_0_load_15', Downloads/aes_axis.cpp:442 on array 'roundKey' [65]  (2.32 ns)

 <State 6>: 2.32ns
The critical path consists of the following:
	'store' operation ('store_ln442', Downloads/aes_axis.cpp:442) of variable 'expandedKey_0_load_16', Downloads/aes_axis.cpp:442 on array 'roundKey' [73]  (2.32 ns)

 <State 7>: 2.32ns
The critical path consists of the following:
	'store' operation ('store_ln442', Downloads/aes_axis.cpp:442) of variable 'expandedKey_0_load_17', Downloads/aes_axis.cpp:442 on array 'roundKey' [81]  (2.32 ns)

 <State 8>: 2.32ns
The critical path consists of the following:
	'store' operation ('store_ln442', Downloads/aes_axis.cpp:442) of variable 'expandedKey_0_load_18', Downloads/aes_axis.cpp:442 on array 'roundKey' [89]  (2.32 ns)

 <State 9>: 2.32ns
The critical path consists of the following:
	'store' operation ('store_ln442', Downloads/aes_axis.cpp:442) of variable 'expandedKey_0_load_19', Downloads/aes_axis.cpp:442 on array 'roundKey' [97]  (2.32 ns)

 <State 10>: 0ns
The critical path consists of the following:

 <State 11>: 5.98ns
The critical path consists of the following:
	'call' operation ('call_ln665', Downloads/aes_axis.cpp:665) to 'aes_invRound' [101]  (5.98 ns)

 <State 12>: 5.98ns
The critical path consists of the following:
	'call' operation ('call_ln665', Downloads/aes_axis.cpp:665) to 'aes_invRound' [101]  (5.98 ns)

 <State 13>: 5.98ns
The critical path consists of the following:
	'call' operation ('call_ln665', Downloads/aes_axis.cpp:665) to 'aes_invRound' [101]  (5.98 ns)

 <State 14>: 5.98ns
The critical path consists of the following:
	'call' operation ('call_ln665', Downloads/aes_axis.cpp:665) to 'aes_invRound' [101]  (5.98 ns)

 <State 15>: 5.98ns
The critical path consists of the following:
	'call' operation ('call_ln665', Downloads/aes_axis.cpp:665) to 'aes_invRound' [101]  (5.98 ns)

 <State 16>: 5.98ns
The critical path consists of the following:
	'call' operation ('call_ln665', Downloads/aes_axis.cpp:665) to 'aes_invRound' [101]  (5.98 ns)

 <State 17>: 5.98ns
The critical path consists of the following:
	'call' operation ('call_ln665', Downloads/aes_axis.cpp:665) to 'aes_invRound' [101]  (5.98 ns)

 <State 18>: 5.98ns
The critical path consists of the following:
	'call' operation ('call_ln665', Downloads/aes_axis.cpp:665) to 'aes_invRound' [101]  (5.98 ns)

 <State 19>: 5.98ns
The critical path consists of the following:
	'call' operation ('call_ln665', Downloads/aes_axis.cpp:665) to 'aes_invRound' [101]  (5.98 ns)

 <State 20>: 5.98ns
The critical path consists of the following:
	'call' operation ('call_ln665', Downloads/aes_axis.cpp:665) to 'aes_invRound' [101]  (5.98 ns)

 <State 21>: 5.98ns
The critical path consists of the following:
	'call' operation ('call_ln665', Downloads/aes_axis.cpp:665) to 'aes_invRound' [101]  (5.98 ns)

 <State 22>: 5.98ns
The critical path consists of the following:
	'call' operation ('call_ln665', Downloads/aes_axis.cpp:665) to 'aes_invRound' [101]  (5.98 ns)

 <State 23>: 5.98ns
The critical path consists of the following:
	'call' operation ('call_ln665', Downloads/aes_axis.cpp:665) to 'aes_invRound' [101]  (5.98 ns)

 <State 24>: 5.98ns
The critical path consists of the following:
	'call' operation ('call_ln665', Downloads/aes_axis.cpp:665) to 'aes_invRound' [101]  (5.98 ns)

 <State 25>: 5.98ns
The critical path consists of the following:
	'call' operation ('call_ln665', Downloads/aes_axis.cpp:665) to 'aes_invRound' [101]  (5.98 ns)

 <State 26>: 5.98ns
The critical path consists of the following:
	'call' operation ('call_ln665', Downloads/aes_axis.cpp:665) to 'aes_invRound' [101]  (5.98 ns)

 <State 27>: 5.98ns
The critical path consists of the following:
	'call' operation ('call_ln665', Downloads/aes_axis.cpp:665) to 'aes_invRound' [101]  (5.98 ns)

 <State 28>: 5.98ns
The critical path consists of the following:
	'call' operation ('call_ln665', Downloads/aes_axis.cpp:665) to 'aes_invRound' [101]  (5.98 ns)

 <State 29>: 5.98ns
The critical path consists of the following:
	'call' operation ('call_ln665', Downloads/aes_axis.cpp:665) to 'aes_invRound' [101]  (5.98 ns)

 <State 30>: 5.98ns
The critical path consists of the following:
	'call' operation ('call_ln665', Downloads/aes_axis.cpp:665) to 'aes_invRound' [101]  (5.98 ns)

 <State 31>: 5.98ns
The critical path consists of the following:
	'call' operation ('call_ln665', Downloads/aes_axis.cpp:665) to 'aes_invRound' [101]  (5.98 ns)

 <State 32>: 5.98ns
The critical path consists of the following:
	'call' operation ('call_ln665', Downloads/aes_axis.cpp:665) to 'aes_invRound' [101]  (5.98 ns)

 <State 33>: 5.98ns
The critical path consists of the following:
	'call' operation ('call_ln665', Downloads/aes_axis.cpp:665) to 'aes_invRound' [101]  (5.98 ns)

 <State 34>: 5.98ns
The critical path consists of the following:
	'call' operation ('call_ln665', Downloads/aes_axis.cpp:665) to 'aes_invRound' [101]  (5.98 ns)

 <State 35>: 5.98ns
The critical path consists of the following:
	'call' operation ('call_ln665', Downloads/aes_axis.cpp:665) to 'aes_invRound' [101]  (5.98 ns)

 <State 36>: 5.98ns
The critical path consists of the following:
	'call' operation ('call_ln665', Downloads/aes_axis.cpp:665) to 'aes_invRound' [101]  (5.98 ns)

 <State 37>: 5.98ns
The critical path consists of the following:
	'call' operation ('call_ln665', Downloads/aes_axis.cpp:665) to 'aes_invRound' [101]  (5.98 ns)

 <State 38>: 5.98ns
The critical path consists of the following:
	'call' operation ('call_ln665', Downloads/aes_axis.cpp:665) to 'aes_invRound' [101]  (5.98 ns)

 <State 39>: 5.98ns
The critical path consists of the following:
	'call' operation ('call_ln665', Downloads/aes_axis.cpp:665) to 'aes_invRound' [101]  (5.98 ns)

 <State 40>: 5.98ns
The critical path consists of the following:
	'call' operation ('call_ln665', Downloads/aes_axis.cpp:665) to 'aes_invRound' [101]  (5.98 ns)

 <State 41>: 5.98ns
The critical path consists of the following:
	'call' operation ('call_ln665', Downloads/aes_axis.cpp:665) to 'aes_invRound' [101]  (5.98 ns)

 <State 42>: 5.98ns
The critical path consists of the following:
	'call' operation ('call_ln665', Downloads/aes_axis.cpp:665) to 'aes_invRound' [101]  (5.98 ns)

 <State 43>: 5.98ns
The critical path consists of the following:
	'call' operation ('call_ln665', Downloads/aes_axis.cpp:665) to 'aes_invRound' [101]  (5.98 ns)

 <State 44>: 5.98ns
The critical path consists of the following:
	'call' operation ('call_ln665', Downloads/aes_axis.cpp:665) to 'aes_invRound' [101]  (5.98 ns)

 <State 45>: 5.98ns
The critical path consists of the following:
	'call' operation ('call_ln665', Downloads/aes_axis.cpp:665) to 'aes_invRound' [101]  (5.98 ns)

 <State 46>: 0ns
The critical path consists of the following:


============================================================
+ Verbose Summary: Binding
============================================================
N/A
* FSMD analyzer results:
  - Output states:
 - Input state : 
  - Chain level:
	State 1
	State 2
	State 3
	State 4
	State 5
	State 6
	State 7
	State 8
	State 9
	State 10
	State 11
	State 12
	State 13
	State 14
	State 15
	State 16
	State 17
	State 18
	State 19
	State 20
	State 21
	State 22
	State 23
	State 24
	State 25
	State 26
	State 27
	State 28
	State 29
	State 30
	State 31
	State 32
	State 33
	State 34
	State 35
	State 36
	State 37
	State 38
	State 39
	State 40
	State 41
	State 42
	State 43
	State 44
	State 45
	State 46


============================================================
+ Verbose Summary: Datapath Resource usage 
============================================================
N/A
