

================================================================
== Vitis HLS Report for 'aes_main_Pipeline_shiftRowLoop12'
================================================================
* Date:           Thu Apr 25 11:55:40 2024

* Version:        2022.1 (Build 3526262 on Mon Apr 18 15:48:16 MDT 2022)
* Project:        AES_PM
* Solution:       solution1 (Vivado IP Flow Target)
* Product family: zynq
* Target device:  xc7z020-clg400-1


================================================================
== Performance Estimates
================================================================
+ Timing: 
    * Summary: 
    +--------+----------+----------+------------+
    |  Clock |  Target  | Estimated| Uncertainty|
    +--------+----------+----------+------------+
    |ap_clk  |  10.00 ns|  3.153 ns|     2.70 ns|
    +--------+----------+----------+------------+

+ Latency: 
    * Summary: 
    +---------+---------+-----------+-----------+-----+-----+---------+
    |  Latency (cycles) |   Latency (absolute)  |  Interval | Pipeline|
    |   min   |   max   |    min    |    max    | min | max |   Type  |
    +---------+---------+-----------+-----------+-----+-----+---------+
    |        5|        5|  50.000 ns|  50.000 ns|    5|    5|       no|
    +---------+---------+-----------+-----------+-----+-----+---------+

    + Detail: 
        * Instance: 
        N/A

        * Loop: 
        +-----------------+---------+---------+----------+-----------+-----------+------+----------+
        |                 |  Latency (cycles) | Iteration|  Initiation Interval  | Trip |          |
        |    Loop Name    |   min   |   max   |  Latency |  achieved |   target  | Count| Pipelined|
        +-----------------+---------+---------+----------+-----------+-----------+------+----------+
        |- shiftRowLoop1  |        3|        3|         1|          1|          6|     3|       yes|
        +-----------------+---------+---------+----------+-----------+-----------+------+----------+

============================================================
+ Verbose Summary: Synthesis Manager
============================================================
InlineROM: 1
ExposeGlobal: 0
============================================================
+ Verbose Summary: CDFG Model
============================================================
IsTopModel: 0
ResetActiveHigh: 1
IsCombinational: 0
IsDatapathOnly: 0
HasWiredReturn: 1
HasMFsm: 2
HasVarLatency: 1
IsPipeline: 0
IsRtlPipelined: 0
IsInstanceOverlapped: 0
IsDontTouch: 0
HasImplIP: 0
IsGatedGlobalClock: 0

+ Individual pipeline summary: 
  * Pipeline-0: initiation interval (II) = 1, depth = 2


============================================================
+ Verbose Summary: Schedule
============================================================
* Number of FSM states : 2
* Pipeline : 1
  Pipeline-0 : II = 1, D = 2, States = { 1 2 }
* Dataflow Pipeline: 0

* FSM state transitions: 
1 --> 2 
2 --> 

* FSM state operations: 

State 1 <SV = 0> <Delay = 1.58>
ST_1 : Operation 4 [1/1] (0.00ns)   --->   "%i = alloca i32 1"   --->   Operation 4 'alloca' 'i' <Predicate = true> <Delay = 0.00>
ST_1 : Operation 5 [1/1] (0.00ns)   --->   "%tmp = alloca i32 1"   --->   Operation 5 'alloca' 'tmp' <Predicate = true> <Delay = 0.00>
ST_1 : Operation 6 [1/1] (0.00ns)   --->   "%empty = alloca i32 1"   --->   Operation 6 'alloca' 'empty' <Predicate = true> <Delay = 0.00>
ST_1 : Operation 7 [1/1] (0.00ns)   --->   "%empty_38 = alloca i32 1"   --->   Operation 7 'alloca' 'empty_38' <Predicate = true> <Delay = 0.00>
ST_1 : Operation 8 [1/1] (0.00ns)   --->   "%tmp_59 = alloca i32 1"   --->   Operation 8 'alloca' 'tmp_59' <Predicate = true> <Delay = 0.00>
ST_1 : Operation 9 [1/1] (0.00ns)   --->   "%sbox_load_34_read = read i8 @_ssdm_op_Read.ap_auto.i8, i8 %sbox_load_34"   --->   Operation 9 'read' 'sbox_load_34_read' <Predicate = true> <Delay = 0.00>
ST_1 : Operation 10 [1/1] (0.00ns)   --->   "%sbox_load_35_read = read i8 @_ssdm_op_Read.ap_auto.i8, i8 %sbox_load_35"   --->   Operation 10 'read' 'sbox_load_35_read' <Predicate = true> <Delay = 0.00>
ST_1 : Operation 11 [1/1] (0.00ns)   --->   "%sbox_load_36_read = read i8 @_ssdm_op_Read.ap_auto.i8, i8 %sbox_load_36"   --->   Operation 11 'read' 'sbox_load_36_read' <Predicate = true> <Delay = 0.00>
ST_1 : Operation 12 [1/1] (0.00ns)   --->   "%sbox_load_37_read = read i8 @_ssdm_op_Read.ap_auto.i8, i8 %sbox_load_37"   --->   Operation 12 'read' 'sbox_load_37_read' <Predicate = true> <Delay = 0.00>
ST_1 : Operation 13 [1/1] (1.58ns)   --->   "%store_ln0 = store i8 %sbox_load_37_read, i8 %tmp_59"   --->   Operation 13 'store' 'store_ln0' <Predicate = true> <Delay = 1.58>
ST_1 : Operation 14 [1/1] (1.58ns)   --->   "%store_ln0 = store i8 %sbox_load_36_read, i8 %empty_38"   --->   Operation 14 'store' 'store_ln0' <Predicate = true> <Delay = 1.58>
ST_1 : Operation 15 [1/1] (1.58ns)   --->   "%store_ln0 = store i8 %sbox_load_35_read, i8 %empty"   --->   Operation 15 'store' 'store_ln0' <Predicate = true> <Delay = 1.58>
ST_1 : Operation 16 [1/1] (1.58ns)   --->   "%store_ln0 = store i8 %sbox_load_34_read, i8 %tmp"   --->   Operation 16 'store' 'store_ln0' <Predicate = true> <Delay = 1.58>
ST_1 : Operation 17 [1/1] (1.58ns)   --->   "%store_ln0 = store i2 0, i2 %i"   --->   Operation 17 'store' 'store_ln0' <Predicate = true> <Delay = 1.58>
ST_1 : Operation 18 [1/1] (0.00ns)   --->   "%br_ln0 = br void %for.inc.i19.i"   --->   Operation 18 'br' 'br_ln0' <Predicate = true> <Delay = 0.00>

State 2 <SV = 1> <Delay = 3.15>
ST_2 : Operation 19 [1/1] (0.00ns)   --->   "%i_1 = load i2 %i" [Downloads/aes_axis.cpp:324]   --->   Operation 19 'load' 'i_1' <Predicate = true> <Delay = 0.00>
ST_2 : Operation 20 [1/1] (0.00ns)   --->   "%p_load8 = load i8 %empty"   --->   Operation 20 'load' 'p_load8' <Predicate = true> <Delay = 0.00>
ST_2 : Operation 21 [1/1] (0.00ns)   --->   "%p_load7 = load i8 %empty_38"   --->   Operation 21 'load' 'p_load7' <Predicate = true> <Delay = 0.00>
ST_2 : Operation 22 [1/1] (0.00ns)   --->   "%tmp_59_load = load i8 %tmp_59"   --->   Operation 22 'load' 'tmp_59_load' <Predicate = true> <Delay = 0.00>
ST_2 : Operation 23 [1/1] (0.95ns)   --->   "%icmp_ln324 = icmp_eq  i2 %i_1, i2 3" [Downloads/aes_axis.cpp:324]   --->   Operation 23 'icmp' 'icmp_ln324' <Predicate = true> <Delay = 0.95> <CoreInst = "Cmp">   --->   Core 9 'Cmp' <Latency = 0> <II = 1> <Delay = 0.95> <FuncUnit> <Opcode : 'icmp'> <InPorts = 2> <OutPorts = 1>
ST_2 : Operation 24 [1/1] (0.00ns)   --->   "%speclooptripcount_ln0 = speclooptripcount void @_ssdm_op_SpecLoopTripCount, i64 3, i64 3, i64 3"   --->   Operation 24 'speclooptripcount' 'speclooptripcount_ln0' <Predicate = true> <Delay = 0.00>
ST_2 : Operation 25 [1/1] (1.56ns)   --->   "%i_2 = add i2 %i_1, i2 1" [Downloads/aes_axis.cpp:324]   --->   Operation 25 'add' 'i_2' <Predicate = true> <Delay = 1.56> <CoreInst = "Adder">   --->   Core 1 'Adder' <Latency = 0> <II = 1> <Delay = 1.56> <FuncUnit> <Opcode : 'add' 'sub'> <InPorts = 2> <OutPorts = 1>
ST_2 : Operation 26 [1/1] (0.00ns)   --->   "%br_ln324 = br i1 %icmp_ln324, void %for.inc.i19.i.split, void %_Z9shiftRowsPh.exit.exitStub" [Downloads/aes_axis.cpp:324]   --->   Operation 26 'br' 'br_ln324' <Predicate = true> <Delay = 0.00>
ST_2 : Operation 27 [1/1] (0.00ns)   --->   "%tmp_61_load = load i8 %tmp" [Downloads/aes_axis.cpp:324]   --->   Operation 27 'load' 'tmp_61_load' <Predicate = (!icmp_ln324)> <Delay = 0.00>
ST_2 : Operation 28 [1/1] (0.00ns)   --->   "%specpipeline_ln327 = specpipeline void @_ssdm_op_SpecPipeline, i32 6, i32 0, i32 0, i32 0, void @empty_16" [Downloads/aes_axis.cpp:327]   --->   Operation 28 'specpipeline' 'specpipeline_ln327' <Predicate = (!icmp_ln324)> <Delay = 0.00>
ST_2 : Operation 29 [1/1] (0.00ns)   --->   "%specloopname_ln320 = specloopname void @_ssdm_op_SpecLoopName, void @empty_9" [Downloads/aes_axis.cpp:320]   --->   Operation 29 'specloopname' 'specloopname_ln320' <Predicate = (!icmp_ln324)> <Delay = 0.00>
ST_2 : Operation 30 [1/1] (1.58ns)   --->   "%store_ln324 = store i8 %tmp_61_load, i8 %tmp_59" [Downloads/aes_axis.cpp:324]   --->   Operation 30 'store' 'store_ln324' <Predicate = (!icmp_ln324)> <Delay = 1.58>
ST_2 : Operation 31 [1/1] (1.58ns)   --->   "%store_ln324 = store i8 %tmp_59_load, i8 %empty_38" [Downloads/aes_axis.cpp:324]   --->   Operation 31 'store' 'store_ln324' <Predicate = (!icmp_ln324)> <Delay = 1.58>
ST_2 : Operation 32 [1/1] (1.58ns)   --->   "%store_ln324 = store i8 %p_load7, i8 %empty" [Downloads/aes_axis.cpp:324]   --->   Operation 32 'store' 'store_ln324' <Predicate = (!icmp_ln324)> <Delay = 1.58>
ST_2 : Operation 33 [1/1] (1.58ns)   --->   "%store_ln324 = store i8 %p_load8, i8 %tmp" [Downloads/aes_axis.cpp:324]   --->   Operation 33 'store' 'store_ln324' <Predicate = (!icmp_ln324)> <Delay = 1.58>
ST_2 : Operation 34 [1/1] (1.58ns)   --->   "%store_ln324 = store i2 %i_2, i2 %i" [Downloads/aes_axis.cpp:324]   --->   Operation 34 'store' 'store_ln324' <Predicate = (!icmp_ln324)> <Delay = 1.58>
ST_2 : Operation 35 [1/1] (0.00ns)   --->   "%br_ln324 = br void %for.inc.i19.i" [Downloads/aes_axis.cpp:324]   --->   Operation 35 'br' 'br_ln324' <Predicate = (!icmp_ln324)> <Delay = 0.00>
ST_2 : Operation 36 [1/1] (0.00ns)   --->   "%tmp_61_load9 = load i8 %tmp"   --->   Operation 36 'load' 'tmp_61_load9' <Predicate = (icmp_ln324)> <Delay = 0.00>
ST_2 : Operation 37 [1/1] (0.00ns)   --->   "%write_ln0 = write void @_ssdm_op_Write.ap_auto.i8P0A, i8 %p_out, i8 %tmp_59_load"   --->   Operation 37 'write' 'write_ln0' <Predicate = (icmp_ln324)> <Delay = 0.00>
ST_2 : Operation 38 [1/1] (0.00ns)   --->   "%write_ln0 = write void @_ssdm_op_Write.ap_auto.i8P0A, i8 %p_out1, i8 %p_load7"   --->   Operation 38 'write' 'write_ln0' <Predicate = (icmp_ln324)> <Delay = 0.00>
ST_2 : Operation 39 [1/1] (0.00ns)   --->   "%write_ln0 = write void @_ssdm_op_Write.ap_auto.i8P0A, i8 %p_out2, i8 %p_load8"   --->   Operation 39 'write' 'write_ln0' <Predicate = (icmp_ln324)> <Delay = 0.00>
ST_2 : Operation 40 [1/1] (0.00ns)   --->   "%write_ln0 = write void @_ssdm_op_Write.ap_auto.i8P0A, i8 %tmp_61_out, i8 %tmp_61_load9"   --->   Operation 40 'write' 'write_ln0' <Predicate = (icmp_ln324)> <Delay = 0.00>
ST_2 : Operation 41 [1/1] (0.00ns)   --->   "%ret_ln0 = ret"   --->   Operation 41 'ret' 'ret_ln0' <Predicate = (icmp_ln324)> <Delay = 0.00>


============================================================
+ Verbose Summary: Timing violations
============================================================
Target clock period: 10ns, clock uncertainty: 2.7ns.

 <State 1>: 1.59ns
The critical path consists of the following:
	'alloca' operation ('tmp') [13]  (0 ns)
	'store' operation ('store_ln0') of variable 'sbox_load_37_read' on local variable 'tmp' [18]  (1.59 ns)

 <State 2>: 3.15ns
The critical path consists of the following:
	'load' operation ('i', Downloads/aes_axis.cpp:324) on local variable 'i' [25]  (0 ns)
	'add' operation ('i', Downloads/aes_axis.cpp:324) [31]  (1.56 ns)
	'store' operation ('store_ln324', Downloads/aes_axis.cpp:324) of variable 'i', Downloads/aes_axis.cpp:324 on local variable 'i' [41]  (1.59 ns)


============================================================
+ Verbose Summary: Binding
============================================================
N/A
* FSMD analyzer results:
  - Output states:
 - Input state : 
  - Chain level:
	State 1
	State 2


============================================================
+ Verbose Summary: Datapath Resource usage 
============================================================
N/A
