

================================================================
== Vitis HLS Report for 'aes_Pipeline_3'
================================================================
* Date:           Thu Apr 25 11:55:36 2024

* Version:        2022.1 (Build 3526262 on Mon Apr 18 15:48:16 MDT 2022)
* Project:        AES_PM
* Solution:       solution1 (Vivado IP Flow Target)
* Product family: zynq
* Target device:  xc7z020-clg400-1


================================================================
== Performance Estimates
================================================================
+ Timing: 
    * Summary: 
    +--------+----------+----------+------------+
    |  Clock |  Target  | Estimated| Uncertainty|
    +--------+----------+----------+------------+
    |ap_clk  |  10.00 ns|  4.681 ns|     2.70 ns|
    +--------+----------+----------+------------+

+ Latency: 
    * Summary: 
    +---------+---------+----------+----------+-----+-----+---------+
    |  Latency (cycles) |  Latency (absolute) |  Interval | Pipeline|
    |   min   |   max   |    min   |    max   | min | max |   Type  |
    +---------+---------+----------+----------+-----+-----+---------+
    |       34|       34|  0.340 us|  0.340 us|   34|   34|       no|
    +---------+---------+----------+----------+-----+-----+---------+

    + Detail: 
        * Instance: 
        N/A

        * Loop: 
        +----------+---------+---------+----------+-----------+-----------+------+----------+
        |          |  Latency (cycles) | Iteration|  Initiation Interval  | Trip |          |
        | Loop Name|   min   |   max   |  Latency |  achieved |   target  | Count| Pipelined|
        +----------+---------+---------+----------+-----------+-----------+------+----------+
        |- Loop 1  |       32|       32|         1|          1|          1|    32|       yes|
        +----------+---------+---------+----------+-----------+-----------+------+----------+

============================================================
+ Verbose Summary: Synthesis Manager
============================================================
InlineROM: 1
ExposeGlobal: 0
============================================================
+ Verbose Summary: CDFG Model
============================================================
IsTopModel: 0
ResetActiveHigh: 1
IsCombinational: 0
IsDatapathOnly: 0
HasWiredReturn: 1
HasMFsm: 2
HasVarLatency: 1
IsPipeline: 0
IsRtlPipelined: 0
IsInstanceOverlapped: 0
IsDontTouch: 0
HasImplIP: 0
IsGatedGlobalClock: 0

+ Individual pipeline summary: 
  * Pipeline-0: initiation interval (II) = 1, depth = 1


============================================================
+ Verbose Summary: Schedule
============================================================
* Number of FSM states : 1
* Pipeline : 1
  Pipeline-0 : II = 1, D = 1, States = { 1 }
* Dataflow Pipeline: 0

* FSM state transitions: 
1 --> 

* FSM state operations: 

State 1 <SV = 0> <Delay = 4.68>
ST_1 : Operation 4 [1/1] (0.00ns)   --->   "%empty = alloca i32 1"   --->   Operation 4 'alloca' 'empty' <Predicate = true> <Delay = 0.00>
ST_1 : Operation 5 [1/1] (1.58ns)   --->   "%store_ln0 = store i6 0, i6 %empty"   --->   Operation 5 'store' 'store_ln0' <Predicate = true> <Delay = 1.58>
ST_1 : Operation 6 [1/1] (0.00ns)   --->   "%br_ln0 = br void %memset.loop"   --->   Operation 6 'br' 'br_ln0' <Predicate = true> <Delay = 0.00>
ST_1 : Operation 7 [1/1] (0.00ns)   --->   "%p_load = load i6 %empty"   --->   Operation 7 'load' 'p_load' <Predicate = true> <Delay = 0.00>
ST_1 : Operation 8 [1/1] (0.00ns)   --->   "%specpipeline_ln0 = specpipeline void @_ssdm_op_SpecPipeline, i32 4294967295, i32 0, i32 1, i32 0, void @p_str"   --->   Operation 8 'specpipeline' 'specpipeline_ln0' <Predicate = true> <Delay = 0.00>
ST_1 : Operation 9 [1/1] (1.42ns)   --->   "%exitcond43314 = icmp_eq  i6 %p_load, i6 32"   --->   Operation 9 'icmp' 'exitcond43314' <Predicate = true> <Delay = 1.42> <CoreInst = "Cmp">   --->   Core 9 'Cmp' <Latency = 0> <II = 1> <Delay = 1.42> <FuncUnit> <Opcode : 'icmp'> <InPorts = 2> <OutPorts = 1>
ST_1 : Operation 10 [1/1] (0.00ns)   --->   "%speclooptripcount_ln0 = speclooptripcount void @_ssdm_op_SpecLoopTripCount, i64 32, i64 32, i64 32"   --->   Operation 10 'speclooptripcount' 'speclooptripcount_ln0' <Predicate = true> <Delay = 0.00>
ST_1 : Operation 11 [1/1] (1.82ns)   --->   "%empty_40 = add i6 %p_load, i6 1"   --->   Operation 11 'add' 'empty_40' <Predicate = true> <Delay = 1.82> <CoreInst = "Adder">   --->   Core 1 'Adder' <Latency = 0> <II = 1> <Delay = 1.82> <FuncUnit> <Opcode : 'add' 'sub'> <InPorts = 2> <OutPorts = 1>
ST_1 : Operation 12 [1/1] (0.00ns)   --->   "%br_ln0 = br i1 %exitcond43314, void %memset.loop.split, void %split.exitStub"   --->   Operation 12 'br' 'br_ln0' <Predicate = true> <Delay = 0.00>
ST_1 : Operation 13 [1/1] (0.00ns)   --->   "%p_cast4_cast = bitconcatenate i11 @_ssdm_op_BitConcatenate.i11.i5.i6, i5 16, i6 %p_load"   --->   Operation 13 'bitconcatenate' 'p_cast4_cast' <Predicate = (!exitcond43314)> <Delay = 0.00>
ST_1 : Operation 14 [1/1] (0.00ns)   --->   "%p_cast4_cast_cast = zext i11 %p_cast4_cast"   --->   Operation 14 'zext' 'p_cast4_cast_cast' <Predicate = (!exitcond43314)> <Delay = 0.00>
ST_1 : Operation 15 [1/1] (0.00ns)   --->   "%key_array128_addr_2 = getelementptr i8 %key_array128, i64 0, i64 %p_cast4_cast_cast"   --->   Operation 15 'getelementptr' 'key_array128_addr_2' <Predicate = (!exitcond43314)> <Delay = 0.00>
ST_1 : Operation 16 [1/1] (3.25ns)   --->   "%store_ln0 = store i8 0, i11 %key_array128_addr_2"   --->   Operation 16 'store' 'store_ln0' <Predicate = (!exitcond43314)> <Delay = 3.25> <CoreInst = "RAM_1WnR">   --->   Core 83 'RAM_1WnR' <Latency = 1> <II = 1> <Delay = 3.25> <Storage> <Opcode : 'load' 'store'> <Ports = 17> <Width = 8> <Depth = 1056> <RAM>
ST_1 : Operation 17 [1/1] (1.58ns)   --->   "%store_ln0 = store i6 %empty_40, i6 %empty"   --->   Operation 17 'store' 'store_ln0' <Predicate = (!exitcond43314)> <Delay = 1.58>
ST_1 : Operation 18 [1/1] (0.00ns)   --->   "%br_ln0 = br void %memset.loop"   --->   Operation 18 'br' 'br_ln0' <Predicate = (!exitcond43314)> <Delay = 0.00>
ST_1 : Operation 19 [1/1] (0.00ns)   --->   "%ret_ln0 = ret"   --->   Operation 19 'ret' 'ret_ln0' <Predicate = (exitcond43314)> <Delay = 0.00>


============================================================
+ Verbose Summary: Timing violations
============================================================
Target clock period: 10ns, clock uncertainty: 2.7ns.

 <State 1>: 4.68ns
The critical path consists of the following:
	'alloca' operation ('empty') [2]  (0 ns)
	'load' operation ('p_load') on local variable 'empty' [6]  (0 ns)
	'add' operation ('empty_40') [10]  (1.83 ns)
	'store' operation ('store_ln0') of variable 'empty_40' on local variable 'empty' [17]  (1.59 ns)
	blocking operation 1.27 ns on control path)


============================================================
+ Verbose Summary: Binding
============================================================
N/A
* FSMD analyzer results:
  - Output states:
 - Input state : 
  - Chain level:
	State 1


============================================================
+ Verbose Summary: Datapath Resource usage 
============================================================
N/A
