Copyright 1986-2022 Xilinx, Inc. All Rights Reserved.
-------------------------------------------------------------------------------------------------------------------------------------------------------------
| Tool Version     : Vivado v.2022.1 (win64) Build 3526262 Mon Apr 18 15:48:16 MDT 2022
| Date             : Thu Apr 25 10:33:16 2024
| Host             : WFXA4BB6DBB3E15 running 64-bit major release  (build 9200)
| Command          : report_power -file Power_Monitor_power_routed.rpt -pb Power_Monitor_power_summary_routed.pb -rpx Power_Monitor_power_routed.rpx
| Design           : Power_Monitor
| Device           : xc7z020clg400-1
| Design State     : routed
| Grade            : commercial
| Process          : typical
| Characterization : Production
-------------------------------------------------------------------------------------------------------------------------------------------------------------

Power Report

Table of Contents
-----------------
1. Summary
1.1 On-Chip Components
1.2 Power Supply Summary
1.3 Confidence Level
2. Settings
2.1 Environment
2.2 Clock Constraints
3. Detailed Reports
3.1 By Hierarchy

1. Summary
----------

+--------------------------+----------------------------------+
| Total On-Chip Power (W)  | 85.068 (Junction temp exceeded!) |
| Design Power Budget (W)  | Unspecified*                     |
| Power Budget Margin (W)  | NA                               |
| Dynamic (W)              | 84.028                           |
| Device Static (W)        | 1.039                            |
| Effective TJA (C/W)      | 11.5                             |
| Max Ambient (C)          | 0.0                              |
| Junction Temperature (C) | 125.0                            |
| Confidence Level         | Low                              |
| Setting File             | ---                              |
| Simulation Activity File | ---                              |
| Design Nets Matched      | NA                               |
+--------------------------+----------------------------------+
* Specify Design Power Budget using, set_operating_conditions -design_power_budget <value in Watts>


1.1 On-Chip Components
----------------------

+----------------+-----------+----------+-----------+-----------------+
| On-Chip        | Power (W) | Used     | Available | Utilization (%) |
+----------------+-----------+----------+-----------+-----------------+
| Slice Logic    |    29.557 |     3652 |       --- |             --- |
|   LUT as Logic |    26.469 |     1727 |     53200 |            3.25 |
|   CARRY4       |     3.016 |      567 |     13300 |            4.26 |
|   BUFG         |     0.072 |       11 |        32 |           34.38 |
|   Register     |    <0.001 |      640 |    106400 |            0.60 |
|   Others       |     0.000 |       42 |       --- |             --- |
| Signals        |    24.064 |     3423 |       --- |             --- |
| I/O            |    30.407 |       34 |       125 |           27.20 |
| Static Power   |     1.039 |          |           |                 |
| Total          |    85.068 |          |           |                 |
+----------------+-----------+----------+-----------+-----------------+


1.2 Power Supply Summary
------------------------

+-----------+-------------+-----------+-------------+------------+-------------+-------------+------------+
| Source    | Voltage (V) | Total (A) | Dynamic (A) | Static (A) | Powerup (A) | Budget (A)  | Margin (A) |
+-----------+-------------+-----------+-------------+------------+-------------+-------------+------------+
| Vccint    |       1.000 |    53.928 |      53.629 |      0.299 |       NA    | Unspecified | NA         |
| Vccaux    |       1.800 |     2.588 |       2.489 |      0.100 |       NA    | Unspecified | NA         |
| Vcco33    |       3.300 |     0.000 |       0.000 |      0.000 |       NA    | Unspecified | NA         |
| Vcco25    |       2.500 |     0.000 |       0.000 |      0.000 |       NA    | Unspecified | NA         |
| Vcco18    |       1.800 |    14.401 |      14.400 |      0.001 |       NA    | Unspecified | NA         |
| Vcco15    |       1.500 |     0.000 |       0.000 |      0.000 |       NA    | Unspecified | NA         |
| Vcco135   |       1.350 |     0.000 |       0.000 |      0.000 |       NA    | Unspecified | NA         |
| Vcco12    |       1.200 |     0.000 |       0.000 |      0.000 |       NA    | Unspecified | NA         |
| Vccaux_io |       1.800 |     0.000 |       0.000 |      0.000 |       NA    | Unspecified | NA         |
| Vccbram   |       1.000 |     0.026 |       0.000 |      0.026 |       NA    | Unspecified | NA         |
| MGTAVcc   |       1.000 |     0.000 |       0.000 |      0.000 |       NA    | Unspecified | NA         |
| MGTAVtt   |       1.200 |     0.000 |       0.000 |      0.000 |       NA    | Unspecified | NA         |
| MGTVccaux |       1.800 |     0.000 |       0.000 |      0.000 |       NA    | Unspecified | NA         |
| Vccpint   |       1.000 |     0.473 |       0.000 |      0.473 |       NA    | Unspecified | NA         |
| Vccpaux   |       1.800 |     0.010 |       0.000 |      0.010 |       NA    | Unspecified | NA         |
| Vccpll    |       1.800 |     0.003 |       0.000 |      0.003 |       NA    | Unspecified | NA         |
| Vcco_ddr  |       1.500 |     0.000 |       0.000 |      0.000 |       NA    | Unspecified | NA         |
| Vcco_mio0 |       1.800 |     0.000 |       0.000 |      0.000 |       NA    | Unspecified | NA         |
| Vcco_mio1 |       1.800 |     0.000 |       0.000 |      0.000 |       NA    | Unspecified | NA         |
| Vccadc    |       1.800 |     0.020 |       0.000 |      0.020 |       NA    | Unspecified | NA         |
+-----------+-------------+-----------+-------------+------------+-------------+-------------+------------+


1.3 Confidence Level
--------------------

+-----------------------------+------------+--------------------------------------------------------+--------------------------------------------------------------------------------------------------------------------+
| User Input Data             | Confidence | Details                                                | Action                                                                                                             |
+-----------------------------+------------+--------------------------------------------------------+--------------------------------------------------------------------------------------------------------------------+
| Design implementation state | High       | Design is routed                                       |                                                                                                                    |
| Clock nodes activity        | Low        | User specified less than 75% of clocks                 | Provide missing clock activity with a constraint file, simulation results or by editing the "By Clock Domain" view |
| I/O nodes activity          | Low        | More than 75% of inputs are missing user specification | Provide missing input activity with simulation results or by editing the "By Resource Type -> I/Os" view           |
| Internal nodes activity     | Medium     | User specified less than 25% of internal nodes         | Provide missing internal nodes activity with simulation results or by editing the "By Resource Type" views         |
| Device models               | High       | Device models are Production                           |                                                                                                                    |
|                             |            |                                                        |                                                                                                                    |
| Overall confidence level    | Low        |                                                        |                                                                                                                    |
+-----------------------------+------------+--------------------------------------------------------+--------------------------------------------------------------------------------------------------------------------+


2. Settings
-----------

2.1 Environment
---------------

+-----------------------+------------------------+
| Ambient Temp (C)      | 25.0                   |
| ThetaJA (C/W)         | 11.5                   |
| Airflow (LFM)         | 250                    |
| Heat Sink             | none                   |
| ThetaSA (C/W)         | 0.0                    |
| Board Selection       | medium (10"x10")       |
| # of Board Layers     | 8to11 (8 to 11 Layers) |
| Board Temperature (C) | 25.0                   |
+-----------------------+------------------------+


2.2 Clock Constraints
---------------------

+-------+--------+-----------------+
| Clock | Domain | Constraint (ns) |
+-------+--------+-----------------+


3. Detailed Reports
-------------------

3.1 By Hierarchy
----------------

+----------------------+-----------+
| Name                 | Power (W) |
+----------------------+-----------+
| Power_Monitor        |    84.028 |
|   RO[0]              |     0.044 |
|     nolabel_line64   |     0.016 |
|       nolabel_line77 |     0.003 |
|       nolabel_line78 |     0.013 |
|     nolabel_line65   |     0.015 |
|       nolabel_line91 |     0.015 |
|     nolabel_line66   |     0.013 |
|   RO[1]              |     0.044 |
|     nolabel_line64   |     0.016 |
|       nolabel_line77 |     0.002 |
|       nolabel_line78 |     0.014 |
|     nolabel_line65   |     0.015 |
|       nolabel_line91 |     0.015 |
|     nolabel_line66   |     0.013 |
|   RO[2]              |     0.042 |
|     nolabel_line64   |     0.014 |
|       nolabel_line77 |     0.002 |
|       nolabel_line78 |     0.013 |
|     nolabel_line65   |     0.015 |
|       nolabel_line91 |     0.015 |
|     nolabel_line66   |     0.013 |
|   RO[3]              |     0.043 |
|     nolabel_line64   |     0.015 |
|       nolabel_line77 |     0.002 |
|       nolabel_line78 |     0.013 |
|     nolabel_line65   |     0.015 |
|       nolabel_line91 |     0.015 |
|     nolabel_line66   |     0.013 |
|   RO[4]              |     0.043 |
|     nolabel_line64   |     0.015 |
|       nolabel_line77 |     0.002 |
|       nolabel_line78 |     0.013 |
|     nolabel_line65   |     0.015 |
|       nolabel_line91 |     0.015 |
|     nolabel_line66   |     0.013 |
|   RO[5]              |     0.043 |
|     nolabel_line64   |     0.015 |
|       nolabel_line77 |     0.002 |
|       nolabel_line78 |     0.013 |
|     nolabel_line65   |     0.015 |
|       nolabel_line91 |     0.015 |
|     nolabel_line66   |     0.013 |
|   RO[6]              |     0.043 |
|     nolabel_line64   |     0.015 |
|       nolabel_line77 |     0.002 |
|       nolabel_line78 |     0.014 |
|     nolabel_line65   |     0.015 |
|       nolabel_line91 |     0.015 |
|     nolabel_line66   |     0.013 |
|   RO[7]              |     0.043 |
|     nolabel_line64   |     0.015 |
|       nolabel_line77 |     0.002 |
|       nolabel_line78 |     0.013 |
|     nolabel_line65   |     0.015 |
|       nolabel_line91 |     0.015 |
|     nolabel_line66   |     0.013 |
|   RO[8]              |     0.044 |
|     nolabel_line64   |     0.016 |
|       nolabel_line77 |     0.002 |
|       nolabel_line78 |     0.014 |
|     nolabel_line65   |     0.015 |
|       nolabel_line91 |     0.015 |
|     nolabel_line66   |     0.013 |
|   RO[9]              |     0.043 |
|     nolabel_line64   |     0.015 |
|       nolabel_line77 |     0.002 |
|       nolabel_line78 |     0.013 |
|     nolabel_line65   |     0.015 |
|       nolabel_line91 |     0.015 |
|     nolabel_line66   |     0.013 |
|   bingbong           |    53.147 |
+----------------------+-----------+


