Copyright 1986-2022 Xilinx, Inc. All Rights Reserved.
------------------------------------------------------------------------------------
| Tool Version : Vivado v.2022.1 (win64) Build 3526262 Mon Apr 18 15:48:16 MDT 2022
| Date         : Mon Apr 22 18:25:54 2024
| Host         : X22-08 running 64-bit major release  (build 9200)
| Command      : upgrade_ip
| Device       : xc7z020clg400-1
------------------------------------------------------------------------------------

Upgrade Log for IP 'AES_Power_Monitor_Power_Monitor_0_1'

1. Summary
----------

SUCCESS in the conversion of AES_Power_Monitor_Power_Monitor_0_1 (neu.edu:user:Power_Monitor:1.0 (Rev. 4)) to Vivado generation flows.






Copyright 1986-2022 Xilinx, Inc. All Rights Reserved.
------------------------------------------------------------------------------------
| Tool Version : Vivado v.2022.1 (win64) Build 3526262 Mon Apr 18 15:48:16 MDT 2022
| Date         : Mon Apr 22 18:06:34 2024
| Host         : X22-08 running 64-bit major release  (build 9200)
| Command      : upgrade_ip
| Device       : xc7z020clg400-1
------------------------------------------------------------------------------------

Upgrade Log for IP 'AES_Power_Monitor_Power_Monitor_0_1'

1. Summary
----------

SUCCESS in the conversion of AES_Power_Monitor_Power_Monitor_0_1 (neu.edu:user:Power_Monitor:1.0 (Rev. 4)) to Vivado generation flows.






Copyright 1986-2022 Xilinx, Inc. All Rights Reserved.
------------------------------------------------------------------------------------
| Tool Version : Vivado v.2022.1 (win64) Build 3526262 Mon Apr 18 15:48:16 MDT 2022
| Date         : Wed Apr 17 16:11:31 2024
| Host         : X22-29 running 64-bit major release  (build 9200)
| Command      : upgrade_ip
| Device       : xc7z020clg400-1
------------------------------------------------------------------------------------

Upgrade Log for IP 'AES_Power_Monitor_aes_0_1'

1. Summary
----------

CAUTION (success, with warnings) in the upgrade of AES_Power_Monitor_aes_0_1 (xilinx.com:hls:aes:1.0) from (Rev. 2113517837) to (Rev. 2113518545)

After upgrade, an IP may have parameter and port differences compared to the original customization. Please review the parameters within the IP customization GUI to ensure proper functionality. Also, please review the updated IP instantiation template to ensure proper connectivity, and update your design if required.

2. Interface Information
------------------------

Detected external interface differences while upgrading 'AES_Power_Monitor_aes_0_1'.


-Upgrade has added interface 's_axi_control' (xilinx.com:interface:aximm:1.0)


3. Connection Warnings
----------------------

Detected external port differences while upgrading 'AES_Power_Monitor_aes_0_1'. These changes may impact your design.


-Upgrade has added port 's_axi_control_ARADDR'

-Upgrade has added port 's_axi_control_ARREADY'

-Upgrade has added port 's_axi_control_ARVALID'

-Upgrade has added port 's_axi_control_AWADDR'

-Upgrade has added port 's_axi_control_AWREADY'

-Upgrade has added port 's_axi_control_AWVALID'

-Upgrade has added port 's_axi_control_BREADY'

-Upgrade has added port 's_axi_control_BRESP'

-Upgrade has added port 's_axi_control_BVALID'

-Upgrade has added port 's_axi_control_RDATA'

-Upgrade has added port 's_axi_control_RREADY'

-Upgrade has added port 's_axi_control_RRESP'

-Upgrade has added port 's_axi_control_RVALID'

-Upgrade has added port 's_axi_control_WDATA'

-Upgrade has added port 's_axi_control_WREADY'

-Upgrade has added port 's_axi_control_WSTRB'

-Upgrade has added port 's_axi_control_WVALID'


4. Addressing Information
-------------------------

Detected addressing differences while upgrading 'AES_Power_Monitor_aes_0_1'. These changes may impact your design.


-Upgrade has added address block 's_axi_control/Reg'







Copyright 1986-2022 Xilinx, Inc. All Rights Reserved.
------------------------------------------------------------------------------------
| Tool Version : Vivado v.2022.1 (win64) Build 3526262 Mon Apr 18 15:48:16 MDT 2022
| Date         : Wed Apr 17 04:18:46 2024
| Host         : X22-21 running 64-bit major release  (build 9200)
| Command      : upgrade_ip
| Device       : xc7z020clg400-1
------------------------------------------------------------------------------------

Upgrade Log for IP 'AES_Power_Monitor_aes_0_1'

1. Summary
----------

SUCCESS in the upgrade of AES_Power_Monitor_aes_0_1 (xilinx.com:hls:aes:1.0) from (Rev. 2113517773) to (Rev. 2113517837)

