
*** Running vivado
    with args -log AES_Power_Monitor_Power_Monitor_0_1.vds -m64 -product Vivado -mode batch -messageDb vivado.pb -notrace -source AES_Power_Monitor_Power_Monitor_0_1.tcl



****** Vivado v2022.1 (64-bit)
  **** SW Build 3526262 on Mon Apr 18 15:48:16 MDT 2022
  **** IP Build 3524634 on Mon Apr 18 20:55:01 MDT 2022
    ** Copyright 1986-2022 Xilinx, Inc. All Rights Reserved.

source AES_Power_Monitor_Power_Monitor_0_1.tcl -notrace
INFO: [IP_Flow 19-234] Refreshing IP repositories
INFO: [IP_Flow 19-1700] Loaded user IP repository 'z:/Users/hiqbal/AES_Power_Monitor_Vivado/AES_Power_Monitor_Vivado.srcs/sources_1/imports/new'.
INFO: [IP_Flow 19-1700] Loaded user IP repository 'z:/Users/hiqbal/AES_Power_Monitor/solution1/impl/ip'.
INFO: [IP_Flow 19-2313] Loaded Vivado IP repository 'C:/Xilinx/Vivado/2022.1/data/ip'.
Command: synth_design -top AES_Power_Monitor_Power_Monitor_0_1 -part xc7z020clg400-1 -incremental_mode off -mode out_of_context
Starting synth_design
Attempting to get a license for feature 'Synthesis' and/or device 'xc7z020'
INFO: [Common 17-349] Got license for feature 'Synthesis' and/or device 'xc7z020'
INFO: [Designutils 20-5008] Incremental synthesis strategy off
INFO: [Synth 8-7079] Multithreading enabled for synth_design using a maximum of 2 processes.
INFO: [Synth 8-7078] Launching helper process for spawning children vivado processes
INFO: [Synth 8-7075] Helper process launched with PID 9192
WARNING: [Synth 8-2292] literal value truncated to fit in 2 bits [z:/Users/hiqbal/AES_Power_Monitor_Vivado/AES_Power_Monitor_Vivado.gen/sources_1/bd/AES_Power_Monitor/ipshared/9a47/Power_Monitor.sv:31]
WARNING: [Synth 8-1958] event expressions must result in a singular type [z:/Users/hiqbal/AES_Power_Monitor_Vivado/AES_Power_Monitor_Vivado.gen/sources_1/bd/AES_Power_Monitor/ipshared/9a47/Power_Monitor.sv:26]
---------------------------------------------------------------------------------
Starting Synthesize : Time (s): cpu = 00:00:05 ; elapsed = 00:00:06 . Memory (MB): peak = 1965.812 ; gain = 0.000
---------------------------------------------------------------------------------
INFO: [Synth 8-6157] synthesizing module 'AES_Power_Monitor_Power_Monitor_0_1' [z:/Users/hiqbal/AES_Power_Monitor_Vivado/AES_Power_Monitor_Vivado.gen/sources_1/bd/AES_Power_Monitor/ip/AES_Power_Monitor_Power_Monitor_0_1/synth/AES_Power_Monitor_Power_Monitor_0_1.sv:53]
INFO: [Synth 8-6157] synthesizing module 'Power_Monitor' [z:/Users/hiqbal/AES_Power_Monitor_Vivado/AES_Power_Monitor_Vivado.gen/sources_1/bd/AES_Power_Monitor/ipshared/9a47/Power_Monitor.sv:3]
INFO: [Synth 8-6157] synthesizing module 'one_to_100' [z:/Users/hiqbal/AES_Power_Monitor_Vivado/AES_Power_Monitor_Vivado.gen/sources_1/bd/AES_Power_Monitor/ipshared/9a47/Power_Monitor.sv:35]
INFO: [Synth 8-6155] done synthesizing module 'one_to_100' (0#1) [z:/Users/hiqbal/AES_Power_Monitor_Vivado/AES_Power_Monitor_Vivado.gen/sources_1/bd/AES_Power_Monitor/ipshared/9a47/Power_Monitor.sv:35]
INFO: [Synth 8-6157] synthesizing module 'freq_ro' [z:/Users/hiqbal/AES_Power_Monitor_Vivado/AES_Power_Monitor_Vivado.gen/sources_1/bd/AES_Power_Monitor/ipshared/9a47/Power_Monitor.sv:50]
INFO: [Synth 8-6157] synthesizing module 'ring_osc' [z:/Users/hiqbal/AES_Power_Monitor_Vivado/AES_Power_Monitor_Vivado.gen/sources_1/bd/AES_Power_Monitor/ipshared/9a47/Power_Monitor.sv:62]
INFO: [Synth 8-6157] synthesizing module 'and_1' [z:/Users/hiqbal/AES_Power_Monitor_Vivado/AES_Power_Monitor_Vivado.gen/sources_1/bd/AES_Power_Monitor/ipshared/9a47/Power_Monitor.sv:113]
INFO: [Synth 8-6155] done synthesizing module 'and_1' (0#1) [z:/Users/hiqbal/AES_Power_Monitor_Vivado/AES_Power_Monitor_Vivado.gen/sources_1/bd/AES_Power_Monitor/ipshared/9a47/Power_Monitor.sv:113]
INFO: [Synth 8-6157] synthesizing module 'inv_1' [z:/Users/hiqbal/AES_Power_Monitor_Vivado/AES_Power_Monitor_Vivado.gen/sources_1/bd/AES_Power_Monitor/ipshared/9a47/Power_Monitor.sv:121]
INFO: [Synth 8-6155] done synthesizing module 'inv_1' (0#1) [z:/Users/hiqbal/AES_Power_Monitor_Vivado/AES_Power_Monitor_Vivado.gen/sources_1/bd/AES_Power_Monitor/ipshared/9a47/Power_Monitor.sv:121]
INFO: [Synth 8-6155] done synthesizing module 'ring_osc' (0#1) [z:/Users/hiqbal/AES_Power_Monitor_Vivado/AES_Power_Monitor_Vivado.gen/sources_1/bd/AES_Power_Monitor/ipshared/9a47/Power_Monitor.sv:62]
INFO: [Synth 8-6157] synthesizing module 'reset_enable' [z:/Users/hiqbal/AES_Power_Monitor_Vivado/AES_Power_Monitor_Vivado.gen/sources_1/bd/AES_Power_Monitor/ipshared/9a47/Power_Monitor.sv:73]
INFO: [Synth 8-6157] synthesizing module 'counter' [z:/Users/hiqbal/AES_Power_Monitor_Vivado/AES_Power_Monitor_Vivado.gen/sources_1/bd/AES_Power_Monitor/ipshared/9a47/Power_Monitor.sv:95]
INFO: [Synth 8-6155] done synthesizing module 'counter' (0#1) [z:/Users/hiqbal/AES_Power_Monitor_Vivado/AES_Power_Monitor_Vivado.gen/sources_1/bd/AES_Power_Monitor/ipshared/9a47/Power_Monitor.sv:95]
INFO: [Synth 8-6155] done synthesizing module 'reset_enable' (0#1) [z:/Users/hiqbal/AES_Power_Monitor_Vivado/AES_Power_Monitor_Vivado.gen/sources_1/bd/AES_Power_Monitor/ipshared/9a47/Power_Monitor.sv:73]
INFO: [Synth 8-6155] done synthesizing module 'freq_ro' (0#1) [z:/Users/hiqbal/AES_Power_Monitor_Vivado/AES_Power_Monitor_Vivado.gen/sources_1/bd/AES_Power_Monitor/ipshared/9a47/Power_Monitor.sv:50]
INFO: [Synth 8-6157] synthesizing module 'calc_avg' [z:/Users/hiqbal/AES_Power_Monitor_Vivado/AES_Power_Monitor_Vivado.gen/sources_1/bd/AES_Power_Monitor/ipshared/9a47/Power_Monitor.sv:20]
WARNING: [Synth 8-4179] divide by zero is illegal [z:/Users/hiqbal/AES_Power_Monitor_Vivado/AES_Power_Monitor_Vivado.gen/sources_1/bd/AES_Power_Monitor/ipshared/9a47/Power_Monitor.sv:31]
INFO: [Synth 8-6155] done synthesizing module 'calc_avg' (0#1) [z:/Users/hiqbal/AES_Power_Monitor_Vivado/AES_Power_Monitor_Vivado.gen/sources_1/bd/AES_Power_Monitor/ipshared/9a47/Power_Monitor.sv:20]
INFO: [Synth 8-6155] done synthesizing module 'Power_Monitor' (0#1) [z:/Users/hiqbal/AES_Power_Monitor_Vivado/AES_Power_Monitor_Vivado.gen/sources_1/bd/AES_Power_Monitor/ipshared/9a47/Power_Monitor.sv:3]
INFO: [Synth 8-6155] done synthesizing module 'AES_Power_Monitor_Power_Monitor_0_1' (0#1) [z:/Users/hiqbal/AES_Power_Monitor_Vivado/AES_Power_Monitor_Vivado.gen/sources_1/bd/AES_Power_Monitor/ip/AES_Power_Monitor_Power_Monitor_0_1/synth/AES_Power_Monitor_Power_Monitor_0_1.sv:53]
WARNING: [Synth 8-3848] Net enable in module/entity freq_ro does not have driver. [z:/Users/hiqbal/AES_Power_Monitor_Vivado/AES_Power_Monitor_Vivado.gen/sources_1/bd/AES_Power_Monitor/ipshared/9a47/Power_Monitor.sv:56]
WARNING: [Synth 8-7129] Port ro_enable in module freq_ro is either unconnected or has no load
WARNING: [Synth 8-7129] Port power_readings[999][31] in module calc_avg is either unconnected or has no load
WARNING: [Synth 8-7129] Port power_readings[999][30] in module calc_avg is either unconnected or has no load
WARNING: [Synth 8-7129] Port power_readings[999][29] in module calc_avg is either unconnected or has no load
WARNING: [Synth 8-7129] Port power_readings[999][28] in module calc_avg is either unconnected or has no load
WARNING: [Synth 8-7129] Port power_readings[999][27] in module calc_avg is either unconnected or has no load
WARNING: [Synth 8-7129] Port power_readings[999][26] in module calc_avg is either unconnected or has no load
WARNING: [Synth 8-7129] Port power_readings[999][25] in module calc_avg is either unconnected or has no load
WARNING: [Synth 8-7129] Port power_readings[999][24] in module calc_avg is either unconnected or has no load
WARNING: [Synth 8-7129] Port power_readings[999][23] in module calc_avg is either unconnected or has no load
WARNING: [Synth 8-7129] Port power_readings[999][22] in module calc_avg is either unconnected or has no load
WARNING: [Synth 8-7129] Port power_readings[999][21] in module calc_avg is either unconnected or has no load
WARNING: [Synth 8-7129] Port power_readings[999][20] in module calc_avg is either unconnected or has no load
WARNING: [Synth 8-7129] Port power_readings[999][19] in module calc_avg is either unconnected or has no load
WARNING: [Synth 8-7129] Port power_readings[999][18] in module calc_avg is either unconnected or has no load
WARNING: [Synth 8-7129] Port power_readings[999][17] in module calc_avg is either unconnected or has no load
WARNING: [Synth 8-7129] Port power_readings[999][16] in module calc_avg is either unconnected or has no load
WARNING: [Synth 8-7129] Port power_readings[999][15] in module calc_avg is either unconnected or has no load
WARNING: [Synth 8-7129] Port power_readings[999][14] in module calc_avg is either unconnected or has no load
WARNING: [Synth 8-7129] Port power_readings[999][13] in module calc_avg is either unconnected or has no load
WARNING: [Synth 8-7129] Port power_readings[999][12] in module calc_avg is either unconnected or has no load
WARNING: [Synth 8-7129] Port power_readings[999][11] in module calc_avg is either unconnected or has no load
WARNING: [Synth 8-7129] Port power_readings[999][10] in module calc_avg is either unconnected or has no load
WARNING: [Synth 8-7129] Port power_readings[999][9] in module calc_avg is either unconnected or has no load
WARNING: [Synth 8-7129] Port power_readings[999][8] in module calc_avg is either unconnected or has no load
WARNING: [Synth 8-7129] Port power_readings[999][7] in module calc_avg is either unconnected or has no load
WARNING: [Synth 8-7129] Port power_readings[999][6] in module calc_avg is either unconnected or has no load
WARNING: [Synth 8-7129] Port power_readings[999][5] in module calc_avg is either unconnected or has no load
WARNING: [Synth 8-7129] Port power_readings[999][4] in module calc_avg is either unconnected or has no load
WARNING: [Synth 8-7129] Port power_readings[999][3] in module calc_avg is either unconnected or has no load
WARNING: [Synth 8-7129] Port power_readings[999][2] in module calc_avg is either unconnected or has no load
WARNING: [Synth 8-7129] Port power_readings[999][1] in module calc_avg is either unconnected or has no load
WARNING: [Synth 8-7129] Port power_readings[999][0] in module calc_avg is either unconnected or has no load
WARNING: [Synth 8-7129] Port power_readings[998][31] in module calc_avg is either unconnected or has no load
WARNING: [Synth 8-7129] Port power_readings[998][30] in module calc_avg is either unconnected or has no load
WARNING: [Synth 8-7129] Port power_readings[998][29] in module calc_avg is either unconnected or has no load
WARNING: [Synth 8-7129] Port power_readings[998][28] in module calc_avg is either unconnected or has no load
WARNING: [Synth 8-7129] Port power_readings[998][27] in module calc_avg is either unconnected or has no load
WARNING: [Synth 8-7129] Port power_readings[998][26] in module calc_avg is either unconnected or has no load
WARNING: [Synth 8-7129] Port power_readings[998][25] in module calc_avg is either unconnected or has no load
WARNING: [Synth 8-7129] Port power_readings[998][24] in module calc_avg is either unconnected or has no load
WARNING: [Synth 8-7129] Port power_readings[998][23] in module calc_avg is either unconnected or has no load
WARNING: [Synth 8-7129] Port power_readings[998][22] in module calc_avg is either unconnected or has no load
WARNING: [Synth 8-7129] Port power_readings[998][21] in module calc_avg is either unconnected or has no load
WARNING: [Synth 8-7129] Port power_readings[998][20] in module calc_avg is either unconnected or has no load
WARNING: [Synth 8-7129] Port power_readings[998][19] in module calc_avg is either unconnected or has no load
WARNING: [Synth 8-7129] Port power_readings[998][18] in module calc_avg is either unconnected or has no load
WARNING: [Synth 8-7129] Port power_readings[998][17] in module calc_avg is either unconnected or has no load
WARNING: [Synth 8-7129] Port power_readings[998][16] in module calc_avg is either unconnected or has no load
WARNING: [Synth 8-7129] Port power_readings[998][15] in module calc_avg is either unconnected or has no load
WARNING: [Synth 8-7129] Port power_readings[998][14] in module calc_avg is either unconnected or has no load
WARNING: [Synth 8-7129] Port power_readings[998][13] in module calc_avg is either unconnected or has no load
WARNING: [Synth 8-7129] Port power_readings[998][12] in module calc_avg is either unconnected or has no load
WARNING: [Synth 8-7129] Port power_readings[998][11] in module calc_avg is either unconnected or has no load
WARNING: [Synth 8-7129] Port power_readings[998][10] in module calc_avg is either unconnected or has no load
WARNING: [Synth 8-7129] Port power_readings[998][9] in module calc_avg is either unconnected or has no load
WARNING: [Synth 8-7129] Port power_readings[998][8] in module calc_avg is either unconnected or has no load
WARNING: [Synth 8-7129] Port power_readings[998][7] in module calc_avg is either unconnected or has no load
WARNING: [Synth 8-7129] Port power_readings[998][6] in module calc_avg is either unconnected or has no load
WARNING: [Synth 8-7129] Port power_readings[998][5] in module calc_avg is either unconnected or has no load
WARNING: [Synth 8-7129] Port power_readings[998][4] in module calc_avg is either unconnected or has no load
WARNING: [Synth 8-7129] Port power_readings[998][3] in module calc_avg is either unconnected or has no load
WARNING: [Synth 8-7129] Port power_readings[998][2] in module calc_avg is either unconnected or has no load
WARNING: [Synth 8-7129] Port power_readings[998][1] in module calc_avg is either unconnected or has no load
WARNING: [Synth 8-7129] Port power_readings[998][0] in module calc_avg is either unconnected or has no load
WARNING: [Synth 8-7129] Port power_readings[997][31] in module calc_avg is either unconnected or has no load
WARNING: [Synth 8-7129] Port power_readings[997][30] in module calc_avg is either unconnected or has no load
WARNING: [Synth 8-7129] Port power_readings[997][29] in module calc_avg is either unconnected or has no load
WARNING: [Synth 8-7129] Port power_readings[997][28] in module calc_avg is either unconnected or has no load
WARNING: [Synth 8-7129] Port power_readings[997][27] in module calc_avg is either unconnected or has no load
WARNING: [Synth 8-7129] Port power_readings[997][26] in module calc_avg is either unconnected or has no load
WARNING: [Synth 8-7129] Port power_readings[997][25] in module calc_avg is either unconnected or has no load
WARNING: [Synth 8-7129] Port power_readings[997][24] in module calc_avg is either unconnected or has no load
WARNING: [Synth 8-7129] Port power_readings[997][23] in module calc_avg is either unconnected or has no load
WARNING: [Synth 8-7129] Port power_readings[997][22] in module calc_avg is either unconnected or has no load
WARNING: [Synth 8-7129] Port power_readings[997][21] in module calc_avg is either unconnected or has no load
WARNING: [Synth 8-7129] Port power_readings[997][20] in module calc_avg is either unconnected or has no load
WARNING: [Synth 8-7129] Port power_readings[997][19] in module calc_avg is either unconnected or has no load
WARNING: [Synth 8-7129] Port power_readings[997][18] in module calc_avg is either unconnected or has no load
WARNING: [Synth 8-7129] Port power_readings[997][17] in module calc_avg is either unconnected or has no load
WARNING: [Synth 8-7129] Port power_readings[997][16] in module calc_avg is either unconnected or has no load
WARNING: [Synth 8-7129] Port power_readings[997][15] in module calc_avg is either unconnected or has no load
WARNING: [Synth 8-7129] Port power_readings[997][14] in module calc_avg is either unconnected or has no load
WARNING: [Synth 8-7129] Port power_readings[997][13] in module calc_avg is either unconnected or has no load
WARNING: [Synth 8-7129] Port power_readings[997][12] in module calc_avg is either unconnected or has no load
WARNING: [Synth 8-7129] Port power_readings[997][11] in module calc_avg is either unconnected or has no load
WARNING: [Synth 8-7129] Port power_readings[997][10] in module calc_avg is either unconnected or has no load
WARNING: [Synth 8-7129] Port power_readings[997][9] in module calc_avg is either unconnected or has no load
WARNING: [Synth 8-7129] Port power_readings[997][8] in module calc_avg is either unconnected or has no load
WARNING: [Synth 8-7129] Port power_readings[997][7] in module calc_avg is either unconnected or has no load
WARNING: [Synth 8-7129] Port power_readings[997][6] in module calc_avg is either unconnected or has no load
WARNING: [Synth 8-7129] Port power_readings[997][5] in module calc_avg is either unconnected or has no load
WARNING: [Synth 8-7129] Port power_readings[997][4] in module calc_avg is either unconnected or has no load
WARNING: [Synth 8-7129] Port power_readings[997][3] in module calc_avg is either unconnected or has no load
WARNING: [Synth 8-7129] Port power_readings[997][2] in module calc_avg is either unconnected or has no load
WARNING: [Synth 8-7129] Port power_readings[997][1] in module calc_avg is either unconnected or has no load
WARNING: [Synth 8-7129] Port power_readings[997][0] in module calc_avg is either unconnected or has no load
WARNING: [Synth 8-7129] Port power_readings[996][31] in module calc_avg is either unconnected or has no load
WARNING: [Synth 8-7129] Port power_readings[996][30] in module calc_avg is either unconnected or has no load
WARNING: [Synth 8-7129] Port power_readings[996][29] in module calc_avg is either unconnected or has no load
INFO: [Common 17-14] Message 'Synth 8-7129' appears 100 times and further instances of the messages will be disabled. Use the Tcl command set_msg_config to change the current settings.
---------------------------------------------------------------------------------
Finished Synthesize : Time (s): cpu = 00:00:10 ; elapsed = 00:00:12 . Memory (MB): peak = 1965.812 ; gain = 0.000
---------------------------------------------------------------------------------
---------------------------------------------------------------------------------
Finished Constraint Validation : Time (s): cpu = 00:00:10 ; elapsed = 00:00:14 . Memory (MB): peak = 1965.812 ; gain = 0.000
---------------------------------------------------------------------------------
---------------------------------------------------------------------------------
Start Loading Part and Timing Information
---------------------------------------------------------------------------------
Loading part: xc7z020clg400-1
---------------------------------------------------------------------------------
Finished Loading Part and Timing Information : Time (s): cpu = 00:00:10 ; elapsed = 00:00:14 . Memory (MB): peak = 1965.812 ; gain = 0.000
---------------------------------------------------------------------------------
INFO: [Device 21-403] Loading part xc7z020clg400-1
---------------------------------------------------------------------------------
Finished RTL Optimization Phase 2 : Time (s): cpu = 00:00:15 ; elapsed = 00:00:19 . Memory (MB): peak = 1965.812 ; gain = 0.000
---------------------------------------------------------------------------------
No constraint files found.
---------------------------------------------------------------------------------
Start RTL Component Statistics 
---------------------------------------------------------------------------------
Detailed RTL Component Info : 
---------------------------------------------------------------------------------
Finished RTL Component Statistics 
---------------------------------------------------------------------------------
---------------------------------------------------------------------------------
Start Part Resource Summary
---------------------------------------------------------------------------------
Part Resources:
DSPs: 220 (col length:60)
BRAMs: 280 (col length: RAMB18 60 RAMB36 30)
---------------------------------------------------------------------------------
Finished Part Resource Summary
---------------------------------------------------------------------------------
No constraint files found.
---------------------------------------------------------------------------------
Start Cross Boundary and Area Optimization
---------------------------------------------------------------------------------
---------------------------------------------------------------------------------
Finished Cross Boundary and Area Optimization : Time (s): cpu = 00:00:38 ; elapsed = 00:01:37 . Memory (MB): peak = 1982.758 ; gain = 16.945
---------------------------------------------------------------------------------
No constraint files found.
---------------------------------------------------------------------------------
Start Timing Optimization
---------------------------------------------------------------------------------
---------------------------------------------------------------------------------
Finished Timing Optimization : Time (s): cpu = 00:00:39 ; elapsed = 00:01:43 . Memory (MB): peak = 2003.148 ; gain = 37.336
---------------------------------------------------------------------------------
---------------------------------------------------------------------------------
Start Technology Mapping
---------------------------------------------------------------------------------
WARNING: [Synth 8-7080] Parallel synthesis criteria is not met
---------------------------------------------------------------------------------
Finished Technology Mapping : Time (s): cpu = 00:00:39 ; elapsed = 00:01:44 . Memory (MB): peak = 2003.355 ; gain = 37.543
---------------------------------------------------------------------------------
---------------------------------------------------------------------------------
Start IO Insertion
---------------------------------------------------------------------------------
---------------------------------------------------------------------------------
Start Flattening Before IO Insertion
---------------------------------------------------------------------------------
---------------------------------------------------------------------------------
Finished Flattening Before IO Insertion
---------------------------------------------------------------------------------
---------------------------------------------------------------------------------
Start Final Netlist Cleanup
---------------------------------------------------------------------------------
---------------------------------------------------------------------------------
Finished Final Netlist Cleanup
---------------------------------------------------------------------------------
---------------------------------------------------------------------------------
Finished IO Insertion : Time (s): cpu = 00:00:44 ; elapsed = 00:01:49 . Memory (MB): peak = 2004.152 ; gain = 38.340
---------------------------------------------------------------------------------
---------------------------------------------------------------------------------
Start Renaming Generated Instances
---------------------------------------------------------------------------------
---------------------------------------------------------------------------------
Finished Renaming Generated Instances : Time (s): cpu = 00:00:44 ; elapsed = 00:01:49 . Memory (MB): peak = 2004.152 ; gain = 38.340
---------------------------------------------------------------------------------
---------------------------------------------------------------------------------
Start Rebuilding User Hierarchy
---------------------------------------------------------------------------------
---------------------------------------------------------------------------------
Finished Rebuilding User Hierarchy : Time (s): cpu = 00:00:44 ; elapsed = 00:01:49 . Memory (MB): peak = 2004.152 ; gain = 38.340
---------------------------------------------------------------------------------
---------------------------------------------------------------------------------
Start Renaming Generated Ports
---------------------------------------------------------------------------------
---------------------------------------------------------------------------------
Finished Renaming Generated Ports : Time (s): cpu = 00:00:44 ; elapsed = 00:01:49 . Memory (MB): peak = 2004.152 ; gain = 38.340
---------------------------------------------------------------------------------
---------------------------------------------------------------------------------
Start Handling Custom Attributes
---------------------------------------------------------------------------------
---------------------------------------------------------------------------------
Finished Handling Custom Attributes : Time (s): cpu = 00:00:44 ; elapsed = 00:01:49 . Memory (MB): peak = 2004.152 ; gain = 38.340
---------------------------------------------------------------------------------
---------------------------------------------------------------------------------
Start Renaming Generated Nets
---------------------------------------------------------------------------------
---------------------------------------------------------------------------------
Finished Renaming Generated Nets : Time (s): cpu = 00:00:44 ; elapsed = 00:01:49 . Memory (MB): peak = 2004.152 ; gain = 38.340
---------------------------------------------------------------------------------
---------------------------------------------------------------------------------
Start Writing Synthesis Report
---------------------------------------------------------------------------------

Report BlackBoxes: 
+-+--------------+----------+
| |BlackBox name |Instances |
+-+--------------+----------+
+-+--------------+----------+

Report Cell Usage: 
+-+-----+------+
| |Cell |Count |
+-+-----+------+
+-+-----+------+

Report Instance Areas: 
+------+---------+-------+------+
|      |Instance |Module |Cells |
+------+---------+-------+------+
|1     |top      |       |     0|
+------+---------+-------+------+
---------------------------------------------------------------------------------
Finished Writing Synthesis Report : Time (s): cpu = 00:00:44 ; elapsed = 00:01:49 . Memory (MB): peak = 2004.152 ; gain = 38.340
---------------------------------------------------------------------------------
Synthesis finished with 0 errors, 0 critical warnings and 32038 warnings.
Synthesis Optimization Runtime : Time (s): cpu = 00:00:44 ; elapsed = 00:01:50 . Memory (MB): peak = 2004.152 ; gain = 38.340
Synthesis Optimization Complete : Time (s): cpu = 00:00:44 ; elapsed = 00:01:50 . Memory (MB): peak = 2004.152 ; gain = 38.340
INFO: [Project 1-571] Translating synthesized netlist
Netlist sorting complete. Time (s): cpu = 00:00:00 ; elapsed = 00:00:00 . Memory (MB): peak = 2004.305 ; gain = 0.000
INFO: [Project 1-570] Preparing netlist for logic optimization
INFO: [Opt 31-138] Pushed 0 inverter(s) to 0 load pin(s).
Netlist sorting complete. Time (s): cpu = 00:00:00 ; elapsed = 00:00:00 . Memory (MB): peak = 2020.004 ; gain = 0.000
INFO: [Project 1-111] Unisim Transformation Summary:
No Unisim elements were transformed.

Synth Design complete, checksum: 5f202a24
INFO: [Common 17-83] Releasing license: Synthesis
36 Infos, 105 Warnings, 0 Critical Warnings and 0 Errors encountered.
synth_design completed successfully
synth_design: Time (s): cpu = 00:00:46 ; elapsed = 00:01:52 . Memory (MB): peak = 2023.980 ; gain = 58.168
INFO: [Timing 38-35] Done setting XDC timing constraints.
INFO: [Common 17-1381] The checkpoint 'Z:/Users/hiqbal/AES_Power_Monitor_Vivado/AES_Power_Monitor_Vivado.runs/AES_Power_Monitor_Power_Monitor_0_1_synth_1/AES_Power_Monitor_Power_Monitor_0_1.dcp' has been generated.
write_checkpoint: Time (s): cpu = 00:00:08 ; elapsed = 00:00:09 . Memory (MB): peak = 2190.496 ; gain = 166.516
INFO: [Coretcl 2-1648] Added synthesis output to IP cache for IP AES_Power_Monitor_Power_Monitor_0_1, cache-ID = 5daf4932869f3466
INFO: [Common 17-1381] The checkpoint 'Z:/Users/hiqbal/AES_Power_Monitor_Vivado/AES_Power_Monitor_Vivado.runs/AES_Power_Monitor_Power_Monitor_0_1_synth_1/AES_Power_Monitor_Power_Monitor_0_1.dcp' has been generated.
INFO: [runtcl-4] Executing : report_utilization -file AES_Power_Monitor_Power_Monitor_0_1_utilization_synth.rpt -pb AES_Power_Monitor_Power_Monitor_0_1_utilization_synth.pb
INFO: [Common 17-206] Exiting Vivado at Mon Apr 22 18:29:09 2024...
